
Base terminal: 6000040
Scanning for terminal #6000040
Terminal found.
Found user directory.
Found terminal directory.
Found terminal backup directory.
Connecting to user database.................................done.
Checking database compatibility.............................done.
Database is compatible with XML transactions.
- Work mode: A
- Update mode: UD
- Force all codes: Yes
- Last plu check: 27/03/2014 09:26:05
Checking for terminal updates...
File "pluadd" was updated successfully
File "deps" was updated successfully
File "club.dat" was updated successfully
File "workers.dat" was updated successfully
Setting lastpludta time flag for the terminal...............done.
-------------------------------------------------------
Time: 27/03/2014 09:30:45
File "tran400007.xml". Start processing...

Terminal 6000040 found in user database and is active.
Package #4 already exists in database.(2161) Checking transactions...
Found transaction #400007.
Transaction #400007 added. Processing components...
Product 6000000060 already exists in stock.
Stock has been updated for product 6000000060.
Product 6000000041 already exists in stock.
Stock has been updated for product 6000000041.
Product 1175000000105 already exists in stock.
Stock has been updated for product 1175000000105.
Product 2974000000018 already exists in stock.
Stock has been updated for product 2974000000018.
Processing payments...
Cash payment found for 200.00 NIS.
Credit card payment found for 418.10 NIS.
Found payments for total 618.1 NIS.
File processing complete.
Moving transaction file to archive as 'tran400007.xml'......
done.

