
Base terminal: 6000040
Scanning for terminal #6000040
Terminal found.
Found user directory.
Found terminal directory.
Found terminal backup directory.
Connecting to user database.................................done.
Checking database compatibility.............................done.
Database is compatible with XML transactions.
- Work mode: A
- Update mode: UD
- Force all codes: Yes
- Last plu check: 26/03/2014 11:39:54
Checking for terminal updates...
File "pluadd" was updated successfully
File "deps" was updated successfully
File "club.dat" was updated successfully
File "workers.dat" was updated successfully
Setting lastpludta time flag for the terminal...............done.
-------------------------------------------------------
Time: 26/03/2014 11:41:36
File "tran200007.xml". Start processing...

Terminal 6000040 found in user database and is active.
Package #2 already exists in database.(2157) Checking transactions...
Found transaction #200007.
Transaction #200007 added. Processing components...
Product 5400000253 already exists in stock.
Stock has been updated for product 5400000253.
Processing payments...
Cash payment found for 50.00 NIS.
Found payments for total 50 NIS.
File processing complete.
Moving transaction file to archive as 'tran200007.xml'......
done.

