
Base terminal: 6000040
Scanning for terminal #6000040
Terminal found.
Found user directory.
Found terminal directory.
Found terminal backup directory.
Connecting to user database.................................done.
Checking database compatibility.............................done.
Database is compatible with XML transactions.
- Work mode: A
- Update mode: UD
- Force all codes: Yes
- Last plu check: 25/03/2014 16:22:47
Checking for terminal updates...
File "pluadd" was updated successfully
File "deps" was updated successfully
File "club.dat" was updated successfully
File "workers.dat" was updated successfully
Setting lastpludta time flag for the terminal...............done.
-------------------------------------------------------
Time: 25/03/2014 16:33:03
File "tran100002.xml". Start processing...

Terminal 6000040 found in user database and is active.
Package #1 already exists in database.(2155) Checking transactions...
Found transaction #100002.
Transaction #100002 added. Processing components...
Product 2975000000001 already exists in stock.
Stock has been updated for product 2975000000001.
Product 8120000000293 already exists in stock.
Stock has been updated for product 8120000000293.
Processing payments...
Credit card payment found for 583.20 NIS.
Found payments for total 583.2 NIS.
File processing complete.
Moving transaction file to archive as 'tran100002.xml'......
done.

