
Base terminal: 6000040
Scanning for terminal #6000040
Terminal found.
Found user directory.
Found terminal directory.
Found terminal backup directory.
Connecting to user database.................................done.
Checking database compatibility.............................done.
Database is compatible with XML transactions.
- Work mode: A
- Update mode: UD
- Force all codes: Yes
- Last plu check: 26/03/2014 10:34:40
Checking for terminal updates...
File "pluadd" was updated successfully
File "deps" was updated successfully
File "club.dat" was updated successfully
File "workers.dat" was updated successfully
Setting lastpludta time flag for the terminal...............done.
-------------------------------------------------------
Time: 26/03/2014 11:26:40
File "tran200005.xml". Start processing...

Terminal 6000040 found in user database and is active.
Package #2 already exists in database.(2157) Checking transactions...
Found transaction #200005.
Transaction #200005 added. Processing components...
Product 4000000015 already exists in stock.
Stock has been updated for product 4000000015.
Product 860000000053 already exists in stock.
Stock has been updated for product 860000000053.
Processing payments...
Cash payment found for 20.00 NIS.
Found payments for total 20 NIS.
File processing complete.
Moving transaction file to archive as 'tran200005.xml'......
done.

