
Base terminal: 6000040
Scanning for terminal #6000040
Terminal found.
Found user directory.
Found terminal directory.
Found terminal backup directory.
Connecting to user database.................................done.
Checking database compatibility.............................done.
Database is compatible with XML transactions.
- Work mode: A
- Update mode: UD
- Force all codes: Yes
- Last plu check: 26/03/2014 14:11:44
Checking for terminal updates...
File "pluadd" was updated successfully
File "deps" was updated successfully
File "club.dat" was updated successfully
File "workers.dat" was updated successfully
Setting lastpludta time flag for the terminal...............done.
-------------------------------------------------------
Time: 26/03/2014 14:39:23
File "tran300004.xml". Start processing...

Terminal 6000040 found in user database and is active.
Package #3 already exists in database.(2158) Checking transactions...
Found transaction #300004.
Transaction #300004 added. Processing components...
Product 1175000000094 already exists in stock.
Stock has been updated for product 1175000000094.
Product 1175000000109 already exists in stock.
Stock has been updated for product 1175000000109.
Product 2570000000037 already exists in stock.
Stock has been updated for product 2570000000037.
Product 5400000253 already exists in stock.
Stock has been updated for product 5400000253.
Processing payments...
Credit card payment found for 457.00 NIS.
Found payments for total 457 NIS.
File processing complete.
Moving transaction file to archive as 'tran300004.xml'......
done.

