
Base terminal: 6000040
Scanning for terminal #6000040
Terminal found.
Found user directory.
Found terminal directory.
Found terminal backup directory.
Connecting to user database.................................done.
Checking database compatibility.............................done.
Database is compatible with XML transactions.
- Work mode: A
- Update mode: UD
- Force all codes: Yes
- Last plu check: 26/03/2014 15:04:03
Checking for terminal updates...
File "pluadd" was updated successfully
File "deps" was updated successfully
File "club.dat" was updated successfully
File "workers.dat" was updated successfully
Setting lastpludta time flag for the terminal...............done.
-------------------------------------------------------
Time: 26/03/2014 15:04:56
File "tran300006.xml". Start processing...

Terminal 6000040 found in user database and is active.
Package #3 already exists in database.(2158) Checking transactions...
Found transaction #300006.
Transaction #300006 added. Processing components...
Product 3800000264 already exists in stock.
Stock has been updated for product 3800000264.
Processing payments...
Credit card payment found for 65.55 NIS.
Found payments for total 65.55 NIS.
File processing complete.
Moving transaction file to archive as 'tran300006.xml'......
done.

