
Base terminal: 6000040
Scanning for terminal #6000040
Terminal found.
Found user directory.
Found terminal directory.
Found terminal backup directory.
Connecting to user database.................................done.
Checking database compatibility.............................done.
Database is compatible with XML transactions.
- Work mode: A
- Update mode: UD
- Force all codes: Yes
- Last plu check: 26/03/2014 13:14:50
Checking for terminal updates...
File "pluadd" was updated successfully
File "deps" was updated successfully
File "club.dat" was updated successfully
File "workers.dat" was updated successfully
Setting lastpludta time flag for the terminal...............done.
-------------------------------------------------------
Time: 26/03/2014 13:21:18
File "tran300002.xml". Start processing...

Terminal 6000040 found in user database and is active.
Package #3 already exists in database.(2158) Checking transactions...
Found transaction #300002.
Transaction #300002 added. Processing components...
Product 2975000000002 already exists in stock.
Stock has been updated for product 2975000000002.
Product 3800000901 already exists in stock.
Stock has been updated for product 3800000901.
Product 860000000052 already exists in stock.
Stock has been updated for product 860000000052.
Processing payments...
Cash payment found for 150.00 NIS.
RefundVoucher payment found for 126.40 NIS.
RefundVoucher payment found for 101.40 NIS.
Found payments for total 377.8 NIS.
File processing complete.
Moving transaction file to archive as 'tran300002.xml'......
done.

