
Base terminal: 6000040
Scanning for terminal #6000040
Terminal found.
Found user directory.
Found terminal directory.
Found terminal backup directory.
Connecting to user database.................................done.
Checking database compatibility.............................done.
Database is compatible with XML transactions.
- Work mode: A
- Update mode: UD
- Force all codes: Yes
- Last plu check: 27/03/2014 09:30:45
Checking for terminal updates...
File "pluadd" was updated successfully
File "deps" was updated successfully
File "club.dat" was updated successfully
File "workers.dat" was updated successfully
Setting lastpludta time flag for the terminal...............done.
-------------------------------------------------------
Time: 27/03/2014 11:58:03
File "tran400008.xml". Start processing...

Terminal 6000040 found in user database and is active.
Package #4 already exists in database.(2161) Checking transactions...
Found transaction #400008.
Transaction #400008 added. Processing components...
Product 2975000000001 already exists in stock.
Stock has been updated for product 2975000000001.
Product 2570000000179 already exists in stock.
Stock has been updated for product 2570000000179.
Product 2830000000071 already exists in stock.
Stock has been updated for product 2830000000071.
Processing payments...
Credit card payment found for 453.15 NIS.
Found payments for total 453.15 NIS.
File processing complete.
Moving transaction file to archive as 'tran400008.xml'......
done.

