
Base terminal: 6000040
Scanning for terminal #6000040
Terminal found.
Found user directory.
Found terminal directory.
Found terminal backup directory.
Connecting to user database.................................done.
Checking database compatibility.............................done.
Database is compatible with XML transactions.
- Work mode: A
- Update mode: UD
- Force all codes: Yes
- Last plu check: 26/03/2014 11:26:40
Checking for terminal updates...
File "pluadd" was updated successfully
File "deps" was updated successfully
File "club.dat" was updated successfully
File "workers.dat" was updated successfully
Setting lastpludta time flag for the terminal...............done.
-------------------------------------------------------
Time: 26/03/2014 11:39:54
File "tran200006.xml". Start processing...

Terminal 6000040 found in user database and is active.
Package #2 already exists in database.(2157) Checking transactions...
Found transaction #200006.
Transaction #200006 added. Processing components...
Product 8200000074 already exists in stock.
Stock has been updated for product 8200000074.
Product 4000000040 already exists in stock.
Stock has been updated for product 4000000040.
Product 8200000058 already exists in stock.
Stock has been updated for product 8200000058.
Processing payments...
Cash payment found for 300.00 NIS.
Credit card payment found for 128.60 NIS.
Found payments for total 428.6 NIS.
File processing complete.
Moving transaction file to archive as 'tran200006.xml'......
done.

