
Base terminal: 6000040
Scanning for terminal #6000040
Terminal found.
Found user directory.
Found terminal directory.
Found terminal backup directory.
Connecting to user database.................................done.
Checking database compatibility.............................done.
Database is compatible with XML transactions.
- Work mode: A
- Update mode: UD
- Force all codes: Yes
- Last plu check: 26/03/2014 12:47:07
Checking for terminal updates...
File "pluadd" was updated successfully
File "deps" was updated successfully
File "club.dat" was updated successfully
File "workers.dat" was updated successfully
Setting lastpludta time flag for the terminal...............done.
-------------------------------------------------------
Time: 26/03/2014 12:51:58
File "tran200009.xml". Start processing...

Terminal 6000040 found in user database and is active.
Package #2 already exists in database.(2157) Checking transactions...
Found transaction #200009.
Transaction #200009 added. Processing components...
Product 0000000000000 already exists in stock.
Stock has been updated for product 0000000000000.
Processing payments...
PrePaid payment found for 10.00 NIS
Found payments for total 10 NIS.
Prepaid card payment reported to API: 600004066612410779359990
File processing complete.
Moving transaction file to archive as 'tran200009.xml'......
done.

