
Base terminal: 6000040
Scanning for terminal #6000040
Terminal found.
Found user directory.
Found terminal directory.
Found terminal backup directory.
Connecting to user database.................................done.
Checking database compatibility.............................done.
Database is compatible with XML transactions.
- Work mode: A
- Update mode: UD
- Force all codes: Yes
- Last plu check: 25/03/2014 17:25:04
Checking for terminal updates...
File "pluadd" was updated successfully
File "deps" was updated successfully
File "club.dat" was updated successfully
File "workers.dat" was updated successfully
Setting lastpludta time flag for the terminal...............done.
-------------------------------------------------------
Time: 25/03/2014 17:51:47
File "tran100008.xml". Start processing...

Terminal 6000040 found in user database and is active.
Package #1 already exists in database.(2155) Checking transactions...
Found transaction #100008.
Transaction #100008 added. Processing components...
Product 6000000041 already exists in stock.
Stock has been updated for product 6000000041.
Product 7180000000127 already exists in stock.
Stock has been updated for product 7180000000127.
Processing payments...
Credit card payment found for 130.00 NIS.
Credit card payment found for 193.50 NIS.
Found payments for total 323.5 NIS.
File processing complete.
Moving transaction file to archive as 'tran100008.xml'......
done.

