
Base terminal: 6000040
Scanning for terminal #6000040
Terminal found.
Found user directory.
Found terminal directory.
Found terminal backup directory.
Connecting to user database.................................done.
Checking database compatibility.............................done.
Database is compatible with XML transactions.
- Work mode: A
- Update mode: UD
- Force all codes: Yes
- Last plu check: 26/03/2014 16:13:36
Checking for terminal updates...
File "pluadd" was updated successfully
File "deps" was updated successfully
File "club.dat" was updated successfully
File "workers.dat" was updated successfully
Setting lastpludta time flag for the terminal...............done.
-------------------------------------------------------
Time: 26/03/2014 16:42:22
File "tran300010.xml". Start processing...

Terminal 6000040 found in user database and is active.
Package #3 already exists in database.(2158) Checking transactions...
Found transaction #300010.
Transaction #300010 added. Processing components...
Product 0000000000000 already exists in stock.
Stock has been updated for product 0000000000000.
Product 3800000264 already exists in stock.
Stock has been updated for product 3800000264.
Product 1425000000204 already exists in stock.
Stock has been updated for product 1425000000204.
Product 6000000041 already exists in stock.
Stock has been updated for product 6000000041.
Processing payments...
Credit card payment found for 389.05 NIS.
Found payments for total 389.05 NIS.
File processing complete.
Moving transaction file to archive as 'tran300010.xml'......
done.

