
Base terminal: 6000040
Scanning for terminal #6000040
Terminal found.
Found user directory.
Found terminal directory.
Found terminal backup directory.
Connecting to user database.................................done.
Checking database compatibility.............................done.
Database is compatible with XML transactions.
- Work mode: A
- Update mode: UD
- Force all codes: Yes
- Last plu check: 26/03/2014 11:41:36
Checking for terminal updates...
File "pluadd" was updated successfully
File "deps" was updated successfully
File "club.dat" was updated successfully
File "workers.dat" was updated successfully
Setting lastpludta time flag for the terminal...............done.
-------------------------------------------------------
Time: 26/03/2014 12:47:07
File "tran200008.xml". Start processing...

Terminal 6000040 found in user database and is active.
Package #2 already exists in database.(2157) Checking transactions...
Found transaction #200008.
Transaction #200008 added. Processing components...
Product 0000 already exists in stock.
Stock has been updated for product 0000.
Processing payments...
Cash payment found for 10.00 NIS.
PrePaid deposit found for 10 NIS
Found payments for total 0 NIS.
Prepaid card charge reported to API: 6000040666124107793599910
File processing complete.
Moving transaction file to archive as 'tran200008.xml'......
done.

