
Base terminal: 6000040
Scanning for terminal #6000040
Terminal found.
Found user directory.
Found terminal directory.
Found terminal backup directory.
Connecting to user database.................................done.
Checking database compatibility.............................done.
Database is compatible with XML transactions.
- Work mode: A
- Update mode: UD
- Force all codes: Yes
- Last plu check: 27/03/2014 12:59:13
Checking for terminal updates...
File "pluadd" was updated successfully
File "deps" was updated successfully
File "club.dat" was updated successfully
File "workers.dat" was updated successfully
Setting lastpludta time flag for the terminal...............done.
-------------------------------------------------------
Time: 27/03/2014 13:19:17
File "tran400012.xml". Start processing...

Terminal 6000040 found in user database and is active.
Package #4 already exists in database.(2161) Checking transactions...
Found transaction #400012.
Transaction #400012 added. Processing components...
Product 2829000000023 already exists in stock.
Stock has been updated for product 2829000000023.
Processing payments...
Credit card payment found for 379.05 NIS.
Found payments for total 379.05 NIS.
File processing complete.
Moving transaction file to archive as 'tran400012.xml'......
done.

