
Base terminal: 6000040
Scanning for terminal #6000040
Terminal found.
Found user directory.
Found terminal directory.
Found terminal backup directory.
Connecting to user database.................................done.
Checking database compatibility.............................done.
Database is compatible with XML transactions.
- Work mode: A
- Update mode: UD
- Force all codes: Yes
- Last plu check: 26/03/2014 07:50:02
Checking for terminal updates...
File "pluadd" was updated successfully
File "deps" was updated successfully
File "club.dat" was updated successfully
File "workers.dat" was updated successfully
Setting lastpludta time flag for the terminal...............done.
-------------------------------------------------------
Time: 26/03/2014 07:52:25
File "tran200002.xml". Start processing...

Terminal 6000040 found in user database and is active.
Package #2 already exists in database.(2157) Checking transactions...
Found transaction #200002.
Transaction #200002 added. Processing components...
Product 1052000000001 already exists in stock.
Stock has been updated for product 1052000000001.
Processing payments...
RefundVoucher payment found for 208.05 NIS.
Found payments for total 208.05 NIS.
File processing complete.
Moving transaction file to archive as 'tran200002.xml'......
done.

