
Base terminal: 6000040
Scanning for terminal #6000040
Terminal found.
Found user directory.
Found terminal directory.
Found terminal backup directory.
Connecting to user database.................................done.
Checking database compatibility.............................done.
Database is compatible with XML transactions.
- Work mode: A
- Update mode: UD
- Force all codes: Yes
- Last plu check: 27/03/2014 17:27:57
Checking for terminal updates...
File "pluadd" was updated successfully
File "deps" was updated successfully
File "club.dat" was updated successfully
File "workers.dat" was updated successfully
Setting lastpludta time flag for the terminal...............done.
-------------------------------------------------------
Time: 27/03/2014 17:35:31
File "tran500009.xml". Start processing...

Terminal 6000040 found in user database and is active.
Package #5 already exists in database.(2163) Checking transactions...
Found transaction #500009.
Transaction #500009 added. Processing components...
Product 790000000769 already exists in stock.
Stock has been updated for product 790000000769.
Processing payments...
RefundVoucher payment found for -89.50 NIS.
Found refund for total 89.5 NIS.
File processing complete.
Moving transaction file to archive as 'tran500009.xml'......
done.

