
Base terminal: 6000040
Scanning for terminal #6000040
Terminal found.
Found user directory.
Found terminal directory.
Found terminal backup directory.
Connecting to user database.................................done.
Checking database compatibility.............................done.
Database is compatible with XML transactions.
- Work mode: A
- Update mode: UD
- Force all codes: Yes
- Last plu check: 27/03/2014 17:35:31
Checking for terminal updates...
File "pluadd" was updated successfully
File "deps" was updated successfully
File "club.dat" was updated successfully
File "workers.dat" was updated successfully
Setting lastpludta time flag for the terminal...............done.
-------------------------------------------------------
Time: 27/03/2014 17:51:03
File "tran500010.xml". Start processing...

Terminal 6000040 found in user database and is active.
Package #5 already exists in database.(2163) Checking transactions...
Found transaction #500010.
Transaction #500010 added. Processing components...
Product 2937000000000 already exists in stock.
Stock has been updated for product 2937000000000.
Processing payments...
Credit card payment found for 37.05 NIS.
Found payments for total 37.05 NIS.
File processing complete.
Moving transaction file to archive as 'tran500010.xml'......
done.

