
Base terminal: 6000040
Scanning for terminal #6000040
Terminal found.
Found user directory.
Found terminal directory.
Found terminal backup directory.
Connecting to user database.................................done.
Checking database compatibility.............................done.
Database is compatible with XML transactions.
- Work mode: A
- Update mode: UD
- Force all codes: Yes
- Last plu check: 27/03/2014 07:51:31
Checking for terminal updates...
File "pluadd" was updated successfully
File "deps" was updated successfully
File "club.dat" was updated successfully
File "workers.dat" was updated successfully
Setting lastpludta time flag for the terminal...............done.
-------------------------------------------------------
Time: 27/03/2014 08:00:25
File "tran400003.xml". Start processing...

Terminal 6000040 found in user database and is active.
Package #4 already exists in database.(2161) Checking transactions...
Found transaction #400003.
Transaction #400003 added. Processing components...
Product 2830000000058 already exists in stock.
Stock has been updated for product 2830000000058.
Product 2975000000005 already exists in stock.
Stock has been updated for product 2975000000005.
Processing payments...
Credit card payment found for 322.20 NIS.
Found payments for total 322.2 NIS.
File processing complete.
Moving transaction file to archive as 'tran400003.xml'......
done.

