
Base terminal: 6000040
Scanning for terminal #6000040
Terminal found.
Found user directory.
Found terminal directory.
Found terminal backup directory.
Connecting to user database.................................done.
Checking database compatibility.............................done.
Database is compatible with XML transactions.
- Work mode: A
- Update mode: UD
- Force all codes: Yes
- Last plu check: 27/03/2014 17:09:02
Checking for terminal updates...
File "pluadd" was updated successfully
File "deps" was updated successfully
File "club.dat" was updated successfully
File "workers.dat" was updated successfully
Setting lastpludta time flag for the terminal...............done.
-------------------------------------------------------
Time: 27/03/2014 17:27:57
File "tran500008.xml". Start processing...

Terminal 6000040 found in user database and is active.
Package #5 already exists in database.(2163) Checking transactions...
Found transaction #500008.
Transaction #500008 added. Processing components...
Product 6630000000009 already exists in stock.
Stock has been updated for product 6630000000009.
Processing payments...
Found payments for total 0 NIS.
File processing complete.
Moving transaction file to archive as 'tran500008.xml'......
done.

