
Base terminal: 6000040
Scanning for terminal #6000040
Terminal found.
Found user directory.
Found terminal directory.
Found terminal backup directory.
Connecting to user database.................................done.
Checking database compatibility.............................done.
Database is compatible with XML transactions.
- Work mode: A
- Update mode: UD
- Force all codes: Yes
- Last plu check: 27/03/2014 08:07:03
Checking for terminal updates...
File "pluadd" was updated successfully
File "deps" was updated successfully
File "club.dat" was updated successfully
File "workers.dat" was updated successfully
Setting lastpludta time flag for the terminal...............done.
-------------------------------------------------------
Time: 27/03/2014 08:53:18
File "tran400005.xml". Start processing...

Terminal 6000040 found in user database and is active.
Package #4 already exists in database.(2161) Checking transactions...
Found transaction #400005.
Transaction #400005 added. Processing components...
Product 1425000000206 already exists in stock.
Stock has been updated for product 1425000000206.
Product 6000000041 already exists in stock.
Stock has been updated for product 6000000041.
Product 8120000000252 already exists in stock.
Stock has been updated for product 8120000000252.
Product 80000000259 already exists in stock.
Stock has been updated for product 80000000259.
Product 780000000373 already exists in stock.
Stock has been updated for product 780000000373.
Product 2935000000002 already exists in stock.
Stock has been updated for product 2935000000002.
Product 3800000264 already exists in stock.
Stock has been updated for product 3800000264.
Processing payments...
Credit card payment found for 1487.70 NIS.
Found payments for total 1487.7 NIS.
File processing complete.
Moving transaction file to archive as 'tran400005.xml'......
done.

