
Base terminal: 6000040
Scanning for terminal #6000040
Terminal found.
Found user directory.
Found terminal directory.
Found terminal backup directory.
Connecting to user database.................................done.
Checking database compatibility.............................done.
Database is compatible with XML transactions.
- Work mode: A
- Update mode: UD
- Force all codes: Yes
- Last plu check: 27/03/2014 17:04:54
Checking for terminal updates...
File "pluadd" was updated successfully
File "deps" was updated successfully
File "club.dat" was updated successfully
File "workers.dat" was updated successfully
Setting lastpludta time flag for the terminal...............done.
-------------------------------------------------------
Time: 27/03/2014 17:09:02
File "tran500007.xml". Start processing...

Terminal 6000040 found in user database and is active.
Package #5 already exists in database.(2163) Checking transactions...
Found transaction #500007.
Transaction #500007 added. Processing components...
Product 7900000027 already exists in stock.
Stock has been updated for product 7900000027.
Product 3800000346 already exists in stock.
Stock has been updated for product 3800000346.
Product 4000000015 already exists in stock.
Stock has been updated for product 4000000015.
Product 0000000000000 already exists in stock.
Stock has been updated for product 0000000000000.
Processing payments...
Credit card payment found for 246.50 NIS.
Found payments for total 246.5 NIS.
File processing complete.
Moving transaction file to archive as 'tran500007.xml'......
done.

