
Base terminal: 6000040
Scanning for terminal #6000040
Terminal found.
Found user directory.
Found terminal directory.
Found terminal backup directory.
Connecting to user database.................................done.
Checking database compatibility.............................done.
Database is compatible with XML transactions.
- Work mode: A
- Update mode: UD
- Force all codes: Yes
- Last plu check: 25/03/2014 16:39:23
Checking for terminal updates...
File "pluadd" was updated successfully
File "deps" was updated successfully
File "club.dat" was updated successfully
File "workers.dat" was updated successfully
Setting lastpludta time flag for the terminal...............done.
-------------------------------------------------------
Time: 25/03/2014 16:48:34
File "tran100004.xml". Start processing...

Terminal 6000040 found in user database and is active.
Package #1 already exists in database.(2155) Checking transactions...
Found transaction #100004.
Transaction #100004 added. Processing components...
Product 9300000000069 already exists in stock.
Stock has been updated for product 9300000000069.
Product 1175000000105 already exists in stock.
Stock has been updated for product 1175000000105.
Processing payments...
Credit card payment found for 454.10 NIS.
Found payments for total 454.1 NIS.
File processing complete.
Moving transaction file to archive as 'tran100004.xml'......
done.

