
Base terminal: 6000040
Scanning for terminal #6000040
Terminal found.
Found user directory.
Found terminal directory.
Found terminal backup directory.
Connecting to user database.................................done.
Checking database compatibility.............................done.
Database is compatible with XML transactions.
- Work mode: A
- Update mode: UD
- Force all codes: Yes
- Last plu check: 25/03/2014 16:33:03
Checking for terminal updates...
File "pluadd" was updated successfully
File "deps" was updated successfully
File "club.dat" was updated successfully
File "workers.dat" was updated successfully
Setting lastpludta time flag for the terminal...............done.
-------------------------------------------------------
Time: 25/03/2014 16:39:23
File "tran100003.xml". Start processing...

Terminal 6000040 found in user database and is active.
Package #1 already exists in database.(2155) Checking transactions...
Found transaction #100003.
Transaction #100003 added. Processing components...
Product 2570000000173 already exists in stock.
Stock has been updated for product 2570000000173.
Product 780000000380 already exists in stock.
Stock has been updated for product 780000000380.
Product 1425000000206 already exists in stock.
Stock has been updated for product 1425000000206.
Product 6000000060 already exists in stock.
Stock has been updated for product 6000000060.
Processing payments...
Credit card payment found for 542.10 NIS.
Found payments for total 542.1 NIS.
File processing complete.
Moving transaction file to archive as 'tran100003.xml'......
done.

