
Base terminal: 6000040
Scanning for terminal #6000040
Terminal found.
Found user directory.
Found terminal directory.
Found terminal backup directory.
Connecting to user database.................................done.
Checking database compatibility.............................done.
Database is compatible with XML transactions.
- Work mode: A
- Update mode: UD
- Force all codes: Yes
- Last plu check: 27/03/2014 17:51:03
Checking for terminal updates...
File "pluadd" was updated successfully
File "deps" was updated successfully
File "club.dat" was updated successfully
File "workers.dat" was updated successfully
Setting lastpludta time flag for the terminal...............done.
-------------------------------------------------------
Time: 27/03/2014 17:52:10
File "tran500011.xml". Start processing...

Terminal 6000040 found in user database and is active.
Package #5 already exists in database.(2163) Checking transactions...
Found transaction #500011.
Transaction #500011 added. Processing components...
Product 2974000000015 already exists in stock.
Stock has been updated for product 2974000000015.
Processing payments...
Credit card payment found for 90.30 NIS.
Found payments for total 90.3 NIS.
File processing complete.
Moving transaction file to archive as 'tran500011.xml'......
done.

