
Base terminal: 6000040
Scanning for terminal #6000040
Terminal found.
Found user directory.
Found terminal directory.
Found terminal backup directory.
Connecting to user database.................................done.
Checking database compatibility.............................done.
Database is compatible with XML transactions.
- Work mode: A
- Update mode: UD
- Force all codes: Yes
- Last plu check: 27/03/2014 13:20:55
Checking for terminal updates...
File "pluadd" was updated successfully
File "deps" was updated successfully
File "club.dat" was updated successfully
File "workers.dat" was updated successfully
Setting lastpludta time flag for the terminal...............done.
-------------------------------------------------------
Time: 27/03/2014 13:44:05
File "tran500001.xml". Start processing...

Terminal 6000040 found in user database and is active.
Creating package #5.........................................done.(2163)
Processing transactions:
Found transaction #500001.
Transaction #500001 added. Processing components...
Product 4000000015 already exists in stock.
Stock has been updated for product 4000000015.
Processing payments...
Cash payment found for 100.00 NIS.
Found payments for total 100 NIS.
File processing complete.
Moving transaction file to archive as 'tran500001.xml'......
done.

