
Base terminal: 6000040
Scanning for terminal #6000040
Terminal found.
Found user directory.
Found terminal directory.
Found terminal backup directory.
Connecting to user database.................................done.
Checking database compatibility.............................done.
Database is compatible with XML transactions.
- Work mode: A
- Update mode: UD
- Force all codes: Yes
- Last plu check: 27/03/2014 11:58:03
Checking for terminal updates...
File "pluadd" was updated successfully
File "deps" was updated successfully
File "club.dat" was updated successfully
File "workers.dat" was updated successfully
Setting lastpludta time flag for the terminal...............done.
-------------------------------------------------------
Time: 27/03/2014 12:12:42
File "tran400009.xml". Start processing...

Terminal 6000040 found in user database and is active.
Package #4 already exists in database.(2161) Checking transactions...
Found transaction #400009.
Transaction #400009 added. Processing components...
Product 2600180 already exists in stock.
Stock has been updated for product 2600180.
Product 8120000000232 already exists in stock.
Stock has been updated for product 8120000000232.
Processing payments...
Credit card payment found for 567.80 NIS.
Found payments for total 567.8 NIS.
File processing complete.
Moving transaction file to archive as 'tran400009.xml'......
done.

