
Base terminal: 6000031
Scanning for terminal #6000031
Terminal found.
Found user directory.
Found terminal directory.
Found terminal backup directory.
Connecting to user database.................................done.
Checking database compatibility.............................done.
Database is compatible with XML transactions.
- Work mode: A
- Update mode: UD
- Force all codes: Yes
- Last plu check: 26/03/2014 14:13:47
Checking for terminal updates...
File "pluadd" was updated successfully
File "deps" was updated successfully
File "club.dat" was updated successfully
File "workers.dat" was updated successfully
Setting lastpludta time flag for the terminal...............done.
-------------------------------------------------------
Time: 26/03/2014 14:45:46
File "tran9800002.xml". Start processing...

Terminal 6000031 found in user database and is active.
Package #98 already exists in database.(2159) Checking transactions...
Found transaction #9800002.
Transaction #9800002 added. Processing components...
Product 2570000000061 already exists in stock.
Stock has been updated for product 2570000000061.
Processing payments...
Credit card payment found for 122.55 NIS.
Found payments for total 122.55 NIS.
File processing complete.
Moving transaction file to archive as 'tran9800002.xml'.....
done.

