
Base terminal: 6000031
Scanning for terminal #6000031
Terminal found.
Found user directory.
Found terminal directory.
Found terminal backup directory.
Connecting to user database.................................done.
Checking database compatibility.............................done.
Database is compatible with XML transactions.
- Work mode: A
- Update mode: UD
- Force all codes: Yes
- Last plu check: 25/03/2014 11:59:29
Checking for terminal updates...
File "pluadd" was updated successfully
File "deps" was updated successfully
File "club.dat" was updated successfully
File "workers.dat" was updated successfully
Setting lastpludta time flag for the terminal...............done.
-------------------------------------------------------
Time: 25/03/2014 12:29:15
File "tran9400009.xml". Start processing...

Terminal 6000031 found in user database and is active.
Package #94 already exists in database.(2151) Checking transactions...
Found transaction #9400009.
Transaction #9400009 added. Processing components...
Product 2570000000183 already exists in stock.
Stock has been updated for product 2570000000183.
Product 3800000901 already exists in stock.
Stock has been updated for product 3800000901.
Product 2830000000067 already exists in stock.
Stock has been updated for product 2830000000067.
Product 2747000000041 already exists in stock.
Stock has been updated for product 2747000000041.
Product 2747000000028 already exists in stock.
Stock has been updated for product 2747000000028.
Product 2571000000046 already exists in stock.
Stock has been updated for product 2571000000046.
Processing payments...
Cheque payment found for 270.00 NIS.
Cheque payment found for 270.00 NIS.
Cheque payment found for 293.00 NIS.
Found payments for total 833 NIS.
File processing complete.
Moving transaction file to archive as 'tran9400009.xml'.....
done.

