
Base terminal: 6000031
Scanning for terminal #6000031
Terminal found.
Found user directory.
Found terminal directory.
Found terminal backup directory.
Connecting to user database.................................done.
Checking database compatibility.............................done.
Database is compatible with XML transactions.
- Work mode: A
- Update mode: UD
- Force all codes: No
- Last plu check: 24/03/2014 17:12:26
Checking for terminal updates...
No update needed for file "pluadd"
No update needed for file "pluupdate"
No update needed for file "pludel"
No update needed for file "deps.add"
No update needed for file "deps.update"
No update needed for file "club.add"
No update needed for file "club.update"
No update needed for file "workers.add"
No update needed for file "workers.update"
Setting lastpludta time flag for the terminal...............done.
-------------------------------------------------------
Time: 24/03/2014 17:14:01
File "tran9300012.xml". Start processing...

Terminal 6000031 found in user database and is active.
Package #93 already exists in database.(2149) Checking transactions...
Found transaction #9300012.
Transaction #9300012 added. Processing components...
Product 0000000000000 already exists in stock.
Stock has been updated for product 0000000000000.
Processing payments...
Cash payment found for -913.90 NIS.
Found refund for total 913.9 NIS.
File processing complete.
Moving transaction file to archive as 'tran9300012.xml'.....
done.

