
Base terminal: 6000031
Scanning for terminal #6000031
Terminal found.
Found user directory.
Found terminal directory.
Found terminal backup directory.
Connecting to user database.................................done.
Checking database compatibility.............................done.
Database is compatible with XML transactions.
- Work mode: A
- Update mode: UD
- Force all codes: Yes
- Last plu check: 06/03/2014 16:00:15
Checking for terminal updates...
File "pluadd" was updated successfully
File "deps" was updated successfully
File "club.dat" was updated successfully
File "workers.dat" was updated successfully
Setting lastpludta time flag for the terminal...............done.
-------------------------------------------------------
Time: 06/03/2014 16:04:10
File "tran6400009.xml". Start processing...

Terminal 6000031 found in user database and is active.
Package #64 already exists in database.(2086) Checking transactions...
Found transaction #6400009.
Transaction #6400009 added. Processing components...
Product 2830000000042 already exists in stock.
Stock has been updated for product 2830000000042.
Product 90000000262 already exists in stock.
Stock has been updated for product 90000000262.
Processing payments...
Cash payment found for 200.00 NIS.
Credit card payment found for 102.10 NIS.
Found payments for total 302.1 NIS.
File processing complete.
Moving transaction file to archive as 'tran6400009.xml'.....
done.

