
Base terminal: 6000031
Scanning for terminal #6000031
Terminal found.
Found user directory.
Found terminal directory.
Found terminal backup directory.
Connecting to user database.................................done.
Checking database compatibility.............................done.
Database is compatible with XML transactions.
- Work mode: A
- Update mode: UD
- Force all codes: Yes
- Last plu check: 26/03/2014 13:08:40
Checking for terminal updates...
File "pluadd" was updated successfully
File "deps" was updated successfully
File "club.dat" was updated successfully
File "workers.dat" was updated successfully
Setting lastpludta time flag for the terminal...............done.
-------------------------------------------------------
Time: 26/03/2014 13:11:22
File "tran9790001.xml". Start processing...

Terminal 6000031 found in user database and is active.
Package #97 already exists in database.(2156) Checking transactions...
Found transaction #9790001.
Transaction #9790001 added. Processing components...
Processing payments...
Cheque payment found for 625.00 NIS.
Found payments for total 625 NIS.
File processing complete.
Moving transaction file to archive as 'tran9790001.xml'.....
done.

