
Base terminal: 6000031
Scanning for terminal #6000031
Terminal found.
Found user directory.
Found terminal directory.
Found terminal backup directory.
Connecting to user database.................................done.
Checking database compatibility.............................done.
Database is compatible with XML transactions.
- Work mode: A
- Update mode: UD
- Force all codes: No
- Last plu check: 07/02/2014 10:12:02
Checking for terminal updates...
No update needed for file "pluadd"
No update needed for file "pluupdate"
No update needed for file "pludel"
No update needed for file "deps.update"
No update needed for file "club.update"
No update needed for file "workers.update"
Setting lastpludta time flag for the terminal...............done.
-------------------------------------------------------
Time: 07/02/2014 10:29:17
File "tran300014.xml". Start processing...

Terminal ID in file - 1234, doesn't match current terminal ID - 6000031. Switching to new terminal...
Scanning for terminal #1234

ERROR: Terminal was not found in database or is inactive.
File processing cancelled.



-------------------------------------------------------
Time: 07/02/2014 10:29:17
File "tran300012.xml". Start processing...

Terminal ID in file - 1234, doesn't match current terminal ID - -1. Switching to new terminal...
Scanning for terminal #1234

ERROR: Terminal was not found in database or is inactive.
File processing cancelled.



-------------------------------------------------------
Time: 07/02/2014 10:29:17
File "tran300013.xml". Start processing...

Terminal ID in file - 1234, doesn't match current terminal ID - -1. Switching to new terminal...
Scanning for terminal #1234

ERROR: Terminal was not found in database or is inactive.
File processing cancelled.



-------------------------------------------------------
Time: 07/02/2014 10:29:17
File "tran300015.xml". Start processing...

Terminal ID in file - 1234, doesn't match current terminal ID - -1. Switching to new terminal...
Scanning for terminal #1234

ERROR: Terminal was not found in database or is inactive.
File processing cancelled.



-------------------------------------------------------
Time: 07/02/2014 10:29:17
File "tran300016.xml". Start processing...

Terminal ID in file - 1234, doesn't match current terminal ID - -1. Switching to new terminal...
Scanning for terminal #1234

ERROR: Terminal was not found in database or is inactive.
File processing cancelled.



-------------------------------------------------------
Time: 07/02/2014 10:29:17
File "tran390001.xml". Start processing...

Terminal ID in file - 1234, doesn't match current terminal ID - -1. Switching to new terminal...
Scanning for terminal #1234

ERROR: Terminal was not found in database or is inactive.
File processing cancelled.



-------------------------------------------------------
Time: 07/02/2014 10:29:17
File "tran1400019.xml". Start processing...

Terminal ID in file - 6000031, doesn't match current terminal ID - -1. Switching to new terminal...
Scanning for terminal #6000031
Terminal found.
Found user directory.
Found terminal directory.
Found terminal backup directory.
Connecting to user database.................................done.
Checking database compatibility.............................done.
Database is compatible with XML transactions.
Terminal 6000031 found in user database and is active.
Package #14 already exists in database.(1971) Checking transactions...
Found transaction #1400019.
Transaction #1400019 added. Processing components...
Product 2600111 already exists in stock.
Stock has been updated for product 2600111.
Product 2747000000028 already exists in stock.
Stock has been updated for product 2747000000028.
Product 2747000000005 already exists in stock.
Stock has been updated for product 2747000000005.
Product 2747000000015 already exists in stock.
Stock has been updated for product 2747000000015.
Product 2832000000003 already exists in stock.
Stock has been updated for product 2832000000003.
Product 8120000000274 already exists in stock.
Stock has been updated for product 8120000000274.
Product 2570000000061 already exists in stock.
Stock has been updated for product 2570000000061.
Product 3800000887 already exists in stock.
Stock has been updated for product 3800000887.
Product 790000000817 already exists in stock.
Stock has been updated for product 790000000817.
Product 4001727 already exists in stock.
Stock has been updated for product 4001727.
Product 2790000000001 already exists in stock.
Stock has been updated for product 2790000000001.
Product 7180000000096 already exists in stock.
Stock has been updated for product 7180000000096.
Product 3700000000 already exists in stock.
Stock has been updated for product 3700000000.
Product 3700000003 already exists in stock.
Stock has been updated for product 3700000003.
Processing payments...
Credit card payment found for 3690.75 NIS.
Found payments for total 3690.75 NIS.
File processing complete.
Moving transaction file to archive as 'tran1400019.xml'.....
done.

