
Base terminal: 6000031
Scanning for terminal #6000031
Terminal found.
Found user directory.
Found terminal directory.
Found terminal backup directory.
Connecting to user database.................................done.
Checking database compatibility.............................done.
Database is compatible with XML transactions.
- Work mode: A
- Update mode: UD
- Force all codes: No
- Last plu check: 18/03/2014 12:50:11
Checking for terminal updates...
No update needed for file "pluadd"
No update needed for file "pluupdate"
No update needed for file "pludel"
No update needed for file "deps.add"
No update needed for file "deps.update"
No update needed for file "club.add"
No update needed for file "club.update"
No update needed for file "workers.add"
No update needed for file "workers.update"
Setting lastpludta time flag for the terminal...............done.
-------------------------------------------------------
Time: 18/03/2014 14:02:13
File "clock.txt". Start processing...

3 lines found. Parsing...........done.
3 records parsed
Registered record for worker #1: 2014-03-18 10:35 - 14:49.
-------------------------------------------------------
Time: 18/03/2014 14:02:13
File "tran8400001.xml". Start processing...

Terminal 6000031 found in user database and is active.
Creating package #84........................................done.(2129)
Processing transactions:
Found transaction #8400001.
Transaction #8400001 added. Processing components...
Product 790000000858 already exists in stock.
Stock has been updated for product 790000000858.
Processing payments...
Credit card payment found for 170.05 NIS.
Found payments for total 170.05 NIS.
File processing complete.
Moving transaction file to archive as 'tran8400001.xml'.....
done.

