
Base terminal: 6000031
Scanning for terminal #6000031
Terminal found.
Found user directory.
Found terminal directory.
Found terminal backup directory.
Connecting to user database.................................done.
Checking database compatibility.............................done.
Database is compatible with XML transactions.
- Work mode: A
- Update mode: UD
- Force all codes: Yes
- Last plu check: 25/03/2014 16:38:16
Checking for terminal updates...
File "pluadd" was updated successfully
File "deps" was updated successfully
File "club.dat" was updated successfully
File "workers.dat" was updated successfully
Setting lastpludta time flag for the terminal...............done.
-------------------------------------------------------
Time: 25/03/2014 16:45:51
File "tran9600012.xml". Start processing...

Terminal 6000031 found in user database and is active.
Package #96 already exists in database.(2154) Checking transactions...
Found transaction #9600012.
Transaction #9600012 added. Processing components...
Product 2571000000049 already exists in stock.
Stock has been updated for product 2571000000049.
Product 7180000000132 already exists in stock.
Stock has been updated for product 7180000000132.
Processing payments...
Hakafa payment found for 355.00 NIS.
Found payments for total 355 NIS.
File processing complete.
Moving transaction file to archive as 'tran9600012.xml'.....
done.

