
Base terminal: 6000031
Scanning for terminal #6000031
Terminal found.
Found user directory.
Found terminal directory.
Found terminal backup directory.
Connecting to user database.................................done.
Checking database compatibility.............................done.
Database is compatible with XML transactions.
- Work mode: A
- Update mode: UD
- Force all codes: No
- Last plu check: 24/03/2014 11:42:34
Checking for terminal updates...
No update needed for file "pluadd"
No update needed for file "pluupdate"
No update needed for file "pludel"
No update needed for file "deps.add"
No update needed for file "deps.update"
No update needed for file "club.add"
No update needed for file "club.update"
No update needed for file "workers.add"
No update needed for file "workers.update"
Setting lastpludta time flag for the terminal...............done.
-------------------------------------------------------
Time: 24/03/2014 11:58:21
File "tran9200006.xml". Start processing...

Terminal 6000031 found in user database and is active.
Package #92 already exists in database.(2146) Checking transactions...
Found transaction #9200006.
Transaction #9200006 added. Processing components...
Product 2974000000010 already exists in stock.
Stock has been updated for product 2974000000010.
Product 8120000000268 already exists in stock.
Stock has been updated for product 8120000000268.
Processing payments...
Credit card payment found for 484.20 NIS.
Found payments for total 484.2 NIS.
File processing complete.
Moving transaction file to archive as 'tran9200006.xml'.....
done.

