
Base terminal: 6000031
Scanning for terminal #6000031
Terminal found.
Found user directory.
Found terminal directory.
Found terminal backup directory.
Connecting to user database.................................done.
Checking database compatibility.............................done.
Database is compatible with XML transactions.
- Work mode: A
- Update mode: UD
- Force all codes: No
- Last plu check: 10/02/2014 13:07:30
Checking for terminal updates...
No update needed for file "pluadd"
No update needed for file "pluupdate"
No update needed for file "pludel"
No update needed for file "deps.update"
No update needed for file "club.update"
No update needed for file "workers.update"
Setting lastpludta time flag for the terminal...............done.
-------------------------------------------------------
Time: 10/02/2014 13:20:24
File "tran2100001.xml". Start processing...

Terminal 6000031 found in user database and is active.
Creating package #21........................................done.(1983)
Processing transactions:
Found transaction #2100001.
Transaction #2100001 added. Processing components...
Product 3400000010 already exists in stock.
Stock has been updated for product 3400000010.
Processing payments...
Cash payment found for 15.20 NIS.
Found payments for total 15.2 NIS.
File processing complete.
Moving transaction file to archive as 'tran2100001.xml'.....
done.


-------------------------------------------------------
Time: 10/02/2014 13:20:24
File "tran400001.xml". Start processing...

Terminal ID in file - 1234, doesn't match current terminal ID - 6000031. Switching to new terminal...
Scanning for terminal #1234

ERROR: Terminal was not found in database or is inactive.
File processing cancelled.


