
Base terminal: 6000031
Scanning for terminal #6000031
Terminal found.
Found user directory.
Found terminal directory.
Found terminal backup directory.
Connecting to user database.................................done.
Checking database compatibility.............................done.
Database is compatible with XML transactions.
- Work mode: A
- Update mode: UD
- Force all codes: No
- Last plu check: 27/02/2014 09:52:31
Checking for terminal updates...
File "pluadd" was updated successfully
No update needed for file "pluupdate"
No update needed for file "pludel"
No update needed for file "deps.add"
No update needed for file "deps.update"
No update needed for file "club.add"
No update needed for file "club.update"
No update needed for file "workers.add"
No update needed for file "workers.update"
Setting lastpludta time flag for the terminal...............done.
-------------------------------------------------------
Time: 27/02/2014 10:11:53
File "tran5200009.xml". Start processing...

Terminal 6000031 found in user database and is active.
Package #52 already exists in database.(2058) Checking transactions...
Found transaction #5200009.
Transaction #5200009 added. Processing components...
Product 8120000000268 already exists in stock.
Stock has been updated for product 8120000000268.
Processing payments...
Cash payment found for 170.00 NIS.
Found payments for total 170 NIS.
File processing complete.
Moving transaction file to archive as 'tran5200009.xml'.....
done.

