
Base terminal: 6000031
Scanning for terminal #6000031
Terminal found.
Found user directory.
Found terminal directory.
Found terminal backup directory.
Connecting to user database.................................done.
Checking database compatibility.............................done.
Database is compatible with XML transactions.
- Work mode: A
- Update mode: UD
- Force all codes: No
- Last plu check: 19/03/2014 16:39:39
Checking for terminal updates...
No update needed for file "pluadd"
No update needed for file "pluupdate"
No update needed for file "pludel"
No update needed for file "deps.add"
No update needed for file "deps.update"
No update needed for file "club.add"
No update needed for file "club.update"
No update needed for file "workers.add"
No update needed for file "workers.update"
Setting lastpludta time flag for the terminal...............done.
-------------------------------------------------------
Time: 19/03/2014 16:51:03
File "tran8600013.xml". Start processing...

Terminal 6000031 found in user database and is active.
Package #86 already exists in database.(2134) Checking transactions...
Found transaction #8600013.
Transaction #8600013 added. Processing components...
Product 3800000903 already exists in stock.
Stock has been updated for product 3800000903.
Product 6000000037 already exists in stock.
Stock has been updated for product 6000000037.
Processing payments...
Credit card payment found for 492.10 NIS.
Found payments for total 492.1 NIS.
File processing complete.
Moving transaction file to archive as 'tran8600013.xml'.....
done.

