
Base terminal: 6000031
Scanning for terminal #6000031
Terminal found.
Found user directory.
Found terminal directory.
Found terminal backup directory.
Connecting to user database.................................done.
Checking database compatibility.............................done.
Database is compatible with XML transactions.
- Work mode: A
- Update mode: UD
- Force all codes: No
- Last plu check: 02/02/2014 09:50:09
Checking for terminal updates...
No update needed for file "pluadd"
File "pluupdate" was updated successfully
No update needed for file "pludel"
File "deps" was updated successfully
File "club.dat" was updated successfully
File "workers.dat" was updated successfully
Setting lastpludta time flag for the terminal...............done.
-------------------------------------------------------
Time: 02/02/2014 10:42:48
File "tran300010.xml". Start processing...

Terminal 6000031 found in user database and is active.
Package #3 already exists in database.(1942) Checking transactions...
Found transaction #300010.
Transaction #300010 added. Processing components...
Product 8120000000188 already exists in stock.
Stock has been updated for product 8120000000188.
Product 40012 already exists in stock.
Stock has been updated for product 40012.
Product 790000000846 already exists in stock.
Stock has been updated for product 790000000846.
Processing payments...
Credit card payment found for 475.15 NIS.
Found payments for total 475.15 NIS.
File processing complete.
Moving transaction file to archive as 'tran300010.xml'......
done.

