
Base terminal: 6000031
Scanning for terminal #6000031
Terminal found.
Found user directory.
Found terminal directory.
Found terminal backup directory.
Connecting to user database.................................done.
Checking database compatibility.............................done.
Database is compatible with XML transactions.
- Work mode: A
- Update mode: UD
- Force all codes: Yes
- Last plu check: 26/03/2014 10:58:14
Checking for terminal updates...
File "pluadd" was updated successfully
File "deps" was updated successfully
File "club.dat" was updated successfully
File "workers.dat" was updated successfully
Setting lastpludta time flag for the terminal...............done.
-------------------------------------------------------
Time: 26/03/2014 11:36:54
File "tran9700012.xml". Start processing...

Terminal 6000031 found in user database and is active.
Package #97 already exists in database.(2156) Checking transactions...
Found transaction #9700012.
Transaction #9700012 added. Processing components...
Product 2975000000005 already exists in stock.
Stock has been updated for product 2975000000005.
Product 2975000000000 already exists in stock.
Stock has been updated for product 2975000000000.
Product 2570000000172 already exists in stock.
Stock has been updated for product 2570000000172.
Product 3800000907 already exists in stock.
Stock has been updated for product 3800000907.
Processing payments...
Hakafa payment found for 910.00 NIS.
Found payments for total 910 NIS.
File processing complete.
Moving transaction file to archive as 'tran9700012.xml'.....
done.

