
Base terminal: 6000031
Scanning for terminal #6000031
Terminal found.
Found user directory.
Found terminal directory.
Found terminal backup directory.
Connecting to user database.................................done.
Checking database compatibility.............................done.
Database is compatible with XML transactions.
- Work mode: A
- Update mode: UD
- Force all codes: No
- Last plu check: 31/01/2014 11:01:47
Checking for terminal updates...
No update needed for file "pluadd"
No update needed for file "pluupdate"
No update needed for file "pludel"
File "deps" was updated successfully
File "club.dat" was updated successfully
File "workers.dat" was updated successfully
Setting lastpludta time flag for the terminal...............done.-------------------------------------------------------
Time: 31/01/2014 11:07:04
File "tran200018.xml". Start processing...

Terminal 6000031 found in user database and is active.
Package #2 already exists in database.(1939) Checking transactions...
Processing of duplicate packages is FORBIDDEN. Only new transactions will be added.
Found transaction #200018.
Transaction #200018 added. Processing components...
Product 8120000000274 already exists in stock.
Stock has been updated for product 8120000000274.
Product 5400000600 already exists in stock.
Stock has been updated for product 5400000600.
Product 5400000621 already exists in stock.
Stock has been updated for product 5400000621.
Product 5400000536 already exists in stock.
Stock has been updated for product 5400000536.
Product 2571000000023 already exists in stock.
Stock has been updated for product 2571000000023.
Product 790000000715 already exists in stock.
Stock has been updated for product 790000000715.
Product 2570000000132 already exists in stock.
Stock has been updated for product 2570000000132.
Product 2570000000123 already exists in stock.
Stock has been updated for product 2570000000123.
Product 5800000038 already exists in stock.
Stock has been updated for product 5800000038.
Product 3700000003 already exists in stock.
Stock has been updated for product 3700000003.
Product 60013 already exists in stock.
Stock has been updated for product 60013.
Processing payments...
Cash payment found for 1918.50 NIS.
Found payments for total 1918.5 NIS.
File processing complete.
Moving transaction file to archive as 'tran200018.xml'......
done.

