
Base terminal: 6000031
Scanning for terminal #6000031
Terminal found.
Found user directory.
Found terminal directory.
Found terminal backup directory.
Connecting to user database.................................done.
Checking database compatibility.............................done.
Database is compatible with XML transactions.
- Work mode: A
- Update mode: UD
- Force all codes: No
- Last plu check: 21/03/2014 10:05:16
Checking for terminal updates...
No update needed for file "pluadd"
No update needed for file "pluupdate"
No update needed for file "pludel"
No update needed for file "deps.add"
No update needed for file "deps.update"
No update needed for file "club.add"
No update needed for file "club.update"
No update needed for file "workers.add"
No update needed for file "workers.update"
Setting lastpludta time flag for the terminal...............done.
-------------------------------------------------------
Time: 21/03/2014 10:17:26
File "tran8900023.xml". Start processing...

Terminal 6000031 found in user database and is active.
Package #89 already exists in database.(2141) Checking transactions...
Found transaction #8900023.
Transaction #8900023 added. Processing components...
Product 2974000000001 already exists in stock.
Stock has been updated for product 2974000000001.
Product 4000000015 already exists in stock.
Stock has been updated for product 4000000015.
Product 4000000071 already exists in stock.
Stock has been updated for product 4000000071.
Product 1175000000089 already exists in stock.
Stock has been updated for product 1175000000089.
Product 1425000000205 already exists in stock.
Stock has been updated for product 1425000000205.
Processing payments...
Credit card payment found for 907.25 NIS.
Found payments for total 907.25 NIS.
File processing complete.
Moving transaction file to archive as 'tran8900023.xml'.....
done.

