
Base terminal: 6000031
Scanning for terminal #6000031
Terminal found.
Found user directory.
Found terminal directory.
Found terminal backup directory.
Connecting to user database.................................done.
Checking database compatibility.............................done.
Database is compatible with XML transactions.
- Work mode: A
- Update mode: UD
- Force all codes: No
- Last plu check: 31/01/2014 10:52:08
Checking for terminal updates...
No update needed for file "pluadd"
No update needed for file "pluupdate"
No update needed for file "pludel"
File "deps" was updated successfully
File "club.dat" was updated successfully
File "workers.dat" was updated successfully
Setting lastpludta time flag for the terminal...............done.-------------------------------------------------------
Time: 31/01/2014 10:58:35
File "tran200015.xml". Start processing...

Terminal 6000031 found in user database and is active.
Package #2 already exists in database.(1939) Checking transactions...
Processing of duplicate packages is FORBIDDEN. Only new transactions will be added.
Found transaction #200015.
Transaction #200015 added. Processing components...
Product 2570000000061 already exists in stock.
Stock has been updated for product 2570000000061.
Product 90000000259 already exists in stock.
Stock has been updated for product 90000000259.
Product 790000000849 already exists in stock.
Stock has been updated for product 790000000849.
Processing payments...
Hakafa payment found for -101.70 NIS.
Found refund for total 101.7 NIS.
File processing complete.
Moving transaction file to archive as 'tran200015.xml'......
done.

