
Base terminal: 6000031
Scanning for terminal #6000031
Terminal found.
Found user directory.
Found terminal directory.
Found terminal backup directory.
Connecting to user database.................................done.
Checking database compatibility.............................done.
Database is compatible with XML transactions.
- Work mode: A
- Update mode: UD
- Force all codes: Yes
- Last plu check: 05/03/2014 13:42:38
Checking for terminal updates...
File "pluadd" was updated successfully
File "deps" was updated successfully
File "club.dat" was updated successfully
File "workers.dat" was updated successfully
Setting lastpludta time flag for the terminal...............done.
-------------------------------------------------------
Time: 05/03/2014 14:33:50
File "tran6200004.xml". Start processing...

Terminal 6000031 found in user database and is active.
Package #62 already exists in database.(2082) Checking transactions...
Found transaction #6200004.
Transaction #6200004 added. Processing components...
Product 2830000000044 already exists in stock.
Stock has been updated for product 2830000000044.
Product 790000000430 already exists in stock.
Stock has been updated for product 790000000430.
Product 2571000000042 already exists in stock.
Stock has been updated for product 2571000000042.
Product 2600169 already exists in stock.
Stock has been updated for product 2600169.
Product 2747000000002 already exists in stock.
Stock has been updated for product 2747000000002.
Processing payments...
Credit card payment found for 860.70 NIS.
Found payments for total 860.7 NIS.
File processing complete.
Moving transaction file to archive as 'tran6200004.xml'.....
done.

