
Base terminal: 6000031
Scanning for terminal #6000031
Terminal found.
Found user directory.
Found terminal directory.
Found terminal backup directory.
Connecting to user database.................................done.
Checking database compatibility.............................done.
Database is compatible with XML transactions.
- Work mode: A
- Update mode: UD
- Force all codes: No
- Last plu check: 12/02/2014 09:04:29
Checking for terminal updates...
No update needed for file "pluadd"
No update needed for file "pluupdate"
No update needed for file "pludel"
File "deps.add" was updated successfully
No update needed for file "club.add"
No update needed for file "club.update"
No update needed for file "workers.add"
No update needed for file "workers.update"
Setting lastpludta time flag for the terminal...............done.
-------------------------------------------------------
Time: 12/02/2014 09:22:43
File "tran2500006.xml". Start processing...

Terminal 6000031 found in user database and is active.
Package #25 already exists in database.(1992) Checking transactions...
Found transaction #2500006.
Transaction #2500006 added. Processing components...
Product 2570000000108 already exists in stock.
Stock has been updated for product 2570000000108.
Product 780000000336 already exists in stock.
Stock has been updated for product 780000000336.
Product 4001727 already exists in stock.
Stock has been updated for product 4001727.
Processing payments...
Credit card payment found for 1077.65 NIS.
Found payments for total 1077.65 NIS.
File processing complete.
Moving transaction file to archive as 'tran2500006.xml'.....
done.

