
Base terminal: 6000031
Scanning for terminal #6000031
Terminal found.
Found user directory.
Found terminal directory.
Found terminal backup directory.
Connecting to user database.................................done.
Checking database compatibility.............................done.
Database is compatible with XML transactions.
- Work mode: A
- Update mode: UD
- Force all codes: Yes
- Last plu check: 06/03/2014 08:44:36
Checking for terminal updates...
File "pluadd" was updated successfully
File "deps" was updated successfully
File "club.dat" was updated successfully
File "workers.dat" was updated successfully
Setting lastpludta time flag for the terminal...............done.
-------------------------------------------------------
Time: 06/03/2014 08:49:41
File "tran6300002.xml". Start processing...

Terminal 6000031 found in user database and is active.
Package #63 already exists in database.(2085) Checking transactions...
Found transaction #6300002.
Transaction #6300002 added. Processing components...
Product 7180000000129 already exists in stock.
Stock has been updated for product 7180000000129.
Processing payments...
RefundVoucher payment found for -122.55 NIS.
Found refund for total 122.55 NIS.
File processing complete.
Moving transaction file to archive as 'tran6300002.xml'.....
done.

