
Base terminal: 6000031
Scanning for terminal #6000031
Terminal found.
Found user directory.
Found terminal directory.
Found terminal backup directory.
Connecting to user database.................................done.
Checking database compatibility.............................done.
Database is compatible with XML transactions.
- Work mode: A
- Update mode: UD
- Force all codes: No
- Last plu check: 27/01/2014 08:52:16
Checking for terminal updates...
No update needed for file "pluadd"
No update needed for file "pluupdate"
No update needed for file "pludel"
File "deps" was updated successfully
File "club.dat" was updated successfully
File "workers.dat" was updated successfully
Setting lastpludta time flag for the terminal...............done.-------------------------------------------------------
Time: 27/01/2014 08:56:42
File "tran100007.xml". Start processing...

Terminal 6000031 found in user database and is active.
Package #1 already exists in database.(1888) Checking transactions...
Processing of duplicate packages is FORBIDDEN. Only new transactions will be added.
Found transaction #100007.
Transaction #100007 added. Processing components...
Product 1234567890123 has been added to stock.
Stock has been updated for product 1234567890123.
Processing payments...
Cash payment found for 10.00 NIS.
Found payments for total 10 NIS.
File processing complete.
Moving transaction file to archive as 'tran100007.xml'......
done.

