
Base terminal: 6000031
Scanning for terminal #6000031
Terminal found.
Found user directory.
Found terminal directory.
Found terminal backup directory.
Connecting to user database.................................done.
Checking database compatibility.............................done.
Database is compatible with XML transactions.
- Work mode: A
- Update mode: UD
- Force all codes: No
- Last plu check: 21/02/2014 10:19:37
Checking for terminal updates...
No update needed for file "pluadd"
No update needed for file "pluupdate"
No update needed for file "pludel"
No update needed for file "deps.add"
No update needed for file "deps.update"
No update needed for file "club.add"
No update needed for file "club.update"
No update needed for file "workers.add"
No update needed for file "workers.update"
Setting lastpludta time flag for the terminal...............done.
-------------------------------------------------------
Time: 21/02/2014 10:29:55
File "tran4200018.xml". Start processing...

Terminal 6000031 found in user database and is active.
Package #42 already exists in database.(2033) Checking transactions...
Found transaction #4200018.
Transaction #4200018 added. Processing components...
Product 2747000000034 already exists in stock.
Stock has been updated for product 2747000000034.
Product 2747000000033 already exists in stock.
Stock has been updated for product 2747000000033.
Product 2600169 already exists in stock.
Stock has been updated for product 2600169.
Product 5400000199 already exists in stock.
Stock has been updated for product 5400000199.
Processing payments...
Credit card payment found for 1523.80 NIS.
Found payments for total 1523.8 NIS.
File processing complete.
Moving transaction file to archive as 'tran4200018.xml'.....
done.

