
Base terminal: 6000031
Scanning for terminal #6000031
Terminal found.
Found user directory.
Found terminal directory.
Found terminal backup directory.
Connecting to user database.................................done.
Checking database compatibility.............................done.
Database is compatible with XML transactions.
- Work mode: A
- Update mode: UD
- Force all codes: No
- Last plu check: 17/02/2014 11:53:47
Checking for terminal updates...
File "pluadd" was updated successfully
No update needed for file "pluupdate"
No update needed for file "pludel"
No update needed for file "deps.add"
No update needed for file "deps.update"
No update needed for file "club.add"
No update needed for file "club.update"
No update needed for file "workers.add"
No update needed for file "workers.update"
Setting lastpludta time flag for the terminal...............done.
-------------------------------------------------------
Time: 17/02/2014 12:40:29
File "tran3200012.xml". Start processing...

Terminal 6000031 found in user database and is active.
Package #32 already exists in database.(2007) Checking transactions...
Found transaction #3200012.
Transaction #3200012 added. Processing components...
Product 2570000000061 already exists in stock.
Stock has been updated for product 2570000000061.
Product 2600144 already exists in stock.
Stock has been updated for product 2600144.
Product 2747000000002 already exists in stock.
Stock has been updated for product 2747000000002.
Product 2830000000011 already exists in stock.
Stock has been updated for product 2830000000011.
Product 2570000000123 already exists in stock.
Stock has been updated for product 2570000000123.
Product 2570000000097 already exists in stock.
Stock has been updated for product 2570000000097.
Product 8120000000180 already exists in stock.
Stock has been updated for product 8120000000180.
Product 9250000000206 already exists in stock.
Stock has been updated for product 9250000000206.
Product 6000000060 already exists in stock.
Stock has been updated for product 6000000060.
Product 3800000860 already exists in stock.
Stock has been updated for product 3800000860.
Processing payments...
Cash payment found for 1000.00 NIS.
Credit card payment found for 1800.00 NIS.
Found payments for total 2800 NIS.
File processing complete.
Moving transaction file to archive as 'tran3200012.xml'.....
done.

