
Base terminal: 6000031
Scanning for terminal #6000031
Terminal found.
Found user directory.
Found terminal directory.
Found terminal backup directory.
Connecting to user database.................................done.
Checking database compatibility.............................done.
Database is compatible with XML transactions.
- Work mode: A
- Update mode: UD
- Force all codes: No
- Last plu check: 11/03/2014 13:04:30
Checking for terminal updates...
No update needed for file "pluadd"
No update needed for file "pluupdate"
No update needed for file "pludel"
No update needed for file "deps.add"
No update needed for file "deps.update"
No update needed for file "club.add"
No update needed for file "club.update"
No update needed for file "workers.add"
No update needed for file "workers.update"
Setting lastpludta time flag for the terminal...............done.
-------------------------------------------------------
Time: 11/03/2014 13:40:54
File "tran7100001.xml". Start processing...

Terminal 6000031 found in user database and is active.
Creating package #71........................................done.(2104)
Processing transactions:
Found transaction #7100001.
Transaction #7100001 added. Processing components...
Product 2747000000002 already exists in stock.
Stock has been updated for product 2747000000002.
Product 2600169 already exists in stock.
Stock has been updated for product 2600169.
Product 2570000000140 already exists in stock.
Stock has been updated for product 2570000000140.
Processing payments...
Credit card payment found for 695.20 NIS.
Found payments for total 695.2 NIS.
File processing complete.
Moving transaction file to archive as 'tran7100001.xml'.....
done.

