
Base terminal: 6000031
Scanning for terminal #6000031
Terminal found.
Found user directory.
Found terminal directory.
Found terminal backup directory.
Connecting to user database.................................done.
Checking database compatibility.............................done.
Database is compatible with XML transactions.
- Work mode: A
- Update mode: UD
- Force all codes: No
- Last plu check: 20/03/2014 18:01:07
Checking for terminal updates...
No update needed for file "pluadd"
No update needed for file "pluupdate"
No update needed for file "pludel"
No update needed for file "deps.add"
No update needed for file "deps.update"
No update needed for file "club.add"
No update needed for file "club.update"
No update needed for file "workers.add"
No update needed for file "workers.update"
Setting lastpludta time flag for the terminal...............done.
-------------------------------------------------------
Time: 21/03/2014 07:40:22
File "tran8900001.xml". Start processing...

Terminal 6000031 found in user database and is active.
Creating package #89........................................done.(2141)
Processing transactions:
Found transaction #8900001.
Transaction #8900001 added. Processing components...
Product 2748000000036 already exists in stock.
Stock has been updated for product 2748000000036.
Product 2570000000168 already exists in stock.
Stock has been updated for product 2570000000168.
Processing payments...
Credit card payment found for 367.20 NIS.
Found payments for total 367.2 NIS.
File processing complete.
Moving transaction file to archive as 'tran8900001.xml'.....
done.

