
Base terminal: 6000031
Scanning for terminal #6000031
Terminal found.
Found user directory.
Found terminal directory.
Found terminal backup directory.
Connecting to user database.................................done.
Checking database compatibility.............................done.
Database is compatible with XML transactions.
- Work mode: A
- Update mode: UD
- Force all codes: No
- Last plu check: 24/02/2014 08:08:15
Checking for terminal updates...
No update needed for file "pluadd"
No update needed for file "pluupdate"
No update needed for file "pludel"
No update needed for file "deps.add"
No update needed for file "deps.update"
No update needed for file "club.add"
No update needed for file "club.update"
No update needed for file "workers.add"
No update needed for file "workers.update"
Setting lastpludta time flag for the terminal...............done.
-------------------------------------------------------
Time: 24/02/2014 08:10:11
File "tran4500003.xml". Start processing...

Terminal 6000031 found in user database and is active.
Package #45 already exists in database.(2041) Checking transactions...
Found transaction #4500003.
Transaction #4500003 added. Processing components...
Product 60013 already exists in stock.
Stock has been updated for product 60013.
Processing payments...
Cash payment found for -29.00 NIS.
Found refund for total 29 NIS.
File processing complete.
Moving transaction file to archive as 'tran4500003.xml'.....
done.


-------------------------------------------------------
Time: 24/02/2014 08:10:11
File "tran300024.xml". Start processing...

Terminal ID in file - 1234, doesn't match current terminal ID - 6000031. Switching to new terminal...
Scanning for terminal #1234

ERROR: Terminal was not found in database or is inactive.
File processing cancelled.



-------------------------------------------------------
Time: 24/02/2014 08:10:11
File "tran300022.xml". Start processing...

Terminal ID in file - 1234, doesn't match current terminal ID - -1. Switching to new terminal...
Scanning for terminal #1234

ERROR: Terminal was not found in database or is inactive.
File processing cancelled.



-------------------------------------------------------
Time: 24/02/2014 08:10:11
File "tran300021.xml". Start processing...

Terminal ID in file - 1234, doesn't match current terminal ID - -1. Switching to new terminal...
Scanning for terminal #1234

ERROR: Terminal was not found in database or is inactive.
File processing cancelled.


