
Base terminal: 6000031
Scanning for terminal #6000031
Terminal found.
Found user directory.
Found terminal directory.
Found terminal backup directory.
Connecting to user database.................................done.
Checking database compatibility.............................done.
Database is compatible with XML transactions.
- Work mode: A
- Update mode: UD
- Force all codes: No
- Last plu check: 14/03/2014 12:54:14
Checking for terminal updates...
No update needed for file "pluadd"
No update needed for file "pluupdate"
No update needed for file "pludel"
No update needed for file "deps.add"
No update needed for file "deps.update"
No update needed for file "club.add"
No update needed for file "club.update"
No update needed for file "workers.add"
No update needed for file "workers.update"
Setting lastpludta time flag for the terminal...............done.
-------------------------------------------------------
Time: 14/03/2014 13:19:19
File "tran7600021.xml". Start processing...

Terminal 6000031 found in user database and is active.
Package #76 already exists in database.(2116) Checking transactions...
Found transaction #7600021.
Transaction #7600021 added. Processing components...
Product 2570000000101 already exists in stock.
Stock has been updated for product 2570000000101.
Product 3800000346 already exists in stock.
Stock has been updated for product 3800000346.
Product 2830000000044 already exists in stock.
Stock has been updated for product 2830000000044.
Processing payments...
Cash payment found for 270.00 NIS.
Found payments for total 270 NIS.
File processing complete.
Moving transaction file to archive as 'tran7600021.xml'.....
done.

