
Base terminal: 6000031
Scanning for terminal #6000031
Terminal found.
Found user directory.
Found terminal directory.
Found terminal backup directory.
Connecting to user database.................................done.
Checking database compatibility.............................done.
Database is compatible with XML transactions.
- Work mode: A
- Update mode: UD
- Force all codes: No
- Last plu check: 17/02/2014 10:53:55
Checking for terminal updates...
No update needed for file "pluadd"
No update needed for file "pluupdate"
No update needed for file "pludel"
No update needed for file "deps.add"
No update needed for file "deps.update"
No update needed for file "club.add"
No update needed for file "club.update"
No update needed for file "workers.add"
No update needed for file "workers.update"
Setting lastpludta time flag for the terminal...............done.
-------------------------------------------------------
Time: 17/02/2014 11:32:36
File "tran3200009.xml". Start processing...

Terminal 6000031 found in user database and is active.
Package #32 already exists in database.(2007) Checking transactions...
Found transaction #3200009.
Transaction #3200009 added. Processing components...
Product 2600111 already exists in stock.
Stock has been updated for product 2600111.
Product 2747000000002 already exists in stock.
Stock has been updated for product 2747000000002.
Product 2600104 already exists in stock.
Stock has been updated for product 2600104.
Product 790000000848 already exists in stock.
Stock has been updated for product 790000000848.
Product 8120000000191 already exists in stock.
Stock has been updated for product 8120000000191.
Product 790000000841 already exists in stock.
Stock has been updated for product 790000000841.
Product 5400000555 already exists in stock.
Stock has been updated for product 5400000555.
Processing payments...
Hakafa payment found for 1604.40 NIS.
Found payments for total 1604.4 NIS.
File processing complete.
Moving transaction file to archive as 'tran3200009.xml'.....
done.

