
Base terminal: 6000031
Scanning for terminal #6000031
Terminal found.
Found user directory.
Found terminal directory.
Found terminal backup directory.
Connecting to user database.................................done.
Checking database compatibility.............................done.
Database is compatible with XML transactions.
- Work mode: A
- Update mode: UD
- Force all codes: No
- Last plu check: 25/01/2014 18:38:06
Checking for terminal updates...
No update needed for file "pluadd"
No update needed for file "pluupdate"
No update needed for file "pludel"
File "deps" was updated successfully
File "club.dat" was updated successfully
File "workers.dat" was updated successfully
Setting lastpludta time flag for the terminal...............done.-------------------------------------------------------
Time: 26/01/2014 11:24:01
File "tran100001.xml". Start processing...

Terminal 6000031 found in user database and is active.
Package #1 already exists in database.(1888) Checking transactions...
Processing of duplicate packages is FORBIDDEN. Only new transactions will be added.
Found transaction #100001.
--WARNING--: Transaction #100001 already exists in database with different date.
Processing of duplicate packages is FORBIDDEN.
Transaction skipped.
File processing complete.
Moving transaction file to archive as 'tran100001_1.xml'....
done.

