
Base terminal: 6000031
Scanning for terminal #6000031
Terminal found.
Found user directory.
Found terminal directory.
Found terminal backup directory.
Connecting to user database.................................done.
Checking database compatibility.............................done.
Database is compatible with XML transactions.
- Work mode: A
- Update mode: UD
- Force all codes: No
- Last plu check: 28/02/2014 11:50:27
Checking for terminal updates...
No update needed for file "pluadd"
No update needed for file "pluupdate"
No update needed for file "pludel"
No update needed for file "deps.add"
No update needed for file "deps.update"
No update needed for file "club.add"
File "club.update" was updated successfully
No update needed for file "workers.add"
No update needed for file "workers.update"
Setting lastpludta time flag for the terminal...............done.
-------------------------------------------------------
Time: 28/02/2014 12:01:29
File "tran5400021.xml". Start processing...

Terminal 6000031 found in user database and is active.
Package #54 already exists in database.(2064) Checking transactions...
Found transaction #5400021.
Transaction #5400021 added. Processing components...
Product 5400000213 already exists in stock.
Stock has been updated for product 5400000213.
Product 42000000984 already exists in stock.
Stock has been updated for product 42000000984.
Processing payments...
RefundVoucher payment found for -90.00 NIS.
Found refund for total 90 NIS.
File processing complete.
Moving transaction file to archive as 'tran5400021.xml'.....
done.

