
Base terminal: 6000031
Scanning for terminal #6000031
Terminal found.
Found user directory.
Found terminal directory.
Found terminal backup directory.
Connecting to user database.................................done.
Checking database compatibility.............................done.
Database is compatible with XML transactions.
- Work mode: A
- Update mode: UD
- Force all codes: No
- Last plu check: 20/02/2014 14:26:15
Checking for terminal updates...
No update needed for file "pluadd"
No update needed for file "pluupdate"
No update needed for file "pludel"
No update needed for file "deps.add"
No update needed for file "deps.update"
No update needed for file "club.add"
No update needed for file "club.update"
No update needed for file "workers.add"
No update needed for file "workers.update"
Setting lastpludta time flag for the terminal...............done.
-------------------------------------------------------
Time: 20/02/2014 14:31:16
File "tran4100002.xml". Start processing...

Terminal 6000031 found in user database and is active.
Package #41 already exists in database.(2031) Checking transactions...
Found transaction #4100002.
Transaction #4100002 added. Processing components...
Product 9250000000244 already exists in stock.
Stock has been updated for product 9250000000244.
Processing payments...
Cash payment found for 110.00 NIS.
Found payments for total 110 NIS.
File processing complete.
Moving transaction file to archive as 'tran4100002.xml'.....
done.

