
Base terminal: 6000031
Scanning for terminal #6000031
Terminal found.
Found user directory.
Found terminal directory.
Found terminal backup directory.
Connecting to user database.................................done.
Checking database compatibility.............................done.
Database is compatible with XML transactions.
- Work mode: A
- Update mode: UD
- Force all codes: No
- Last plu check: 28/02/2014 07:20:15
Checking for terminal updates...
No update needed for file "pluadd"
No update needed for file "pluupdate"
No update needed for file "pludel"
No update needed for file "deps.add"
No update needed for file "deps.update"
No update needed for file "club.add"
No update needed for file "club.update"
No update needed for file "workers.add"
No update needed for file "workers.update"
Setting lastpludta time flag for the terminal...............done.
-------------------------------------------------------
Time: 28/02/2014 07:27:33
File "tran5400001.xml". Start processing...

Terminal 6000031 found in user database and is active.
Creating package #54........................................done.(2064)
Processing transactions:
Found transaction #5400001.
Transaction #5400001 added. Processing components...
Product 9250000000124 already exists in stock.
Stock has been updated for product 9250000000124.
Processing payments...
Hakafa payment found for 99.50 NIS.
Found payments for total 99.5 NIS.
File processing complete.
Moving transaction file to archive as 'tran5400001.xml'.....
done.

