
Base terminal: 6000031
Scanning for terminal #6000031
Terminal found.
Found user directory.
Found terminal directory.
Found terminal backup directory.
Connecting to user database.................................done.
Checking database compatibility.............................done.
Database is compatible with XML transactions.
- Work mode: A
- Update mode: UD
- Force all codes: Yes
- Last plu check: 27/03/2014 16:36:21
Checking for terminal updates...
File "pluadd" was updated successfully
File "deps" was updated successfully
File "club.dat" was updated successfully
File "workers.dat" was updated successfully
Setting lastpludta time flag for the terminal...............done.
-------------------------------------------------------
Time: 27/03/2014 16:57:01
File "tran10000013.xml". Start processing...

Terminal 6000031 found in user database and is active.
Package #100 already exists in database.(2164) Checking transactions...
Found transaction #10000013.
Transaction #10000013 added. Processing components...
Product 2975000000000 already exists in stock.
Stock has been updated for product 2975000000000.
Product 3800000908 already exists in stock.
Stock has been updated for product 3800000908.
Product 2570000000123 already exists in stock.
Stock has been updated for product 2570000000123.
Product 2600148 already exists in stock.
Stock has been updated for product 2600148.
Processing payments...
Cash payment found for 200.00 NIS.
Credit card payment found for 430.10 NIS.
Found payments for total 630.1 NIS.
File processing complete.
Moving transaction file to archive as 'tran10000013.xml'....
done.

