
Base terminal: 6000031
Scanning for terminal #6000031
Terminal found.
Found user directory.
Found terminal directory.
Found terminal backup directory.
Connecting to user database.................................done.
Checking database compatibility.............................done.
Database is compatible with XML transactions.
- Work mode: A
- Update mode: UD
- Force all codes: No
- Last plu check: 31/01/2014 09:06:09
Checking for terminal updates...
No update needed for file "pluadd"
No update needed for file "pluupdate"
No update needed for file "pludel"
File "deps" was updated successfully
File "club.dat" was updated successfully
File "workers.dat" was updated successfully
Setting lastpludta time flag for the terminal...............done.-------------------------------------------------------
Time: 31/01/2014 09:19:07
File "tran200007.xml". Start processing...

Terminal 6000031 found in user database and is active.
Package #2 already exists in database.(1939) Checking transactions...
Processing of duplicate packages is FORBIDDEN. Only new transactions will be added.
Found transaction #200007.
Transaction #200007 added. Processing components...
Product 90000000258 already exists in stock.
Stock has been updated for product 90000000258.
Product 5400000627 already exists in stock.
Stock has been updated for product 5400000627.
Product 2747000000002 already exists in stock.
Stock has been updated for product 2747000000002.
Product 2570000000139 already exists in stock.
Stock has been updated for product 2570000000139.
Processing payments...
Cash payment found for 36.00 NIS.
Found payments for total 36 NIS.
--WARNING--: Too big difference between payment amount and transaction amount. (Charge: 35.50, Payment: 36, Change: :) 
Transaction cancelled.
File processing complete.
Moving transaction file to archive as 'tran200007.xml'......
done.

