
Base terminal: 6000031
Scanning for terminal #6000031
Terminal found.
Found user directory.
Found terminal directory.
Found terminal backup directory.
Connecting to user database.................................done.
Checking database compatibility.............................done.
Database is compatible with XML transactions.
- Work mode: A
- Update mode: UD
- Force all codes: Yes
- Last plu check: 07/03/2014 12:53:04
Checking for terminal updates...
File "pluadd" was updated successfully
File "deps" was updated successfully
File "club.dat" was updated successfully
File "workers.dat" was updated successfully
Setting lastpludta time flag for the terminal...............done.
-------------------------------------------------------
Time: 07/03/2014 12:55:43
File "tran6500029.xml". Start processing...

Terminal 6000031 found in user database and is active.
Package #65 already exists in database.(2090) Checking transactions...
Found transaction #6500029.
Transaction #6500029 added. Processing components...
Product 2570000000133 already exists in stock.
Stock has been updated for product 2570000000133.
Product 60013 already exists in stock.
Stock has been updated for product 60013.
Processing payments...
Cash payment found for 400.00 NIS.
Found payments for total 400 NIS.
File processing complete.
Moving transaction file to archive as 'tran6500029.xml'.....
done.

