
Base terminal: 6000031
Scanning for terminal #6000031
Terminal found.
Found user directory.
Found terminal directory.
Found terminal backup directory.
Connecting to user database.................................done.
Checking database compatibility.............................done.
Database is compatible with XML transactions.
- Work mode: A
- Update mode: UD
- Force all codes: No
- Last plu check: 28/01/2014 13:42:16
Checking for terminal updates...
No update needed for file "pluadd"
No update needed for file "pluupdate"
No update needed for file "pludel"
File "deps" was updated successfully
File "club.dat" was updated successfully
File "workers.dat" was updated successfully
Setting lastpludta time flag for the terminal...............done.-------------------------------------------------------
Time: 28/01/2014 13:47:50
File "tran100001.xml". Start processing...

Terminal 6000031 found in user database and is active.
Package #1 already exists in database.(1917) Checking transactions...
Processing of duplicate packages is FORBIDDEN. Only new transactions will be added.
Found transaction #100001.
--WARNING--: Transaction #100001 already exists in database with different date.
Processing of duplicate packages is FORBIDDEN.
Transaction skipped.
File processing complete.
Moving transaction file to archive as 'tran100001_6.xml'....
done.

-------------------------------------------------------
Time: 28/01/2014 13:47:50
File "tran100009.xml". Start processing...

Terminal 6000031 found in user database and is active.
Package #1 already exists in database.(1917) Checking transactions...
Processing of duplicate packages is FORBIDDEN. Only new transactions will be added.
Found transaction #100009.
Transaction #100009 added. Processing components...
Product 55555 has been added to stock.
Stock has been updated for product 55555.
Product 0000000000000 already exists in stock.
Stock has been updated for product 0000000000000.
Processing payments...
Cash payment found for 10.00 NIS.
Cheque payment found for 16.00 NIS.
Found payments for total 26 NIS.
File processing complete.
Moving transaction file to archive as 'tran100009_1.xml'....
done.

-------------------------------------------------------
Time: 28/01/2014 13:47:50
File "tran100007.xml". Start processing...

Terminal 6000031 found in user database and is active.
Package #1 already exists in database.(1917) Checking transactions...
Processing of duplicate packages is FORBIDDEN. Only new transactions will be added.
Found transaction #100007.
Transaction #100007 added. Processing components...
Warning:  Division by zero in /home/mlaitech/mlaitech.info/modules/stock/xmltrans.php on line 965

Product 0000 already exists in stock.
Stock has been updated for product 0000.
Processing payments...
Cash payment found for 200.00 NIS.
Voucher payment found for  NIS.
Found payments for total 200 NIS.
--WARNING--: Too big difference between payment amount and transaction amount. (Charge: 0.00, Payment: 200, Change: :) 
Transaction cancelled.
File processing complete.
Moving transaction file to archive as 'tran100007_2.xml'....
done.

-------------------------------------------------------
Time: 28/01/2014 13:47:50
File "tran100008.xml". Start processing...

Terminal 6000031 found in user database and is active.
Package #1 already exists in database.(1917) Checking transactions...
Processing of duplicate packages is FORBIDDEN. Only new transactions will be added.
Found transaction #100008.
Transaction #100008 added. Processing components...
Product 55555 already exists in stock.
Stock has been updated for product 55555.
Processing payments...
Cash payment found for 100.00 NIS.
Found payments for total 100 NIS.
File processing complete.
Moving transaction file to archive as 'tran100008_2.xml'....
done.

