
Base terminal: 6000031
Scanning for terminal #6000031
Terminal found.
Found user directory.
Found terminal directory.
Found terminal backup directory.
Connecting to user database.................................done.
Checking database compatibility.............................done.
Database is compatible with XML transactions.
- Work mode: A
- Update mode: UD
- Force all codes: No
- Last plu check: 04/02/2014 18:13:22
Checking for terminal updates...
No update needed for file "pluadd"
No update needed for file "pluupdate"
No update needed for file "pludel"
No update needed for file "deps.update"
No update needed for file "club.update"
No update needed for file "workers.update"
Setting lastpludta time flag for the terminal...............done.
-------------------------------------------------------
Time: 05/02/2014 08:34:12
File "tran1000001.xml". Start processing...

Terminal 6000031 found in user database and is active.
Creating package #10........................................done.(1960)
Processing transactions:
Found transaction #1000001.
Transaction #1000001 added. Processing components...
Product 5400000213 already exists in stock.
Stock has been updated for product 5400000213.
Product 42000000984 already exists in stock.
Stock has been updated for product 42000000984.
Processing payments...
Credit card payment found for 85.50 NIS.
Found payments for total 85.5 NIS.
File processing complete.
Moving transaction file to archive as 'tran1000001.xml'.....
done.

