
Base terminal: 6000031
Scanning for terminal #6000031
Terminal found.
Found user directory.
Found terminal directory.
Found terminal backup directory.
Connecting to user database.................................done.
Checking database compatibility.............................done.
Database is compatible with XML transactions.
- Work mode: A
- Update mode: UD
- Force all codes: No
- Last plu check: 13/02/2014 13:59:28
Checking for terminal updates...
No update needed for file "pluadd"
No update needed for file "pluupdate"
No update needed for file "pludel"
No update needed for file "deps.add"
No update needed for file "deps.update"
No update needed for file "club.add"
No update needed for file "club.update"
No update needed for file "workers.add"
No update needed for file "workers.update"
Setting lastpludta time flag for the terminal...............done.
-------------------------------------------------------
Time: 13/02/2014 14:52:26
File "tran2800002.xml". Start processing...

Terminal 6000031 found in user database and is active.
Package #28 already exists in database.(1999) Checking transactions...
Found transaction #2800002.
Transaction #2800002 added. Processing components...
Product 5400000199 already exists in stock.
Stock has been updated for product 5400000199.
Product 3800000264 already exists in stock.
Stock has been updated for product 3800000264.
Product 790000000190 already exists in stock.
Stock has been updated for product 790000000190.
Processing payments...
Credit card payment found for 484.00 NIS.
Found payments for total 484 NIS.
File processing complete.
Moving transaction file to archive as 'tran2800002.xml'.....
done.

