
Base terminal: 6000031
Scanning for terminal #6000031
Terminal found.
Found user directory.
Found terminal directory.
Found terminal backup directory.
Connecting to user database.................................done.
Checking database compatibility.............................done.
Database is compatible with XML transactions.
- Work mode: A
- Update mode: UD
- Force all codes: No
- Last plu check: 03/02/2014 11:17:46
Checking for terminal updates...
No update needed for file "pluadd"
No update needed for file "pluupdate"
No update needed for file "pludel"
No update needed for file "deps.update"
No update needed for file "club.update"
No update needed for file "workers.update"
Setting lastpludta time flag for the terminal...............done.
-------------------------------------------------------
Time: 03/02/2014 11:43:32
File "tran500009.xml". Start processing...

Terminal 6000031 found in user database and is active.
Package #5 already exists in database.(1948) Checking transactions...
Found transaction #500009.
Transaction #500009 added. Processing components...
Product 4000000015 already exists in stock.
Stock has been updated for product 4000000015.
Product 7180000000118 already exists in stock.
Stock has been updated for product 7180000000118.
Processing payments...
Cash payment found for 144.00 NIS.
Found payments for total 144 NIS.
File processing complete.
Moving transaction file to archive as 'tran500009.xml'......
done.

