
Base terminal: 6000031
Scanning for terminal #6000031
Terminal found.
Found user directory.
Found terminal directory.
Found terminal backup directory.
Connecting to user database.................................done.
Checking database compatibility.............................done.
Database is compatible with XML transactions.
- Work mode: A
- Update mode: UD
- Force all codes: No
- Last plu check: 02/03/2014 10:59:56
Checking for terminal updates...
No update needed for file "pluadd"
No update needed for file "pluupdate"
No update needed for file "pludel"
No update needed for file "deps.add"
No update needed for file "deps.update"
No update needed for file "club.add"
No update needed for file "club.update"
No update needed for file "workers.add"
No update needed for file "workers.update"
Setting lastpludta time flag for the terminal...............done.
-------------------------------------------------------
Time: 02/03/2014 11:18:33
File "tran5500006.xml". Start processing...

Terminal 6000031 found in user database and is active.
Package #55 already exists in database.(2066) Checking transactions...
Found transaction #5500006.
Transaction #5500006 added. Processing components...
Product 9250000000184 already exists in stock.
Stock has been updated for product 9250000000184.
Processing payments...
Cash payment found for 89.10 NIS.
Found payments for total 89.1 NIS.
File processing complete.
Moving transaction file to archive as 'tran5500006.xml'.....
done.

