
Base terminal: 6000031
Scanning for terminal #6000031
Terminal found.
Found user directory.
Found terminal directory.
Found terminal backup directory.
Connecting to user database.................................done.
Checking database compatibility.............................done.
Database is compatible with XML transactions.
- Work mode: A
- Update mode: UD
- Force all codes: No
- Last plu check: 17/03/2014 17:57:11
Checking for terminal updates...
No update needed for file "pluadd"
No update needed for file "pluupdate"
No update needed for file "pludel"
No update needed for file "deps.add"
No update needed for file "deps.update"
No update needed for file "club.add"
No update needed for file "club.update"
No update needed for file "workers.add"
No update needed for file "workers.update"
Setting lastpludta time flag for the terminal...............done.
-------------------------------------------------------
Time: 18/03/2014 08:25:51
File "tran8100001.xml". Start processing...

Terminal 6000031 found in user database and is active.
Creating package #81........................................done.(2127)
Processing transactions:
Found transaction #8100001.
Transaction #8100001 added. Processing components...
Product 3700000006 already exists in stock.
Stock has been updated for product 3700000006.
Product 0000000000000 already exists in stock.
Stock has been updated for product 0000000000000.
Product 2747000000039 already exists in stock.
Stock has been updated for product 2747000000039.
Processing payments...
Cash payment found for 0.10 NIS.
Cheque payment found for 400.00 NIS.
Cheque payment found for 358.00 NIS.
Found payments for total 758.1 NIS.
File processing complete.
Moving transaction file to archive as 'tran8100001.xml'.....
done.

