
Base terminal: 6000031
Scanning for terminal #6000031
Terminal found.
Found user directory.
Found terminal directory.
Found terminal backup directory.
Connecting to user database.................................done.
Checking database compatibility.............................done.
Database is compatible with XML transactions.
- Work mode: A
- Update mode: UD
- Force all codes: Yes
- Last plu check: 25/03/2014 11:20:49
Checking for terminal updates...
File "pluadd" was updated successfully
File "deps" was updated successfully
File "club.dat" was updated successfully
File "workers.dat" was updated successfully
Setting lastpludta time flag for the terminal...............done.
-------------------------------------------------------
Time: 25/03/2014 11:29:48
File "tran9400008.xml". Start processing...

Terminal 6000031 found in user database and is active.
Package #94 already exists in database.(2151) Checking transactions...
Found transaction #9400008.
Transaction #9400008 added. Processing components...
Product 2975000000000 already exists in stock.
Stock has been updated for product 2975000000000.
Product 2570000000123 already exists in stock.
Stock has been updated for product 2570000000123.
Processing payments...
Credit card payment found for 725.20 NIS.
Found payments for total 725.2 NIS.
File processing complete.
Moving transaction file to archive as 'tran9400008.xml'.....
done.

