
Base terminal: 6000031
Scanning for terminal #6000031
Terminal found.
Found user directory.
Found terminal directory.
Found terminal backup directory.
Connecting to user database.................................done.
Checking database compatibility.............................done.
Database is compatible with XML transactions.
- Work mode: A
- Update mode: UD
- Force all codes: No
- Last plu check: 11/03/2014 10:38:28
Checking for terminal updates...
No update needed for file "pluadd"
No update needed for file "pluupdate"
No update needed for file "pludel"
No update needed for file "deps.add"
No update needed for file "deps.update"
No update needed for file "club.add"
No update needed for file "club.update"
No update needed for file "workers.add"
No update needed for file "workers.update"
Setting lastpludta time flag for the terminal...............done.
-------------------------------------------------------
Time: 11/03/2014 10:47:22
File "tran7000004.xml". Start processing...

Terminal 6000031 found in user database and is active.
Package #70 already exists in database.(2102) Checking transactions...
Found transaction #7000004.
Transaction #7000004 added. Processing components...
Product 2830000000047 already exists in stock.
Stock has been updated for product 2830000000047.
Product 2570000000156 already exists in stock.
Stock has been updated for product 2570000000156.
Processing payments...
Cash payment found for 210.00 NIS.
Found payments for total 210 NIS.
File processing complete.
Moving transaction file to archive as 'tran7000004.xml'.....
done.

