
Base terminal: 6000031
Scanning for terminal #6000031
Terminal found.
Found user directory.
Found terminal directory.
Found terminal backup directory.
Connecting to user database.................................done.
Checking database compatibility.............................done.
Database is compatible with XML transactions.
- Work mode: A
- Update mode: UD
- Force all codes: No
- Last plu check: 16/02/2014 12:51:11
Checking for terminal updates...
No update needed for file "pluadd"
No update needed for file "pluupdate"
No update needed for file "pludel"
No update needed for file "deps.add"
No update needed for file "deps.update"
No update needed for file "club.add"
No update needed for file "club.update"
No update needed for file "workers.add"
No update needed for file "workers.update"
Setting lastpludta time flag for the terminal...............done.
-------------------------------------------------------
Time: 16/02/2014 13:13:27
File "tran3100001.xml". Start processing...

Terminal 6000031 found in user database and is active.
Creating package #31........................................done.(2005)
Processing transactions:
Found transaction #3100001.
Transaction #3100001 added. Processing components...
Product 9250000000108 already exists in stock.
Stock has been updated for product 9250000000108.
Product 7180000000125 already exists in stock.
Stock has been updated for product 7180000000125.
Processing payments...
Credit card payment found for 253.50 NIS.
Found payments for total 253.5 NIS.
File processing complete.
Moving transaction file to archive as 'tran3100001.xml'.....
done.

