
Base terminal: 6000031
Scanning for terminal #6000031
Terminal found.
Found user directory.
Found terminal directory.
Found terminal backup directory.
Connecting to user database.................................done.
Checking database compatibility.............................done.
Database is compatible with XML transactions.
- Work mode: A
- Update mode: UD
- Force all codes: No
- Last plu check: 17/03/2014 14:40:06
Checking for terminal updates...
No update needed for file "pluadd"
No update needed for file "pluupdate"
No update needed for file "pludel"
No update needed for file "deps.add"
No update needed for file "deps.update"
No update needed for file "club.add"
No update needed for file "club.update"
No update needed for file "workers.add"
No update needed for file "workers.update"
Setting lastpludta time flag for the terminal...............done.
-------------------------------------------------------
Time: 17/03/2014 15:33:21
File "tran8000005.xml". Start processing...

Terminal 6000031 found in user database and is active.
Package #80 already exists in database.(2124) Checking transactions...
Found transaction #8000005.
Transaction #8000005 added. Processing components...
Product 9290000000048 already exists in stock.
Stock has been updated for product 9290000000048.
Processing payments...
Cash payment found for 59.00 NIS.
Found payments for total 59 NIS.
File processing complete.
Moving transaction file to archive as 'tran8000005.xml'.....
done.

