
Base terminal: 6000031
Scanning for terminal #6000031
Terminal found.
Found user directory.
Found terminal directory.
Found terminal backup directory.
Connecting to user database.................................done.
Checking database compatibility.............................done.
Database is compatible with XML transactions.
- Work mode: A
- Update mode: UD
- Force all codes: No
- Last plu check: 27/02/2014 12:49:25
Checking for terminal updates...
No update needed for file "pluadd"
No update needed for file "pluupdate"
No update needed for file "pludel"
No update needed for file "deps.add"
No update needed for file "deps.update"
No update needed for file "club.add"
No update needed for file "club.update"
No update needed for file "workers.add"
No update needed for file "workers.update"
Setting lastpludta time flag for the terminal...............done.
-------------------------------------------------------
Time: 27/02/2014 13:08:57
File "tran5300001.xml". Start processing...

Terminal 6000031 found in user database and is active.
Creating package #53........................................done.(2061)
Processing transactions:
Found transaction #5300001.
Transaction #5300001 added. Processing components...
Product 2569000000008 already exists in stock.
Stock has been updated for product 2569000000008.
Product 16070613 already exists in stock.
Stock has been updated for product 16070613.
Processing payments...
Credit card payment found for 195.70 NIS.
Found payments for total 195.7 NIS.
File processing complete.
Moving transaction file to archive as 'tran5300001.xml'.....
done.

