
Base terminal: 6000031
Scanning for terminal #6000031
Terminal found.
Found user directory.
Found terminal directory.
Found terminal backup directory.
Connecting to user database.................................done.
Checking database compatibility.............................done.
Database is compatible with XML transactions.
- Work mode: A
- Update mode: UD
- Force all codes: No
- Last plu check: 14/03/2014 12:34:36
Checking for terminal updates...
No update needed for file "pluadd"
No update needed for file "pluupdate"
No update needed for file "pludel"
No update needed for file "deps.add"
No update needed for file "deps.update"
No update needed for file "club.add"
No update needed for file "club.update"
No update needed for file "workers.add"
No update needed for file "workers.update"
Setting lastpludta time flag for the terminal...............done.
-------------------------------------------------------
Time: 14/03/2014 12:49:11
File "tran7600018.xml". Start processing...

Terminal 6000031 found in user database and is active.
Package #76 already exists in database.(2116) Checking transactions...
Found transaction #7600018.
Transaction #7600018 added. Processing components...
Product 8200000058 already exists in stock.
Stock has been updated for product 8200000058.
Product 790000000827 already exists in stock.
Stock has been updated for product 790000000827.
Product 5400000212 already exists in stock.
Stock has been updated for product 5400000212.
Product 790000000859 already exists in stock.
Stock has been updated for product 790000000859.
Product 2570000000153 already exists in stock.
Stock has been updated for product 2570000000153.
Processing payments...
Credit card payment found for 469.35 NIS.
Found payments for total 469.35 NIS.
File processing complete.
Moving transaction file to archive as 'tran7600018.xml'.....
done.

