
Base terminal: 6000031
Scanning for terminal #6000031
Terminal found.
Found user directory.
Found terminal directory.
Found terminal backup directory.
Connecting to user database.................................done.
Checking database compatibility.............................done.
Database is compatible with XML transactions.
- Work mode: A
- Update mode: UD
- Force all codes: No
- Last plu check: 28/01/2014 09:31:05
Checking for terminal updates...
No update needed for file "pluadd"
No update needed for file "pluupdate"
No update needed for file "pludel"
File "deps" was updated successfully
File "club.dat" was updated successfully
File "workers.dat" was updated successfully
Setting lastpludta time flag for the terminal...............done.-------------------------------------------------------
Time: 28/01/2014 09:35:23
File "tran100001.xml". Start processing...

Terminal 6000031 found in user database and is active.
Creating package #1.........................................done.(1917)
Processing transactions:
Found transaction #100001.
Transaction #100001 added. Processing components...
Product 0000000000000 already exists in stock.
Stock has been updated for product 0000000000000.
Processing payments...
Cash payment found for 10.00 NIS.
Found payments for total 10 NIS.
File processing complete.
Moving transaction file to archive as 'tran100001_5.xml'....
done.

