
Base terminal: 6000031
Scanning for terminal #6000031
Terminal found.
Found user directory.
Found terminal directory.
Found terminal backup directory.
Connecting to user database.................................done.
Checking database compatibility.............................done.
Database is compatible with XML transactions.
- Work mode: A
- Update mode: UD
- Force all codes: No
- Last plu check: 12/02/2014 13:05:24
Checking for terminal updates...
No update needed for file "pluadd"
No update needed for file "pluupdate"
No update needed for file "pludel"
File "deps.add" was updated successfully
No update needed for file "club.add"
No update needed for file "club.update"
No update needed for file "workers.add"
No update needed for file "workers.update"
Setting lastpludta time flag for the terminal...............done.
-------------------------------------------------------
Time: 12/02/2014 13:42:13
File "tran2600001.xml". Start processing...

Terminal 6000031 found in user database and is active.
Creating package #26........................................done.(1995)
Processing transactions:
Found transaction #2600001.
Transaction #2600001 added. Processing components...
Product 1175000000090 already exists in stock.
Stock has been updated for product 1175000000090.
Processing payments...
Hakafa payment found for 152.10 NIS.
Found payments for total 152.1 NIS.
File processing complete.
Moving transaction file to archive as 'tran2600001.xml'.....
done.

