
Base terminal: 6000031
Scanning for terminal #6000031
Terminal found.
Found user directory.
Found terminal directory.
Found terminal backup directory.
Connecting to user database.................................done.
Checking database compatibility.............................done.
Database is compatible with XML transactions.
- Work mode: A
- Update mode: UD
- Force all codes: No
- Last plu check: 20/02/2014 10:39:01
Checking for terminal updates...
No update needed for file "pluadd"
No update needed for file "pluupdate"
No update needed for file "pludel"
No update needed for file "deps.add"
No update needed for file "deps.update"
No update needed for file "club.add"
No update needed for file "club.update"
No update needed for file "workers.add"
No update needed for file "workers.update"
Setting lastpludta time flag for the terminal...............done.
-------------------------------------------------------
Time: 20/02/2014 11:26:54
File "tran4000006.xml". Start processing...

Terminal 6000031 found in user database and is active.
Package #40 already exists in database.(2029) Checking transactions...
Found transaction #4000006.
Transaction #4000006 added. Processing components...
Product 790000000856 already exists in stock.
Stock has been updated for product 790000000856.
Processing payments...
Cash payment found for 125.10 NIS.
Found payments for total 125.1 NIS.
File processing complete.
Moving transaction file to archive as 'tran4000006.xml'.....
done.

