
Base terminal: 6000031
Scanning for terminal #6000031
Terminal found.
Found user directory.
Found terminal directory.
Found terminal backup directory.
Connecting to user database.................................done.
Checking database compatibility.............................done.
Database is compatible with XML transactions.
- Work mode: A
- Update mode: UD
- Force all codes: No
- Last plu check: 02/02/2014 15:51:04
Checking for terminal updates...
No update needed for file "pluadd"
No update needed for file "pluupdate"
No update needed for file "pludel"
File "deps" was updated successfully
File "club.dat" was updated successfully
File "workers.dat" was updated successfully
Setting lastpludta time flag for the terminal...............done.
-------------------------------------------------------
Time: 02/02/2014 15:53:50
File "tran400009.xml". Start processing...

Terminal 6000031 found in user database and is active.
Package #4 already exists in database.(1944) Checking transactions...
Found transaction #400009.
Transaction #400009 added. Processing components...
Product 0000000000000 already exists in stock.
Stock has been updated for product 0000000000000.
Processing payments...
Hakafa payment found for 775.50 NIS.
Found payments for total 775.5 NIS.
File processing complete.
Moving transaction file to archive as 'tran400009.xml'......
done.

