
Base terminal: 6000031
Scanning for terminal #6000031
Terminal found.
Found user directory.
Found terminal directory.
Found terminal backup directory.
Connecting to user database.................................done.
Checking database compatibility.............................done.
Database is compatible with XML transactions.
- Work mode: A
- Update mode: UD
- Force all codes: Yes
- Last plu check: 26/03/2014 09:55:31
Checking for terminal updates...
File "pluadd" was updated successfully
File "deps" was updated successfully
File "club.dat" was updated successfully
File "workers.dat" was updated successfully
Setting lastpludta time flag for the terminal...............done.
-------------------------------------------------------
Time: 26/03/2014 10:03:34
File "tran9700008.xml". Start processing...

Terminal 6000031 found in user database and is active.
Package #97 already exists in database.(2156) Checking transactions...
Found transaction #9700008.
Transaction #9700008 added. Processing components...
Product 6000000041 already exists in stock.
Stock has been updated for product 6000000041.
Product 1425000000208 already exists in stock.
Stock has been updated for product 1425000000208.
Processing payments...
Credit card payment found for 259.00 NIS.
Found payments for total 259 NIS.
File processing complete.
Moving transaction file to archive as 'tran9700008.xml'.....
done.

