
Base terminal: 6000031
Scanning for terminal #6000031
Terminal found.
Found user directory.
Found terminal directory.
Found terminal backup directory.
Connecting to user database.................................done.
Checking database compatibility.............................done.
Database is compatible with XML transactions.
- Work mode: A
- Update mode: UD
- Force all codes: Yes
- Last plu check: 07/03/2014 12:45:45
Checking for terminal updates...
File "pluadd" was updated successfully
File "deps" was updated successfully
File "club.dat" was updated successfully
File "workers.dat" was updated successfully
Setting lastpludta time flag for the terminal...............done.
-------------------------------------------------------
Time: 07/03/2014 12:51:30
File "tran6500027.xml". Start processing...

Terminal 6000031 found in user database and is active.
Package #65 already exists in database.(2090) Checking transactions...
Found transaction #6500027.
Transaction #6500027 added. Processing components...
Product 0000000000000 already exists in stock.
Stock has been updated for product 0000000000000.
Product 0000000000000 already exists in stock.
Stock has been updated for product 0000000000000.
Product 2600177 already exists in stock.
Stock has been updated for product 2600177.
Processing payments...
Hakafa payment found for -72.00 NIS.
Found refund for total 72 NIS.
File processing complete.
Moving transaction file to archive as 'tran6500027.xml'.....
done.

