
Base terminal: 6000031
Scanning for terminal #6000031
Terminal found.
Found user directory.
Found terminal directory.
Found terminal backup directory.
Connecting to user database.................................done.
Checking database compatibility.............................done.
Database is compatible with XML transactions.
- Work mode: A
- Update mode: UD
- Force all codes: No
- Last plu check: 23/02/2014 15:49:14
Checking for terminal updates...
No update needed for file "pluadd"
No update needed for file "pluupdate"
No update needed for file "pludel"
No update needed for file "deps.add"
No update needed for file "deps.update"
No update needed for file "club.add"
No update needed for file "club.update"
No update needed for file "workers.add"
No update needed for file "workers.update"
Setting lastpludta time flag for the terminal...............done.
-------------------------------------------------------
Time: 23/02/2014 15:59:42
File "tran4400020.xml". Start processing...

Terminal 6000031 found in user database and is active.
Package #44 already exists in database.(2037) Checking transactions...
Found transaction #4400020.
Transaction #4400020 added. Processing components...
Warning:  Division by zero in /home/mlaitech/mlaitech.info/modules/stock/xmltrans.php on line 1057

Product 6630000000009 already exists in stock.
Stock has been updated for product 6630000000009.
Processing payments...
Found payments for total 0 NIS.
--WARNING--: No payment data found .
Transaction cancelled.
File processing complete.
Moving transaction file to archive as 'tran4400020.xml'.....
done.


-------------------------------------------------------
Time: 23/02/2014 15:59:42
File "tran300024.xml". Start processing...

Terminal ID in file - 1234, doesn't match current terminal ID - 6000031. Switching to new terminal...
Scanning for terminal #1234

ERROR: Terminal was not found in database or is inactive.
File processing cancelled.



-------------------------------------------------------
Time: 23/02/2014 15:59:42
File "tran300022.xml". Start processing...

Terminal ID in file - 1234, doesn't match current terminal ID - -1. Switching to new terminal...
Scanning for terminal #1234

ERROR: Terminal was not found in database or is inactive.
File processing cancelled.



-------------------------------------------------------
Time: 23/02/2014 15:59:42
File "tran300021.xml". Start processing...

Terminal ID in file - 1234, doesn't match current terminal ID - -1. Switching to new terminal...
Scanning for terminal #1234

ERROR: Terminal was not found in database or is inactive.
File processing cancelled.


