
Base terminal: 6000031
Scanning for terminal #6000031
Terminal found.
Found user directory.
Found terminal directory.
Found terminal backup directory.
Connecting to user database.................................done.
Checking database compatibility.............................done.
Database is compatible with XML transactions.
- Work mode: A
- Update mode: UD
- Force all codes: No
- Last plu check: 03/02/2014 13:03:03
Checking for terminal updates...
No update needed for file "pluadd"
No update needed for file "pluupdate"
No update needed for file "pludel"
No update needed for file "deps.update"
No update needed for file "club.update"
No update needed for file "workers.update"
Setting lastpludta time flag for the terminal...............done.
-------------------------------------------------------
Time: 03/02/2014 13:09:25
File "tran600001.xml". Start processing...

Terminal 6000031 found in user database and is active.
Creating package #6.........................................done.(1951)
Processing transactions:
Found transaction #600001.
Transaction #600001 added. Processing components...
Product 2830000000017 already exists in stock.
Stock has been updated for product 2830000000017.
Product 5400000621 already exists in stock.
Stock has been updated for product 5400000621.
Processing payments...
Cash payment found for 300.00 NIS.
Found payments for total 300 NIS.
File processing complete.
Moving transaction file to archive as 'tran600001_2.xml'....
done.

