
Base terminal: 6000031
Scanning for terminal #6000031
Terminal found.
Found user directory.
Found terminal directory.
Found terminal backup directory.
Connecting to user database.................................done.
Checking database compatibility.............................done.
Database is compatible with XML transactions.
- Work mode: A
- Update mode: UD
- Force all codes: Yes
- Last plu check: 26/03/2014 17:51:37
Checking for terminal updates...
File "pluadd" was updated successfully
File "deps" was updated successfully
File "club.dat" was updated successfully
File "workers.dat" was updated successfully
Setting lastpludta time flag for the terminal...............done.
-------------------------------------------------------
Time: 26/03/2014 17:59:33
File "tran9800013.xml". Start processing...

Terminal 6000031 found in user database and is active.
Package #98 already exists in database.(2159) Checking transactions...
Found transaction #9800013.
Transaction #9800013 added. Processing components...
Product 1425000000208 already exists in stock.
Stock has been updated for product 1425000000208.
Product 790000000858 already exists in stock.
Stock has been updated for product 790000000858.
Product 1425000000048 already exists in stock.
Stock has been updated for product 1425000000048.
Processing payments...
Credit card payment found for 614.00 NIS.
Found payments for total 614 NIS.
File processing complete.
Moving transaction file to archive as 'tran9800013.xml'.....
done.

