
Base terminal: 6000031
Scanning for terminal #6000031
Terminal found.
Found user directory.
Found terminal directory.
Found terminal backup directory.
Connecting to user database.................................done.
Checking database compatibility.............................done.
Database is compatible with XML transactions.
- Work mode: A
- Update mode: UD
- Force all codes: No
- Last plu check: 10/03/2014 12:53:34
Checking for terminal updates...
No update needed for file "pluadd"
No update needed for file "pluupdate"
No update needed for file "pludel"
No update needed for file "deps.add"
No update needed for file "deps.update"
No update needed for file "club.add"
No update needed for file "club.update"
No update needed for file "workers.add"
No update needed for file "workers.update"
Setting lastpludta time flag for the terminal...............done.
-------------------------------------------------------
Time: 10/03/2014 13:16:03
File "tran6900001.xml". Start processing...

Terminal 6000031 found in user database and is active.
Creating package #69........................................done.(2100)
Processing transactions:
Found transaction #6900001.
Transaction #6900001 added. Processing components...
Product 2830000000067 already exists in stock.
Stock has been updated for product 2830000000067.
Processing payments...
Cash payment found for 200.00 NIS.
Credit card payment found for 45.10 NIS.
Found payments for total 245.1 NIS.
File processing complete.
Moving transaction file to archive as 'tran6900001.xml'.....
done.

