
Base terminal: 6000031
Scanning for terminal #6000031
Terminal found.
Found user directory.
Found terminal directory.
Found terminal backup directory.
Connecting to user database.................................done.
Checking database compatibility.............................done.
Database is compatible with XML transactions.
- Work mode: A
- Update mode: UD
- Force all codes: Yes
- Last plu check: 18/02/2014 12:30:14
Checking for terminal updates...
File "pluadd" was updated successfully
File "deps" was updated successfully
File "club.dat" was updated successfully
File "workers.dat" was updated successfully
Setting lastpludta time flag for the terminal...............done.
-------------------------------------------------------
Time: 18/02/2014 12:31:08
File "tran3400012.xml". Start processing...

Terminal 6000031 found in user database and is active.
Package #34 already exists in database.(2011) Checking transactions...
Found transaction #3400012.
Transaction #3400012 added. Processing components...
Product 0000000000000 already exists in stock.
Stock has been updated for product 0000000000000.
Processing payments...
Cash payment found for -1.00 NIS.
Found refund for total 1 NIS.
File processing complete.
Moving transaction file to archive as 'tran3400012.xml'.....
done.

