
Base terminal: 6000031
Scanning for terminal #6000031
Terminal found.
Found user directory.
Found terminal directory.
Found terminal backup directory.
Connecting to user database.................................done.
Checking database compatibility.............................done.
Database is compatible with XML transactions.
- Work mode: A
- Update mode: UD
- Force all codes: No
- Last plu check: 04/03/2014 12:54:57
Checking for terminal updates...
No update needed for file "pluadd"
No update needed for file "pluupdate"
No update needed for file "pludel"
No update needed for file "deps.add"
No update needed for file "deps.update"
No update needed for file "club.add"
No update needed for file "club.update"
No update needed for file "workers.add"
No update needed for file "workers.update"
Setting lastpludta time flag for the terminal...............done.
-------------------------------------------------------
Time: 04/03/2014 12:58:28
File "tran5900029.xml". Start processing...

Terminal 6000031 found in user database and is active.
Package #59 already exists in database.(2075) Checking transactions...
Found transaction #5900029.
Transaction #5900029 added. Processing components...
Product 2570000000123 already exists in stock.
Stock has been updated for product 2570000000123.
Product 2747000000005 already exists in stock.
Stock has been updated for product 2747000000005.
Product 5400000532 already exists in stock.
Stock has been updated for product 5400000532.
Processing payments...
Hakafa payment found for -503.00 NIS.
Found refund for total 503 NIS.
File processing complete.
Moving transaction file to archive as 'tran5900029.xml'.....
done.

