
Base terminal: 6000031
Scanning for terminal #6000031
Terminal found.
Found user directory.
Found terminal directory.
Found terminal backup directory.
Connecting to user database.................................done.
Checking database compatibility.............................done.
Database is compatible with XML transactions.
- Work mode: A
- Update mode: UD
- Force all codes: Yes
- Last plu check: 27/03/2014 08:32:53
Checking for terminal updates...
File "pluadd" was updated successfully
File "deps" was updated successfully
File "club.dat" was updated successfully
File "workers.dat" was updated successfully
Setting lastpludta time flag for the terminal...............done.
-------------------------------------------------------
Time: 27/03/2014 09:28:13
File "tran9900004.xml". Start processing...

Terminal 6000031 found in user database and is active.
Package #99 already exists in database.(2162) Checking transactions...
Found transaction #9900004.
Transaction #9900004 added. Processing components...
Product 90000000271 already exists in stock.
Stock has been updated for product 90000000271.
Product 2571000000040 already exists in stock.
Stock has been updated for product 2571000000040.
Processing payments...
Credit card payment found for 358.20 NIS.
Found payments for total 358.2 NIS.
File processing complete.
Moving transaction file to archive as 'tran9900004.xml'.....
done.

