
Base terminal: 6000031
Scanning for terminal #6000031
Terminal found.
Found user directory.
Found terminal directory.
Found terminal backup directory.
Connecting to user database.................................done.
Checking database compatibility.............................done.
Database is compatible with XML transactions.
- Work mode: A
- Update mode: UD
- Force all codes: No
- Last plu check: 16/03/2014 10:47:06
Checking for terminal updates...
No update needed for file "pluadd"
No update needed for file "pluupdate"
No update needed for file "pludel"
No update needed for file "deps.add"
No update needed for file "deps.update"
No update needed for file "club.add"
No update needed for file "club.update"
No update needed for file "workers.add"
No update needed for file "workers.update"
Setting lastpludta time flag for the terminal...............done.
-------------------------------------------------------
Time: 16/03/2014 11:55:11
File "tran7700009.xml". Start processing...

Terminal 6000031 found in user database and is active.
Package #77 already exists in database.(2118) Checking transactions...
Found transaction #7700009.
Transaction #7700009 added. Processing components...
Product 2747000000039 already exists in stock.
Stock has been updated for product 2747000000039.
Processing payments...
Hakafa payment found for 404.10 NIS.
Found payments for total 404.1 NIS.
File processing complete.
Moving transaction file to archive as 'tran7700009.xml'.....
done.

