
Base terminal: 6000031
Scanning for terminal #6000031
Terminal found.
Found user directory.
Found terminal directory.
Found terminal backup directory.
Connecting to user database.................................done.
Checking database compatibility.............................done.
Database is compatible with XML transactions.
- Work mode: A
- Update mode: UD
- Force all codes: Yes
- Last plu check: 19/03/2014 11:36:20
Checking for terminal updates...
File "pluadd" was updated successfully
File "deps" was updated successfully
File "club.dat" was updated successfully
File "workers.dat" was updated successfully
Setting lastpludta time flag for the terminal...............done.
-------------------------------------------------------
Time: 19/03/2014 11:59:22
File "tran8500017.xml". Start processing...

Terminal 6000031 found in user database and is active.
Package #85 already exists in database.(2132) Checking transactions...
Found transaction #8500017.
Transaction #8500017 added. Processing components...
Product 2570000000093 already exists in stock.
Stock has been updated for product 2570000000093.
Product 5800000027 already exists in stock.
Stock has been updated for product 5800000027.
Processing payments...
Credit card payment found for 587.10 NIS.
Found payments for total 587.1 NIS.
File processing complete.
Moving transaction file to archive as 'tran8500017.xml'.....
done.

