
Base terminal: 6000031
Scanning for terminal #6000031
Terminal found.
Found user directory.
Found terminal directory.
Found terminal backup directory.
Connecting to user database.................................done.
Checking database compatibility.............................done.
Database is compatible with XML transactions.
- Work mode: A
- Update mode: UD
- Force all codes: Yes
- Last plu check: 07/03/2014 09:06:38
Checking for terminal updates...
File "pluadd" was updated successfully
File "deps" was updated successfully
File "club.dat" was updated successfully
File "workers.dat" was updated successfully
Setting lastpludta time flag for the terminal...............done.
-------------------------------------------------------
Time: 07/03/2014 09:15:40
File "tran6500010.xml". Start processing...

Terminal 6000031 found in user database and is active.
Package #65 already exists in database.(2090) Checking transactions...
Found transaction #6500010.
Transaction #6500010 added. Processing components...
Product 3800000854 already exists in stock.
Stock has been updated for product 3800000854.
Product 7180000000138 already exists in stock.
Stock has been updated for product 7180000000138.
Product 2830000000020 already exists in stock.
Stock has been updated for product 2830000000020.
Processing payments...
Cash payment found for 100.00 NIS.
Credit card payment found for 327.50 NIS.
Found payments for total 427.5 NIS.
File processing complete.
Moving transaction file to archive as 'tran6500010.xml'.....
done.

