
Base terminal: 6000031
Scanning for terminal #6000031
Terminal found.
Found user directory.
Found terminal directory.
Found terminal backup directory.
Connecting to user database.................................done.
Checking database compatibility.............................done.
Database is compatible with XML transactions.
- Work mode: A
- Update mode: UD
- Force all codes: No
- Last plu check: 19/03/2014 13:08:44
Checking for terminal updates...
No update needed for file "pluadd"
No update needed for file "pluupdate"
No update needed for file "pludel"
No update needed for file "deps.add"
No update needed for file "deps.update"
No update needed for file "club.add"
No update needed for file "club.update"
No update needed for file "workers.add"
No update needed for file "workers.update"
Setting lastpludta time flag for the terminal...............done.
-------------------------------------------------------
Time: 19/03/2014 13:18:13
File "tran8600001.xml". Start processing...

Terminal 6000031 found in user database and is active.
Creating package #86........................................done.(2134)
Processing transactions:
Found transaction #8600001.
Transaction #8600001 added. Processing components...
Product 5000190 already exists in stock.
Stock has been updated for product 5000190.
Processing payments...
RefundVoucher payment found for 200.00 NIS.
Credit card payment found for 100.00 NIS.
Found payments for total 300 NIS.
File processing complete.
Moving transaction file to archive as 'tran8600001.xml'.....
done.

