
Base terminal: 6000031
Scanning for terminal #6000031
Terminal found.
Found user directory.
Found terminal directory.
Found terminal backup directory.
Connecting to user database.................................done.
Checking database compatibility.............................done.
Database is compatible with XML transactions.
- Work mode: A
- Update mode: UD
- Force all codes: No
- Last plu check: 28/02/2014 10:27:40
Checking for terminal updates...
No update needed for file "pluadd"
No update needed for file "pluupdate"
No update needed for file "pludel"
No update needed for file "deps.add"
No update needed for file "deps.update"
No update needed for file "club.add"
No update needed for file "club.update"
No update needed for file "workers.add"
No update needed for file "workers.update"
Setting lastpludta time flag for the terminal...............done.
-------------------------------------------------------
Time: 28/02/2014 10:28:55
File "tran5400017.xml". Start processing...

Terminal 6000031 found in user database and is active.
Package #54 already exists in database.(2064) Checking transactions...
Found transaction #5400017.
Transaction #5400017 added. Processing components...
Product 2830000000048 already exists in stock.
Stock has been updated for product 2830000000048.
Product 2569000000095 already exists in stock.
Stock has been updated for product 2569000000095.
Processing payments...
Cash payment found for 28.00 NIS.
Found payments for total 28 NIS.
File processing complete.
Moving transaction file to archive as 'tran5400017.xml'.....
done.

