
Base terminal: 6000031
Scanning for terminal #6000031
Terminal found.
Found user directory.
Found terminal directory.
Found terminal backup directory.
Connecting to user database.................................done.
Checking database compatibility.............................done.
Database is compatible with XML transactions.
- Work mode: A
- Update mode: UD
- Force all codes: No
- Last plu check: 12/03/2014 10:41:54
Checking for terminal updates...
No update needed for file "pluadd"
No update needed for file "pluupdate"
No update needed for file "pludel"
No update needed for file "deps.add"
No update needed for file "deps.update"
No update needed for file "club.add"
No update needed for file "club.update"
No update needed for file "workers.add"
No update needed for file "workers.update"
Setting lastpludta time flag for the terminal...............done.
-------------------------------------------------------
Time: 12/03/2014 10:53:39
File "tran7200007.xml". Start processing...

Terminal 6000031 found in user database and is active.
Package #72 already exists in database.(2107) Checking transactions...
Found transaction #7200007.
Transaction #7200007 added. Processing components...
Product 1425000000048 already exists in stock.
Stock has been updated for product 1425000000048.
Processing payments...
Cash payment found for 99.50 NIS.
Found payments for total 99.5 NIS.
File processing complete.
Moving transaction file to archive as 'tran7200007.xml'.....
done.

