
Base terminal: 6000031
Scanning for terminal #6000031
Terminal found.
Found user directory.
Found terminal directory.
Found terminal backup directory.
Connecting to user database.................................done.
Checking database compatibility.............................done.
Database is compatible with XML transactions.
- Work mode: A
- Update mode: UD
- Force all codes: No
- Last plu check: 13/03/2014 11:37:55
Checking for terminal updates...
No update needed for file "pluadd"
No update needed for file "pluupdate"
No update needed for file "pludel"
No update needed for file "deps.add"
No update needed for file "deps.update"
No update needed for file "club.add"
File "club.update" was updated successfully
No update needed for file "workers.add"
No update needed for file "workers.update"
Setting lastpludta time flag for the terminal...............done.
-------------------------------------------------------
Time: 13/03/2014 11:56:37
File "tran7400010.xml". Start processing...

Terminal 6000031 found in user database and is active.
Package #74 already exists in database.(2111) Checking transactions...
Found transaction #7400010.
Transaction #7400010 added. Processing components...
Product 5400000594 already exists in stock.
Stock has been updated for product 5400000594.
Product 4000000015 already exists in stock.
Stock has been updated for product 4000000015.
Product 790000000844 already exists in stock.
Stock has been updated for product 790000000844.
Product 2830000000020 already exists in stock.
Stock has been updated for product 2830000000020.
Product 3700000006 already exists in stock.
Stock has been updated for product 3700000006.
Processing payments...
Credit card payment found for 802.15 NIS.
Found payments for total 802.15 NIS.
File processing complete.
Moving transaction file to archive as 'tran7400010.xml'.....
done.

