
Base terminal: 6000031
Scanning for terminal #6000031
Terminal found.
Found user directory.
Found terminal directory.
Found terminal backup directory.
Connecting to user database.................................done.
Checking database compatibility.............................done.
Database is compatible with XML transactions.
- Work mode: A
- Update mode: UD
- Force all codes: No
- Last plu check: 04/03/2014 15:17:52
Checking for terminal updates...
No update needed for file "pluadd"
No update needed for file "pluupdate"
No update needed for file "pludel"
No update needed for file "deps.add"
No update needed for file "deps.update"
No update needed for file "club.add"
No update needed for file "club.update"
No update needed for file "workers.add"
No update needed for file "workers.update"
Setting lastpludta time flag for the terminal...............done.
-------------------------------------------------------
Time: 04/03/2014 15:29:01
File "tran6000008.xml". Start processing...

Terminal 6000031 found in user database and is active.
Package #60 already exists in database.(2077) Checking transactions...
Found transaction #6000008.
Transaction #6000008 added. Processing components...
Product 7180000000129 already exists in stock.
Stock has been updated for product 7180000000129.
Product 7180000000138 already exists in stock.
Stock has been updated for product 7180000000138.
Product 860000000050 already exists in stock.
Stock has been updated for product 860000000050.
Processing payments...
Credit card payment found for 536.75 NIS.
Found payments for total 536.75 NIS.
File processing complete.
Moving transaction file to archive as 'tran6000008.xml'.....
done.

