
Base terminal: 6000031
Scanning for terminal #6000031
Terminal found.
Found user directory.
Found terminal directory.
Found terminal backup directory.
Connecting to user database.................................done.
Checking database compatibility.............................done.
Database is compatible with XML transactions.
- Work mode: A
- Update mode: UD
- Force all codes: No
- Last plu check: 10/03/2014 14:38:24
Checking for terminal updates...
No update needed for file "pluadd"
No update needed for file "pluupdate"
No update needed for file "pludel"
No update needed for file "deps.add"
No update needed for file "deps.update"
No update needed for file "club.add"
No update needed for file "club.update"
No update needed for file "workers.add"
No update needed for file "workers.update"
Setting lastpludta time flag for the terminal...............done.
-------------------------------------------------------
Time: 10/03/2014 14:41:01
File "tran6900007.xml". Start processing...

Terminal 6000031 found in user database and is active.
Package #69 already exists in database.(2100) Checking transactions...
Found transaction #6900007.
Transaction #6900007 added. Processing components...
Product 790000000755 already exists in stock.
Stock has been updated for product 790000000755.
Product 0000000000000 already exists in stock.
Stock has been updated for product 0000000000000.
Product 3800000858 already exists in stock.
Stock has been updated for product 3800000858.
Product 790000000858 already exists in stock.
Stock has been updated for product 790000000858.
Processing payments...
Cash payment found for 444.00 NIS.
Found payments for total 444 NIS.
File processing complete.
Moving transaction file to archive as 'tran6900007.xml'.....
done.

