
Base terminal: 6000031
Scanning for terminal #6000031
Terminal found.
Found user directory.
Found terminal directory.
Found terminal backup directory.
Connecting to user database.................................done.
Checking database compatibility.............................done.
Database is compatible with XML transactions.
- Work mode: A
- Update mode: UD
- Force all codes: Yes
- Last plu check: 27/03/2014 10:50:55
Checking for terminal updates...
File "pluadd" was updated successfully
File "deps" was updated successfully
File "club.dat" was updated successfully
File "workers.dat" was updated successfully
Setting lastpludta time flag for the terminal...............done.
-------------------------------------------------------
Time: 27/03/2014 10:57:54
File "tran9900007.xml". Start processing...

Terminal 6000031 found in user database and is active.
Package #99 already exists in database.(2162) Checking transactions...
Found transaction #9900007.
Transaction #9900007 added. Processing components...
Product 1175000000050 already exists in stock.
Stock has been updated for product 1175000000050.
Product 2570000000174 already exists in stock.
Stock has been updated for product 2570000000174.
Product 0000000000000 already exists in stock.
Stock has been updated for product 0000000000000.
Processing payments...
Credit card payment found for 686.05 NIS.
Found payments for total 686.05 NIS.
File processing complete.
Moving transaction file to archive as 'tran9900007.xml'.....
done.

