
Base terminal: 6000031
Scanning for terminal #6000031
Terminal found.
Found user directory.
Found terminal directory.
Found terminal backup directory.
Connecting to user database.................................done.
Checking database compatibility.............................done.
Database is compatible with XML transactions.
- Work mode: A
- Update mode: UD
- Force all codes: No
- Last plu check: 21/03/2014 11:56:36
Checking for terminal updates...
No update needed for file "pluadd"
No update needed for file "pluupdate"
No update needed for file "pludel"
No update needed for file "deps.add"
No update needed for file "deps.update"
No update needed for file "club.add"
No update needed for file "club.update"
No update needed for file "workers.add"
No update needed for file "workers.update"
Setting lastpludta time flag for the terminal...............done.
-------------------------------------------------------
Time: 21/03/2014 12:08:51
File "tran8900031.xml". Start processing...

Terminal 6000031 found in user database and is active.
Package #89 already exists in database.(2141) Checking transactions...
Found transaction #8900031.
Transaction #8900031 added. Processing components...
Product 1425000000048 already exists in stock.
Stock has been updated for product 1425000000048.
Product 2570000000172 already exists in stock.
Stock has been updated for product 2570000000172.
Processing payments...
Cheque payment found for 250.00 NIS.
Found payments for total 250 NIS.
File processing complete.
Moving transaction file to archive as 'tran8900031.xml'.....
done.

