
Base terminal: 6000031
Scanning for terminal #6000031
Terminal found.
Found user directory.
Found terminal directory.
Found terminal backup directory.
Connecting to user database.................................done.
Checking database compatibility.............................done.
Database is compatible with XML transactions.
- Work mode: A
- Update mode: UD
- Force all codes: Yes
- Last plu check: 09/03/2014 11:53:50
Checking for terminal updates...
File "pluadd" was updated successfully
File "deps" was updated successfully
File "club.dat" was updated successfully
File "workers.dat" was updated successfully
Setting lastpludta time flag for the terminal...............done.
-------------------------------------------------------
Time: 09/03/2014 12:00:30
File "tran6600004.xml". Start processing...

Terminal 6000031 found in user database and is active.
Package #66 already exists in database.(2093) Checking transactions...
Found transaction #6600004.
Transaction #6600004 added. Processing components...
Product 90000000249 already exists in stock.
Stock has been updated for product 90000000249.
Product 2936000000001 already exists in stock.
Stock has been updated for product 2936000000001.
Processing payments...
RefundVoucher payment found for 275.00 NIS.
Credit card payment found for 141.10 NIS.
Found payments for total 416.1 NIS.
File processing complete.
Moving transaction file to archive as 'tran6600004.xml'.....
done.

