
Base terminal: 6000031
Scanning for terminal #6000031
Terminal found.
Found user directory.
Found terminal directory.
Found terminal backup directory.
Connecting to user database.................................done.
Checking database compatibility.............................done.
Database is compatible with XML transactions.
- Work mode: A
- Update mode: UD
- Force all codes: No
- Last plu check: 02/02/2014 13:29:06
Checking for terminal updates...
No update needed for file "pluadd"
No update needed for file "pluupdate"
No update needed for file "pludel"
File "deps" was updated successfully
File "club.dat" was updated successfully
File "workers.dat" was updated successfully
Setting lastpludta time flag for the terminal...............done.
-------------------------------------------------------
Time: 02/02/2014 14:39:19
File "tran400002.xml". Start processing...

Terminal 6000031 found in user database and is active.
Package #4 already exists in database.(1944) Checking transactions...
Found transaction #400002.
Transaction #400002 added. Processing components...
Product 2747000000009 already exists in stock.
Stock has been updated for product 2747000000009.
Product 3700000006 already exists in stock.
Stock has been updated for product 3700000006.
Product 7180000000124 already exists in stock.
Stock has been updated for product 7180000000124.
Processing payments...
Credit card payment found for 687.70 NIS.
Found payments for total 687.7 NIS.
File processing complete.
Moving transaction file to archive as 'tran400002_2.xml'....
done.

