
Base terminal: 6000031
Scanning for terminal #6000031
Terminal found.
Found user directory.
Found terminal directory.
Found terminal backup directory.
Connecting to user database.................................done.
Checking database compatibility.............................done.
Database is compatible with XML transactions.
- Work mode: A
- Update mode: UD
- Force all codes: Yes
- Last plu check: 25/03/2014 14:56:39
Checking for terminal updates...
File "pluadd" was updated successfully
File "deps" was updated successfully
File "club.dat" was updated successfully
File "workers.dat" was updated successfully
Setting lastpludta time flag for the terminal...............done.
-------------------------------------------------------
Time: 25/03/2014 15:42:37
File "tran9600006.xml". Start processing...

Terminal 6000031 found in user database and is active.
Package #96 already exists in database.(2154) Checking transactions...
Found transaction #9600006.
Transaction #9600006 added. Processing components...
Product 2830000000072 already exists in stock.
Stock has been updated for product 2830000000072.
Product 42000001456 already exists in stock.
Stock has been updated for product 42000001456.
Processing payments...
RefundVoucher payment found for -456.45 NIS.
Found refund for total 456.45 NIS.
File processing complete.
Moving transaction file to archive as 'tran9600006.xml'.....
done.

