
Base terminal: 6000031
Scanning for terminal #6000031
Terminal found.
Found user directory.
Found terminal directory.
Found terminal backup directory.
Connecting to user database.................................done.
Checking database compatibility.............................done.
Database is compatible with XML transactions.
- Work mode: A
- Update mode: UD
- Force all codes: No
- Last plu check: 21/03/2014 10:36:05
Checking for terminal updates...
No update needed for file "pluadd"
No update needed for file "pluupdate"
No update needed for file "pludel"
No update needed for file "deps.add"
No update needed for file "deps.update"
No update needed for file "club.add"
No update needed for file "club.update"
No update needed for file "workers.add"
No update needed for file "workers.update"
Setting lastpludta time flag for the terminal...............done.
-------------------------------------------------------
Time: 21/03/2014 11:36:28
File "tran8900029.xml". Start processing...

Terminal 6000031 found in user database and is active.
Package #89 already exists in database.(2141) Checking transactions...
Found transaction #8900029.
Transaction #8900029 added. Processing components...
Product 2937000000000 already exists in stock.
Stock has been updated for product 2937000000000.
Product 2830000000053 already exists in stock.
Stock has been updated for product 2830000000053.
Product 2830000000063 already exists in stock.
Stock has been updated for product 2830000000063.
Product 42000001456 already exists in stock.
Stock has been updated for product 42000001456.
Product 2830000000072 already exists in stock.
Stock has been updated for product 2830000000072.
Product 2747000000022 already exists in stock.
Stock has been updated for product 2747000000022.
Processing payments...
Credit card payment found for 1064.20 NIS.
Found payments for total 1064.2 NIS.
File processing complete.
Moving transaction file to archive as 'tran8900029.xml'.....
done.

