
Base terminal: 6000031
Scanning for terminal #6000031
Terminal found.
Found user directory.
Found terminal directory.
Found terminal backup directory.
Connecting to user database.................................done.
Checking database compatibility.............................done.
Database is compatible with XML transactions.
- Work mode: A
- Update mode: UD
- Force all codes: No
- Last plu check: 06/02/2014 08:08:33
Checking for terminal updates...
No update needed for file "pluadd"
No update needed for file "pluupdate"
No update needed for file "pludel"
No update needed for file "deps.update"
No update needed for file "club.update"
No update needed for file "workers.update"
Setting lastpludta time flag for the terminal...............done.
-------------------------------------------------------
Time: 06/02/2014 10:17:15
File "tran300014.xml". Start processing...

Terminal ID in file - 1234, doesn't match current terminal ID - 6000031. Switching to new terminal...
Scanning for terminal #1234

ERROR: Terminal was not found in database or is inactive.
File processing cancelled.



-------------------------------------------------------
Time: 06/02/2014 10:17:15
File "tran300012.xml". Start processing...

Terminal ID in file - 1234, doesn't match current terminal ID - -1. Switching to new terminal...
Scanning for terminal #1234

ERROR: Terminal was not found in database or is inactive.
File processing cancelled.



-------------------------------------------------------
Time: 06/02/2014 10:17:15
File "tran300013.xml". Start processing...

Terminal ID in file - 1234, doesn't match current terminal ID - -1. Switching to new terminal...
Scanning for terminal #1234

ERROR: Terminal was not found in database or is inactive.
File processing cancelled.



-------------------------------------------------------
Time: 06/02/2014 10:17:15
File "tran300015.xml". Start processing...

Terminal ID in file - 1234, doesn't match current terminal ID - -1. Switching to new terminal...
Scanning for terminal #1234

ERROR: Terminal was not found in database or is inactive.
File processing cancelled.



-------------------------------------------------------
Time: 06/02/2014 10:17:15
File "tran300016.xml". Start processing...

Terminal ID in file - 1234, doesn't match current terminal ID - -1. Switching to new terminal...
Scanning for terminal #1234

ERROR: Terminal was not found in database or is inactive.
File processing cancelled.



-------------------------------------------------------
Time: 06/02/2014 10:17:15
File "tran1200003.xml". Start processing...

Terminal ID in file - 6000031, doesn't match current terminal ID - -1. Switching to new terminal...
Scanning for terminal #6000031
Terminal found.
Found user directory.
Found terminal directory.
Found terminal backup directory.
Connecting to user database.................................done.
Checking database compatibility.............................done.
Database is compatible with XML transactions.
Terminal 6000031 found in user database and is active.
Package #12 already exists in database.(1966) Checking transactions...
Found transaction #1200003.
Transaction #1200003 added. Processing components...
Product 2747000000028 already exists in stock.
Stock has been updated for product 2747000000028.
Processing payments...
Cash payment found for 50.00 NIS.
Hakafa payment found for 273.10 NIS.
Found payments for total 323.1 NIS.
File processing complete.
Moving transaction file to archive as 'tran1200003.xml'.....
done.

