
Base terminal: 6000031
Scanning for terminal #6000031
Terminal found.
Found user directory.
Found terminal directory.
Found terminal backup directory.
Connecting to user database.................................done.
Checking database compatibility.............................done.
Database is compatible with XML transactions.
- Work mode: A
- Update mode: UD
- Force all codes: No
- Last plu check: 13/03/2014 09:17:13
Checking for terminal updates...
No update needed for file "pluadd"
No update needed for file "pluupdate"
No update needed for file "pludel"
No update needed for file "deps.add"
No update needed for file "deps.update"
No update needed for file "club.add"
No update needed for file "club.update"
No update needed for file "workers.add"
No update needed for file "workers.update"
Setting lastpludta time flag for the terminal...............done.
-------------------------------------------------------
Time: 13/03/2014 09:51:36
File "tran7400007.xml". Start processing...

Terminal 6000031 found in user database and is active.
Package #74 already exists in database.(2111) Checking transactions...
Found transaction #7400007.
Transaction #7400007 added. Processing components...
Product 7180000000139 already exists in stock.
Stock has been updated for product 7180000000139.
Processing payments...
Credit card payment found for 129.00 NIS.
Found payments for total 129 NIS.
File processing complete.
Moving transaction file to archive as 'tran7400007.xml'.....
done.

