
Base terminal: 6000031
Scanning for terminal #6000031
Terminal found.
Found user directory.
Found terminal directory.
Found terminal backup directory.
Connecting to user database.................................done.
Checking database compatibility.............................done.
Database is compatible with XML transactions.
- Work mode: A
- Update mode: UD
- Force all codes: No
- Last plu check: 13/02/2014 12:09:09
Checking for terminal updates...
No update needed for file "pluadd"
No update needed for file "pluupdate"
No update needed for file "pludel"
No update needed for file "deps.add"
No update needed for file "deps.update"
No update needed for file "club.add"
No update needed for file "club.update"
No update needed for file "workers.add"
No update needed for file "workers.update"
Setting lastpludta time flag for the terminal...............done.
-------------------------------------------------------
Time: 13/02/2014 13:11:20
File "tran2700009.xml". Start processing...

Terminal 6000031 found in user database and is active.
Package #27 already exists in database.(1997) Checking transactions...
Found transaction #2700009.
Transaction #2700009 added. Processing components...
Product 2570000000072 already exists in stock.
Stock has been updated for product 2570000000072.
Product 16070653 already exists in stock.
Stock has been updated for product 16070653.
Product 2600170 already exists in stock.
Stock has been updated for product 2600170.
Processing payments...
Hakafa payment found for 485.70 NIS.
Found payments for total 485.7 NIS.
File processing complete.
Moving transaction file to archive as 'tran2700009.xml'.....
done.

