
Base terminal: 6000031
Scanning for terminal #6000031
Terminal found.
Found user directory.
Found terminal directory.
Found terminal backup directory.
Connecting to user database.................................done.
Checking database compatibility.............................done.
Database is compatible with XML transactions.
- Work mode: A
- Update mode: UD
- Force all codes: Yes
- Last plu check: 26/03/2014 12:59:41
Checking for terminal updates...
File "pluadd" was updated successfully
File "deps" was updated successfully
File "club.dat" was updated successfully
File "workers.dat" was updated successfully
Setting lastpludta time flag for the terminal...............done.
-------------------------------------------------------
Time: 26/03/2014 13:08:40
File "tran9700018.xml". Start processing...

Terminal 6000031 found in user database and is active.
Package #97 already exists in database.(2156) Checking transactions...
Found transaction #9700018.
Transaction #9700018 added. Processing components...
Product 3800000697 already exists in stock.
Stock has been updated for product 3800000697.
Product 2830000000064 already exists in stock.
Stock has been updated for product 2830000000064.
Product 5400000553 already exists in stock.
Stock has been updated for product 5400000553.
Processing payments...
Hakafa payment found for 375.30 NIS.
Found payments for total 375.3 NIS.
File processing complete.
Moving transaction file to archive as 'tran9700018.xml'.....
done.

