
Base terminal: 6000031
Scanning for terminal #6000031
Terminal found.
Found user directory.
Found terminal directory.
Found terminal backup directory.
Connecting to user database.................................done.
Checking database compatibility.............................done.
Database is compatible with XML transactions.
- Work mode: A
- Update mode: UD
- Force all codes: No
- Last plu check: 17/03/2014 10:01:42
Checking for terminal updates...
No update needed for file "pluadd"
No update needed for file "pluupdate"
No update needed for file "pludel"
No update needed for file "deps.add"
No update needed for file "deps.update"
No update needed for file "club.add"
No update needed for file "club.update"
No update needed for file "workers.add"
No update needed for file "workers.update"
Setting lastpludta time flag for the terminal...............done.
-------------------------------------------------------
Time: 17/03/2014 10:12:15
File "tran7900002.xml". Start processing...

Terminal 6000031 found in user database and is active.
Package #79 already exists in database.(2123) Checking transactions...
Found transaction #7900002.
Transaction #7900002 added. Processing components...
Product 2600168 already exists in stock.
Stock has been updated for product 2600168.
Product 42000000965 already exists in stock.
Stock has been updated for product 42000000965.
Product 2570000000117 already exists in stock.
Stock has been updated for product 2570000000117.
Product 8120000000267 already exists in stock.
Stock has been updated for product 8120000000267.
Product 2614000000031 already exists in stock.
Stock has been updated for product 2614000000031.
Product 2570000000068 already exists in stock.
Stock has been updated for product 2570000000068.
Product 42000000984 already exists in stock.
Stock has been updated for product 42000000984.
Processing payments...
Cash payment found for 800.00 NIS.
Credit card payment found for 770.40 NIS.
Found payments for total 1570.4 NIS.
File processing complete.
Moving transaction file to archive as 'tran7900002.xml'.....
done.

