
Base terminal: 6000031
Scanning for terminal #6000031
Terminal found.
Found user directory.
Found terminal directory.
Found terminal backup directory.
Connecting to user database.................................done.
Checking database compatibility.............................done.
Database is compatible with XML transactions.
- Work mode: A
- Update mode: UD
- Force all codes: No
- Last plu check: 24/03/2014 09:14:35
Checking for terminal updates...
No update needed for file "pluadd"
No update needed for file "pluupdate"
No update needed for file "pludel"
No update needed for file "deps.add"
No update needed for file "deps.update"
No update needed for file "club.add"
File "club.update" was updated successfully
No update needed for file "workers.add"
No update needed for file "workers.update"
Setting lastpludta time flag for the terminal...............done.
-------------------------------------------------------
Time: 24/03/2014 10:09:37
File "tran9200003.xml". Start processing...

Terminal 6000031 found in user database and is active.
Package #92 already exists in database.(2146) Checking transactions...
Found transaction #9200003.
Transaction #9200003 added. Processing components...
Product 2830000000011 already exists in stock.
Stock has been updated for product 2830000000011.
Product 7180000000121 already exists in stock.
Stock has been updated for product 7180000000121.
Product 42000000965 already exists in stock.
Stock has been updated for product 42000000965.
Processing payments...
Credit card payment found for 283.50 NIS.
Found payments for total 283.5 NIS.
File processing complete.
Moving transaction file to archive as 'tran9200003.xml'.....
done.

