
Base terminal: 6000031
Scanning for terminal #6000031
Terminal found.
Found user directory.
Found terminal directory.
Found terminal backup directory.
Connecting to user database.................................done.
Checking database compatibility.............................done.
Database is compatible with XML transactions.
- Work mode: A
- Update mode: UD
- Force all codes: Yes
- Last plu check: 10/03/2014 09:18:37
Checking for terminal updates...
File "pluadd" was updated successfully
File "deps" was updated successfully
File "club.dat" was updated successfully
File "workers.dat" was updated successfully
Setting lastpludta time flag for the terminal...............done.
-------------------------------------------------------
Time: 10/03/2014 10:06:23
File "tran6890002.xml". Start processing...

Terminal 6000031 found in user database and is active.
Package #68 already exists in database.(2098) Checking transactions...
Found transaction #6890002.
Transaction #6890002 added. Processing components...
Processing payments...
Cash payment found for 1000.00 NIS.
Found payments for total 1000 NIS.
File processing complete.
Moving transaction file to archive as 'tran6890002.xml'.....
done.

