
Base terminal: 6000031
Scanning for terminal #6000031
Terminal found.
Found user directory.
Found terminal directory.
Found terminal backup directory.
Connecting to user database.................................done.
Checking database compatibility.............................done.
Database is compatible with XML transactions.
- Work mode: A
- Update mode: UD
- Force all codes: No
- Last plu check: 18/02/2014 07:37:31
Checking for terminal updates...
No update needed for file "pluadd"
No update needed for file "pluupdate"
No update needed for file "pludel"
No update needed for file "deps.add"
No update needed for file "deps.update"
No update needed for file "club.add"
No update needed for file "club.update"
No update needed for file "workers.add"
No update needed for file "workers.update"
Setting lastpludta time flag for the terminal...............done.
-------------------------------------------------------
Time: 18/02/2014 07:41:27
File "tran3400001.xml". Start processing...

Terminal 6000031 found in user database and is active.
Creating package #34........................................done.(2011)
Processing transactions:
Found transaction #3400001.
Transaction #3400001 added. Processing components...
Product 2600111 already exists in stock.
Stock has been updated for product 2600111.
Processing payments...
Credit card payment found for 287.10 NIS.
Found payments for total 287.1 NIS.
File processing complete.
Moving transaction file to archive as 'tran3400001.xml'.....
done.

