
Base terminal: 6000031
Scanning for terminal #6000031
Terminal found.
Found user directory.
Found terminal directory.
Found terminal backup directory.
Connecting to user database.................................done.
Checking database compatibility.............................done.
Database is compatible with XML transactions.
- Work mode: A
- Update mode: UD
- Force all codes: Yes
- Last plu check: 18/02/2014 10:06:14
Checking for terminal updates...
File "pluadd" was updated successfully
File "deps" was updated successfully
File "club.dat" was updated successfully
File "workers.dat" was updated successfully
Setting lastpludta time flag for the terminal...............done.
-------------------------------------------------------
Time: 18/02/2014 10:21:01
File "tran3400006.xml". Start processing...

Terminal 6000031 found in user database and is active.
Package #34 already exists in database.(2011) Checking transactions...
Found transaction #3400006.
Transaction #3400006 added. Processing components...
Product 2830000000012 already exists in stock.
Stock has been updated for product 2830000000012.
Product 3800000887 already exists in stock.
Stock has been updated for product 3800000887.
Processing payments...
Credit card payment found for 245.75 NIS.
Found payments for total 245.75 NIS.
File processing complete.
Moving transaction file to archive as 'tran3400006.xml'.....
done.

