
Base terminal: 6000031
Scanning for terminal #6000031
Terminal found.
Found user directory.
Found terminal directory.
Found terminal backup directory.
Connecting to user database.................................done.
Checking database compatibility.............................done.
Database is compatible with XML transactions.
- Work mode: A
- Update mode: UD
- Force all codes: No
- Last plu check: 20/02/2014 15:41:32
Checking for terminal updates...
No update needed for file "pluadd"
No update needed for file "pluupdate"
No update needed for file "pludel"
No update needed for file "deps.add"
No update needed for file "deps.update"
No update needed for file "club.add"
No update needed for file "club.update"
No update needed for file "workers.add"
No update needed for file "workers.update"
Setting lastpludta time flag for the terminal...............done.
-------------------------------------------------------
Time: 20/02/2014 15:45:59
File "tran4100007.xml". Start processing...

Terminal 6000031 found in user database and is active.
Package #41 already exists in database.(2031) Checking transactions...
Found transaction #4100007.
Transaction #4100007 added. Processing components...
Product 3800000818 already exists in stock.
Stock has been updated for product 3800000818.
Product 7180000000073 already exists in stock.
Stock has been updated for product 7180000000073.
Product 0000000000000 already exists in stock.
Stock has been updated for product 0000000000000.
Product 7180000000102 already exists in stock.
Stock has been updated for product 7180000000102.
Processing payments...
Cash payment found for 150.00 NIS.
Credit card payment found for 158.00 NIS.
Found payments for total 308 NIS.
File processing complete.
Moving transaction file to archive as 'tran4100007.xml'.....
done.

