
Base terminal: 6000031
Scanning for terminal #6000031
Terminal found.
Found user directory.
Found terminal directory.
Found terminal backup directory.
Connecting to user database.................................done.
Checking database compatibility.............................done.
Database is compatible with XML transactions.
- Work mode: A
- Update mode: UD
- Force all codes: No
- Last plu check: 21/02/2014 08:57:02
Checking for terminal updates...
No update needed for file "pluadd"
No update needed for file "pluupdate"
No update needed for file "pludel"
No update needed for file "deps.add"
No update needed for file "deps.update"
No update needed for file "club.add"
No update needed for file "club.update"
No update needed for file "workers.add"
No update needed for file "workers.update"
Setting lastpludta time flag for the terminal...............done.
-------------------------------------------------------
Time: 21/02/2014 09:00:53
File "tran4200008.xml". Start processing...

Terminal 6000031 found in user database and is active.
Package #42 already exists in database.(2033) Checking transactions...
Found transaction #4200008.
Transaction #4200008 added. Processing components...
Product 8120000000268 already exists in stock.
Stock has been updated for product 8120000000268.
Product 2570000000149 already exists in stock.
Stock has been updated for product 2570000000149.
Product 2830000000041 already exists in stock.
Stock has been updated for product 2830000000041.
Product 3800000896 already exists in stock.
Stock has been updated for product 3800000896.
Product 3800000845 already exists in stock.
Stock has been updated for product 3800000845.
Processing payments...
RefundVoucher payment found for -43.00 NIS.
Found refund for total 43 NIS.
File processing complete.
Moving transaction file to archive as 'tran4200008.xml'.....
done.

