
Base terminal: 6000031
Scanning for terminal #6000031
Terminal found.
Found user directory.
Found terminal directory.
Found terminal backup directory.
Connecting to user database.................................done.
Checking database compatibility.............................done.
Database is compatible with XML transactions.
- Work mode: A
- Update mode: UD
- Force all codes: No
- Last plu check: 04/02/2014 07:30:41
Checking for terminal updates...
No update needed for file "pluadd"
No update needed for file "pluupdate"
No update needed for file "pludel"
No update needed for file "deps.update"
No update needed for file "club.update"
No update needed for file "workers.update"
Setting lastpludta time flag for the terminal...............done.
-------------------------------------------------------
Time: 04/02/2014 07:32:17
File "tran700002.xml". Start processing...

Terminal 6000031 found in user database and is active.
Package #7 already exists in database.(1954) Checking transactions...
Found transaction #700002.
Transaction #700002 added. Processing components...
Product 0000000000000 already exists in stock.
Stock has been updated for product 0000000000000.
Processing payments...
Cash payment found for -10.00 NIS.
Found refund for total 10 NIS.
File processing complete.
Moving transaction file to archive as 'tran700002_2.xml'....
done.

