
Base terminal: 6000031
Scanning for terminal #6000031
Terminal found.
Found user directory.
Found terminal directory.
Found terminal backup directory.
Connecting to user database.................................done.
Checking database compatibility.............................done.
Database is compatible with XML transactions.
- Work mode: A
- Update mode: UD
- Force all codes: No
- Last plu check: 19/02/2014 08:36:42
Checking for terminal updates...
No update needed for file "pluadd"
No update needed for file "pluupdate"
No update needed for file "pludel"
No update needed for file "deps.add"
No update needed for file "deps.update"
No update needed for file "club.add"
No update needed for file "club.update"
No update needed for file "workers.add"
No update needed for file "workers.update"
Setting lastpludta time flag for the terminal...............done.
-------------------------------------------------------
Time: 19/02/2014 09:04:39
File "tran3800002.xml". Start processing...

Terminal 6000031 found in user database and is active.
Package #38 already exists in database.(2024) Checking transactions...
Found transaction #3800002.
Transaction #3800002 added. Processing components...
Product 790000000827 already exists in stock.
Stock has been updated for product 790000000827.
Product 2570000000090 already exists in stock.
Stock has been updated for product 2570000000090.
Product 16070645 already exists in stock.
Stock has been updated for product 16070645.
Product 16070657 already exists in stock.
Stock has been updated for product 16070657.
Product 5400000213 already exists in stock.
Stock has been updated for product 5400000213.
Product 790000000727 already exists in stock.
Stock has been updated for product 790000000727.
Product 3800000818 already exists in stock.
Stock has been updated for product 3800000818.
Product 5000189 already exists in stock.
Stock has been updated for product 5000189.
Product 2748000000033 already exists in stock.
Stock has been updated for product 2748000000033.
Processing payments...
Credit card payment found for 1403.85 NIS.
Found payments for total 1403.85 NIS.
File processing complete.
Moving transaction file to archive as 'tran3800002.xml'.....
done.

