
Base terminal: 6000031
Scanning for terminal #6000031
Terminal found.
Found user directory.
Found terminal directory.
Found terminal backup directory.
Connecting to user database.................................done.
Checking database compatibility.............................done.
Database is compatible with XML transactions.
- Work mode: A
- Update mode: UD
- Force all codes: No
- Last plu check: 14/02/2014 10:34:10
Checking for terminal updates...
No update needed for file "pluadd"
No update needed for file "pluupdate"
No update needed for file "pludel"
No update needed for file "deps.add"
No update needed for file "deps.update"
No update needed for file "club.add"
No update needed for file "club.update"
No update needed for file "workers.add"
No update needed for file "workers.update"
Setting lastpludta time flag for the terminal...............done.
-------------------------------------------------------
Time: 14/02/2014 10:48:54
File "tran2900015.xml". Start processing...

Terminal 6000031 found in user database and is active.
Package #29 already exists in database.(2001) Checking transactions...
Found transaction #2900015.
Transaction #2900015 added. Processing components...
Product 3800000858 already exists in stock.
Stock has been updated for product 3800000858.
Product 1175000000093 already exists in stock.
Stock has been updated for product 1175000000093.
Product 9250000000209 already exists in stock.
Stock has been updated for product 9250000000209.
Product 16070633 already exists in stock.
Stock has been updated for product 16070633.
Processing payments...
Credit card payment found for 159.30 NIS.
Found payments for total 159.3 NIS.
File processing complete.
Moving transaction file to archive as 'tran2900015.xml'.....
done.

