
Base terminal: 6000031
Scanning for terminal #6000031
Terminal found.
Found user directory.
Found terminal directory.
Found terminal backup directory.
Connecting to user database.................................done.
Checking database compatibility.............................done.
Database is compatible with XML transactions.
- Work mode: A
- Update mode: UD
- Force all codes: No
- Last plu check: 28/02/2014 13:03:49
Checking for terminal updates...
No update needed for file "pluadd"
No update needed for file "pluupdate"
No update needed for file "pludel"
No update needed for file "deps.add"
No update needed for file "deps.update"
No update needed for file "club.add"
File "club.update" was updated successfully
No update needed for file "workers.add"
No update needed for file "workers.update"
Setting lastpludta time flag for the terminal...............done.
-------------------------------------------------------
Time: 28/02/2014 13:05:30
File "tran5400027.xml". Start processing...

Terminal 6000031 found in user database and is active.
Package #54 already exists in database.(2064) Checking transactions...
Found transaction #5400027.
Transaction #5400027 added. Processing components...
Product 7180000000080 already exists in stock.
Stock has been updated for product 7180000000080.
Product 7180000000137 already exists in stock.
Stock has been updated for product 7180000000137.
Product 42000000965 already exists in stock.
Stock has been updated for product 42000000965.
Product 60013 already exists in stock.
Stock has been updated for product 60013.
Product 3700000006 already exists in stock.
Stock has been updated for product 3700000006.
Processing payments...
Credit card payment found for 404.70 NIS.
Found payments for total 404.7 NIS.
File processing complete.
Moving transaction file to archive as 'tran5400027.xml'.....
done.

