
Base terminal: 6000031
Scanning for terminal #6000031
Terminal found.
Found user directory.
Found terminal directory.
Found terminal backup directory.
Connecting to user database.................................done.
Checking database compatibility.............................done.
Database is compatible with XML transactions.
- Work mode: A
- Update mode: UD
- Force all codes: No
- Last plu check: 05/02/2014 11:43:36
Checking for terminal updates...
No update needed for file "pluadd"
No update needed for file "pluupdate"
No update needed for file "pludel"
No update needed for file "deps.update"
No update needed for file "club.update"
No update needed for file "workers.update"
Setting lastpludta time flag for the terminal...............done.
-------------------------------------------------------
Time: 05/02/2014 12:07:52
File "tran1000006.xml". Start processing...

Terminal 6000031 found in user database and is active.
Package #10 already exists in database.(1960) Checking transactions...
Found transaction #1000006.
Transaction #1000006 added. Processing components...
Product 8120000000278 already exists in stock.
Stock has been updated for product 8120000000278.
Product 8120000000288 already exists in stock.
Stock has been updated for product 8120000000288.
Product 2570000000069 already exists in stock.
Stock has been updated for product 2570000000069.
Processing payments...
Cash payment found for 200.00 NIS.
Credit card payment found for 781.70 NIS.
Found payments for total 981.7 NIS.
File processing complete.
Moving transaction file to archive as 'tran1000006.xml'.....
done.

