
Base terminal: 6000031
Scanning for terminal #6000031
Terminal found.
Found user directory.
Found terminal directory.
Found terminal backup directory.
Connecting to user database.................................done.
Checking database compatibility.............................done.
Database is compatible with XML transactions.
- Work mode: A
- Update mode: UD
- Force all codes: Yes
- Last plu check: 19/03/2014 10:31:03
Checking for terminal updates...
File "pluadd" was updated successfully
File "deps" was updated successfully
File "club.dat" was updated successfully
File "workers.dat" was updated successfully
Setting lastpludta time flag for the terminal...............done.
-------------------------------------------------------
Time: 19/03/2014 10:32:22
File "tran8500013.xml". Start processing...

Terminal 6000031 found in user database and is active.
Package #85 already exists in database.(2132) Checking transactions...
Found transaction #8500013.
Transaction #8500013 added. Processing components...
Product 0000000000000 already exists in stock.
Stock has been updated for product 0000000000000.
Processing payments...
RefundVoucher payment found for 5.00 NIS.
PrePaid payment found for 35.00 NIS
Found payments for total 40 NIS.
Prepaid card payment reported to API: 600003166612410778542990
File processing complete.
Moving transaction file to archive as 'tran8500013.xml'.....
done.

