
Base terminal: 6000031
Scanning for terminal #6000031
Terminal found.
Found user directory.
Found terminal directory.
Found terminal backup directory.
Connecting to user database.................................done.
Checking database compatibility.............................done.
Database is compatible with XML transactions.
- Work mode: A
- Update mode: UD
- Force all codes: No
- Last plu check: 11/03/2014 16:06:44
Checking for terminal updates...
No update needed for file "pluadd"
No update needed for file "pluupdate"
No update needed for file "pludel"
No update needed for file "deps.add"
No update needed for file "deps.update"
No update needed for file "club.add"
No update needed for file "club.update"
No update needed for file "workers.add"
No update needed for file "workers.update"
Setting lastpludta time flag for the terminal...............done.
-------------------------------------------------------
Time: 11/03/2014 16:21:40
File "tran7100007.xml". Start processing...

Terminal 6000031 found in user database and is active.
Package #71 already exists in database.(2104) Checking transactions...
Found transaction #7100007.
Transaction #7100007 added. Processing components...
Product 9250000000239 already exists in stock.
Stock has been updated for product 9250000000239.
Product 9250000000244 already exists in stock.
Stock has been updated for product 9250000000244.
Product 2614000000002 already exists in stock.
Stock has been updated for product 2614000000002.
Product 2787000000005 already exists in stock.
Stock has been updated for product 2787000000005.
Processing payments...
Credit card payment found for 846.40 NIS.
Found payments for total 846.4 NIS.
File processing complete.
Moving transaction file to archive as 'tran7100007.xml'.....
done.

