
Base terminal: 6000031
Scanning for terminal #6000031
Terminal found.
Found user directory.
Found terminal directory.
Found terminal backup directory.
Connecting to user database.................................done.
Checking database compatibility.............................done.
Database is compatible with XML transactions.
- Work mode: A
- Update mode: UD
- Force all codes: No
- Last plu check: 05/03/2014 09:20:04
Checking for terminal updates...
No update needed for file "pluadd"
No update needed for file "pluupdate"
No update needed for file "pludel"
No update needed for file "deps.add"
No update needed for file "deps.update"
No update needed for file "club.add"
No update needed for file "club.update"
No update needed for file "workers.add"
No update needed for file "workers.update"
Setting lastpludta time flag for the terminal...............done.
-------------------------------------------------------
Time: 05/03/2014 10:22:02
File "tran6100003.xml". Start processing...

Terminal 6000031 found in user database and is active.
Package #61 already exists in database.(2080) Checking transactions...
Found transaction #6100003.
Transaction #6100003 added. Processing components...
Product 2600111 already exists in stock.
Stock has been updated for product 2600111.
Product 5400000199 already exists in stock.
Stock has been updated for product 5400000199.
Product 5400000188 already exists in stock.
Stock has been updated for product 5400000188.
Product 5400000253 already exists in stock.
Stock has been updated for product 5400000253.
Product 9290000000048 already exists in stock.
Stock has been updated for product 9290000000048.
Processing payments...
Credit card payment found for 632.70 NIS.
Found payments for total 632.7 NIS.
File processing complete.
Moving transaction file to archive as 'tran6100003.xml'.....
done.

