
Base terminal: 6000031
Scanning for terminal #6000031
Terminal found.
Found user directory.
Found terminal directory.
Found terminal backup directory.
Connecting to user database.................................done.
Checking database compatibility.............................done.
Database is compatible with XML transactions.
- Work mode: A
- Update mode: UD
- Force all codes: No
- Last plu check: 19/03/2014 14:46:44
Checking for terminal updates...
No update needed for file "pluadd"
No update needed for file "pluupdate"
No update needed for file "pludel"
No update needed for file "deps.add"
No update needed for file "deps.update"
No update needed for file "club.add"
No update needed for file "club.update"
No update needed for file "workers.add"
No update needed for file "workers.update"
Setting lastpludta time flag for the terminal...............done.
-------------------------------------------------------
Time: 19/03/2014 14:48:20
File "tran8600008.xml". Start processing...

Terminal 6000031 found in user database and is active.
Package #86 already exists in database.(2134) Checking transactions...
Found transaction #8600008.
Transaction #8600008 added. Processing components...
Product 2570000000172 already exists in stock.
Stock has been updated for product 2570000000172.
Processing payments...
Hakafa payment found for 169.00 NIS.
Found payments for total 169 NIS.
File processing complete.
Moving transaction file to archive as 'tran8600008.xml'.....
done.

