
Base terminal: 6000031
Scanning for terminal #6000031
Terminal found.
Found user directory.
Found terminal directory.
Found terminal backup directory.
Connecting to user database.................................done.
Checking database compatibility.............................done.
Database is compatible with XML transactions.
- Work mode: A
- Update mode: UD
- Force all codes: No
- Last plu check: 17/02/2014 07:54:16
Checking for terminal updates...
No update needed for file "pluadd"
No update needed for file "pluupdate"
No update needed for file "pludel"
No update needed for file "deps.add"
No update needed for file "deps.update"
No update needed for file "club.add"
No update needed for file "club.update"
No update needed for file "workers.add"
No update needed for file "workers.update"
Setting lastpludta time flag for the terminal...............done.
-------------------------------------------------------
Time: 17/02/2014 07:55:52
File "tran3200002.xml". Start processing...

Terminal 6000031 found in user database and is active.
Package #32 already exists in database.(2007) Checking transactions...
Found transaction #3200002.
Transaction #3200002 added. Processing components...
Product 2508000000029 already exists in stock.
Stock has been updated for product 2508000000029.
Processing payments...
Hakafa payment found for 349.00 NIS.
Found payments for total 349 NIS.
File processing complete.
Moving transaction file to archive as 'tran3200002.xml'.....
done.

