
Base terminal: 6000031
Scanning for terminal #6000031
Terminal found.
Found user directory.
Found terminal directory.
Found terminal backup directory.
Connecting to user database.................................done.
Checking database compatibility.............................done.
Database is compatible with XML transactions.
- Work mode: A
- Update mode: UD
- Force all codes: Yes
- Last plu check: 19/03/2014 09:56:35
Checking for terminal updates...
File "pluadd" was updated successfully
File "deps" was updated successfully
File "club.dat" was updated successfully
File "workers.dat" was updated successfully
Setting lastpludta time flag for the terminal...............done.
-------------------------------------------------------
Time: 19/03/2014 10:03:29
File "tran8500009.xml". Start processing...

Terminal 6000031 found in user database and is active.
Package #85 already exists in database.(2132) Checking transactions...
Found transaction #8500009.
Transaction #8500009 added. Processing components...
Product 2570000000172 already exists in stock.
Stock has been updated for product 2570000000172.
Product 42000000965 already exists in stock.
Stock has been updated for product 42000000965.
Product 2747000000038 already exists in stock.
Stock has been updated for product 2747000000038.
Processing payments...
Credit card payment found for 490.15 NIS.
Found payments for total 490.15 NIS.
File processing complete.
Moving transaction file to archive as 'tran8500009.xml'.....
done.

