
Base terminal: 6000031
Scanning for terminal #6000031
Terminal found.
Found user directory.
Found terminal directory.
Found terminal backup directory.
Connecting to user database.................................done.
Checking database compatibility.............................done.
Database is compatible with XML transactions.
- Work mode: A
- Update mode: UD
- Force all codes: No
- Last plu check: 20/02/2014 12:54:34
Checking for terminal updates...
No update needed for file "pluadd"
No update needed for file "pluupdate"
No update needed for file "pludel"
No update needed for file "deps.add"
No update needed for file "deps.update"
No update needed for file "club.add"
No update needed for file "club.update"
No update needed for file "workers.add"
No update needed for file "workers.update"
Setting lastpludta time flag for the terminal...............done.
-------------------------------------------------------
Time: 20/02/2014 13:22:01
File "tran4000013.xml". Start processing...

Terminal 6000031 found in user database and is active.
Package #40 already exists in database.(2029) Checking transactions...
Found transaction #4000013.
Transaction #4000013 added. Processing components...
Product 2600173 already exists in stock.
Stock has been updated for product 2600173.
Processing payments...
RefundVoucher payment found for 224.10 NIS.
Found payments for total 224.1 NIS.
File processing complete.
Moving transaction file to archive as 'tran4000013.xml'.....
done.

