
Base terminal: 6000031
Scanning for terminal #6000031
Terminal found.
Found user directory.
Found terminal directory.
Found terminal backup directory.
Connecting to user database.................................done.
Checking database compatibility.............................done.
Database is compatible with XML transactions.
- Work mode: A
- Update mode: UD
- Force all codes: No
- Last plu check: 20/03/2014 09:21:03
Checking for terminal updates...
No update needed for file "pluadd"
No update needed for file "pluupdate"
No update needed for file "pludel"
No update needed for file "deps.add"
No update needed for file "deps.update"
No update needed for file "club.add"
No update needed for file "club.update"
No update needed for file "workers.add"
No update needed for file "workers.update"
Setting lastpludta time flag for the terminal...............done.
-------------------------------------------------------
Time: 20/03/2014 09:55:41
File "tran8700002.xml". Start processing...

Terminal 6000031 found in user database and is active.
Package #87 already exists in database.(2136) Checking transactions...
Found transaction #8700002.
Transaction #8700002 added. Processing components...
Product 3800000845 already exists in stock.
Stock has been updated for product 3800000845.
Product 3800000749 already exists in stock.
Stock has been updated for product 3800000749.
Processing payments...
Cash payment found for 140.60 NIS.
Found payments for total 140.6 NIS.
File processing complete.
Moving transaction file to archive as 'tran8700002.xml'.....
done.

