
Base terminal: 6000031
Scanning for terminal #6000031
Terminal found.
Found user directory.
Found terminal directory.
Found terminal backup directory.
Connecting to user database.................................done.
Checking database compatibility.............................done.
Database is compatible with XML transactions.
- Work mode: A
- Update mode: UD
- Force all codes: No
- Last plu check: 14/02/2014 10:06:21
Checking for terminal updates...
No update needed for file "pluadd"
No update needed for file "pluupdate"
No update needed for file "pludel"
No update needed for file "deps.add"
No update needed for file "deps.update"
No update needed for file "club.add"
No update needed for file "club.update"
No update needed for file "workers.add"
No update needed for file "workers.update"
Setting lastpludta time flag for the terminal...............done.
-------------------------------------------------------
Time: 14/02/2014 10:15:49
File "tran2900009.xml". Start processing...

Terminal 6000031 found in user database and is active.
Package #29 already exists in database.(2001) Checking transactions...
Found transaction #2900009.
Transaction #2900009 added. Processing components...
Product 2571000000039 already exists in stock.
Stock has been updated for product 2571000000039.
Product 2570000000133 already exists in stock.
Stock has been updated for product 2570000000133.
Product 2600168 already exists in stock.
Stock has been updated for product 2600168.
Product 0000000000000 already exists in stock.
Stock has been updated for product 0000000000000.
Product 2570000000147 already exists in stock.
Stock has been updated for product 2570000000147.
Processing payments...
Hakafa payment found for 1190.30 NIS.
Found payments for total 1190.3 NIS.
File processing complete.
Moving transaction file to archive as 'tran2900009.xml'.....
done.

