
Base terminal: 6000031
Scanning for terminal #6000031
Terminal found.
Found user directory.
Found terminal directory.
Found terminal backup directory.
Connecting to user database.................................done.
Checking database compatibility.............................done.
Database is compatible with XML transactions.
- Work mode: A
- Update mode: UD
- Force all codes: No
- Last plu check: 14/02/2014 10:55:12
Checking for terminal updates...
No update needed for file "pluadd"
No update needed for file "pluupdate"
No update needed for file "pludel"
No update needed for file "deps.add"
No update needed for file "deps.update"
No update needed for file "club.add"
No update needed for file "club.update"
No update needed for file "workers.add"
No update needed for file "workers.update"
Setting lastpludta time flag for the terminal...............done.
-------------------------------------------------------
Time: 14/02/2014 10:59:18
File "tran2900019.xml". Start processing...

Terminal 6000031 found in user database and is active.
Package #29 already exists in database.(2001) Checking transactions...
Found transaction #2900019.
Transaction #2900019 added. Processing components...
Product 790000000814 already exists in stock.
Stock has been updated for product 790000000814.
Product 2570000000140 already exists in stock.
Stock has been updated for product 2570000000140.
Product 7180000000095 already exists in stock.
Stock has been updated for product 7180000000095.
Product 5400000608 already exists in stock.
Stock has been updated for product 5400000608.
Processing payments...
Cash payment found for 457.00 NIS.
Found payments for total 457 NIS.
File processing complete.
Moving transaction file to archive as 'tran2900019.xml'.....
done.

