
Base terminal: 6000031
Scanning for terminal #6000031
Terminal found.
Found user directory.
Found terminal directory.
Found terminal backup directory.
Connecting to user database.................................done.
Checking database compatibility.............................done.
Database is compatible with XML transactions.
- Work mode: A
- Update mode: UD
- Force all codes: No
- Last plu check: 10/03/2014 10:10:15
Checking for terminal updates...
No update needed for file "pluadd"
No update needed for file "pluupdate"
No update needed for file "pludel"
No update needed for file "deps.add"
No update needed for file "deps.update"
No update needed for file "club.add"
No update needed for file "club.update"
No update needed for file "workers.add"
No update needed for file "workers.update"
Setting lastpludta time flag for the terminal...............done.
-------------------------------------------------------
Time: 10/03/2014 10:48:03
File "tran6800003.xml". Start processing...

Terminal 6000031 found in user database and is active.
Package #68 already exists in database.(2098) Checking transactions...
Found transaction #6800003.
Transaction #6800003 added. Processing components...
Product 2747000000002 already exists in stock.
Stock has been updated for product 2747000000002.
Product 2747000000028 already exists in stock.
Stock has been updated for product 2747000000028.
Product 2747000000036 already exists in stock.
Stock has been updated for product 2747000000036.
Product 2570000000163 already exists in stock.
Stock has been updated for product 2570000000163.
Processing payments...
Hakafa payment found for 1790.75 NIS.
Found payments for total 1790.75 NIS.
File processing complete.
Moving transaction file to archive as 'tran6800003.xml'.....
done.

