
Base terminal: 6000031
Scanning for terminal #6000031
Terminal found.
Found user directory.
Found terminal directory.
Found terminal backup directory.
Connecting to user database.................................done.
Checking database compatibility.............................done.
Database is compatible with XML transactions.
- Work mode: A
- Update mode: UD
- Force all codes: No
- Last plu check: 14/03/2014 10:41:54
Checking for terminal updates...
No update needed for file "pluadd"
No update needed for file "pluupdate"
No update needed for file "pludel"
No update needed for file "deps.add"
No update needed for file "deps.update"
No update needed for file "club.add"
No update needed for file "club.update"
No update needed for file "workers.add"
No update needed for file "workers.update"
Setting lastpludta time flag for the terminal...............done.
-------------------------------------------------------
Time: 14/03/2014 10:43:00
File "tran7600009.xml". Start processing...

Terminal 6000031 found in user database and is active.
Package #76 already exists in database.(2116) Checking transactions...
Found transaction #7600009.
Transaction #7600009 added. Processing components...
Product 90000000260 already exists in stock.
Stock has been updated for product 90000000260.
Product 90000000178 already exists in stock.
Stock has been updated for product 90000000178.
Product 6000000037 already exists in stock.
Stock has been updated for product 6000000037.
Product 60013 already exists in stock.
Stock has been updated for product 60013.
Product 5400000191 already exists in stock.
Stock has been updated for product 5400000191.
Product 42000000965 already exists in stock.
Stock has been updated for product 42000000965.
Product 790000000190 already exists in stock.
Stock has been updated for product 790000000190.
Product 2600178 already exists in stock.
Stock has been updated for product 2600178.
Product 3700000006 already exists in stock.
Stock has been updated for product 3700000006.
Product 90000000184 already exists in stock.
Stock has been updated for product 90000000184.
Processing payments...
Credit card payment found for 1700.00 NIS.
Found payments for total 1700 NIS.
File processing complete.
Moving transaction file to archive as 'tran7600009.xml'.....
done.

