
Base terminal: 6000031
Scanning for terminal #6000031
Terminal found.
Found user directory.
Found terminal directory.
Found terminal backup directory.
Connecting to user database.................................done.
Checking database compatibility.............................done.
Database is compatible with XML transactions.
- Work mode: A
- Update mode: UD
- Force all codes: No
- Last plu check: 21/02/2014 09:06:20
Checking for terminal updates...
No update needed for file "pluadd"
No update needed for file "pluupdate"
No update needed for file "pludel"
No update needed for file "deps.add"
No update needed for file "deps.update"
No update needed for file "club.add"
No update needed for file "club.update"
No update needed for file "workers.add"
No update needed for file "workers.update"
Setting lastpludta time flag for the terminal...............done.
-------------------------------------------------------
Time: 21/02/2014 09:09:22
File "tran4200011.xml". Start processing...

Terminal 6000031 found in user database and is active.
Package #42 already exists in database.(2033) Checking transactions...
Found transaction #4200011.
Transaction #4200011 added. Processing components...
Product 2570000000152 already exists in stock.
Stock has been updated for product 2570000000152.
Product 2570000000080 already exists in stock.
Stock has been updated for product 2570000000080.
Product 3800000893 already exists in stock.
Stock has been updated for product 3800000893.
Product 3800000264 already exists in stock.
Stock has been updated for product 3800000264.
Processing payments...
Credit card payment found for 488.00 NIS.
Found payments for total 488 NIS.
File processing complete.
Moving transaction file to archive as 'tran4200011.xml'.....
done.

