
Base terminal: 6000031
Scanning for terminal #6000031
Terminal found.
Found user directory.
Found terminal directory.
Found terminal backup directory.
Connecting to user database.................................done.
Checking database compatibility.............................done.
Database is compatible with XML transactions.
- Work mode: A
- Update mode: UD
- Force all codes: No
- Last plu check: 04/03/2014 07:47:48
Checking for terminal updates...
No update needed for file "pluadd"
No update needed for file "pluupdate"
No update needed for file "pludel"
No update needed for file "deps.add"
No update needed for file "deps.update"
No update needed for file "club.add"
No update needed for file "club.update"
No update needed for file "workers.add"
No update needed for file "workers.update"
Setting lastpludta time flag for the terminal...............done.
-------------------------------------------------------
Time: 04/03/2014 08:12:14
File "tran5900001.xml". Start processing...

Terminal 6000031 found in user database and is active.
Package #59 already exists in database.(2075) Checking transactions...
Found transaction #5900001.
Transaction #5900001 added. Processing components...
Product 90000000214 already exists in stock.
Stock has been updated for product 90000000214.
Product 5400000553 already exists in stock.
Stock has been updated for product 5400000553.
Product 2747000000002 already exists in stock.
Stock has been updated for product 2747000000002.
Product 3800000887 already exists in stock.
Stock has been updated for product 3800000887.
Processing payments...
Credit card payment found for 1034.90 NIS.
Found payments for total 1034.9 NIS.
File processing complete.
Moving transaction file to archive as 'tran5900001.xml'.....
done.

