
Base terminal: 6000031
Scanning for terminal #6000031
Terminal found.
Found user directory.
Found terminal directory.
Found terminal backup directory.
Connecting to user database.................................done.
Checking database compatibility.............................done.
Database is compatible with XML transactions.
- Work mode: A
- Update mode: UD
- Force all codes: No
- Last plu check: 11/03/2014 11:21:03
Checking for terminal updates...
No update needed for file "pluadd"
No update needed for file "pluupdate"
No update needed for file "pludel"
No update needed for file "deps.add"
No update needed for file "deps.update"
No update needed for file "club.add"
No update needed for file "club.update"
No update needed for file "workers.add"
No update needed for file "workers.update"
Setting lastpludta time flag for the terminal...............done.
-------------------------------------------------------
Time: 11/03/2014 11:43:14
File "tran7000008.xml". Start processing...

Terminal 6000031 found in user database and is active.
Package #70 already exists in database.(2102) Checking transactions...
Found transaction #7000008.
Transaction #7000008 added. Processing components...
Product 3800000749 already exists in stock.
Stock has been updated for product 3800000749.
Product 7180000000135 already exists in stock.
Stock has been updated for product 7180000000135.
Product 3800000346 already exists in stock.
Stock has been updated for product 3800000346.
Product 3800000831 already exists in stock.
Stock has been updated for product 3800000831.
Product 40012 already exists in stock.
Stock has been updated for product 40012.
Processing payments...
Credit card payment found for 437.15 NIS.
Found payments for total 437.15 NIS.
File processing complete.
Moving transaction file to archive as 'tran7000008.xml'.....
done.

