
Base terminal: 6000031
Scanning for terminal #6000031
Terminal found.
Found user directory.
Found terminal directory.
Found terminal backup directory.
Connecting to user database.................................done.
Checking database compatibility.............................done.
Database is compatible with XML transactions.
- Work mode: A
- Update mode: UD
- Force all codes: No
- Last plu check: 02/02/2014 16:01:33
Checking for terminal updates...
No update needed for file "pluadd"
No update needed for file "pluupdate"
No update needed for file "pludel"
File "deps" was updated successfully
File "club.dat" was updated successfully
File "workers.dat" was updated successfully
Setting lastpludta time flag for the terminal...............done.
-------------------------------------------------------
Time: 02/02/2014 16:33:57
File "tran400013.xml". Start processing...

Terminal 6000031 found in user database and is active.
Package #4 already exists in database.(1944) Checking transactions...
Found transaction #400013.
Transaction #400013 added. Processing components...
Product 1428000000008 already exists in stock.
Stock has been updated for product 1428000000008.
Product 2830000000038 already exists in stock.
Stock has been updated for product 2830000000038.
Processing payments...
Cash payment found for -0.60 NIS.
Found refund for total 0.6 NIS.
File processing complete.
Moving transaction file to archive as 'tran400013.xml'......
done.

