
Base terminal: 6000031
Scanning for terminal #6000031
Terminal found.
Found user directory.
Found terminal directory.
Found terminal backup directory.
Connecting to user database.................................done.
Checking database compatibility.............................done.
Database is compatible with XML transactions.
- Work mode: A
- Update mode: UD
- Force all codes: No
- Last plu check: 11/03/2014 13:40:54
Checking for terminal updates...
No update needed for file "pluadd"
No update needed for file "pluupdate"
No update needed for file "pludel"
No update needed for file "deps.add"
No update needed for file "deps.update"
No update needed for file "club.add"
No update needed for file "club.update"
No update needed for file "workers.add"
No update needed for file "workers.update"
Setting lastpludta time flag for the terminal...............done.
-------------------------------------------------------
Time: 11/03/2014 14:16:32
File "tran7100002.xml". Start processing...

Terminal 6000031 found in user database and is active.
Package #71 already exists in database.(2104) Checking transactions...
Found transaction #7100002.
Transaction #7100002 added. Processing components...
Product 7180000000136 already exists in stock.
Stock has been updated for product 7180000000136.
Product 2747000000002 already exists in stock.
Stock has been updated for product 2747000000002.
Processing payments...
Credit card payment found for 518.00 NIS.
Found payments for total 518 NIS.
File processing complete.
Moving transaction file to archive as 'tran7100002.xml'.....
done.

