
Base terminal: 6000031
Scanning for terminal #6000031
Terminal found.
Found user directory.
Found terminal directory.
Found terminal backup directory.
Connecting to user database.................................done.
Checking database compatibility.............................done.
Database is compatible with XML transactions.
- Work mode: A
- Update mode: UD
- Force all codes: No
- Last plu check: 21/03/2014 10:17:26
Checking for terminal updates...
No update needed for file "pluadd"
No update needed for file "pluupdate"
No update needed for file "pludel"
No update needed for file "deps.add"
No update needed for file "deps.update"
No update needed for file "club.add"
No update needed for file "club.update"
No update needed for file "workers.add"
No update needed for file "workers.update"
Setting lastpludta time flag for the terminal...............done.
-------------------------------------------------------
Time: 21/03/2014 10:19:57
File "tran8900024.xml". Start processing...

Terminal 6000031 found in user database and is active.
Package #89 already exists in database.(2141) Checking transactions...
Found transaction #8900024.
Transaction #8900024 added. Processing components...
Product 8120000000268 already exists in stock.
Stock has been updated for product 8120000000268.
Product 7180000000134 already exists in stock.
Stock has been updated for product 7180000000134.
Processing payments...
RefundVoucher payment found for 198.45 NIS.
Credit card payment found for 227.15 NIS.
Found payments for total 425.6 NIS.
File processing complete.
Moving transaction file to archive as 'tran8900024.xml'.....
done.

