
Base terminal: 6000031
Scanning for terminal #6000031
Terminal found.
Found user directory.
Found terminal directory.
Found terminal backup directory.
Connecting to user database.................................done.
Checking database compatibility.............................done.
Database is compatible with XML transactions.
- Work mode: A
- Update mode: UD
- Force all codes: No
- Last plu check: 27/02/2014 08:37:07
Checking for terminal updates...
No update needed for file "pluadd"
No update needed for file "pluupdate"
No update needed for file "pludel"
No update needed for file "deps.add"
No update needed for file "deps.update"
No update needed for file "club.add"
No update needed for file "club.update"
No update needed for file "workers.add"
No update needed for file "workers.update"
Setting lastpludta time flag for the terminal...............done.
-------------------------------------------------------
Time: 27/02/2014 08:39:59
File "tran5200004.xml". Start processing...

Terminal 6000031 found in user database and is active.
Package #52 already exists in database.(2058) Checking transactions...
Found transaction #5200004.
Transaction #5200004 added. Processing components...
Product 60013 already exists in stock.
Stock has been updated for product 60013.
Product 2570000000156 already exists in stock.
Stock has been updated for product 2570000000156.
Processing payments...
Credit card payment found for 137.00 NIS.
Found payments for total 137 NIS.
File processing complete.
Moving transaction file to archive as 'tran5200004.xml'.....
done.

