
Base terminal: 6000031
Scanning for terminal #6000031
Terminal found.
Found user directory.
Found terminal directory.
Found terminal backup directory.
Connecting to user database.................................done.
Checking database compatibility.............................done.
Database is compatible with XML transactions.
- Work mode: A
- Update mode: UD
- Force all codes: Yes
- Last plu check: 05/03/2014 10:41:52
Checking for terminal updates...
File "pluadd" was updated successfully
File "deps" was updated successfully
File "club.dat" was updated successfully
File "workers.dat" was updated successfully
Setting lastpludta time flag for the terminal...............done.
-------------------------------------------------------
Time: 05/03/2014 10:54:25
File "tran6100005.xml". Start processing...

Terminal 6000031 found in user database and is active.
Package #61 already exists in database.(2080) Checking transactions...
Found transaction #6100005.
Transaction #6100005 added. Processing components...
Product 790000000430 already exists in stock.
Stock has been updated for product 790000000430.
Product 2571000000042 already exists in stock.
Stock has been updated for product 2571000000042.
Product 2787000000005 already exists in stock.
Stock has been updated for product 2787000000005.
Processing payments...
Cash payment found for 400.00 NIS.
Credit card payment found for 310.80 NIS.
Found payments for total 710.8 NIS.
File processing complete.
Moving transaction file to archive as 'tran6100005.xml'.....
done.

