
Base terminal: 6000031
Scanning for terminal #6000031
Terminal found.
Found user directory.
Found terminal directory.
Found terminal backup directory.
Connecting to user database.................................done.
Checking database compatibility.............................done.
Database is compatible with XML transactions.
- Work mode: A
- Update mode: UD
- Force all codes: No
- Last plu check: 18/03/2014 08:41:54
Checking for terminal updates...
File "pluadd" was updated successfully
No update needed for file "pluupdate"
No update needed for file "pludel"
No update needed for file "deps.add"
No update needed for file "deps.update"
No update needed for file "club.add"
No update needed for file "club.update"
No update needed for file "workers.add"
No update needed for file "workers.update"
Setting lastpludta time flag for the terminal...............done.
-------------------------------------------------------
Time: 18/03/2014 09:20:29
File "tran8200001.xml". Start processing...

Terminal 6000031 found in user database and is active.
Creating package #82........................................done.(2128)
Processing transactions:
Found transaction #8200001.
Transaction #8200001 added. Processing components...
Product 8120000000274 already exists in stock.
Stock has been updated for product 8120000000274.
Product 7180000000134 already exists in stock.
Stock has been updated for product 7180000000134.
Product 60013 already exists in stock.
Stock has been updated for product 60013.
Processing payments...
Credit card payment found for 793.25 NIS.
Found payments for total 793.25 NIS.
File processing complete.
Moving transaction file to archive as 'tran8200001.xml'.....
done.

