
Base terminal: 6000031
Scanning for terminal #6000031
Terminal found.
Found user directory.
Found terminal directory.
Found terminal backup directory.
Connecting to user database.................................done.
Checking database compatibility.............................done.
Database is compatible with XML transactions.
- Work mode: A
- Update mode: UD
- Force all codes: Yes
- Last plu check: 09/03/2014 14:59:09
Checking for terminal updates...
File "pluadd" was updated successfully
File "deps" was updated successfully
File "club.dat" was updated successfully
File "workers.dat" was updated successfully
Setting lastpludta time flag for the terminal...............done.
-------------------------------------------------------
Time: 09/03/2014 15:30:29
File "tran6700005.xml". Start processing...

Terminal 6000031 found in user database and is active.
Package #67 already exists in database.(2095) Checking transactions...
Found transaction #6700005.
Transaction #6700005 added. Processing components...
Product 1175000000105 already exists in stock.
Stock has been updated for product 1175000000105.
Product 3700000006 already exists in stock.
Stock has been updated for product 3700000006.
Processing payments...
Credit card payment found for 378.00 NIS.
Found payments for total 378 NIS.
File processing complete.
Moving transaction file to archive as 'tran6700005.xml'.....
done.

