
Base terminal: 6000031
Scanning for terminal #6000031
Terminal found.
Found user directory.
Found terminal directory.
Found terminal backup directory.
Connecting to user database.................................done.
Checking database compatibility.............................done.
Database is compatible with XML transactions.
- Work mode: A
- Update mode: UD
- Force all codes: Yes
- Last plu check: 05/03/2014 12:13:17
Checking for terminal updates...
File "pluadd" was updated successfully
File "deps" was updated successfully
File "club.dat" was updated successfully
File "workers.dat" was updated successfully
Setting lastpludta time flag for the terminal...............done.
-------------------------------------------------------
Time: 05/03/2014 12:20:07
File "tran6100007.xml". Start processing...

Terminal 6000031 found in user database and is active.
Package #61 already exists in database.(2080) Checking transactions...
Found transaction #6100007.
Transaction #6100007 added. Processing components...
Product 3400000016 already exists in stock.
Stock has been updated for product 3400000016.
Product 3400000010 already exists in stock.
Stock has been updated for product 3400000010.
Processing payments...
Credit card payment found for 132.00 NIS.
Found payments for total 132 NIS.
File processing complete.
Moving transaction file to archive as 'tran6100007.xml'.....
done.

