
Base terminal: 6000031
Scanning for terminal #6000031
Terminal found.
Found user directory.
Found terminal directory.
Found terminal backup directory.
Connecting to user database.................................done.
Checking database compatibility.............................done.
Database is compatible with XML transactions.
- Work mode: A
- Update mode: UD
- Force all codes: Yes
- Last plu check: 27/03/2014 16:31:13
Checking for terminal updates...
File "pluadd" was updated successfully
File "deps" was updated successfully
File "club.dat" was updated successfully
File "workers.dat" was updated successfully
Setting lastpludta time flag for the terminal...............done.
-------------------------------------------------------
Time: 27/03/2014 16:36:21
File "tran10000012.xml". Start processing...

Terminal 6000031 found in user database and is active.
Package #100 already exists in database.(2164) Checking transactions...
Found transaction #10000012.
Transaction #10000012 added. Processing components...
Product 2570000000061 already exists in stock.
Stock has been updated for product 2570000000061.
Product 2570000000184 already exists in stock.
Stock has been updated for product 2570000000184.
Processing payments...
Credit card payment found for 463.60 NIS.
Found payments for total 463.6 NIS.
File processing complete.
Moving transaction file to archive as 'tran10000012.xml'....
done.

