
Base terminal: 6000031
Scanning for terminal #6000031
Terminal found.
Found user directory.
Found terminal directory.
Found terminal backup directory.
Connecting to user database.................................done.
Checking database compatibility.............................done.
Database is compatible with XML transactions.
- Work mode: A
- Update mode: UD
- Force all codes: Yes
- Last plu check: 26/03/2014 15:24:16
Checking for terminal updates...
File "pluadd" was updated successfully
File "deps" was updated successfully
File "club.dat" was updated successfully
File "workers.dat" was updated successfully
Setting lastpludta time flag for the terminal...............done.
-------------------------------------------------------
Time: 26/03/2014 15:30:14
File "tran9800006.xml". Start processing...

Terminal 6000031 found in user database and is active.
Package #98 already exists in database.(2159) Checking transactions...
Found transaction #9800006.
Transaction #9800006 added. Processing components...
Product 790000000394 already exists in stock.
Stock has been updated for product 790000000394.
Product 9250000000195 already exists in stock.
Stock has been updated for product 9250000000195.
Product 3800000715 already exists in stock.
Stock has been updated for product 3800000715.
Processing payments...
Credit card payment found for 189.20 NIS.
Found payments for total 189.2 NIS.
File processing complete.
Moving transaction file to archive as 'tran9800006.xml'.....
done.

