
Base terminal: 6000031
Scanning for terminal #6000031
Terminal found.
Found user directory.
Found terminal directory.
Found terminal backup directory.
Connecting to user database.................................done.
Checking database compatibility.............................done.
Database is compatible with XML transactions.
- Work mode: A
- Update mode: UD
- Force all codes: No
- Last plu check: 14/03/2014 12:17:08
Checking for terminal updates...
No update needed for file "pluadd"
No update needed for file "pluupdate"
No update needed for file "pludel"
No update needed for file "deps.add"
No update needed for file "deps.update"
File "club.add" was updated successfully
File "club.update" was updated successfully
No update needed for file "workers.add"
No update needed for file "workers.update"
Setting lastpludta time flag for the terminal...............done.
-------------------------------------------------------
Time: 14/03/2014 12:23:16
File "tran7600016.xml". Start processing...

Terminal 6000031 found in user database and is active.
Package #76 already exists in database.(2116) Checking transactions...
Found transaction #7600016.
Transaction #7600016 added. Processing components...
Product 2747000000038 already exists in stock.
Stock has been updated for product 2747000000038.
Product 5000187 already exists in stock.
Stock has been updated for product 5000187.
Product 2570000000130 already exists in stock.
Stock has been updated for product 2570000000130.
Processing payments...
Hakafa payment found for 1324.05 NIS.
Found payments for total 1324.05 NIS.
File processing complete.
Moving transaction file to archive as 'tran7600016.xml'.....
done.

