
Base terminal: 6000031
Scanning for terminal #6000031
Terminal found.
Found user directory.
Found terminal directory.
Found terminal backup directory.
Connecting to user database.................................done.
Checking database compatibility.............................done.
Database is compatible with XML transactions.
- Work mode: A
- Update mode: UD
- Force all codes: No
- Last plu check: 04/03/2014 18:12:30
Checking for terminal updates...
No update needed for file "pluadd"
No update needed for file "pluupdate"
No update needed for file "pludel"
No update needed for file "deps.add"
No update needed for file "deps.update"
No update needed for file "club.add"
No update needed for file "club.update"
No update needed for file "workers.add"
No update needed for file "workers.update"
Setting lastpludta time flag for the terminal...............done.
-------------------------------------------------------
Time: 04/03/2014 18:19:46
File "tran6000015.xml". Start processing...

Terminal 6000031 found in user database and is active.
Package #60 already exists in database.(2077) Checking transactions...
Found transaction #6000015.
Transaction #6000015 added. Processing components...
Product 8120000000278 already exists in stock.
Stock has been updated for product 8120000000278.
Product 2747000000002 already exists in stock.
Stock has been updated for product 2747000000002.
Product 790000000856 already exists in stock.
Stock has been updated for product 790000000856.
Product 42000001460 already exists in stock.
Stock has been updated for product 42000001460.
Product 2830000000057 already exists in stock.
Stock has been updated for product 2830000000057.
Product 7180000000134 already exists in stock.
Stock has been updated for product 7180000000134.
Product 2790000000001 already exists in stock.
Stock has been updated for product 2790000000001.
Product 860000000050 already exists in stock.
Stock has been updated for product 860000000050.
Processing payments...
Cash payment found for 1620.00 NIS.
Found payments for total 1620 NIS.
File processing complete.
Moving transaction file to archive as 'tran6000015.xml'.....
done.

