
Base terminal: 6000031
Scanning for terminal #6000031
Terminal found.
Found user directory.
Found terminal directory.
Found terminal backup directory.
Connecting to user database.................................done.
Checking database compatibility.............................done.
Database is compatible with XML transactions.
- Work mode: A
- Update mode: UD
- Force all codes: No
- Last plu check: 03/03/2014 15:22:22
Checking for terminal updates...
No update needed for file "pluadd"
No update needed for file "pluupdate"
No update needed for file "pludel"
No update needed for file "deps.add"
No update needed for file "deps.update"
No update needed for file "club.add"
No update needed for file "club.update"
No update needed for file "workers.add"
No update needed for file "workers.update"
Setting lastpludta time flag for the terminal...............done.
-------------------------------------------------------
Time: 03/03/2014 16:01:22
File "tran5800006.xml". Start processing...

Terminal 6000031 found in user database and is active.
Package #58 already exists in database.(2072) Checking transactions...
Found transaction #5800006.
Transaction #5800006 added. Processing components...
Product 2830000000054 already exists in stock.
Stock has been updated for product 2830000000054.
Processing payments...
Credit card payment found for 137.75 NIS.
Found payments for total 137.75 NIS.
File processing complete.
Moving transaction file to archive as 'tran5800006.xml'.....
done.

