
Base terminal: 6000031
Scanning for terminal #6000031
Terminal found.
Found user directory.
Found terminal directory.
Found terminal backup directory.
Connecting to user database.................................done.
Checking database compatibility.............................done.
Database is compatible with XML transactions.
- Work mode: A
- Update mode: UD
- Force all codes: Yes
- Last plu check: 26/03/2014 18:57:23
Checking for terminal updates...
File "pluadd" was updated successfully
File "deps" was updated successfully
File "club.dat" was updated successfully
File "workers.dat" was updated successfully
Setting lastpludta time flag for the terminal...............done.
-------------------------------------------------------
Time: 27/03/2014 08:20:47
File "tran9900001.xml". Start processing...

Terminal 6000031 found in user database and is active.
Creating package #99........................................done.(2162)
Processing transactions:
Found transaction #9900001.
Transaction #9900001 added. Processing components...
Product 2570000000132 already exists in stock.
Stock has been updated for product 2570000000132.
Product 5400000253 already exists in stock.
Stock has been updated for product 5400000253.
Product 2570000000172 already exists in stock.
Stock has been updated for product 2570000000172.
Processing payments...
Credit card payment found for 46.55 NIS.
Found payments for total 46.55 NIS.
File processing complete.
Moving transaction file to archive as 'tran9900001.xml'.....
done.

