
Base terminal: 6000031
Scanning for terminal #6000031
Terminal found.
Found user directory.
Found terminal directory.
Found terminal backup directory.
Connecting to user database.................................done.
Checking database compatibility.............................done.
Database is compatible with XML transactions.
- Work mode: A
- Update mode: UD
- Force all codes: No
- Last plu check: 18/03/2014 14:02:13
Checking for terminal updates...
No update needed for file "pluadd"
No update needed for file "pluupdate"
No update needed for file "pludel"
No update needed for file "deps.add"
No update needed for file "deps.update"
No update needed for file "club.add"
No update needed for file "club.update"
No update needed for file "workers.add"
No update needed for file "workers.update"
Setting lastpludta time flag for the terminal...............done.
-------------------------------------------------------
Time: 18/03/2014 14:29:24
File "clock.txt". Start processing...

3 lines found. Parsing...........done.
3 records parsed
Registered record for worker #1: 2014-03-18 10:35 - 14:49.
-------------------------------------------------------
Time: 18/03/2014 14:29:24
File "tran8400002.xml". Start processing...

Terminal 6000031 found in user database and is active.
Package #84 already exists in database.(2129) Checking transactions...
Found transaction #8400002.
Transaction #8400002 added. Processing components...
Product 8120000000268 already exists in stock.
Stock has been updated for product 8120000000268.
Processing payments...
Cash payment found for 299.00 NIS.
Found payments for total 299 NIS.
File processing complete.
Moving transaction file to archive as 'tran8400002.xml'.....
done.

