
Base terminal: 6000031
Scanning for terminal #6000031
Terminal found.
Found user directory.
Found terminal directory.
Found terminal backup directory.
Connecting to user database.................................done.
Checking database compatibility.............................done.
Database is compatible with XML transactions.
- Work mode: A
- Update mode: UD
- Force all codes: No
- Last plu check: 12/02/2014 13:42:13
Checking for terminal updates...
No update needed for file "pluadd"
No update needed for file "pluupdate"
No update needed for file "pludel"
File "deps.add" was updated successfully
No update needed for file "club.add"
No update needed for file "club.update"
No update needed for file "workers.add"
No update needed for file "workers.update"
Setting lastpludta time flag for the terminal...............done.
-------------------------------------------------------
Time: 12/02/2014 13:45:04
File "tran2690001.xml". Start processing...

Terminal 6000031 found in user database and is active.
Package #26 already exists in database.(1995) Checking transactions...
Found transaction #2690001.
Transaction #2690001 added. Processing components...
Processing payments...
Credit card payment found for 400.00 NIS.
Found payments for total 400 NIS.
File processing complete.
Moving transaction file to archive as 'tran2690001.xml'.....
done.

