
Base terminal: 6000031
Scanning for terminal #6000031
Terminal found.
Found user directory.
Found terminal directory.
Found terminal backup directory.
Connecting to user database.................................done.
Checking database compatibility.............................done.
Database is compatible with XML transactions.
- Work mode: A
- Update mode: UD
- Force all codes: No
- Last plu check: 13/02/2014 17:57:04
Checking for terminal updates...
No update needed for file "pluadd"
No update needed for file "pluupdate"
No update needed for file "pludel"
No update needed for file "deps.add"
No update needed for file "deps.update"
No update needed for file "club.add"
No update needed for file "club.update"
No update needed for file "workers.add"
No update needed for file "workers.update"
Setting lastpludta time flag for the terminal...............done.
-------------------------------------------------------
Time: 14/02/2014 07:50:29
File "tran2900001.xml". Start processing...

Terminal 6000031 found in user database and is active.
Creating package #29........................................done.(2001)
Processing transactions:
Found transaction #2900001.
Transaction #2900001 added. Processing components...
Product 3400000010 already exists in stock.
Stock has been updated for product 3400000010.
Product 9910000000000 already exists in stock.
Stock has been updated for product 9910000000000.
Processing payments...
Credit card payment found for 334.00 NIS.
Found payments for total 334 NIS.
File processing complete.
Moving transaction file to archive as 'tran2900001.xml'.....
done.

