
Base terminal: 6000031
Scanning for terminal #6000031
Terminal found.
Found user directory.
Found terminal directory.
Found terminal backup directory.
Connecting to user database.................................done.
Checking database compatibility.............................done.
Database is compatible with XML transactions.
- Work mode: A
- Update mode: UD
- Force all codes: No
- Last plu check: 18/03/2014 16:36:39
Checking for terminal updates...
No update needed for file "pluadd"
No update needed for file "pluupdate"
No update needed for file "pludel"
No update needed for file "deps.add"
No update needed for file "deps.update"
No update needed for file "club.add"
No update needed for file "club.update"
No update needed for file "workers.add"
No update needed for file "workers.update"
Setting lastpludta time flag for the terminal...............done.
-------------------------------------------------------
Time: 18/03/2014 17:32:35
File "tran8400016.xml". Start processing...

Terminal 6000031 found in user database and is active.
Package #84 already exists in database.(2129) Checking transactions...
Found transaction #8400016.
Transaction #8400016 added. Processing components...
Product 3800000006 already exists in stock.
Stock has been updated for product 3800000006.
Product 7180000000134 already exists in stock.
Stock has been updated for product 7180000000134.
Product 60013 already exists in stock.
Stock has been updated for product 60013.
Processing payments...
Cheque payment found for 211.00 NIS.
Found payments for total 211 NIS.
File processing complete.
Moving transaction file to archive as 'tran8400016.xml'.....
done.

