
Base terminal: 6000031
Scanning for terminal #6000031
Terminal found.
Found user directory.
Found terminal directory.
Found terminal backup directory.
Connecting to user database.................................done.
Checking database compatibility.............................done.
Database is compatible with XML transactions.
- Work mode: A
- Update mode: UD
- Force all codes: No
- Last plu check: 19/03/2014 09:01:11
Checking for terminal updates...
No update needed for file "pluadd"
No update needed for file "pluupdate"
No update needed for file "pludel"
No update needed for file "deps.add"
No update needed for file "deps.update"
No update needed for file "club.add"
No update needed for file "club.update"
No update needed for file "workers.add"
No update needed for file "workers.update"
Setting lastpludta time flag for the terminal...............done.
-------------------------------------------------------
Time: 19/03/2014 09:02:32
File "tran8500005.xml". Start processing...

Terminal 6000031 found in user database and is active.
Package #85 already exists in database.(2132) Checking transactions...
Found transaction #8500005.
Transaction #8500005 added. Processing components...
Product 2570000000174 already exists in stock.
Stock has been updated for product 2570000000174.
Product 2570000000172 already exists in stock.
Stock has been updated for product 2570000000172.
Product 2937000000000 already exists in stock.
Stock has been updated for product 2937000000000.
Processing payments...
Credit card payment found for 605.20 NIS.
Found payments for total 605.2 NIS.
File processing complete.
Moving transaction file to archive as 'tran8500005.xml'.....
done.

