
Base terminal: 6000031
Scanning for terminal #6000031
Terminal found.
Found user directory.
Found terminal directory.
Found terminal backup directory.
Connecting to user database.................................done.
Checking database compatibility.............................done.
Database is compatible with XML transactions.
- Work mode: A
- Update mode: UD
- Force all codes: Yes
- Last plu check: 05/03/2014 10:54:25
Checking for terminal updates...
File "pluadd" was updated successfully
File "deps" was updated successfully
File "club.dat" was updated successfully
File "workers.dat" was updated successfully
Setting lastpludta time flag for the terminal...............done.
-------------------------------------------------------
Time: 05/03/2014 12:13:17
File "tran6100006.xml". Start processing...

Terminal 6000031 found in user database and is active.
Package #61 already exists in database.(2080) Checking transactions...
Found transaction #6100006.
Transaction #6100006 added. Processing components...
Product 42000000984 already exists in stock.
Stock has been updated for product 42000000984.
Product 790000000860 already exists in stock.
Stock has been updated for product 790000000860.
Processing payments...
Credit card payment found for 184.00 NIS.
Found payments for total 184 NIS.
File processing complete.
Moving transaction file to archive as 'tran6100006.xml'.....
done.

