
Base terminal: 6000031
Scanning for terminal #6000031
Terminal found.
Found user directory.
Found terminal directory.
Found terminal backup directory.
Connecting to user database.................................done.
Checking database compatibility.............................done.
Database is compatible with XML transactions.
- Work mode: A
- Update mode: UD
- Force all codes: No
- Last plu check: 14/03/2014 09:51:50
Checking for terminal updates...
No update needed for file "pluadd"
No update needed for file "pluupdate"
No update needed for file "pludel"
No update needed for file "deps.add"
No update needed for file "deps.update"
No update needed for file "club.add"
No update needed for file "club.update"
No update needed for file "workers.add"
No update needed for file "workers.update"
Setting lastpludta time flag for the terminal...............done.
-------------------------------------------------------
Time: 14/03/2014 10:41:54
File "tran7600008.xml". Start processing...

Terminal 6000031 found in user database and is active.
Package #76 already exists in database.(2116) Checking transactions...
Found transaction #7600008.
Transaction #7600008 added. Processing components...
Product 860000000050 already exists in stock.
Stock has been updated for product 860000000050.
Processing payments...
Credit card payment found for 89.00 NIS.
Found payments for total 89 NIS.
File processing complete.
Moving transaction file to archive as 'tran7600008.xml'.....
done.

