
Base terminal: 6000031
Scanning for terminal #6000031
Terminal found.
Found user directory.
Found terminal directory.
Found terminal backup directory.
Connecting to user database.................................done.
Checking database compatibility.............................done.
Database is compatible with XML transactions.
- Work mode: A
- Update mode: UD
- Force all codes: No
- Last plu check: 16/03/2014 08:30:43
Checking for terminal updates...
No update needed for file "pluadd"
No update needed for file "pluupdate"
No update needed for file "pludel"
No update needed for file "deps.add"
No update needed for file "deps.update"
No update needed for file "club.add"
No update needed for file "club.update"
No update needed for file "workers.add"
No update needed for file "workers.update"
Setting lastpludta time flag for the terminal...............done.
-------------------------------------------------------
Time: 16/03/2014 08:55:18
File "tran7700004.xml". Start processing...

Terminal 6000031 found in user database and is active.
Package #77 already exists in database.(2118) Checking transactions...
Found transaction #7700004.
Transaction #7700004 added. Processing components...
Product 2614000000027 already exists in stock.
Stock has been updated for product 2614000000027.
Product 2614000000025 already exists in stock.
Stock has been updated for product 2614000000025.
Product 2830000000064 already exists in stock.
Stock has been updated for product 2830000000064.
Processing payments...
Cash payment found for 496.00 NIS.
Found payments for total 496 NIS.
File processing complete.
Moving transaction file to archive as 'tran7700004.xml'.....
done.

