
Base terminal: 6000031
Scanning for terminal #6000031
Terminal found.
Found user directory.
Found terminal directory.
Found terminal backup directory.
Connecting to user database.................................done.
Checking database compatibility.............................done.
Database is compatible with XML transactions.
- Work mode: A
- Update mode: UD
- Force all codes: No
- Last plu check: 16/03/2014 13:51:52
Checking for terminal updates...
No update needed for file "pluadd"
No update needed for file "pluupdate"
No update needed for file "pludel"
No update needed for file "deps.add"
No update needed for file "deps.update"
No update needed for file "club.add"
No update needed for file "club.update"
No update needed for file "workers.add"
No update needed for file "workers.update"
Setting lastpludta time flag for the terminal...............done.
-------------------------------------------------------
Time: 16/03/2014 14:02:12
File "tran7800004.xml". Start processing...

Terminal 6000031 found in user database and is active.
Package #78 already exists in database.(2119) Checking transactions...
Found transaction #7800004.
Transaction #7800004 added. Processing components...
Product 9250000000239 already exists in stock.
Stock has been updated for product 9250000000239.
Product 42000000984 already exists in stock.
Stock has been updated for product 42000000984.
Processing payments...
Credit card payment found for 198.55 NIS.
Found payments for total 198.55 NIS.
File processing complete.
Moving transaction file to archive as 'tran7800004.xml'.....
done.

