
Base terminal: 6000031
Scanning for terminal #6000031
Terminal found.
Found user directory.
Found terminal directory.
Found terminal backup directory.
Connecting to user database.................................done.
Checking database compatibility.............................done.
Database is compatible with XML transactions.
- Work mode: A
- Update mode: UD
- Force all codes: No
- Last plu check: 24/03/2014 11:41:23
Checking for terminal updates...
No update needed for file "pluadd"
No update needed for file "pluupdate"
No update needed for file "pludel"
No update needed for file "deps.add"
No update needed for file "deps.update"
No update needed for file "club.add"
No update needed for file "club.update"
No update needed for file "workers.add"
No update needed for file "workers.update"
Setting lastpludta time flag for the terminal...............done.
-------------------------------------------------------
Time: 24/03/2014 11:42:34
File "tran9200005.xml". Start processing...

Terminal 6000031 found in user database and is active.
Package #92 already exists in database.(2146) Checking transactions...
Found transaction #9200005.
Transaction #9200005 added. Processing components...
Product 90000000237 already exists in stock.
Stock has been updated for product 90000000237.
Processing payments...
Credit card payment found for 299.00 NIS.
Found payments for total 299 NIS.
File processing complete.
Moving transaction file to archive as 'tran9200005.xml'.....
done.

