
Base terminal: 6000031
Scanning for terminal #6000031
Terminal found.
Found user directory.
Found terminal directory.
Found terminal backup directory.
Connecting to user database.................................done.
Checking database compatibility.............................done.
Database is compatible with XML transactions.
- Work mode: A
- Update mode: UD
- Force all codes: No
- Last plu check: 14/02/2014 12:12:05
Checking for terminal updates...
No update needed for file "pluadd"
No update needed for file "pluupdate"
No update needed for file "pludel"
No update needed for file "deps.add"
No update needed for file "deps.update"
No update needed for file "club.add"
No update needed for file "club.update"
No update needed for file "workers.add"
No update needed for file "workers.update"
Setting lastpludta time flag for the terminal...............done.
-------------------------------------------------------
Time: 14/02/2014 12:43:48
File "tran2900028.xml". Start processing...

Terminal 6000031 found in user database and is active.
Package #29 already exists in database.(2001) Checking transactions...
Found transaction #2900028.
Transaction #2900028 added. Processing components...
Product 5400000627 already exists in stock.
Stock has been updated for product 5400000627.
Product 2830000000039 already exists in stock.
Stock has been updated for product 2830000000039.
Processing payments...
Credit card payment found for 273.50 NIS.
Found payments for total 273.5 NIS.
File processing complete.
Moving transaction file to archive as 'tran2900028.xml'.....
done.

