
Base terminal: 6000031
Scanning for terminal #6000031
Terminal found.
Found user directory.
Found terminal directory.
Found terminal backup directory.
Connecting to user database.................................done.
Checking database compatibility.............................done.
Database is compatible with XML transactions.
- Work mode: A
- Update mode: UD
- Force all codes: No
- Last plu check: 14/02/2014 11:51:34
Checking for terminal updates...
No update needed for file "pluadd"
No update needed for file "pluupdate"
No update needed for file "pludel"
No update needed for file "deps.add"
No update needed for file "deps.update"
No update needed for file "club.add"
No update needed for file "club.update"
No update needed for file "workers.add"
No update needed for file "workers.update"
Setting lastpludta time flag for the terminal...............done.
-------------------------------------------------------
Time: 14/02/2014 12:04:37
File "tran2900026.xml". Start processing...

Terminal 6000031 found in user database and is active.
Package #29 already exists in database.(2001) Checking transactions...
Found transaction #2900026.
Transaction #2900026 added. Processing components...
Product 2570000000069 already exists in stock.
Stock has been updated for product 2570000000069.
Product 2570000000142 already exists in stock.
Stock has been updated for product 2570000000142.
Product 5400000213 already exists in stock.
Stock has been updated for product 5400000213.
Processing payments...
Credit card payment found for 373.00 NIS.
Found payments for total 373 NIS.
File processing complete.
Moving transaction file to archive as 'tran2900026.xml'.....
done.

