
Base terminal: 6000031
Scanning for terminal #6000031
Terminal found.
Found user directory.
Found terminal directory.
Found terminal backup directory.
Connecting to user database.................................done.
Checking database compatibility.............................done.
Database is compatible with XML transactions.
- Work mode: A
- Update mode: UD
- Force all codes: No
- Last plu check: 26/02/2014 11:15:43
Checking for terminal updates...
No update needed for file "pluadd"
No update needed for file "pluupdate"
No update needed for file "pludel"
No update needed for file "deps.add"
No update needed for file "deps.update"
No update needed for file "club.add"
No update needed for file "club.update"
No update needed for file "workers.add"
No update needed for file "workers.update"
Setting lastpludta time flag for the terminal...............done.
-------------------------------------------------------
Time: 26/02/2014 11:17:54
File "tran5000016.xml". Start processing...

Terminal 6000031 found in user database and is active.
Package #50 already exists in database.(2053) Checking transactions...
Found transaction #5000016.
Transaction #5000016 added. Processing components...
Product 7180000000134 already exists in stock.
Stock has been updated for product 7180000000134.
Product 2935000000000 already exists in stock.
Stock has been updated for product 2935000000000.
Product 790000000859 already exists in stock.
Stock has been updated for product 790000000859.
Processing payments...
Hakafa payment found for 375.30 NIS.
Found payments for total 375.3 NIS.
File processing complete.
Moving transaction file to archive as 'tran5000016.xml'.....
done.

