
Base terminal: 6000031
Scanning for terminal #6000031
Terminal found.
Found user directory.
Found terminal directory.
Found terminal backup directory.
Connecting to user database.................................done.
Checking database compatibility.............................done.
Database is compatible with XML transactions.
- Work mode: A
- Update mode: UD
- Force all codes: No
- Last plu check: 20/03/2014 10:24:48
Checking for terminal updates...
No update needed for file "pluadd"
File "pluupdate" was updated successfully
No update needed for file "pludel"
No update needed for file "deps.add"
No update needed for file "deps.update"
No update needed for file "club.add"
No update needed for file "club.update"
No update needed for file "workers.add"
No update needed for file "workers.update"
Setting lastpludta time flag for the terminal...............done.
-------------------------------------------------------
Time: 20/03/2014 10:34:17
File "tran8700005.xml". Start processing...

Terminal 6000031 found in user database and is active.
Package #87 already exists in database.(2136) Checking transactions...
Found transaction #8700005.
Transaction #8700005 added. Processing components...
Product 3700000006 already exists in stock.
Stock has been updated for product 3700000006.
Product 2830000000053 already exists in stock.
Stock has been updated for product 2830000000053.
Product 3800000904 already exists in stock.
Stock has been updated for product 3800000904.
Product 790000000734 already exists in stock.
Stock has been updated for product 790000000734.
Processing payments...
Cash payment found for 800.00 NIS.
Found payments for total 800 NIS.
File processing complete.
Moving transaction file to archive as 'tran8700005.xml'.....
done.

