
Base terminal: 6000031
Scanning for terminal #6000031
Terminal found.
Found user directory.
Found terminal directory.
Found terminal backup directory.
Connecting to user database.................................done.
Checking database compatibility.............................done.
Database is compatible with XML transactions.
- Work mode: A
- Update mode: UD
- Force all codes: No
- Last plu check: 13/03/2014 09:14:06
Checking for terminal updates...
No update needed for file "pluadd"
No update needed for file "pluupdate"
No update needed for file "pludel"
No update needed for file "deps.add"
No update needed for file "deps.update"
No update needed for file "club.add"
No update needed for file "club.update"
No update needed for file "workers.add"
No update needed for file "workers.update"
Setting lastpludta time flag for the terminal...............done.
-------------------------------------------------------
Time: 13/03/2014 09:17:13
File "tran7400006.xml". Start processing...

Terminal 6000031 found in user database and is active.
Package #74 already exists in database.(2111) Checking transactions...
Found transaction #7400006.
Transaction #7400006 added. Processing components...
Product 2830000000063 already exists in stock.
Stock has been updated for product 2830000000063.
Product 7180000000137 already exists in stock.
Stock has been updated for product 7180000000137.
Product 2830000000062 already exists in stock.
Stock has been updated for product 2830000000062.
Processing payments...
Credit card payment found for 272.65 NIS.
Found payments for total 272.65 NIS.
File processing complete.
Moving transaction file to archive as 'tran7400006.xml'.....
done.

