
Base terminal: 6000031
Scanning for terminal #6000031
Terminal found.
Found user directory.
Found terminal directory.
Found terminal backup directory.
Connecting to user database.................................done.
Checking database compatibility.............................done.
Database is compatible with XML transactions.
- Work mode: A
- Update mode: UD
- Force all codes: Yes
- Last plu check: 09/03/2014 12:36:02
Checking for terminal updates...
File "pluadd" was updated successfully
File "deps" was updated successfully
File "club.dat" was updated successfully
File "workers.dat" was updated successfully
Setting lastpludta time flag for the terminal...............done.
-------------------------------------------------------
Time: 09/03/2014 12:42:02
File "tran6600006.xml". Start processing...

Terminal 6000031 found in user database and is active.
Package #66 already exists in database.(2093) Checking transactions...
Found transaction #6600006.
Transaction #6600006 added. Processing components...
Product 2570000000148 already exists in stock.
Stock has been updated for product 2570000000148.
Processing payments...
Credit card payment found for 198.00 NIS.
Found payments for total 198 NIS.
File processing complete.
Moving transaction file to archive as 'tran6600006.xml'.....
done.

