
Base terminal: 6000031
Scanning for terminal #6000031
Terminal found.
Found user directory.
Found terminal directory.
Found terminal backup directory.
Connecting to user database.................................done.
Checking database compatibility.............................done.
Database is compatible with XML transactions.
- Work mode: A
- Update mode: UD
- Force all codes: No
- Last plu check: 26/02/2014 11:20:00
Checking for terminal updates...
No update needed for file "pluadd"
No update needed for file "pluupdate"
No update needed for file "pludel"
No update needed for file "deps.add"
No update needed for file "deps.update"
No update needed for file "club.add"
No update needed for file "club.update"
No update needed for file "workers.add"
No update needed for file "workers.update"
Setting lastpludta time flag for the terminal...............done.
-------------------------------------------------------
Time: 26/02/2014 11:27:08
File "tran5000017.xml". Start processing...

Terminal 6000031 found in user database and is active.
Package #50 already exists in database.(2053) Checking transactions...
Found transaction #5000017.
Transaction #5000017 added. Processing components...
Product 2830000000047 already exists in stock.
Stock has been updated for product 2830000000047.
Product 2830000000053 already exists in stock.
Stock has been updated for product 2830000000053.
Product 2937000000000 already exists in stock.
Stock has been updated for product 2937000000000.
Product 5400000199 already exists in stock.
Stock has been updated for product 5400000199.
Processing payments...
Credit card payment found for 618.70 NIS.
Found payments for total 618.7 NIS.
File processing complete.
Moving transaction file to archive as 'tran5000017.xml'.....
done.

