
Base terminal: 6000031
Scanning for terminal #6000031
Terminal found.
Found user directory.
Found terminal directory.
Found terminal backup directory.
Connecting to user database.................................done.
Checking database compatibility.............................done.
Database is compatible with XML transactions.
- Work mode: A
- Update mode: UD
- Force all codes: No
- Last plu check: 16/03/2014 17:57:35
Checking for terminal updates...
No update needed for file "pluadd"
No update needed for file "pluupdate"
No update needed for file "pludel"
No update needed for file "deps.add"
No update needed for file "deps.update"
No update needed for file "club.add"
No update needed for file "club.update"
No update needed for file "workers.add"
No update needed for file "workers.update"
Setting lastpludta time flag for the terminal...............done.
-------------------------------------------------------
Time: 17/03/2014 08:15:11
File "tran7900001.xml". Start processing...

Terminal 6000031 found in user database and is active.
Creating package #79........................................done.(2123)
Processing transactions:
Found transaction #7900001.
Transaction #7900001 added. Processing components...
Product 7180000000136 already exists in stock.
Stock has been updated for product 7180000000136.
Processing payments...
Cash payment found for 169.00 NIS.
Found payments for total 169 NIS.
File processing complete.
Moving transaction file to archive as 'tran7900001.xml'.....
done.

