
Base terminal: 6000031
Scanning for terminal #6000031
Terminal found.
Found user directory.
Found terminal directory.
Found terminal backup directory.
Connecting to user database.................................done.
Checking database compatibility.............................done.
Database is compatible with XML transactions.
- Work mode: A
- Update mode: UD
- Force all codes: No
- Last plu check: 18/03/2014 15:42:59
Checking for terminal updates...
No update needed for file "pluadd"
No update needed for file "pluupdate"
No update needed for file "pludel"
No update needed for file "deps.add"
No update needed for file "deps.update"
No update needed for file "club.add"
No update needed for file "club.update"
No update needed for file "workers.add"
No update needed for file "workers.update"
Setting lastpludta time flag for the terminal...............done.
-------------------------------------------------------
Time: 18/03/2014 15:45:10
File "clock.txt". Start processing...

3 lines found. Parsing...........done.
3 records parsed
Registered record for worker #1: 2014-03-18 10:35 - 14:49.
-------------------------------------------------------
Time: 18/03/2014 15:45:10
File "tran8400009.xml". Start processing...

Terminal 6000031 found in user database and is active.
Package #84 already exists in database.(2129) Checking transactions...
Found transaction #8400009.
Transaction #8400009 added. Processing components...
Product 2937000000000 already exists in stock.
Stock has been updated for product 2937000000000.
Product 2614000000031 already exists in stock.
Stock has been updated for product 2614000000031.
Product 42000001457 already exists in stock.
Stock has been updated for product 42000001457.
Product 2600170 already exists in stock.
Stock has been updated for product 2600170.
Processing payments...
Cash payment found for 360.00 NIS.
Found payments for total 360 NIS.
File processing complete.
Moving transaction file to archive as 'tran8400009.xml'.....
done.

