
Base terminal: 6000031
Scanning for terminal #6000031
Terminal found.
Found user directory.
Found terminal directory.
Found terminal backup directory.
Connecting to user database.................................done.
Checking database compatibility.............................done.
Database is compatible with XML transactions.
- Work mode: A
- Update mode: UD
- Force all codes: No
- Last plu check: 20/03/2014 11:05:25
Checking for terminal updates...
No update needed for file "pluadd"
No update needed for file "pluupdate"
No update needed for file "pludel"
No update needed for file "deps.add"
No update needed for file "deps.update"
No update needed for file "club.add"
No update needed for file "club.update"
No update needed for file "workers.add"
No update needed for file "workers.update"
Setting lastpludta time flag for the terminal...............done.
-------------------------------------------------------
Time: 20/03/2014 11:40:53
File "tran8790001.xml". Start processing...

Terminal 6000031 found in user database and is active.
Package #87 already exists in database.(2136) Checking transactions...
Found transaction #8790001.
Transaction #8790001 added. Processing components...
Processing payments...
Cheque payment found for 900.00 NIS.
Found payments for total 900 NIS.
File processing complete.
Moving transaction file to archive as 'tran8790001.xml'.....
done.

