
Base terminal: 6000031
Scanning for terminal #6000031
Terminal found.
Found user directory.
Found terminal directory.
Found terminal backup directory.
Connecting to user database.................................done.
Checking database compatibility.............................done.
Database is compatible with XML transactions.
- Work mode: A
- Update mode: UD
- Force all codes: Yes
- Last plu check: 06/03/2014 17:46:20
Checking for terminal updates...
File "pluadd" was updated successfully
File "deps" was updated successfully
File "club.dat" was updated successfully
File "workers.dat" was updated successfully
Setting lastpludta time flag for the terminal...............done.
-------------------------------------------------------
Time: 06/03/2014 17:55:46
File "tran6400016.xml". Start processing...

Terminal 6000031 found in user database and is active.
Package #64 already exists in database.(2086) Checking transactions...
Found transaction #6400016.
Transaction #6400016 added. Processing components...
Product 42000001459 already exists in stock.
Stock has been updated for product 42000001459.
Product 2570000000157 already exists in stock.
Stock has been updated for product 2570000000157.
Processing payments...
Credit card payment found for 321.10 NIS.
Found payments for total 321.1 NIS.
File processing complete.
Moving transaction file to archive as 'tran6400016.xml'.....
done.

