
Base terminal: 6000031
Scanning for terminal #6000031
Terminal found.
Found user directory.
Found terminal directory.
Found terminal backup directory.
Connecting to user database.................................done.
Checking database compatibility.............................done.
Database is compatible with XML transactions.
- Work mode: A
- Update mode: UD
- Force all codes: Yes
- Last plu check: 25/03/2014 17:05:12
Checking for terminal updates...
File "pluadd" was updated successfully
File "deps" was updated successfully
File "club.dat" was updated successfully
File "workers.dat" was updated successfully
Setting lastpludta time flag for the terminal...............done.
-------------------------------------------------------
Time: 25/03/2014 17:17:40
File "tran9600016.xml". Start processing...

Terminal 6000031 found in user database and is active.
Package #96 already exists in database.(2154) Checking transactions...
Found transaction #9600016.
Transaction #9600016 added. Processing components...
Product 790000000863 already exists in stock.
Stock has been updated for product 790000000863.
Product 42000001456 already exists in stock.
Stock has been updated for product 42000001456.
Product 2975000000002 already exists in stock.
Stock has been updated for product 2975000000002.
Product 2600181 already exists in stock.
Stock has been updated for product 2600181.
Product 3700000006 already exists in stock.
Stock has been updated for product 3700000006.
Processing payments...
Cheque payment found for 500.00 NIS.
Credit card payment found for 355.00 NIS.
Found payments for total 855 NIS.
File processing complete.
Moving transaction file to archive as 'tran9600016.xml'.....
done.

