
Base terminal: 6000031
Scanning for terminal #6000031
Terminal found.
Found user directory.
Found terminal directory.
Found terminal backup directory.
Connecting to user database.................................done.
Checking database compatibility.............................done.
Database is compatible with XML transactions.
- Work mode: A
- Update mode: UD
- Force all codes: No
- Last plu check: 21/03/2014 12:56:24
Checking for terminal updates...
No update needed for file "pluadd"
No update needed for file "pluupdate"
No update needed for file "pludel"
No update needed for file "deps.add"
No update needed for file "deps.update"
No update needed for file "club.add"
No update needed for file "club.update"
No update needed for file "workers.add"
No update needed for file "workers.update"
Setting lastpludta time flag for the terminal...............done.
-------------------------------------------------------
Time: 21/03/2014 13:23:40
File "tran8900033.xml". Start processing...

Terminal 6000031 found in user database and is active.
Package #89 already exists in database.(2141) Checking transactions...
Found transaction #8900033.
Transaction #8900033 added. Processing components...
Product 1175000000103 already exists in stock.
Stock has been updated for product 1175000000103.
Product 2570000000174 already exists in stock.
Stock has been updated for product 2570000000174.
Product 2571000000034 already exists in stock.
Stock has been updated for product 2571000000034.
Product 2787000000005 already exists in stock.
Stock has been updated for product 2787000000005.
Product 2570000000068 already exists in stock.
Stock has been updated for product 2570000000068.
Product 2747000000005 already exists in stock.
Stock has been updated for product 2747000000005.
Processing payments...
Credit card payment found for 1129.80 NIS.
Found payments for total 1129.8 NIS.
File processing complete.
Moving transaction file to archive as 'tran8900033.xml'.....
done.

