
Base terminal: 6000031
Scanning for terminal #6000031
Terminal found.
Found user directory.
Found terminal directory.
Found terminal backup directory.
Connecting to user database.................................done.
Checking database compatibility.............................done.
Database is compatible with XML transactions.
- Work mode: A
- Update mode: UD
- Force all codes: Yes
- Last plu check: 28/01/2014 07:21:24
Checking for terminal updates...
File "pluadd" was updated successfully
File "deps" was updated successfully
File "club.dat" was updated successfully
File "workers.dat" was updated successfully
Setting lastpludta time flag for the terminal...............done.-------------------------------------------------------
Time: 28/01/2014 07:56:58
File "tran100006.xml". Start processing...

Terminal 6000031 found in user database and is active.
Package #1 already exists in database.(1916) Checking transactions...
Processing of duplicate packages is FORBIDDEN. Only new transactions will be added.
Found transaction #100006.
Transaction #100006 added. Processing components...
Warning:  Division by zero in /home/mlaitech/mlaitech.info/modules/stock/xmltrans.php on line 965

Product 0000 has been added to stock.
Stock has been updated for product 0000.
Processing payments...
Cash payment found for 200.00 NIS.
Voucher payment found for  NIS.
Found payments for total 200 NIS.
--WARNING--: Too big difference between payment amount and transaction amount. (Charge: 0.00, Payment: 200, Change: :) 
Transaction cancelled.
File processing complete.
Moving transaction file to archive as 'tran100006_1.xml'....
done.

