
Base terminal: 6000031
Scanning for terminal #6000031
Terminal found.
Found user directory.
Found terminal directory.
Found terminal backup directory.
Connecting to user database.................................done.
Checking database compatibility.............................done.
Database is compatible with XML transactions.
- Work mode: A
- Update mode: UD
- Force all codes: Yes
- Last plu check: 07/03/2014 13:57:43
Checking for terminal updates...
File "pluadd" was updated successfully
File "deps" was updated successfully
File "club.dat" was updated successfully
File "workers.dat" was updated successfully
Setting lastpludta time flag for the terminal...............done.
-------------------------------------------------------
Time: 09/03/2014 09:12:16
File "tran6600001.xml". Start processing...

Terminal 6000031 found in user database and is active.
Creating package #66........................................done.(2093)
Processing transactions:
Found transaction #6600001.
Transaction #6600001 added. Processing components...
Product 2747000000002 already exists in stock.
Stock has been updated for product 2747000000002.
Product 2570000000123 already exists in stock.
Stock has been updated for product 2570000000123.
Product 2614000000012 already exists in stock.
Stock has been updated for product 2614000000012.
Processing payments...
Credit card payment found for 77.50 NIS.
Found payments for total 77.5 NIS.
File processing complete.
Moving transaction file to archive as 'tran6600001.xml'.....
done.

