
Base terminal: 6000031
Scanning for terminal #6000031
Terminal found.
Found user directory.
Found terminal directory.
Found terminal backup directory.
Connecting to user database.................................done.
Checking database compatibility.............................done.
Database is compatible with XML transactions.
- Work mode: A
- Update mode: UD
- Force all codes: No
- Last plu check: 06/02/2014 17:50:23
Checking for terminal updates...
No update needed for file "pluadd"
No update needed for file "pluupdate"
No update needed for file "pludel"
No update needed for file "deps.update"
No update needed for file "club.update"
No update needed for file "workers.update"
Setting lastpludta time flag for the terminal...............done.
-------------------------------------------------------
Time: 06/02/2014 18:14:44
File "tran300014.xml". Start processing...

Terminal ID in file - 1234, doesn't match current terminal ID - 6000031. Switching to new terminal...
Scanning for terminal #1234

ERROR: Terminal was not found in database or is inactive.
File processing cancelled.



-------------------------------------------------------
Time: 06/02/2014 18:14:44
File "tran300012.xml". Start processing...

Terminal ID in file - 1234, doesn't match current terminal ID - -1. Switching to new terminal...
Scanning for terminal #1234

ERROR: Terminal was not found in database or is inactive.
File processing cancelled.



-------------------------------------------------------
Time: 06/02/2014 18:14:44
File "tran300013.xml". Start processing...

Terminal ID in file - 1234, doesn't match current terminal ID - -1. Switching to new terminal...
Scanning for terminal #1234

ERROR: Terminal was not found in database or is inactive.
File processing cancelled.



-------------------------------------------------------
Time: 06/02/2014 18:14:44
File "tran300015.xml". Start processing...

Terminal ID in file - 1234, doesn't match current terminal ID - -1. Switching to new terminal...
Scanning for terminal #1234

ERROR: Terminal was not found in database or is inactive.
File processing cancelled.



-------------------------------------------------------
Time: 06/02/2014 18:14:44
File "tran300016.xml". Start processing...

Terminal ID in file - 1234, doesn't match current terminal ID - -1. Switching to new terminal...
Scanning for terminal #1234

ERROR: Terminal was not found in database or is inactive.
File processing cancelled.



-------------------------------------------------------
Time: 06/02/2014 18:14:44
File "tran390001.xml". Start processing...

Terminal ID in file - 1234, doesn't match current terminal ID - -1. Switching to new terminal...
Scanning for terminal #1234

ERROR: Terminal was not found in database or is inactive.
File processing cancelled.



-------------------------------------------------------
Time: 06/02/2014 18:14:44
File "tran1300019.xml". Start processing...

Terminal ID in file - 6000031, doesn't match current terminal ID - -1. Switching to new terminal...
Scanning for terminal #6000031
Terminal found.
Found user directory.
Found terminal directory.
Found terminal backup directory.
Connecting to user database.................................done.
Checking database compatibility.............................done.
Database is compatible with XML transactions.
Terminal 6000031 found in user database and is active.
Package #13 already exists in database.(1968) Checking transactions...
Found transaction #1300019.
Transaction #1300019 added. Processing components...
Product 2790000000001 already exists in stock.
Stock has been updated for product 2790000000001.
Product 60013 already exists in stock.
Stock has been updated for product 60013.
Processing payments...
RefundVoucher payment found for -50.00 NIS.
Found refund for total 50 NIS.
File processing complete.
Moving transaction file to archive as 'tran1300019.xml'.....
done.

