
Base terminal: 6000031
Scanning for terminal #6000031
Terminal found.
Found user directory.
Found terminal directory.
Found terminal backup directory.
Connecting to user database.................................done.
Checking database compatibility.............................done.
Database is compatible with XML transactions.
- Work mode: A
- Update mode: UD
- Force all codes: No
- Last plu check: 27/02/2014 16:03:35
Checking for terminal updates...
No update needed for file "pluadd"
No update needed for file "pluupdate"
No update needed for file "pludel"
No update needed for file "deps.add"
No update needed for file "deps.update"
No update needed for file "club.add"
No update needed for file "club.update"
No update needed for file "workers.add"
No update needed for file "workers.update"
Setting lastpludta time flag for the terminal...............done.
-------------------------------------------------------
Time: 27/02/2014 16:10:07
File "tran5300007.xml". Start processing...

Terminal 6000031 found in user database and is active.
Package #53 already exists in database.(2061) Checking transactions...
Found transaction #5300007.
Transaction #5300007 added. Processing components...
Product 2570000000123 already exists in stock.
Stock has been updated for product 2570000000123.
Product 3800000896 already exists in stock.
Stock has been updated for product 3800000896.
Product 1175000000106 already exists in stock.
Stock has been updated for product 1175000000106.
Processing payments...
Cash payment found for 200.00 NIS.
Credit card payment found for 300.40 NIS.
Found payments for total 500.4 NIS.
File processing complete.
Moving transaction file to archive as 'tran5300007.xml'.....
done.

