
Base terminal: 6000031
Scanning for terminal #6000031
Terminal found.
Found user directory.
Found terminal directory.
Found terminal backup directory.
Connecting to user database.................................done.
Checking database compatibility.............................done.
Database is compatible with XML transactions.
- Work mode: A
- Update mode: UD
- Force all codes: Yes
- Last plu check: 07/03/2014 07:44:50
Checking for terminal updates...
File "pluadd" was updated successfully
File "deps" was updated successfully
File "club.dat" was updated successfully
File "workers.dat" was updated successfully
Setting lastpludta time flag for the terminal...............done.
-------------------------------------------------------
Time: 07/03/2014 07:55:02
File "tran6500004.xml". Start processing...

Terminal 6000031 found in user database and is active.
Package #65 already exists in database.(2090) Checking transactions...
Found transaction #6500004.
Transaction #6500004 added. Processing components...
Product 7180000000134 already exists in stock.
Stock has been updated for product 7180000000134.
Product 7180000000124 already exists in stock.
Stock has been updated for product 7180000000124.
Product 1428000000007 already exists in stock.
Stock has been updated for product 1428000000007.
Product 2570000000097 already exists in stock.
Stock has been updated for product 2570000000097.
Product 9250000000235 already exists in stock.
Stock has been updated for product 9250000000235.
Product 3800000814 already exists in stock.
Stock has been updated for product 3800000814.
Product 3800000772 already exists in stock.
Stock has been updated for product 3800000772.
Product 2570000000129 already exists in stock.
Stock has been updated for product 2570000000129.
Processing payments...
Credit card payment found for 1132.70 NIS.
Found payments for total 1132.7 NIS.
File processing complete.
Moving transaction file to archive as 'tran6500004.xml'.....
done.

