
Base terminal: 6000031
Scanning for terminal #6000031
Terminal found.
Found user directory.
Found terminal directory.
Found terminal backup directory.
Connecting to user database.................................done.
Checking database compatibility.............................done.
Database is compatible with XML transactions.
- Work mode: A
- Update mode: UD
- Force all codes: No
- Last plu check: 21/02/2014 13:29:26
Checking for terminal updates...
No update needed for file "pluadd"
No update needed for file "pluupdate"
No update needed for file "pludel"
No update needed for file "deps.add"
No update needed for file "deps.update"
No update needed for file "club.add"
No update needed for file "club.update"
No update needed for file "workers.add"
No update needed for file "workers.update"
Setting lastpludta time flag for the terminal...............done.
-------------------------------------------------------
Time: 21/02/2014 13:41:25
File "tran4200032.xml". Start processing...

Terminal 6000031 found in user database and is active.
Package #42 already exists in database.(2033) Checking transactions...
Found transaction #4200032.
Transaction #4200032 added. Processing components...
Product 60013 already exists in stock.
Stock has been updated for product 60013.
Product 7180000000136 already exists in stock.
Stock has been updated for product 7180000000136.
Processing payments...
Credit card payment found for 138.60 NIS.
Found payments for total 138.6 NIS.
File processing complete.
Moving transaction file to archive as 'tran4200032.xml'.....
done.

