
Base terminal: 6000031
Scanning for terminal #6000031
Terminal found.
Found user directory.
Found terminal directory.
Found terminal backup directory.
Connecting to user database.................................done.
Checking database compatibility.............................done.
Database is compatible with XML transactions.
- Work mode: A
- Update mode: UD
- Force all codes: No
- Last plu check: 04/03/2014 15:12:24
Checking for terminal updates...
No update needed for file "pluadd"
No update needed for file "pluupdate"
No update needed for file "pludel"
No update needed for file "deps.add"
No update needed for file "deps.update"
No update needed for file "club.add"
No update needed for file "club.update"
No update needed for file "workers.add"
No update needed for file "workers.update"
Setting lastpludta time flag for the terminal...............done.
-------------------------------------------------------
Time: 04/03/2014 15:17:52
File "tran6000007.xml". Start processing...

Terminal 6000031 found in user database and is active.
Package #60 already exists in database.(2077) Checking transactions...
Found transaction #6000007.
Transaction #6000007 added. Processing components...
Product 2747000000035 already exists in stock.
Stock has been updated for product 2747000000035.
Processing payments...
Hakafa payment found for 449.10 NIS.
Found payments for total 449.1 NIS.
File processing complete.
Moving transaction file to archive as 'tran6000007.xml'.....
done.

