
Base terminal: 6000031
Scanning for terminal #6000031
Terminal found.
Found user directory.
Found terminal directory.
Found terminal backup directory.
Connecting to user database.................................done.
Checking database compatibility.............................done.
Database is compatible with XML transactions.
- Work mode: A
- Update mode: UD
- Force all codes: Yes
- Last plu check: 27/03/2014 15:56:51
Checking for terminal updates...
File "pluadd" was updated successfully
File "deps" was updated successfully
File "club.dat" was updated successfully
File "workers.dat" was updated successfully
Setting lastpludta time flag for the terminal...............done.
-------------------------------------------------------
Time: 27/03/2014 16:31:13
File "tran10000011.xml". Start processing...

Terminal 6000031 found in user database and is active.
Package #100 already exists in database.(2164) Checking transactions...
Found transaction #10000011.
Transaction #10000011 added. Processing components...
Product 3400000016 already exists in stock.
Stock has been updated for product 3400000016.
Processing payments...
Cash payment found for 50.00 NIS.
Found payments for total 50 NIS.
File processing complete.
Moving transaction file to archive as 'tran10000011.xml'....
done.

