
Base terminal: 6000031
Scanning for terminal #6000031
Terminal found.
Found user directory.
Found terminal directory.
Found terminal backup directory.
Connecting to user database.................................done.
Checking database compatibility.............................done.
Database is compatible with XML transactions.
- Work mode: A
- Update mode: UD
- Force all codes: Yes
- Last plu check: 25/03/2014 08:41:41
Checking for terminal updates...
File "pluadd" was updated successfully
File "deps" was updated successfully
File "club.dat" was updated successfully
File "workers.dat" was updated successfully
Setting lastpludta time flag for the terminal...............done.
-------------------------------------------------------
Time: 25/03/2014 08:42:07
File "tran9400001.xml". Start processing...

Terminal 6000031 found in user database and is active.
Creating package #94........................................done.(2151)
Processing transactions:
Found transaction #9400001.
Transaction #9400001 added. Processing components...
Product 0000000000000 already exists in stock.
Stock has been updated for product 0000000000000.
Product 2600170 already exists in stock.
Stock has been updated for product 2600170.
Processing payments...
Credit card payment found for 435.10 NIS.
Found payments for total 435.1 NIS.
File processing complete.
Moving transaction file to archive as 'tran9400001.xml'.....
done.

