
Base terminal: 6000031
Scanning for terminal #6000031
Terminal found.
Found user directory.
Found terminal directory.
Found terminal backup directory.
Connecting to user database.................................done.
Checking database compatibility.............................done.
Database is compatible with XML transactions.
- Work mode: A
- Update mode: UD
- Force all codes: No
- Last plu check: 03/02/2014 10:03:16
Checking for terminal updates...
No update needed for file "pluadd"
No update needed for file "pluupdate"
No update needed for file "pludel"
No update needed for file "deps.update"
No update needed for file "club.update"
No update needed for file "workers.update"
Setting lastpludta time flag for the terminal...............done.
-------------------------------------------------------
Time: 03/02/2014 10:55:49
File "tran500006.xml". Start processing...

Terminal 6000031 found in user database and is active.
Package #5 already exists in database.(1948) Checking transactions...
Found transaction #500006.
Transaction #500006 added. Processing components...
Product 3800000855 already exists in stock.
Stock has been updated for product 3800000855.
Product 2570000000126 already exists in stock.
Stock has been updated for product 2570000000126.
Processing payments...
Cheque payment found for 153.50 NIS.
Cheque payment found for 150.00 NIS.
Found payments for total 303.5 NIS.
File processing complete.
Moving transaction file to archive as 'tran500006.xml'......
done.

