
Base terminal: 6000031
Scanning for terminal #6000031
Terminal found.
Found user directory.
Found terminal directory.
Found terminal backup directory.
Connecting to user database.................................done.
Checking database compatibility.............................done.
Database is compatible with XML transactions.
- Work mode: A
- Update mode: UD
- Force all codes: No
- Last plu check: 27/02/2014 08:45:11
Checking for terminal updates...
No update needed for file "pluadd"
No update needed for file "pluupdate"
No update needed for file "pludel"
No update needed for file "deps.add"
No update needed for file "deps.update"
No update needed for file "club.add"
No update needed for file "club.update"
No update needed for file "workers.add"
No update needed for file "workers.update"
Setting lastpludta time flag for the terminal...............done.
-------------------------------------------------------
Time: 27/02/2014 09:06:59
File "tran5200006.xml". Start processing...

Terminal 6000031 found in user database and is active.
Package #52 already exists in database.(2058) Checking transactions...
Found transaction #5200006.
Transaction #5200006 added. Processing components...
Product 3700000000 already exists in stock.
Stock has been updated for product 3700000000.
Product 2570000000123 already exists in stock.
Stock has been updated for product 2570000000123.
Product 1425000000047 already exists in stock.
Stock has been updated for product 1425000000047.
Product 3800000893 already exists in stock.
Stock has been updated for product 3800000893.
Product 790000000849 already exists in stock.
Stock has been updated for product 790000000849.
Product 16070654 already exists in stock.
Stock has been updated for product 16070654.
Processing payments...
RefundVoucher payment found for -158.75 NIS.
Found refund for total 158.75 NIS.
File processing complete.
Moving transaction file to archive as 'tran5200006.xml'.....
done.

