
Base terminal: 6000031
Scanning for terminal #6000031
Terminal found.
Found user directory.
Found terminal directory.
Found terminal backup directory.
Connecting to user database.................................done.
Checking database compatibility.............................done.
Database is compatible with XML transactions.
- Work mode: A
- Update mode: UD
- Force all codes: Yes
- Last plu check: 10/03/2014 07:55:05
Checking for terminal updates...
File "pluadd" was updated successfully
File "deps" was updated successfully
File "club.dat" was updated successfully
File "workers.dat" was updated successfully
Setting lastpludta time flag for the terminal...............done.
-------------------------------------------------------
Time: 10/03/2014 07:58:19
File "tran6890001.xml". Start processing...

Terminal 6000031 found in user database and is active.
Package #68 already exists in database.(2098) Checking transactions...
Found transaction #6890001.
Transaction #6890001 added. Processing components...
Processing payments...
Credit card payment found for 800.00 NIS.
Found payments for total 800 NIS.
File processing complete.
Moving transaction file to archive as 'tran6890001.xml'.....
done.

