
Base terminal: 6000031
Scanning for terminal #6000031
Terminal found.
Found user directory.
Found terminal directory.
Found terminal backup directory.
Connecting to user database.................................done.
Checking database compatibility.............................done.
Database is compatible with XML transactions.
- Work mode: A
- Update mode: UD
- Force all codes: Yes
- Last plu check: 27/03/2014 17:25:30
Checking for terminal updates...
File "pluadd" was updated successfully
File "deps" was updated successfully
File "club.dat" was updated successfully
File "workers.dat" was updated successfully
Setting lastpludta time flag for the terminal...............done.
-------------------------------------------------------
Time: 27/03/2014 17:25:44
File "tran10000015.xml". Start processing...

Terminal 6000031 found in user database and is active.
Package #100 already exists in database.(2164) Checking transactions...
Found transaction #10000015.
Transaction #10000015 added. Processing components...
Product 2571000000040 already exists in stock.
Stock has been updated for product 2571000000040.
Product 5000190 already exists in stock.
Stock has been updated for product 5000190.
Processing payments...
Hakafa payment found for 479.10 NIS.
Found payments for total 479.1 NIS.
File processing complete.
Moving transaction file to archive as 'tran10000015.xml'....
done.

