
Base terminal: 6000031
Scanning for terminal #6000031
Terminal found.
Found user directory.
Found terminal directory.
Found terminal backup directory.
Connecting to user database.................................done.
Checking database compatibility.............................done.
Database is compatible with XML transactions.
- Work mode: A
- Update mode: UD
- Force all codes: No
- Last plu check: 18/02/2014 15:59:49
Checking for terminal updates...
File "pluadd" was updated successfully
No update needed for file "pluupdate"
No update needed for file "pludel"
No update needed for file "deps.add"
No update needed for file "deps.update"
No update needed for file "club.add"
No update needed for file "club.update"
No update needed for file "workers.add"
No update needed for file "workers.update"
Setting lastpludta time flag for the terminal...............done.
-------------------------------------------------------
Time: 18/02/2014 16:25:01
File "tran3500005.xml". Start processing...

Terminal 6000031 found in user database and is active.
Package #35 already exists in database.(2013) Checking transactions...
Found transaction #3500005.
Transaction #3500005 added. Processing components...
Product 7180000000121 already exists in stock.
Stock has been updated for product 7180000000121.
Product 5400000597 already exists in stock.
Stock has been updated for product 5400000597.
Processing payments...
Credit card payment found for 218.50 NIS.
Found payments for total 218.5 NIS.
File processing complete.
Moving transaction file to archive as 'tran3500005.xml'.....
done.

