
Base terminal: 6000031
Scanning for terminal #6000031
Terminal found.
Found user directory.
Found terminal directory.
Found terminal backup directory.
Connecting to user database.................................done.
Checking database compatibility.............................done.
Database is compatible with XML transactions.
- Work mode: A
- Update mode: UD
- Force all codes: Yes
- Last plu check: 26/03/2014 11:50:55
Checking for terminal updates...
File "pluadd" was updated successfully
File "deps" was updated successfully
File "club.dat" was updated successfully
File "workers.dat" was updated successfully
Setting lastpludta time flag for the terminal...............done.
-------------------------------------------------------
Time: 26/03/2014 12:44:04
File "tran9700015.xml". Start processing...

Terminal 6000031 found in user database and is active.
Package #97 already exists in database.(2156) Checking transactions...
Found transaction #9700015.
Transaction #9700015 added. Processing components...
Product 42000000984 already exists in stock.
Stock has been updated for product 42000000984.
Product 2600178 already exists in stock.
Stock has been updated for product 2600178.
Processing payments...
Cash payment found for 300.00 NIS.
Credit card payment found for 206.35 NIS.
Found payments for total 506.35 NIS.
File processing complete.
Moving transaction file to archive as 'tran9700015.xml'.....
done.

