
Base terminal: 6000031
Scanning for terminal #6000031
Terminal found.
Found user directory.
Found terminal directory.
Found terminal backup directory.
Connecting to user database.................................done.
Checking database compatibility.............................done.
Database is compatible with XML transactions.
- Work mode: A
- Update mode: UD
- Force all codes: No
- Last plu check: 26/02/2014 08:46:42
Checking for terminal updates...
No update needed for file "pluadd"
No update needed for file "pluupdate"
No update needed for file "pludel"
No update needed for file "deps.add"
No update needed for file "deps.update"
No update needed for file "club.add"
No update needed for file "club.update"
No update needed for file "workers.add"
No update needed for file "workers.update"
Setting lastpludta time flag for the terminal...............done.
-------------------------------------------------------
Time: 26/02/2014 09:15:06
File "tran5000003.xml". Start processing...

Terminal 6000031 found in user database and is active.
Package #50 already exists in database.(2053) Checking transactions...
Found transaction #5000003.
Transaction #5000003 added. Processing components...
Product 16070613 already exists in stock.
Stock has been updated for product 16070613.
Processing payments...
Cash payment found for 26.00 NIS.
Found payments for total 26 NIS.
File processing complete.
Moving transaction file to archive as 'tran5000003.xml'.....
done.

