
Base terminal: 6000031
Scanning for terminal #6000031
Terminal found.
Found user directory.
Found terminal directory.
Found terminal backup directory.
Connecting to user database.................................done.
Checking database compatibility.............................done.
Database is compatible with XML transactions.
- Work mode: A
- Update mode: UD
- Force all codes: No
- Last plu check: 16/02/2014 17:56:18
Checking for terminal updates...
No update needed for file "pluadd"
No update needed for file "pluupdate"
No update needed for file "pludel"
No update needed for file "deps.add"
No update needed for file "deps.update"
No update needed for file "club.add"
No update needed for file "club.update"
No update needed for file "workers.add"
No update needed for file "workers.update"
Setting lastpludta time flag for the terminal...............done.
-------------------------------------------------------
Time: 17/02/2014 07:54:16
File "tran3200001.xml". Start processing...

Terminal 6000031 found in user database and is active.
Creating package #32........................................done.(2007)
Processing transactions:
Found transaction #3200001.
Transaction #3200001 added. Processing components...
Product 5400000213 already exists in stock.
Stock has been updated for product 5400000213.
Processing payments...
Credit card payment found for 104.50 NIS.
Found payments for total 104.5 NIS.
File processing complete.
Moving transaction file to archive as 'tran3200001.xml'.....
done.

