
Base terminal: 6000031
Scanning for terminal #6000031
Terminal found.
Found user directory.
Found terminal directory.
Found terminal backup directory.
Connecting to user database.................................done.
Checking database compatibility.............................done.
Database is compatible with XML transactions.
- Work mode: A
- Update mode: UD
- Force all codes: No
- Last plu check: 19/03/2014 15:50:24
Checking for terminal updates...
No update needed for file "pluadd"
No update needed for file "pluupdate"
No update needed for file "pludel"
No update needed for file "deps.add"
No update needed for file "deps.update"
No update needed for file "club.add"
No update needed for file "club.update"
No update needed for file "workers.add"
No update needed for file "workers.update"
Setting lastpludta time flag for the terminal...............done.
-------------------------------------------------------
Time: 19/03/2014 16:31:20
File "tran8600011.xml". Start processing...

Terminal 6000031 found in user database and is active.
Package #86 already exists in database.(2134) Checking transactions...
Found transaction #8600011.
Transaction #8600011 added. Processing components...
Product 2830000000039 already exists in stock.
Stock has been updated for product 2830000000039.
Product 90000000245 already exists in stock.
Stock has been updated for product 90000000245.
Product 5400000262 already exists in stock.
Stock has been updated for product 5400000262.
Processing payments...
Credit card payment found for 299.55 NIS.
Found payments for total 299.55 NIS.
File processing complete.
Moving transaction file to archive as 'tran8600011.xml'.....
done.

