
Base terminal: 6000031
Scanning for terminal #6000031
Terminal found.
Found user directory.
Found terminal directory.
Found terminal backup directory.
Connecting to user database.................................done.
Checking database compatibility.............................done.
Database is compatible with XML transactions.
- Work mode: A
- Update mode: UD
- Force all codes: No
- Last plu check: 26/02/2014 10:25:50
Checking for terminal updates...
No update needed for file "pluadd"
No update needed for file "pluupdate"
No update needed for file "pludel"
No update needed for file "deps.add"
No update needed for file "deps.update"
No update needed for file "club.add"
No update needed for file "club.update"
No update needed for file "workers.add"
No update needed for file "workers.update"
Setting lastpludta time flag for the terminal...............done.
-------------------------------------------------------
Time: 26/02/2014 10:35:33
File "tran5000009.xml". Start processing...

Terminal 6000031 found in user database and is active.
Package #50 already exists in database.(2053) Checking transactions...
Found transaction #5000009.
Transaction #5000009 added. Processing components...
Product 4001727 already exists in stock.
Stock has been updated for product 4001727.
Processing payments...
Hakafa payment found for -89.00 NIS.
Found refund for total 89 NIS.
File processing complete.
Moving transaction file to archive as 'tran5000009.xml'.....
done.

