
Base terminal: 6000031
Scanning for terminal #6000031
Terminal found.
Found user directory.
Found terminal directory.
Found terminal backup directory.
Connecting to user database.................................done.
Checking database compatibility.............................done.
Database is compatible with XML transactions.
- Work mode: A
- Update mode: UD
- Force all codes: No
- Last plu check: 20/03/2014 09:55:41
Checking for terminal updates...
File "pluadd" was updated successfully
File "pluupdate" was updated successfully
No update needed for file "pludel"
No update needed for file "deps.add"
No update needed for file "deps.update"
No update needed for file "club.add"
No update needed for file "club.update"
No update needed for file "workers.add"
No update needed for file "workers.update"
Setting lastpludta time flag for the terminal...............done.
-------------------------------------------------------
Time: 20/03/2014 10:09:27
File "tran8700003.xml". Start processing...

Terminal 6000031 found in user database and is active.
Package #87 already exists in database.(2136) Checking transactions...
Found transaction #8700003.
Transaction #8700003 added. Processing components...
Product 2570000000130 already exists in stock.
Stock has been updated for product 2570000000130.
Product 90000000237 already exists in stock.
Stock has been updated for product 90000000237.
Processing payments...
Credit card payment found for 684.05 NIS.
Found payments for total 684.05 NIS.
File processing complete.
Moving transaction file to archive as 'tran8700003.xml'.....
done.

