
Base terminal: 6000031
Scanning for terminal #6000031
Terminal found.
Found user directory.
Found terminal directory.
Found terminal backup directory.
Connecting to user database.................................done.
Checking database compatibility.............................done.
Database is compatible with XML transactions.
- Work mode: A
- Update mode: UD
- Force all codes: Yes
- Last plu check: 27/03/2014 16:57:01
Checking for terminal updates...
File "pluadd" was updated successfully
File "deps" was updated successfully
File "club.dat" was updated successfully
File "workers.dat" was updated successfully
Setting lastpludta time flag for the terminal...............done.
-------------------------------------------------------
Time: 27/03/2014 17:18:26
File "tran10000014.xml". Start processing...

Terminal 6000031 found in user database and is active.
Package #100 already exists in database.(2164) Checking transactions...
Found transaction #10000014.
Transaction #10000014 added. Processing components...
Product 2974000000016 already exists in stock.
Stock has been updated for product 2974000000016.
Product 2830000000053 already exists in stock.
Stock has been updated for product 2830000000053.
Product 2571000000050 already exists in stock.
Stock has been updated for product 2571000000050.
Processing payments...
Cash payment found for 200.00 NIS.
Credit card payment found for 499.20 NIS.
Found payments for total 699.2 NIS.
File processing complete.
Moving transaction file to archive as 'tran10000014.xml'....
done.

