
Base terminal: 6000031
Scanning for terminal #6000031
Terminal found.
Found user directory.
Found terminal directory.
Found terminal backup directory.
Connecting to user database.................................done.
Checking database compatibility.............................done.
Database is compatible with XML transactions.
- Work mode: A
- Update mode: UD
- Force all codes: No
- Last plu check: 13/03/2014 17:59:44
Checking for terminal updates...
No update needed for file "pluadd"
No update needed for file "pluupdate"
No update needed for file "pludel"
No update needed for file "deps.add"
No update needed for file "deps.update"
No update needed for file "club.add"
No update needed for file "club.update"
No update needed for file "workers.add"
No update needed for file "workers.update"
Setting lastpludta time flag for the terminal...............done.
-------------------------------------------------------
Time: 14/03/2014 07:39:39
File "tran7600001.xml". Start processing...

Terminal 6000031 found in user database and is active.
Creating package #76........................................done.(2116)
Processing transactions:
Found transaction #7600001.
Transaction #7600001 added. Processing components...
Product 2830000000063 already exists in stock.
Stock has been updated for product 2830000000063.
Product 2830000000047 already exists in stock.
Stock has been updated for product 2830000000047.
Processing payments...
RefundVoucher payment found for -10.00 NIS.
Found refund for total 10 NIS.
File processing complete.
Moving transaction file to archive as 'tran7600001.xml'.....
done.

