
Base terminal: 6000031
Scanning for terminal #6000031
Terminal found.
Found user directory.
Found terminal directory.
Found terminal backup directory.
Connecting to user database.................................done.
Checking database compatibility.............................done.
Database is compatible with XML transactions.
- Work mode: A
- Update mode: UD
- Force all codes: No
- Last plu check: 18/02/2014 15:12:22
Checking for terminal updates...
No update needed for file "pluadd"
No update needed for file "pluupdate"
No update needed for file "pludel"
No update needed for file "deps.add"
No update needed for file "deps.update"
No update needed for file "club.add"
No update needed for file "club.update"
No update needed for file "workers.add"
No update needed for file "workers.update"
Setting lastpludta time flag for the terminal...............done.
-------------------------------------------------------
Time: 18/02/2014 15:26:06
File "tran3500003.xml". Start processing...

Terminal 6000031 found in user database and is active.
Package #35 already exists in database.(2013) Checking transactions...
Found transaction #3500003.
Transaction #3500003 added. Processing components...
Product 3800000892 already exists in stock.
Stock has been updated for product 3800000892.
Product 790000000848 already exists in stock.
Stock has been updated for product 790000000848.
Processing payments...
Cheque payment found for 327.60 NIS.
Found payments for total 327.6 NIS.
File processing complete.
Moving transaction file to archive as 'tran3500003.xml'.....
done.

