
Base terminal: 6000031
Scanning for terminal #6000031
Terminal found.
Found user directory.
Found terminal directory.
Found terminal backup directory.
Connecting to user database.................................done.
Checking database compatibility.............................done.
Database is compatible with XML transactions.
- Work mode: A
- Update mode: UD
- Force all codes: No
- Last plu check: 18/03/2014 16:05:01
Checking for terminal updates...
No update needed for file "pluadd"
No update needed for file "pluupdate"
No update needed for file "pludel"
No update needed for file "deps.add"
No update needed for file "deps.update"
File "club.add" was updated successfully
File "club.update" was updated successfully
No update needed for file "workers.add"
No update needed for file "workers.update"
Setting lastpludta time flag for the terminal...............done.
-------------------------------------------------------
Time: 18/03/2014 16:11:44
File "tran8400012.xml". Start processing...

Terminal 6000031 found in user database and is active.
Package #84 already exists in database.(2129) Checking transactions...
Found transaction #8400012.
Transaction #8400012 added. Processing components...
Product 42000001455 already exists in stock.
Stock has been updated for product 42000001455.
Product 3800000865 already exists in stock.
Stock has been updated for product 3800000865.
Processing payments...
Credit card payment found for 228.50 NIS.
Found payments for total 228.5 NIS.
File processing complete.
Moving transaction file to archive as 'tran8400012.xml'.....
done.

