
Base terminal: 6000031
Scanning for terminal #6000031
Terminal found.
Found user directory.
Found terminal directory.
Found terminal backup directory.
Connecting to user database.................................done.
Checking database compatibility.............................done.
Database is compatible with XML transactions.
- Work mode: A
- Update mode: UD
- Force all codes: No
- Last plu check: 11/02/2014 19:11:37
Checking for terminal updates...
No update needed for file "pluadd"
No update needed for file "pluupdate"
No update needed for file "pludel"
File "deps.add" was updated successfully
No update needed for file "club.add"
No update needed for file "club.update"
No update needed for file "workers.add"
No update needed for file "workers.update"
Setting lastpludta time flag for the terminal...............done.
-------------------------------------------------------
Time: 12/02/2014 07:46:43
File "tran2500001.xml". Start processing...

Terminal 6000031 found in user database and is active.
Creating package #25........................................done.(1992)
Processing transactions:
Found transaction #2500001.
Transaction #2500001 added. Processing components...
Product 8120000000274 already exists in stock.
Stock has been updated for product 8120000000274.
Product 3800000887 already exists in stock.
Stock has been updated for product 3800000887.
Processing payments...
Cash payment found for 644.40 NIS.
Found payments for total 644.4 NIS.
File processing complete.
Moving transaction file to archive as 'tran2500001.xml'.....
done.

