
Base terminal: 6000031
Scanning for terminal #6000031
Terminal found.
Found user directory.
Found terminal directory.
Found terminal backup directory.
Connecting to user database.................................done.
Checking database compatibility.............................done.
Database is compatible with XML transactions.
- Work mode: A
- Update mode: UD
- Force all codes: No
- Last plu check: 17/03/2014 13:24:22
Checking for terminal updates...
No update needed for file "pluadd"
No update needed for file "pluupdate"
No update needed for file "pludel"
No update needed for file "deps.add"
No update needed for file "deps.update"
No update needed for file "club.add"
No update needed for file "club.update"
No update needed for file "workers.add"
No update needed for file "workers.update"
Setting lastpludta time flag for the terminal...............done.
-------------------------------------------------------
Time: 17/03/2014 14:19:38
File "tran8000003.xml". Start processing...

Terminal 6000031 found in user database and is active.
Package #80 already exists in database.(2124) Checking transactions...
Found transaction #8000003.
Transaction #8000003 added. Processing components...
Warning:  Division by zero in /home/mlaitech/mlaitech.info/modules/stock/xmltrans.php on line 1201

Product 0000 already exists in stock.
Stock has been updated for product 0000.
Product 16070652 already exists in stock.
Stock has been updated for product 16070652.
Product 90000000237 already exists in stock.
Stock has been updated for product 90000000237.
Processing payments...
Credit card payment found for 314.45 NIS.
Found payments for total 314.45 NIS.
File processing complete.
Moving transaction file to archive as 'tran8000003.xml'.....
done.

