
Base terminal: 6000031
Scanning for terminal #6000031
Terminal found.
Found user directory.
Found terminal directory.
Found terminal backup directory.
Connecting to user database.................................done.
Checking database compatibility.............................done.
Database is compatible with XML transactions.
- Work mode: A
- Update mode: UD
- Force all codes: Yes
- Last plu check: 26/03/2014 09:31:12
Checking for terminal updates...
File "pluadd" was updated successfully
File "deps" was updated successfully
File "club.dat" was updated successfully
File "workers.dat" was updated successfully
Setting lastpludta time flag for the terminal...............done.
-------------------------------------------------------
Time: 26/03/2014 09:35:10
File "tran9700006.xml". Start processing...

Terminal 6000031 found in user database and is active.
Package #97 already exists in database.(2156) Checking transactions...
Found transaction #9700006.
Transaction #9700006 added. Processing components...
Product 2570000000178 already exists in stock.
Stock has been updated for product 2570000000178.
Product 2830000000073 already exists in stock.
Stock has been updated for product 2830000000073.
Product 2569000000060 already exists in stock.
Stock has been updated for product 2569000000060.
Product 790000000864 already exists in stock.
Stock has been updated for product 790000000864.
Processing payments...
Credit card payment found for 574.60 NIS.
Found payments for total 574.6 NIS.
File processing complete.
Moving transaction file to archive as 'tran9700006.xml'.....
done.

