
Base terminal: 6000031
Scanning for terminal #6000031
Terminal found.
Found user directory.
Found terminal directory.
Found terminal backup directory.
Connecting to user database.................................done.
Checking database compatibility.............................done.
Database is compatible with XML transactions.
- Work mode: A
- Update mode: UD
- Force all codes: No
- Last plu check: 26/02/2014 11:08:15
Checking for terminal updates...
No update needed for file "pluadd"
No update needed for file "pluupdate"
No update needed for file "pludel"
No update needed for file "deps.add"
No update needed for file "deps.update"
No update needed for file "club.add"
No update needed for file "club.update"
No update needed for file "workers.add"
No update needed for file "workers.update"
Setting lastpludta time flag for the terminal...............done.
-------------------------------------------------------
Time: 26/02/2014 11:11:21
File "tran5000014.xml". Start processing...

Terminal 6000031 found in user database and is active.
Package #50 already exists in database.(2053) Checking transactions...
Found transaction #5000014.
Transaction #5000014 added. Processing components...
Product 2600168 already exists in stock.
Stock has been updated for product 2600168.
Product 3800000892 already exists in stock.
Stock has been updated for product 3800000892.
Product 2570000000128 already exists in stock.
Stock has been updated for product 2570000000128.
Product 2747000000034 already exists in stock.
Stock has been updated for product 2747000000034.
Product 2570000000152 already exists in stock.
Stock has been updated for product 2570000000152.
Product 2747000000035 already exists in stock.
Stock has been updated for product 2747000000035.
Product 2936000000005 already exists in stock.
Stock has been updated for product 2936000000005.
Product 3700000006 already exists in stock.
Stock has been updated for product 3700000006.
Processing payments...
Cash payment found for 0.90 NIS.
Credit card payment found for 1100.00 NIS.
Cheque payment found for 1069.00 NIS.
Found payments for total 2169.9 NIS.
File processing complete.
Moving transaction file to archive as 'tran5000014.xml'.....
done.

