
Base terminal: 6000031
Scanning for terminal #6000031
Terminal found.
Found user directory.
Found terminal directory.
Found terminal backup directory.
Connecting to user database.................................done.
Checking database compatibility.............................done.
Database is compatible with XML transactions.
- Work mode: A
- Update mode: UD
- Force all codes: Yes
- Last plu check: 26/03/2014 08:55:46
Checking for terminal updates...
File "pluadd" was updated successfully
File "deps" was updated successfully
File "club.dat" was updated successfully
File "workers.dat" was updated successfully
Setting lastpludta time flag for the terminal...............done.
-------------------------------------------------------
Time: 26/03/2014 09:29:02
File "tran9700003.xml". Start processing...

Terminal 6000031 found in user database and is active.
Package #97 already exists in database.(2156) Checking transactions...
Found transaction #9700003.
Transaction #9700003 added. Processing components...
Product 2974000000009 already exists in stock.
Stock has been updated for product 2974000000009.
Product 2570000000184 already exists in stock.
Stock has been updated for product 2570000000184.
Product 2614000000037 already exists in stock.
Stock has been updated for product 2614000000037.
Product 2830000000069 already exists in stock.
Stock has been updated for product 2830000000069.
Processing payments...
Credit card payment found for 1066.75 NIS.
Found payments for total 1066.75 NIS.
File processing complete.
Moving transaction file to archive as 'tran9700003.xml'.....
done.

