
Base terminal: 6000031
Scanning for terminal #6000031
Terminal found.
Found user directory.
Found terminal directory.
Found terminal backup directory.
Connecting to user database.................................done.
Checking database compatibility.............................done.
Database is compatible with XML transactions.
- Work mode: A
- Update mode: UD
- Force all codes: No
- Last plu check: 17/02/2014 14:06:30
Checking for terminal updates...
No update needed for file "pluadd"
No update needed for file "pluupdate"
No update needed for file "pludel"
No update needed for file "deps.add"
No update needed for file "deps.update"
No update needed for file "club.add"
No update needed for file "club.update"
No update needed for file "workers.add"
No update needed for file "workers.update"
Setting lastpludta time flag for the terminal...............done.
-------------------------------------------------------
Time: 17/02/2014 14:20:19
File "tran3300004.xml". Start processing...

Terminal 6000031 found in user database and is active.
Package #33 already exists in database.(2009) Checking transactions...
Found transaction #3300004.
Transaction #3300004 added. Processing components...
Product 6000000037 already exists in stock.
Stock has been updated for product 6000000037.
Product 1428000000008 already exists in stock.
Stock has been updated for product 1428000000008.
Product 3800000845 already exists in stock.
Stock has been updated for product 3800000845.
Product 7180000000105 already exists in stock.
Stock has been updated for product 7180000000105.
Processing payments...
Cheque payment found for 536.20 NIS.
Found payments for total 536.2 NIS.
File processing complete.
Moving transaction file to archive as 'tran3300004.xml'.....
done.

