
Base terminal: 6000031
Scanning for terminal #6000031
Terminal found.
Found user directory.
Found terminal directory.
Found terminal backup directory.
Connecting to user database.................................done.
Checking database compatibility.............................done.
Database is compatible with XML transactions.
- Work mode: A
- Update mode: UD
- Force all codes: No
- Last plu check: 21/02/2014 11:59:36
Checking for terminal updates...
No update needed for file "pluadd"
No update needed for file "pluupdate"
No update needed for file "pludel"
No update needed for file "deps.add"
No update needed for file "deps.update"
No update needed for file "club.add"
No update needed for file "club.update"
No update needed for file "workers.add"
No update needed for file "workers.update"
Setting lastpludta time flag for the terminal...............done.
-------------------------------------------------------
Time: 21/02/2014 12:10:35
File "tran4200028.xml". Start processing...

Terminal 6000031 found in user database and is active.
Package #42 already exists in database.(2033) Checking transactions...
Found transaction #4200028.
Transaction #4200028 added. Processing components...
Product 60013 already exists in stock.
Stock has been updated for product 60013.
Product 42000000965 already exists in stock.
Stock has been updated for product 42000000965.
Product 790000000856 already exists in stock.
Stock has been updated for product 790000000856.
Processing payments...
Credit card payment found for 313.20 NIS.
Found payments for total 313.2 NIS.
File processing complete.
Moving transaction file to archive as 'tran4200028.xml'.....
done.

