
Base terminal: 6000031
Scanning for terminal #6000031
Terminal found.
Found user directory.
Found terminal directory.
Found terminal backup directory.
Connecting to user database.................................done.
Checking database compatibility.............................done.
Database is compatible with XML transactions.
- Work mode: A
- Update mode: UD
- Force all codes: No
- Last plu check: 10/02/2014 15:27:47
Checking for terminal updates...
No update needed for file "pluadd"
No update needed for file "pluupdate"
No update needed for file "pludel"
No update needed for file "deps.update"
No update needed for file "club.update"
No update needed for file "workers.update"
Setting lastpludta time flag for the terminal...............done.
-------------------------------------------------------
Time: 10/02/2014 15:50:23
File "tran2100007.xml". Start processing...

Terminal 6000031 found in user database and is active.
Package #21 already exists in database.(1983) Checking transactions...
Found transaction #2100007.
Transaction #2100007 added. Processing components...
Product 2570000000138 already exists in stock.
Stock has been updated for product 2570000000138.
Processing payments...
Cash payment found for 111.20 NIS.
Found payments for total 111.2 NIS.
File processing complete.
Moving transaction file to archive as 'tran2100007.xml'.....
done.


-------------------------------------------------------
Time: 10/02/2014 15:50:23
File "tran400001.xml". Start processing...

Terminal ID in file - 1234, doesn't match current terminal ID - 6000031. Switching to new terminal...
Scanning for terminal #1234

ERROR: Terminal was not found in database or is inactive.
File processing cancelled.


