
Base terminal: 6000031
Scanning for terminal #6000031
Terminal found.
Found user directory.
Found terminal directory.
Found terminal backup directory.
Connecting to user database.................................done.
Checking database compatibility.............................done.
Database is compatible with XML transactions.
- Work mode: A
- Update mode: UD
- Force all codes: Yes
- Last plu check: 25/03/2014 10:21:57
Checking for terminal updates...
File "pluadd" was updated successfully
File "deps" was updated successfully
File "club.dat" was updated successfully
File "workers.dat" was updated successfully
Setting lastpludta time flag for the terminal...............done.
-------------------------------------------------------
Time: 25/03/2014 11:03:04
File "tran9400007.xml". Start processing...

Terminal 6000031 found in user database and is active.
Package #94 already exists in database.(2151) Checking transactions...
Found transaction #9400007.
Transaction #9400007 added. Processing components...
Product 790000000380 already exists in stock.
Stock has been updated for product 790000000380.
Product 2975000000004 already exists in stock.
Stock has been updated for product 2975000000004.
Processing payments...
Cash payment found for 33.20 NIS.
Cheque payment found for 130.00 NIS.
Cheque payment found for 150.00 NIS.
Found payments for total 313.2 NIS.
File processing complete.
Moving transaction file to archive as 'tran9400007.xml'.....
done.

