
Base terminal: 6000031
Scanning for terminal #6000031
Terminal found.
Found user directory.
Found terminal directory.
Found terminal backup directory.
Connecting to user database.................................done.
Checking database compatibility.............................done.
Database is compatible with XML transactions.
- Work mode: A
- Update mode: UD
- Force all codes: Yes
- Last plu check: 06/03/2014 15:17:53
Checking for terminal updates...
File "pluadd" was updated successfully
File "deps" was updated successfully
File "club.dat" was updated successfully
File "workers.dat" was updated successfully
Setting lastpludta time flag for the terminal...............done.
-------------------------------------------------------
Time: 06/03/2014 15:51:18
File "tran6400005.xml". Start processing...

Terminal 6000031 found in user database and is active.
Package #64 already exists in database.(2086) Checking transactions...
Found transaction #6400005.
Transaction #6400005 added. Processing components...
Product 2790000000001 already exists in stock.
Stock has been updated for product 2790000000001.
Product 2935000000000 already exists in stock.
Stock has been updated for product 2935000000000.
Processing payments...
RefundVoucher payment found for 79.00 NIS.
RefundVoucher payment found for -79.00 NIS.
Found payments for total 0 NIS.
--WARNING--: No payment data found .
Transaction cancelled.
File processing complete.
Moving transaction file to archive as 'tran6400005.xml'.....
done.

