
Base terminal: 6000031
Scanning for terminal #6000031
Terminal found.
Found user directory.
Found terminal directory.
Found terminal backup directory.
Connecting to user database.................................done.
Checking database compatibility.............................done.
Database is compatible with XML transactions.
- Work mode: A
- Update mode: UD
- Force all codes: No
- Last plu check: 20/02/2014 12:40:54
Checking for terminal updates...
No update needed for file "pluadd"
No update needed for file "pluupdate"
No update needed for file "pludel"
No update needed for file "deps.add"
No update needed for file "deps.update"
No update needed for file "club.add"
No update needed for file "club.update"
No update needed for file "workers.add"
No update needed for file "workers.update"
Setting lastpludta time flag for the terminal...............done.
-------------------------------------------------------
Time: 20/02/2014 12:44:41
File "tran4000010.xml". Start processing...

Terminal 6000031 found in user database and is active.
Package #40 already exists in database.(2029) Checking transactions...
Found transaction #4000010.
Transaction #4000010 added. Processing components...
Product 2787000000005 already exists in stock.
Stock has been updated for product 2787000000005.
Product 790000000856 already exists in stock.
Stock has been updated for product 790000000856.
Product 790000000848 already exists in stock.
Stock has been updated for product 790000000848.
Product 2747000000002 already exists in stock.
Stock has been updated for product 2747000000002.
Processing payments...
Hakafa payment found for 1046.70 NIS.
Found payments for total 1046.7 NIS.
File processing complete.
Moving transaction file to archive as 'tran4000010.xml'.....
done.

