
Base terminal: 6000031
Scanning for terminal #6000031
Terminal found.
Found user directory.
Found terminal directory.
Found terminal backup directory.
Connecting to user database.................................done.
Checking database compatibility.............................done.
Database is compatible with XML transactions.
- Work mode: A
- Update mode: UD
- Force all codes: No
- Last plu check: 02/02/2014 10:46:44
Checking for terminal updates...
No update needed for file "pluadd"
No update needed for file "pluupdate"
No update needed for file "pludel"
File "deps" was updated successfully
File "club.dat" was updated successfully
File "workers.dat" was updated successfully
Setting lastpludta time flag for the terminal...............done.
-------------------------------------------------------
Time: 02/02/2014 11:35:12
File "tran300012.xml". Start processing...

Terminal 6000031 found in user database and is active.
Package #3 already exists in database.(1942) Checking transactions...
Found transaction #300012.
Transaction #300012 added. Processing components...
Product 8120000000285 already exists in stock.
Stock has been updated for product 8120000000285.
Product 2570000000069 already exists in stock.
Stock has been updated for product 2570000000069.
Product 1428000000008 already exists in stock.
Stock has been updated for product 1428000000008.
Product 7180000000124 already exists in stock.
Stock has been updated for product 7180000000124.
Processing payments...
Credit card payment found for 782.00 NIS.
Found payments for total 782 NIS.
File processing complete.
Moving transaction file to archive as 'tran300012.xml'......
done.

