
Base terminal: 6000031
Scanning for terminal #6000031
Terminal found.
Found user directory.
Found terminal directory.
Found terminal backup directory.
Connecting to user database.................................done.
Checking database compatibility.............................done.
Database is compatible with XML transactions.
- Work mode: A
- Update mode: UD
- Force all codes: No
- Last plu check: 28/02/2014 07:59:46
Checking for terminal updates...
No update needed for file "pluadd"
No update needed for file "pluupdate"
No update needed for file "pludel"
No update needed for file "deps.add"
No update needed for file "deps.update"
No update needed for file "club.add"
No update needed for file "club.update"
No update needed for file "workers.add"
No update needed for file "workers.update"
Setting lastpludta time flag for the terminal...............done.
-------------------------------------------------------
Time: 28/02/2014 08:00:46
File "tran5400002.xml". Start processing...

Terminal 6000031 found in user database and is active.
Package #54 already exists in database.(2064) Checking transactions...
Found transaction #5400002.
Transaction #5400002 added. Processing components...
Product 3800000830 already exists in stock.
Stock has been updated for product 3800000830.
Product 60013 already exists in stock.
Stock has been updated for product 60013.
Product 7180000000096 already exists in stock.
Stock has been updated for product 7180000000096.
Product 7180000000073 already exists in stock.
Stock has been updated for product 7180000000073.
Processing payments...
Credit card payment found for 217.50 NIS.
Found payments for total 217.5 NIS.
File processing complete.
Moving transaction file to archive as 'tran5400002.xml'.....
done.

