
Base terminal: 6000031
Scanning for terminal #6000031
Terminal found.
Found user directory.
Found terminal directory.
Found terminal backup directory.
Connecting to user database.................................done.
Checking database compatibility.............................done.
Database is compatible with XML transactions.
- Work mode: A
- Update mode: UD
- Force all codes: No
- Last plu check: 24/03/2014 14:44:59
Checking for terminal updates...
No update needed for file "pluadd"
No update needed for file "pluupdate"
No update needed for file "pludel"
No update needed for file "deps.add"
No update needed for file "deps.update"
No update needed for file "club.add"
No update needed for file "club.update"
No update needed for file "workers.add"
No update needed for file "workers.update"
Setting lastpludta time flag for the terminal...............done.
-------------------------------------------------------
Time: 24/03/2014 15:20:29
File "tran9300005.xml". Start processing...

Terminal 6000031 found in user database and is active.
Package #93 already exists in database.(2149) Checking transactions...
Found transaction #9300005.
Transaction #9300005 added. Processing components...
Product 16070657 already exists in stock.
Stock has been updated for product 16070657.
Product 2748000000036 already exists in stock.
Stock has been updated for product 2748000000036.
Product 790000000847 already exists in stock.
Stock has been updated for product 790000000847.
Processing payments...
Cash payment found for 500.00 NIS.
Found payments for total 500 NIS.
File processing complete.
Moving transaction file to archive as 'tran9300005.xml'.....
done.

