
Base terminal: 6000031
Scanning for terminal #6000031
Terminal found.
Found user directory.
Found terminal directory.
Found terminal backup directory.
Connecting to user database.................................done.
Checking database compatibility.............................done.
Database is compatible with XML transactions.
- Work mode: A
- Update mode: UD
- Force all codes: Yes
- Last plu check: 07/03/2014 10:12:08
Checking for terminal updates...
File "pluadd" was updated successfully
File "deps" was updated successfully
File "club.dat" was updated successfully
File "workers.dat" was updated successfully
Setting lastpludta time flag for the terminal...............done.
-------------------------------------------------------
Time: 07/03/2014 10:28:36
File "tran6500015.xml". Start processing...

Terminal 6000031 found in user database and is active.
Package #65 already exists in database.(2090) Checking transactions...
Found transaction #6500015.
Transaction #6500015 added. Processing components...
Product 2570000000165 already exists in stock.
Stock has been updated for product 2570000000165.
Product 3800000845 already exists in stock.
Stock has been updated for product 3800000845.
Product 790000000430 already exists in stock.
Stock has been updated for product 790000000430.
Product 8120000000268 already exists in stock.
Stock has been updated for product 8120000000268.
Product 4000000015 already exists in stock.
Stock has been updated for product 4000000015.
Product 9250000000184 already exists in stock.
Stock has been updated for product 9250000000184.
Product 790000000831 already exists in stock.
Stock has been updated for product 790000000831.
Product 2570000000140 already exists in stock.
Stock has been updated for product 2570000000140.
Product 2570000000086 already exists in stock.
Stock has been updated for product 2570000000086.
Processing payments...
Cash payment found for 500.00 NIS.
Credit card payment found for 300.00 NIS.
Credit card payment found for 314.40 NIS.
Found payments for total 1114.4 NIS.
File processing complete.
Moving transaction file to archive as 'tran6500015.xml'.....
done.

