
Base terminal: 6000031
Scanning for terminal #6000031
Terminal found.
Found user directory.
Found terminal directory.
Found terminal backup directory.
Connecting to user database.................................done.
Checking database compatibility.............................done.
Database is compatible with XML transactions.
- Work mode: A
- Update mode: UD
- Force all codes: No
- Last plu check: 21/03/2014 10:19:57
Checking for terminal updates...
No update needed for file "pluadd"
No update needed for file "pluupdate"
No update needed for file "pludel"
No update needed for file "deps.add"
No update needed for file "deps.update"
No update needed for file "club.add"
No update needed for file "club.update"
No update needed for file "workers.add"
No update needed for file "workers.update"
Setting lastpludta time flag for the terminal...............done.
-------------------------------------------------------
Time: 21/03/2014 10:22:39
File "tran8900025.xml". Start processing...

Terminal 6000031 found in user database and is active.
Package #89 already exists in database.(2141) Checking transactions...
Found transaction #8900025.
Transaction #8900025 added. Processing components...
Product 790000000849 already exists in stock.
Stock has been updated for product 790000000849.
Product 6630000000009 already exists in stock.
Stock has been updated for product 6630000000009.
Processing payments...
Credit card payment found for 179.55 NIS.
Found payments for total 179.55 NIS.
File processing complete.
Moving transaction file to archive as 'tran8900025.xml'.....
done.

