
Base terminal: 6000031
Scanning for terminal #6000031
Terminal found.
Found user directory.
Found terminal directory.
Found terminal backup directory.
Connecting to user database.................................done.
Checking database compatibility.............................done.
Database is compatible with XML transactions.
- Work mode: A
- Update mode: UD
- Force all codes: No
- Last plu check: 03/03/2014 12:51:21
Checking for terminal updates...
No update needed for file "pluadd"
No update needed for file "pluupdate"
No update needed for file "pludel"
No update needed for file "deps.add"
No update needed for file "deps.update"
No update needed for file "club.add"
No update needed for file "club.update"
No update needed for file "workers.add"
No update needed for file "workers.update"
Setting lastpludta time flag for the terminal...............done.
-------------------------------------------------------
Time: 03/03/2014 13:58:46
File "tran5800002.xml". Start processing...

Terminal 6000031 found in user database and is active.
Package #58 already exists in database.(2072) Checking transactions...
Found transaction #5800002.
Transaction #5800002 added. Processing components...
Product 9250000000195 already exists in stock.
Stock has been updated for product 9250000000195.
Product 42000000984 already exists in stock.
Stock has been updated for product 42000000984.
Processing payments...
Credit card payment found for 221.20 NIS.
Found payments for total 221.2 NIS.
File processing complete.
Moving transaction file to archive as 'tran5800002.xml'.....
done.

