
Base terminal: 6000031
Scanning for terminal #6000031
Terminal found.
Found user directory.
Found terminal directory.
Found terminal backup directory.
Connecting to user database.................................done.
Checking database compatibility.............................done.
Database is compatible with XML transactions.
- Work mode: A
- Update mode: UD
- Force all codes: Yes
- Last plu check: 25/03/2014 15:42:37
Checking for terminal updates...
File "pluadd" was updated successfully
File "deps" was updated successfully
File "club.dat" was updated successfully
File "workers.dat" was updated successfully
Setting lastpludta time flag for the terminal...............done.
-------------------------------------------------------
Time: 25/03/2014 15:45:05
File "tran9600007.xml". Start processing...

Terminal 6000031 found in user database and is active.
Package #96 already exists in database.(2154) Checking transactions...
Found transaction #9600007.
Transaction #9600007 added. Processing components...
Product 2570000000178 already exists in stock.
Stock has been updated for product 2570000000178.
Processing payments...
Credit card payment found for 119.00 NIS.
Found payments for total 119 NIS.
File processing complete.
Moving transaction file to archive as 'tran9600007.xml'.....
done.

