
Base terminal: 6000031
Scanning for terminal #6000031
Terminal found.
Found user directory.
Found terminal directory.
Found terminal backup directory.
Connecting to user database.................................done.
Checking database compatibility.............................done.
Database is compatible with XML transactions.
- Work mode: A
- Update mode: UD
- Force all codes: No
- Last plu check: 18/03/2014 11:06:14
Checking for terminal updates...
No update needed for file "pluadd"
No update needed for file "pluupdate"
No update needed for file "pludel"
No update needed for file "deps.add"
No update needed for file "deps.update"
No update needed for file "club.add"
No update needed for file "club.update"
No update needed for file "workers.add"
No update needed for file "workers.update"
Setting lastpludta time flag for the terminal...............done.
-------------------------------------------------------
Time: 18/03/2014 11:24:26
File "tran8200005.xml". Start processing...

Terminal 6000031 found in user database and is active.
Package #82 already exists in database.(2128) Checking transactions...
Found transaction #8200005.
Transaction #8200005 added. Processing components...
Product 2600177 already exists in stock.
Stock has been updated for product 2600177.
Product 2830000000053 already exists in stock.
Stock has been updated for product 2830000000053.
Processing payments...
Credit card payment found for 595.65 NIS.
Found payments for total 595.65 NIS.
File processing complete.
Moving transaction file to archive as 'tran8200005.xml'.....
done.

