
Base terminal: 6000031
Scanning for terminal #6000031
Terminal found.
Found user directory.
Found terminal directory.
Found terminal backup directory.
Connecting to user database.................................done.
Checking database compatibility.............................done.
Database is compatible with XML transactions.
- Work mode: A
- Update mode: UD
- Force all codes: No
- Last plu check: 17/03/2014 10:20:13
Checking for terminal updates...
No update needed for file "pluadd"
No update needed for file "pluupdate"
No update needed for file "pludel"
No update needed for file "deps.add"
No update needed for file "deps.update"
No update needed for file "club.add"
No update needed for file "club.update"
No update needed for file "workers.add"
No update needed for file "workers.update"
Setting lastpludta time flag for the terminal...............done.
-------------------------------------------------------
Time: 17/03/2014 10:46:49
File "tran7900004.xml". Start processing...

Terminal 6000031 found in user database and is active.
Package #79 already exists in database.(2123) Checking transactions...
Found transaction #7900004.
Transaction #7900004 added. Processing components...
Product 42000001446 already exists in stock.
Stock has been updated for product 42000001446.
Product 2570000000061 already exists in stock.
Stock has been updated for product 2570000000061.
Processing payments...
Cash payment found for 300.00 NIS.
Found payments for total 300 NIS.
File processing complete.
Moving transaction file to archive as 'tran7900004.xml'.....
done.

