
Base terminal: 6000031
Scanning for terminal #6000031
Terminal found.
Found user directory.
Found terminal directory.
Found terminal backup directory.
Connecting to user database.................................done.
Checking database compatibility.............................done.
Database is compatible with XML transactions.
- Work mode: A
- Update mode: UD
- Force all codes: Yes
- Last plu check: 07/03/2014 12:19:32
Checking for terminal updates...
File "pluadd" was updated successfully
File "deps" was updated successfully
File "club.dat" was updated successfully
File "workers.dat" was updated successfully
Setting lastpludta time flag for the terminal...............done.
-------------------------------------------------------
Time: 07/03/2014 12:45:45
File "tran6500026.xml". Start processing...

Terminal 6000031 found in user database and is active.
Package #65 already exists in database.(2090) Checking transactions...
Found transaction #6500026.
Transaction #6500026 added. Processing components...
Product 9250000000239 already exists in stock.
Stock has been updated for product 9250000000239.
Product 2570000000128 already exists in stock.
Stock has been updated for product 2570000000128.
Processing payments...
Cash payment found for 320.00 NIS.
Found payments for total 320 NIS.
File processing complete.
Moving transaction file to archive as 'tran6500026.xml'.....
done.

