
Base terminal: 6000031
Scanning for terminal #6000031
Terminal found.
Found user directory.
Found terminal directory.
Found terminal backup directory.
Connecting to user database.................................done.
Checking database compatibility.............................done.
Database is compatible with XML transactions.
- Work mode: A
- Update mode: UD
- Force all codes: No
- Last plu check: 17/02/2014 15:39:06
Checking for terminal updates...
No update needed for file "pluadd"
No update needed for file "pluupdate"
No update needed for file "pludel"
No update needed for file "deps.add"
No update needed for file "deps.update"
No update needed for file "club.add"
No update needed for file "club.update"
No update needed for file "workers.add"
No update needed for file "workers.update"
Setting lastpludta time flag for the terminal...............done.
-------------------------------------------------------
Time: 17/02/2014 16:06:29
File "tran3300008.xml". Start processing...

Terminal 6000031 found in user database and is active.
Package #33 already exists in database.(2009) Checking transactions...
Found transaction #3300008.
Transaction #3300008 added. Processing components...
Product 5400000212 already exists in stock.
Stock has been updated for product 5400000212.
Processing payments...
Cash payment found for 89.10 NIS.
Found payments for total 89.1 NIS.
File processing complete.
Moving transaction file to archive as 'tran3300008.xml'.....
done.

