
Base terminal: 6000031
Scanning for terminal #6000031
Terminal found.
Found user directory.
Found terminal directory.
Found terminal backup directory.
Connecting to user database.................................done.
Checking database compatibility.............................done.
Database is compatible with XML transactions.
- Work mode: A
- Update mode: UD
- Force all codes: No
- Last plu check: 12/03/2014 15:03:24
Checking for terminal updates...
No update needed for file "pluadd"
No update needed for file "pluupdate"
No update needed for file "pludel"
No update needed for file "deps.add"
No update needed for file "deps.update"
No update needed for file "club.add"
No update needed for file "club.update"
No update needed for file "workers.add"
No update needed for file "workers.update"
Setting lastpludta time flag for the terminal...............done.
-------------------------------------------------------
Time: 12/03/2014 15:26:34
File "tran7300007.xml". Start processing...

Terminal 6000031 found in user database and is active.
Package #73 already exists in database.(2108) Checking transactions...
Found transaction #7300007.
Transaction #7300007 added. Processing components...
Product 1425000000047 already exists in stock.
Stock has been updated for product 1425000000047.
Processing payments...
Credit card payment found for 284.05 NIS.
Found payments for total 284.05 NIS.
File processing complete.
Moving transaction file to archive as 'tran7300007.xml'.....
done.

