
Base terminal: 6000031
Scanning for terminal #6000031
Terminal found.
Found user directory.
Found terminal directory.
Found terminal backup directory.
Connecting to user database.................................done.
Checking database compatibility.............................done.
Database is compatible with XML transactions.
- Work mode: A
- Update mode: UD
- Force all codes: No
- Last plu check: 27/02/2014 08:39:59
Checking for terminal updates...
No update needed for file "pluadd"
No update needed for file "pluupdate"
No update needed for file "pludel"
No update needed for file "deps.add"
No update needed for file "deps.update"
No update needed for file "club.add"
No update needed for file "club.update"
No update needed for file "workers.add"
No update needed for file "workers.update"
Setting lastpludta time flag for the terminal...............done.
-------------------------------------------------------
Time: 27/02/2014 08:45:11
File "tran5200005.xml". Start processing...

Terminal 6000031 found in user database and is active.
Package #52 already exists in database.(2058) Checking transactions...
Found transaction #5200005.
Transaction #5200005 added. Processing components...
Product 60013 already exists in stock.
Stock has been updated for product 60013.
Product 790000000860 already exists in stock.
Stock has been updated for product 790000000860.
Product 2747000000002 already exists in stock.
Stock has been updated for product 2747000000002.
Processing payments...
Credit card payment found for 528.20 NIS.
Found payments for total 528.2 NIS.
File processing complete.
Moving transaction file to archive as 'tran5200005.xml'.....
done.

