
Base terminal: 6000031
Scanning for terminal #6000031
Terminal found.
Found user directory.
Found terminal directory.
Found terminal backup directory.
Connecting to user database.................................done.
Checking database compatibility.............................done.
Database is compatible with XML transactions.
- Work mode: A
- Update mode: UD
- Force all codes: No
- Last plu check: 14/03/2014 12:28:28
Checking for terminal updates...
No update needed for file "pluadd"
No update needed for file "pluupdate"
No update needed for file "pludel"
No update needed for file "deps.add"
No update needed for file "deps.update"
No update needed for file "club.add"
No update needed for file "club.update"
No update needed for file "workers.add"
No update needed for file "workers.update"
Setting lastpludta time flag for the terminal...............done.
-------------------------------------------------------
Time: 14/03/2014 12:34:36
File "tran7600017.xml". Start processing...

Terminal 6000031 found in user database and is active.
Package #76 already exists in database.(2116) Checking transactions...
Found transaction #7600017.
Transaction #7600017 added. Processing components...
Product 2600173 already exists in stock.
Stock has been updated for product 2600173.
Product 2600136 already exists in stock.
Stock has been updated for product 2600136.
Product 2600111 already exists in stock.
Stock has been updated for product 2600111.
Product 9270000000018 already exists in stock.
Stock has been updated for product 9270000000018.
Processing payments...
RefundVoucher payment found for 374.00 NIS.
Credit card payment found for 416.00 NIS.
Found payments for total 790 NIS.
File processing complete.
Moving transaction file to archive as 'tran7600017.xml'.....
done.

