
Base terminal: 6000031
Scanning for terminal #6000031
Terminal found.
Found user directory.
Found terminal directory.
Found terminal backup directory.
Connecting to user database.................................done.
Checking database compatibility.............................done.
Database is compatible with XML transactions.
- Work mode: A
- Update mode: UD
- Force all codes: No
- Last plu check: 11/03/2014 17:58:14
Checking for terminal updates...
No update needed for file "pluadd"
No update needed for file "pluupdate"
No update needed for file "pludel"
No update needed for file "deps.add"
No update needed for file "deps.update"
No update needed for file "club.add"
No update needed for file "club.update"
No update needed for file "workers.add"
No update needed for file "workers.update"
Setting lastpludta time flag for the terminal...............done.
-------------------------------------------------------
Time: 12/03/2014 07:21:49
File "tran7200001.xml". Start processing...

Terminal 6000031 found in user database and is active.
Creating package #72........................................done.(2107)
Processing transactions:
Found transaction #7200001.
Transaction #7200001 added. Processing components...
Product 2600111 already exists in stock.
Stock has been updated for product 2600111.
Processing payments...
Cash payment found for 300.00 NIS.
Found payments for total 300 NIS.
File processing complete.
Moving transaction file to archive as 'tran7200001.xml'.....
done.

