
Base terminal: 6000031
Scanning for terminal #6000031
Terminal found.
Found user directory.
Found terminal directory.
Found terminal backup directory.
Connecting to user database.................................done.
Checking database compatibility.............................done.
Database is compatible with XML transactions.
- Work mode: A
- Update mode: UD
- Force all codes: No
- Last plu check: 24/03/2014 13:25:02
Checking for terminal updates...
No update needed for file "pluadd"
No update needed for file "pluupdate"
No update needed for file "pludel"
No update needed for file "deps.add"
No update needed for file "deps.update"
No update needed for file "club.add"
File "club.update" was updated successfully
No update needed for file "workers.add"
File "workers.update" was updated successfully
Setting lastpludta time flag for the terminal...............done.
-------------------------------------------------------
Time: 24/03/2014 13:40:15
File "tran9300001.xml". Start processing...

Terminal 6000031 found in user database and is active.
Creating package #93........................................done.(2149)
Processing transactions:
Found transaction #9300001.
Transaction #9300001 added. Processing components...
Product 0000000000000 already exists in stock.
Stock has been updated for product 0000000000000.
Product 3800000860 already exists in stock.
Stock has been updated for product 3800000860.
Product 2747000000002 already exists in stock.
Stock has been updated for product 2747000000002.
Product 2600170 already exists in stock.
Stock has been updated for product 2600170.
Processing payments...
Credit card payment found for 206.10 NIS.
Cheque payment found for 200.00 NIS.
Found payments for total 406.1 NIS.
File processing complete.
Moving transaction file to archive as 'tran9300001.xml'.....
done.

