
Base terminal: 6000031
Scanning for terminal #6000031
Terminal found.
Found user directory.
Found terminal directory.
Found terminal backup directory.
Connecting to user database.................................done.
Checking database compatibility.............................done.
Database is compatible with XML transactions.
- Work mode: A
- Update mode: UD
- Force all codes: No
- Last plu check: 24/02/2014 12:54:19
Checking for terminal updates...
No update needed for file "pluadd"
No update needed for file "pluupdate"
No update needed for file "pludel"
No update needed for file "deps.add"
No update needed for file "deps.update"
No update needed for file "club.add"
No update needed for file "club.update"
No update needed for file "workers.add"
No update needed for file "workers.update"
Setting lastpludta time flag for the terminal...............done.
-------------------------------------------------------
Time: 24/02/2014 14:02:12
File "tran4600001.xml". Start processing...

Terminal 6000031 found in user database and is active.
Creating package #46........................................done.(2044)
Processing transactions:
Found transaction #4600001.
Transaction #4600001 added. Processing components...
Product 3800000836 already exists in stock.
Stock has been updated for product 3800000836.
Product 1428000000008 already exists in stock.
Stock has been updated for product 1428000000008.
Processing payments...
Cash payment found for 400.00 NIS.
Found payments for total 400 NIS.
File processing complete.
Moving transaction file to archive as 'tran4600001.xml'.....
done.


-------------------------------------------------------
Time: 24/02/2014 14:02:12
File "tran300024.xml". Start processing...

Terminal ID in file - 1234, doesn't match current terminal ID - 6000031. Switching to new terminal...
Scanning for terminal #1234

ERROR: Terminal was not found in database or is inactive.
File processing cancelled.



-------------------------------------------------------
Time: 24/02/2014 14:02:12
File "tran300022.xml". Start processing...

Terminal ID in file - 1234, doesn't match current terminal ID - -1. Switching to new terminal...
Scanning for terminal #1234

ERROR: Terminal was not found in database or is inactive.
File processing cancelled.



-------------------------------------------------------
Time: 24/02/2014 14:02:12
File "tran300021.xml". Start processing...

Terminal ID in file - 1234, doesn't match current terminal ID - -1. Switching to new terminal...
Scanning for terminal #1234

ERROR: Terminal was not found in database or is inactive.
File processing cancelled.


