
Base terminal: 6000031
Scanning for terminal #6000031
Terminal found.
Found user directory.
Found terminal directory.
Found terminal backup directory.
Connecting to user database.................................done.
Checking database compatibility.............................done.
Database is compatible with XML transactions.
- Work mode: A
- Update mode: UD
- Force all codes: No
- Last plu check: 18/03/2014 15:45:10
Checking for terminal updates...
No update needed for file "pluadd"
No update needed for file "pluupdate"
No update needed for file "pludel"
No update needed for file "deps.add"
No update needed for file "deps.update"
File "club.add" was updated successfully
No update needed for file "club.update"
No update needed for file "workers.add"
No update needed for file "workers.update"
Setting lastpludta time flag for the terminal...............done.
-------------------------------------------------------
Time: 18/03/2014 16:05:01
File "clock.txt". Start processing...

3 lines found. Parsing...........done.
3 records parsed
Registered record for worker #1: 2014-03-18 10:35 - 14:49.
Moving clock file to archive as 'clock.2014-03-18.txt'......
done.


-------------------------------------------------------
Time: 18/03/2014 16:05:01
File "tran8400010.xml". Start processing...

Terminal 6000031 found in user database and is active.
Package #84 already exists in database.(2129) Checking transactions...
Found transaction #8400010.
Transaction #8400010 added. Processing components...
Product 3800000264 already exists in stock.
Stock has been updated for product 3800000264.
Product 9290000000048 already exists in stock.
Stock has been updated for product 9290000000048.
Product 860000000051 already exists in stock.
Stock has been updated for product 860000000051.
Processing payments...
Credit card payment found for 263.15 NIS.
Found payments for total 263.15 NIS.
File processing complete.
Moving transaction file to archive as 'tran8400010.xml'.....
done.


-------------------------------------------------------
Time: 18/03/2014 16:05:01
File "tran8400011.xml". Start processing...

Terminal 6000031 found in user database and is active.
Package #84 already exists in database.(2129) Checking transactions...
Found transaction #8400011.
Transaction #8400011 added. Processing components...
Product 790000000856 already exists in stock.
Stock has been updated for product 790000000856.
Product 790000000525 already exists in stock.
Stock has been updated for product 790000000525.
Product 3800000891 already exists in stock.
Stock has been updated for product 3800000891.
Product 2600168 already exists in stock.
Stock has been updated for product 2600168.
Processing payments...
Credit card payment found for 708.85 NIS.
Found payments for total 708.85 NIS.
File processing complete.
Moving transaction file to archive as 'tran8400011.xml'.....
done.

