
Base terminal: 6000031
Scanning for terminal #6000031
Terminal found.
Found user directory.
Found terminal directory.
Found terminal backup directory.
Connecting to user database.................................done.
Checking database compatibility.............................done.
Database is compatible with XML transactions.
- Work mode: A
- Update mode: UD
- Force all codes: No
- Last plu check: 17/03/2014 10:46:49
Checking for terminal updates...
No update needed for file "pluadd"
No update needed for file "pluupdate"
No update needed for file "pludel"
No update needed for file "deps.add"
No update needed for file "deps.update"
No update needed for file "club.add"
No update needed for file "club.update"
No update needed for file "workers.add"
No update needed for file "workers.update"
Setting lastpludta time flag for the terminal...............done.
-------------------------------------------------------
Time: 17/03/2014 11:45:37
File "tran7900005.xml". Start processing...

Terminal 6000031 found in user database and is active.
Package #79 already exists in database.(2123) Checking transactions...
Found transaction #7900005.
Transaction #7900005 added. Processing components...
Product 9290000000048 already exists in stock.
Stock has been updated for product 9290000000048.
Processing payments...
Credit card payment found for 56.05 NIS.
Found payments for total 56.05 NIS.
File processing complete.
Moving transaction file to archive as 'tran7900005.xml'.....
done.

