
Base terminal: 6000031
Scanning for terminal #6000031
Terminal found.
Found user directory.
Found terminal directory.
Found terminal backup directory.
Connecting to user database.................................done.
Checking database compatibility.............................done.
Database is compatible with XML transactions.
- Work mode: A
- Update mode: UD
- Force all codes: No
- Last plu check: 21/02/2014 11:19:30
Checking for terminal updates...
No update needed for file "pluadd"
No update needed for file "pluupdate"
No update needed for file "pludel"
No update needed for file "deps.add"
No update needed for file "deps.update"
No update needed for file "club.add"
No update needed for file "club.update"
No update needed for file "workers.add"
No update needed for file "workers.update"
Setting lastpludta time flag for the terminal...............done.
-------------------------------------------------------
Time: 21/02/2014 11:25:36
File "tran4200023.xml". Start processing...

Terminal 6000031 found in user database and is active.
Package #42 already exists in database.(2033) Checking transactions...
Found transaction #4200023.
Transaction #4200023 added. Processing components...
Product 9250000000238 already exists in stock.
Stock has been updated for product 9250000000238.
Product 2570000000157 already exists in stock.
Stock has been updated for product 2570000000157.
Product 2570000000101 already exists in stock.
Stock has been updated for product 2570000000101.
Product 2936000000005 already exists in stock.
Stock has been updated for product 2936000000005.
Product 5400000298 already exists in stock.
Stock has been updated for product 5400000298.
Processing payments...
Credit card payment found for 598.50 NIS.
Found payments for total 598.5 NIS.
File processing complete.
Moving transaction file to archive as 'tran4200023.xml'.....
done.

