
Base terminal: 6000031
Scanning for terminal #6000031
Terminal found.
Found user directory.
Found terminal directory.
Found terminal backup directory.
Connecting to user database.................................done.
Checking database compatibility.............................done.
Database is compatible with XML transactions.
- Work mode: A
- Update mode: UD
- Force all codes: No
- Last plu check: 02/02/2014 21:05:05
Checking for terminal updates...
No update needed for file "pluadd"
No update needed for file "pluupdate"
No update needed for file "pludel"
No update needed for file "deps.update"
No update needed for file "club.update"
No update needed for file "workers.update"
Setting lastpludta time flag for the terminal...............done.
-------------------------------------------------------
Time: 03/02/2014 08:44:11
File "tran500001.xml". Start processing...

Terminal 6000031 found in user database and is active.
Creating package #5.........................................done.(1948)
Processing transactions:
Found transaction #500001.
Transaction #500001 added. Processing components...
Product 7180000000102 already exists in stock.
Stock has been updated for product 7180000000102.
Product 5400000213 already exists in stock.
Stock has been updated for product 5400000213.
Processing payments...
Credit card payment found for 200.75 NIS.
Found payments for total 200.75 NIS.
File processing complete.
Moving transaction file to archive as 'tran500001_2.xml'....
done.

