
Base terminal: 6000031
Scanning for terminal #6000031
Terminal found.
Found user directory.
Found terminal directory.
Found terminal backup directory.
Connecting to user database.................................done.
Checking database compatibility.............................done.
Database is compatible with XML transactions.
- Work mode: A
- Update mode: UD
- Force all codes: Yes
- Last plu check: 25/03/2014 17:03:02
Checking for terminal updates...
File "pluadd" was updated successfully
File "deps" was updated successfully
File "club.dat" was updated successfully
File "workers.dat" was updated successfully
Setting lastpludta time flag for the terminal...............done.
-------------------------------------------------------
Time: 25/03/2014 17:03:44
File "tran9600015.xml". Start processing...

Terminal 6000031 found in user database and is active.
Package #96 already exists in database.(2154) Checking transactions...
Found transaction #9600015.
Transaction #9600015 added. Processing components...
Product 2747000000002 already exists in stock.
Stock has been updated for product 2747000000002.
Processing payments...
Credit card payment found for 331.55 NIS.
Found payments for total 331.55 NIS.
File processing complete.
Moving transaction file to archive as 'tran9600015.xml'.....
done.

