
Base terminal: 6000031
Scanning for terminal #6000031
Terminal found.
Found user directory.
Found terminal directory.
Found terminal backup directory.
Connecting to user database.................................done.
Checking database compatibility.............................done.
Database is compatible with XML transactions.
- Work mode: A
- Update mode: UD
- Force all codes: Yes
- Last plu check: 18/02/2014 09:17:20
Checking for terminal updates...
File "pluadd" was updated successfully
File "deps" was updated successfully
File "club.dat" was updated successfully
File "workers.dat" was updated successfully
Setting lastpludta time flag for the terminal...............done.
-------------------------------------------------------
Time: 18/02/2014 09:51:22
File "tran3400004.xml". Start processing...

Terminal 6000031 found in user database and is active.
Package #34 already exists in database.(2011) Checking transactions...
Found transaction #3400004.
Transaction #3400004 added. Processing components...
Product 2600169 already exists in stock.
Stock has been updated for product 2600169.
Product 42000000984 already exists in stock.
Stock has been updated for product 42000000984.
Product 5400000444 already exists in stock.
Stock has been updated for product 5400000444.
Product 5400000626 already exists in stock.
Stock has been updated for product 5400000626.
Processing payments...
Hakafa payment found for 716.40 NIS.
Found payments for total 716.4 NIS.
File processing complete.
Moving transaction file to archive as 'tran3400004.xml'.....
done.

