
Base terminal: 6000031
Scanning for terminal #6000031
Terminal found.
Found user directory.
Found terminal directory.
Found terminal backup directory.
Connecting to user database.................................done.
Checking database compatibility.............................done.
Database is compatible with XML transactions.
- Work mode: A
- Update mode: UD
- Force all codes: No
- Last plu check: 20/03/2014 16:55:16
Checking for terminal updates...
No update needed for file "pluadd"
No update needed for file "pluupdate"
No update needed for file "pludel"
No update needed for file "deps.add"
No update needed for file "deps.update"
No update needed for file "club.add"
No update needed for file "club.update"
No update needed for file "workers.add"
No update needed for file "workers.update"
Setting lastpludta time flag for the terminal...............done.
-------------------------------------------------------
Time: 20/03/2014 17:41:19
File "tran8800008.xml". Start processing...

Terminal 6000031 found in user database and is active.
Package #88 already exists in database.(2138) Checking transactions...
Found transaction #8800008.
Transaction #8800008 added. Processing components...
Product 5400000581 already exists in stock.
Stock has been updated for product 5400000581.
Product 2830000000008 already exists in stock.
Stock has been updated for product 2830000000008.
Product 790000000727 already exists in stock.
Stock has been updated for product 790000000727.
Processing payments...
Cash payment found for 303.00 NIS.
Found payments for total 303 NIS.
File processing complete.
Moving transaction file to archive as 'tran8800008.xml'.....
done.

