
Base terminal: 6000031
Scanning for terminal #6000031
Terminal found.
Found user directory.
Found terminal directory.
Found terminal backup directory.
Connecting to user database.................................done.
Checking database compatibility.............................done.
Database is compatible with XML transactions.
- Work mode: A
- Update mode: UD
- Force all codes: No
- Last plu check: 18/02/2014 11:53:10
Checking for terminal updates...
No update needed for file "pluadd"
No update needed for file "pluupdate"
No update needed for file "pludel"
No update needed for file "deps.add"
No update needed for file "deps.update"
No update needed for file "club.add"
No update needed for file "club.update"
No update needed for file "workers.add"
No update needed for file "workers.update"
Setting lastpludta time flag for the terminal...............done.
-------------------------------------------------------
Time: 18/02/2014 12:02:23
File "tran3400010.xml". Start processing...

Terminal 6000031 found in user database and is active.
Package #34 already exists in database.(2011) Checking transactions...
Found transaction #3400010.
Transaction #3400010 added. Processing components...
Product 2570000000123 already exists in stock.
Stock has been updated for product 2570000000123.
Product 7180000000135 already exists in stock.
Stock has been updated for product 7180000000135.
Product 7180000000136 already exists in stock.
Stock has been updated for product 7180000000136.
Product 8120000000282 already exists in stock.
Stock has been updated for product 8120000000282.
Product 3800000888 already exists in stock.
Stock has been updated for product 3800000888.
Processing payments...
RefundVoucher payment found for 119.25 NIS.
Credit card payment found for 1151.50 NIS.
Found payments for total 1270.75 NIS.
File processing complete.
Moving transaction file to archive as 'tran3400010.xml'.....
done.

