
Base terminal: 6000031
Scanning for terminal #6000031
Terminal found.
Found user directory.
Found terminal directory.
Found terminal backup directory.
Connecting to user database.................................done.
Checking database compatibility.............................done.
Database is compatible with XML transactions.
- Work mode: A
- Update mode: UD
- Force all codes: Yes
- Last plu check: 05/03/2014 17:08:28
Checking for terminal updates...
File "pluadd" was updated successfully
File "deps" was updated successfully
File "club.dat" was updated successfully
File "workers.dat" was updated successfully
Setting lastpludta time flag for the terminal...............done.
-------------------------------------------------------
Time: 05/03/2014 17:17:44
File "tran6200010.xml". Start processing...

Terminal 6000031 found in user database and is active.
Package #62 already exists in database.(2082) Checking transactions...
Found transaction #6200010.
Transaction #6200010 added. Processing components...
Product 2747000000033 already exists in stock.
Stock has been updated for product 2747000000033.
Product 2600148 already exists in stock.
Stock has been updated for product 2600148.
Processing payments...
Credit card payment found for 596.60 NIS.
Found payments for total 596.6 NIS.
File processing complete.
Moving transaction file to archive as 'tran6200010.xml'.....
done.

