
Base terminal: 6000031
Scanning for terminal #6000031
Terminal found.
Found user directory.
Found terminal directory.
Found terminal backup directory.
Connecting to user database.................................done.
Checking database compatibility.............................done.
Database is compatible with XML transactions.
- Work mode: A
- Update mode: UD
- Force all codes: Yes
- Last plu check: 07/03/2014 09:15:40
Checking for terminal updates...
File "pluadd" was updated successfully
File "deps" was updated successfully
File "club.dat" was updated successfully
File "workers.dat" was updated successfully
Setting lastpludta time flag for the terminal...............done.
-------------------------------------------------------
Time: 07/03/2014 09:34:20
File "tran6500011.xml". Start processing...

Terminal 6000031 found in user database and is active.
Package #65 already exists in database.(2090) Checking transactions...
Found transaction #6500011.
Transaction #6500011 added. Processing components...
Product 3400000010 already exists in stock.
Stock has been updated for product 3400000010.
Product 9910000000000 already exists in stock.
Stock has been updated for product 9910000000000.
Product 7180000000105 already exists in stock.
Stock has been updated for product 7180000000105.
Product 7180000000126 already exists in stock.
Stock has been updated for product 7180000000126.
Product 2830000000054 already exists in stock.
Stock has been updated for product 2830000000054.
Product 5400000253 already exists in stock.
Stock has been updated for product 5400000253.
Product 4000000015 already exists in stock.
Stock has been updated for product 4000000015.
Processing payments...
Cash payment found for 450.80 NIS.
Found payments for total 450.8 NIS.
File processing complete.
Moving transaction file to archive as 'tran6500011.xml'.....
done.

