
Base terminal: 6000031
Scanning for terminal #6000031
Terminal found.
Found user directory.
Found terminal directory.
Found terminal backup directory.
Connecting to user database.................................done.
Checking database compatibility.............................done.
Database is compatible with XML transactions.
- Work mode: A
- Update mode: UD
- Force all codes: No
- Last plu check: 18/02/2014 10:33:16
Checking for terminal updates...
No update needed for file "pluadd"
No update needed for file "pluupdate"
No update needed for file "pludel"
No update needed for file "deps.add"
No update needed for file "deps.update"
No update needed for file "club.add"
No update needed for file "club.update"
No update needed for file "workers.add"
No update needed for file "workers.update"
Setting lastpludta time flag for the terminal...............done.
-------------------------------------------------------
Time: 18/02/2014 10:37:10
File "tran3400007.xml". Start processing...

Terminal 6000031 found in user database and is active.
Package #34 already exists in database.(2011) Checking transactions...
Found transaction #3400007.
Transaction #3400007 added. Processing components...
Product 7180000000117 already exists in stock.
Stock has been updated for product 7180000000117.
Product 2570000000123 already exists in stock.
Stock has been updated for product 2570000000123.
Product 2830000000012 already exists in stock.
Stock has been updated for product 2830000000012.
Processing payments...
Cash payment found for 300.00 NIS.
Credit card payment found for 81.55 NIS.
Found payments for total 381.55 NIS.
File processing complete.
Moving transaction file to archive as 'tran3400007.xml'.....
done.

