
Base terminal: 6000031
Scanning for terminal #6000031
Terminal found.
Found user directory.
Found terminal directory.
Found terminal backup directory.
Connecting to user database.................................done.
Checking database compatibility.............................done.
Database is compatible with XML transactions.
- Work mode: A
- Update mode: UD
- Force all codes: No
- Last plu check: 27/02/2014 10:17:00
Checking for terminal updates...
No update needed for file "pluadd"
No update needed for file "pluupdate"
No update needed for file "pludel"
No update needed for file "deps.add"
No update needed for file "deps.update"
No update needed for file "club.add"
No update needed for file "club.update"
No update needed for file "workers.add"
No update needed for file "workers.update"
Setting lastpludta time flag for the terminal...............done.
-------------------------------------------------------
Time: 27/02/2014 10:22:37
File "tran5200010.xml". Start processing...

Terminal 6000031 found in user database and is active.
Package #52 already exists in database.(2058) Checking transactions...
Found transaction #5200010.
Transaction #5200010 added. Processing components...
Product 60013 already exists in stock.
Stock has been updated for product 60013.
Product 42000000984 already exists in stock.
Stock has been updated for product 42000000984.
Product 7180000000102 already exists in stock.
Stock has been updated for product 7180000000102.
Processing payments...
Credit card payment found for 133.20 NIS.
Found payments for total 133.2 NIS.
File processing complete.
Moving transaction file to archive as 'tran5200010.xml'.....
done.

