
Base terminal: 6000031
Scanning for terminal #6000031
Terminal found.
Found user directory.
Found terminal directory.
Found terminal backup directory.
Connecting to user database.................................done.
Checking database compatibility.............................done.
Database is compatible with XML transactions.
- Work mode: A
- Update mode: UD
- Force all codes: No
- Last plu check: 27/02/2014 15:30:43
Checking for terminal updates...
No update needed for file "pluadd"
No update needed for file "pluupdate"
No update needed for file "pludel"
No update needed for file "deps.add"
No update needed for file "deps.update"
No update needed for file "club.add"
No update needed for file "club.update"
No update needed for file "workers.add"
No update needed for file "workers.update"
Setting lastpludta time flag for the terminal...............done.
-------------------------------------------------------
Time: 27/02/2014 15:52:36
File "tran5300005.xml". Start processing...

Terminal 6000031 found in user database and is active.
Package #53 already exists in database.(2061) Checking transactions...
Found transaction #5300005.
Transaction #5300005 added. Processing components...
Product 790000000858 already exists in stock.
Stock has been updated for product 790000000858.
Product 2790000000001 already exists in stock.
Stock has been updated for product 2790000000001.
Processing payments...
Cash payment found for 245.00 NIS.
Found payments for total 245 NIS.
File processing complete.
Moving transaction file to archive as 'tran5300005.xml'.....
done.

