
Base terminal: 6000031
Scanning for terminal #6000031
Terminal found.
Found user directory.
Found terminal directory.
Found terminal backup directory.
Connecting to user database.................................done.
Checking database compatibility.............................done.
Database is compatible with XML transactions.
- Work mode: A
- Update mode: UD
- Force all codes: No
- Last plu check: 28/02/2014 08:00:46
Checking for terminal updates...
No update needed for file "pluadd"
No update needed for file "pluupdate"
No update needed for file "pludel"
No update needed for file "deps.add"
No update needed for file "deps.update"
No update needed for file "club.add"
No update needed for file "club.update"
No update needed for file "workers.add"
No update needed for file "workers.update"
Setting lastpludta time flag for the terminal...............done.
-------------------------------------------------------
Time: 28/02/2014 08:15:01
File "tran5400003.xml". Start processing...

Terminal 6000031 found in user database and is active.
Package #54 already exists in database.(2064) Checking transactions...
Found transaction #5400003.
Transaction #5400003 added. Processing components...
Product 9250000000245 already exists in stock.
Stock has been updated for product 9250000000245.
Product 5800000027 already exists in stock.
Stock has been updated for product 5800000027.
Product 0000000000000 already exists in stock.
Stock has been updated for product 0000000000000.
Product 4000000040 already exists in stock.
Stock has been updated for product 4000000040.
Processing payments...
Cash payment found for 500.00 NIS.
Found payments for total 500 NIS.
File processing complete.
Moving transaction file to archive as 'tran5400003.xml'.....
done.

