
Base terminal: 6000031
Scanning for terminal #6000031
Terminal found.
Found user directory.
Found terminal directory.
Found terminal backup directory.
Connecting to user database.................................done.
Checking database compatibility.............................done.
Database is compatible with XML transactions.
- Work mode: A
- Update mode: UD
- Force all codes: No
- Last plu check: 16/02/2014 13:21:05
Checking for terminal updates...
No update needed for file "pluadd"
No update needed for file "pluupdate"
No update needed for file "pludel"
No update needed for file "deps.add"
No update needed for file "deps.update"
No update needed for file "club.add"
No update needed for file "club.update"
No update needed for file "workers.add"
No update needed for file "workers.update"
Setting lastpludta time flag for the terminal...............done.
-------------------------------------------------------
Time: 16/02/2014 13:23:21
File "tran3100004.xml". Start processing...

Terminal 6000031 found in user database and is active.
Package #31 already exists in database.(2005) Checking transactions...
Found transaction #3100004.
Transaction #3100004 added. Processing components...
Product 90000000233 already exists in stock.
Stock has been updated for product 90000000233.
Product 42000001429 already exists in stock.
Stock has been updated for product 42000001429.
Processing payments...
Cash payment found for 368.50 NIS.
Found payments for total 368.5 NIS.
File processing complete.
Moving transaction file to archive as 'tran3100004.xml'.....
done.

