
Base terminal: 6000031
Scanning for terminal #6000031
Terminal found.
Found user directory.
Found terminal directory.
Found terminal backup directory.
Connecting to user database.................................done.
Checking database compatibility.............................done.
Database is compatible with XML transactions.
- Work mode: A
- Update mode: UD
- Force all codes: No
- Last plu check: 07/02/2014 07:47:17
Checking for terminal updates...
No update needed for file "pluadd"
No update needed for file "pluupdate"
No update needed for file "pludel"
No update needed for file "deps.update"
No update needed for file "club.update"
No update needed for file "workers.update"
Setting lastpludta time flag for the terminal...............done.
-------------------------------------------------------
Time: 07/02/2014 08:02:06
File "tran300014.xml". Start processing...

Terminal ID in file - 1234, doesn't match current terminal ID - 6000031. Switching to new terminal...
Scanning for terminal #1234

ERROR: Terminal was not found in database or is inactive.
File processing cancelled.



-------------------------------------------------------
Time: 07/02/2014 08:02:06
File "tran300012.xml". Start processing...

Terminal ID in file - 1234, doesn't match current terminal ID - -1. Switching to new terminal...
Scanning for terminal #1234

ERROR: Terminal was not found in database or is inactive.
File processing cancelled.



-------------------------------------------------------
Time: 07/02/2014 08:02:06
File "tran300013.xml". Start processing...

Terminal ID in file - 1234, doesn't match current terminal ID - -1. Switching to new terminal...
Scanning for terminal #1234

ERROR: Terminal was not found in database or is inactive.
File processing cancelled.



-------------------------------------------------------
Time: 07/02/2014 08:02:06
File "tran300015.xml". Start processing...

Terminal ID in file - 1234, doesn't match current terminal ID - -1. Switching to new terminal...
Scanning for terminal #1234

ERROR: Terminal was not found in database or is inactive.
File processing cancelled.



-------------------------------------------------------
Time: 07/02/2014 08:02:06
File "tran300016.xml". Start processing...

Terminal ID in file - 1234, doesn't match current terminal ID - -1. Switching to new terminal...
Scanning for terminal #1234

ERROR: Terminal was not found in database or is inactive.
File processing cancelled.



-------------------------------------------------------
Time: 07/02/2014 08:02:06
File "tran390001.xml". Start processing...

Terminal ID in file - 1234, doesn't match current terminal ID - -1. Switching to new terminal...
Scanning for terminal #1234

ERROR: Terminal was not found in database or is inactive.
File processing cancelled.



-------------------------------------------------------
Time: 07/02/2014 08:02:06
File "tran1400004.xml". Start processing...

Terminal ID in file - 6000031, doesn't match current terminal ID - -1. Switching to new terminal...
Scanning for terminal #6000031
Terminal found.
Found user directory.
Found terminal directory.
Found terminal backup directory.
Connecting to user database.................................done.
Checking database compatibility.............................done.
Database is compatible with XML transactions.
Terminal 6000031 found in user database and is active.
Package #14 already exists in database.(1971) Checking transactions...
Found transaction #1400004.
Transaction #1400004 added. Processing components...
Product 3700000006 already exists in stock.
Stock has been updated for product 3700000006.
Product 2600168 already exists in stock.
Stock has been updated for product 2600168.
Product 90000000257 already exists in stock.
Stock has been updated for product 90000000257.
Product 2570000000130 already exists in stock.
Stock has been updated for product 2570000000130.
Processing payments...
Credit card payment found for 1100.40 NIS.
Found payments for total 1100.4 NIS.
File processing complete.
Moving transaction file to archive as 'tran1400004.xml'.....
done.

