
Base terminal: 6000031
Scanning for terminal #6000031
Terminal found.
Found user directory.
Found terminal directory.
Found terminal backup directory.
Connecting to user database.................................done.
Checking database compatibility.............................done.
Database is compatible with XML transactions.
- Work mode: A
- Update mode: UD
- Force all codes: No
- Last plu check: 18/02/2014 16:55:09
Checking for terminal updates...
No update needed for file "pluadd"
No update needed for file "pluupdate"
No update needed for file "pludel"
No update needed for file "deps.add"
No update needed for file "deps.update"
No update needed for file "club.add"
No update needed for file "club.update"
No update needed for file "workers.add"
No update needed for file "workers.update"
Setting lastpludta time flag for the terminal...............done.
-------------------------------------------------------
Time: 18/02/2014 16:59:46
File "tran3500007.xml". Start processing...

Terminal 6000031 found in user database and is active.
Package #35 already exists in database.(2013) Checking transactions...
Found transaction #3500007.
Transaction #3500007 added. Processing components...
Product 2569000000095 already exists in stock.
Stock has been updated for product 2569000000095.
Product 3800000854 already exists in stock.
Stock has been updated for product 3800000854.
Processing payments...
Cash payment found for -0.0075.00 NIS.
Found refund for total 0.0075 NIS.
File processing complete.
Moving transaction file to archive as 'tran3500007.xml'.....
done.

