
Base terminal: 6000031
Scanning for terminal #6000031
Terminal found.
Found user directory.
Found terminal directory.
Found terminal backup directory.
Connecting to user database.................................done.
Checking database compatibility.............................done.
Database is compatible with XML transactions.
- Work mode: A
- Update mode: UD
- Force all codes: No
- Last plu check: 21/03/2014 09:25:14
Checking for terminal updates...
No update needed for file "pluadd"
No update needed for file "pluupdate"
No update needed for file "pludel"
No update needed for file "deps.add"
No update needed for file "deps.update"
No update needed for file "club.add"
No update needed for file "club.update"
No update needed for file "workers.add"
No update needed for file "workers.update"
Setting lastpludta time flag for the terminal...............done.
-------------------------------------------------------
Time: 21/03/2014 09:26:39
File "tran8900016.xml". Start processing...

Terminal 6000031 found in user database and is active.
Package #89 already exists in database.(2141) Checking transactions...
Found transaction #8900016.
Transaction #8900016 added. Processing components...
Product 2615000000000 already exists in stock.
Stock has been updated for product 2615000000000.
Processing payments...
Credit card payment found for 100.00 NIS.
Credit card payment found for 149.00 NIS.
Found payments for total 249 NIS.
File processing complete.
Moving transaction file to archive as 'tran8900016.xml'.....
done.

