
Base terminal: 6000031
Scanning for terminal #6000031
Terminal found.
Found user directory.
Found terminal directory.
Found terminal backup directory.
Connecting to user database.................................done.
Checking database compatibility.............................done.
Database is compatible with XML transactions.
- Work mode: A
- Update mode: UD
- Force all codes: Yes
- Last plu check: 27/03/2014 11:10:55
Checking for terminal updates...
File "pluadd" was updated successfully
File "deps" was updated successfully
File "club.dat" was updated successfully
File "workers.dat" was updated successfully
Setting lastpludta time flag for the terminal...............done.
-------------------------------------------------------
Time: 27/03/2014 11:20:53
File "tran9900010.xml". Start processing...

Terminal 6000031 found in user database and is active.
Package #99 already exists in database.(2162) Checking transactions...
Found transaction #9900010.
Transaction #9900010 added. Processing components...
Product 2570000000179 already exists in stock.
Stock has been updated for product 2570000000179.
Product 3800000749 already exists in stock.
Stock has been updated for product 3800000749.
Product 2571000000046 already exists in stock.
Stock has been updated for product 2571000000046.
Product 3800000906 already exists in stock.
Stock has been updated for product 3800000906.
Product 2570000000183 already exists in stock.
Stock has been updated for product 2570000000183.
Product 2508000000038 already exists in stock.
Stock has been updated for product 2508000000038.
Product 1425000000046 already exists in stock.
Stock has been updated for product 1425000000046.
Processing payments...
Cheque payment found for 800.00 NIS.
Cheque payment found for 835.00 NIS.
Found payments for total 1635 NIS.
File processing complete.
Moving transaction file to archive as 'tran9900010.xml'.....
done.

