
Base terminal: 6000031
Scanning for terminal #6000031
Terminal found.
Found user directory.
Found terminal directory.
Found terminal backup directory.
Connecting to user database.................................done.
Checking database compatibility.............................done.
Database is compatible with XML transactions.
- Work mode: A
- Update mode: UD
- Force all codes: No
- Last plu check: 17/03/2014 16:44:23
Checking for terminal updates...
No update needed for file "pluadd"
No update needed for file "pluupdate"
No update needed for file "pludel"
No update needed for file "deps.add"
No update needed for file "deps.update"
No update needed for file "club.add"
No update needed for file "club.update"
No update needed for file "workers.add"
No update needed for file "workers.update"
Setting lastpludta time flag for the terminal...............done.
-------------------------------------------------------
Time: 17/03/2014 17:00:24
File "tran8000007.xml". Start processing...

Terminal 6000031 found in user database and is active.
Package #80 already exists in database.(2124) Checking transactions...
Found transaction #8000007.
Transaction #8000007 added. Processing components...
Product 2570000000123 already exists in stock.
Stock has been updated for product 2570000000123.
Product 2614000000024 already exists in stock.
Stock has been updated for product 2614000000024.
Processing payments...
Credit card payment found for 316.25 NIS.
Found payments for total 316.25 NIS.
File processing complete.
Moving transaction file to archive as 'tran8000007.xml'.....
done.

