
Base terminal: 6000031
Scanning for terminal #6000031
Terminal found.
Found user directory.
Found terminal directory.
Found terminal backup directory.
Connecting to user database.................................done.
Checking database compatibility.............................done.
Database is compatible with XML transactions.
- Work mode: A
- Update mode: UD
- Force all codes: Yes
- Last plu check: 09/03/2014 12:50:04
Checking for terminal updates...
File "pluadd" was updated successfully
File "deps" was updated successfully
File "club.dat" was updated successfully
File "workers.dat" was updated successfully
Setting lastpludta time flag for the terminal...............done.
-------------------------------------------------------
Time: 09/03/2014 13:26:15
File "tran6700001.xml". Start processing...

Terminal 6000031 found in user database and is active.
Creating package #67........................................done.(2095)
Processing transactions:
Found transaction #6700001.
Transaction #6700001 added. Processing components...
Product 3800000264 already exists in stock.
Stock has been updated for product 3800000264.
Product 2830000000044 already exists in stock.
Stock has been updated for product 2830000000044.
Product 790000000807 already exists in stock.
Stock has been updated for product 790000000807.
Product 3800000772 already exists in stock.
Stock has been updated for product 3800000772.
Product 2600168 already exists in stock.
Stock has been updated for product 2600168.
Processing payments...
Hakafa payment found for 27.90 NIS.
Found payments for total 27.9 NIS.
File processing complete.
Moving transaction file to archive as 'tran6700001.xml'.....
done.

