
Base terminal: 6000031
Scanning for terminal #6000031
Terminal found.
Found user directory.
Found terminal directory.
Found terminal backup directory.
Connecting to user database.................................done.
Checking database compatibility.............................done.
Database is compatible with XML transactions.
- Work mode: A
- Update mode: UD
- Force all codes: Yes
- Last plu check: 27/03/2014 17:34:08
Checking for terminal updates...
File "pluadd" was updated successfully
File "deps" was updated successfully
File "club.dat" was updated successfully
File "workers.dat" was updated successfully
Setting lastpludta time flag for the terminal...............done.
-------------------------------------------------------
Time: 27/03/2014 17:40:19
File "tran10000017.xml". Start processing...

Terminal 6000031 found in user database and is active.
Package #100 already exists in database.(2164) Checking transactions...
Found transaction #10000017.
Transaction #10000017 added. Processing components...
Product 4000000047 already exists in stock.
Stock has been updated for product 4000000047.
Product 5000190 already exists in stock.
Stock has been updated for product 5000190.
Processing payments...
Cheque payment found for 234.00 NIS.
Found payments for total 234 NIS.
File processing complete.
Moving transaction file to archive as 'tran10000017.xml'....
done.

