
Base terminal: 6000031
Scanning for terminal #6000031
Terminal found.
Found user directory.
Found terminal directory.
Found terminal backup directory.
Connecting to user database.................................done.
Checking database compatibility.............................done.
Database is compatible with XML transactions.
- Work mode: A
- Update mode: UD
- Force all codes: No
- Last plu check: 10/03/2014 10:48:03
Checking for terminal updates...
No update needed for file "pluadd"
No update needed for file "pluupdate"
No update needed for file "pludel"
No update needed for file "deps.add"
No update needed for file "deps.update"
No update needed for file "club.add"
No update needed for file "club.update"
No update needed for file "workers.add"
No update needed for file "workers.update"
Setting lastpludta time flag for the terminal...............done.
-------------------------------------------------------
Time: 10/03/2014 12:53:14
File "tran6800004.xml". Start processing...

Terminal 6000031 found in user database and is active.
Package #68 already exists in database.(2098) Checking transactions...
Found transaction #6800004.
Transaction #6800004 added. Processing components...
Product 7180000000134 already exists in stock.
Stock has been updated for product 7180000000134.
Product 2570000000164 already exists in stock.
Stock has been updated for product 2570000000164.
Processing payments...
Credit card payment found for 699.20 NIS.
Found payments for total 699.2 NIS.
File processing complete.
Moving transaction file to archive as 'tran6800004.xml'.....
done.

