
Base terminal: 6000031
Scanning for terminal #6000031
Terminal found.
Found user directory.
Found terminal directory.
Found terminal backup directory.
Connecting to user database.................................done.
Checking database compatibility.............................done.
Database is compatible with XML transactions.
- Work mode: A
- Update mode: UD
- Force all codes: No
- Last plu check: 24/03/2014 12:06:32
Checking for terminal updates...
File "pluadd" was updated successfully
No update needed for file "pluupdate"
No update needed for file "pludel"
No update needed for file "deps.add"
No update needed for file "deps.update"
No update needed for file "club.add"
File "club.update" was updated successfully
No update needed for file "workers.add"
File "workers.update" was updated successfully
Setting lastpludta time flag for the terminal...............done.