
Base terminal: 6000031
Scanning for terminal #6000031
Terminal found.
Found user directory.
Found terminal directory.
Found terminal backup directory.
Connecting to user database.................................done.
Checking database compatibility.............................done.
Database is compatible with XML transactions.
- Work mode: A
- Update mode: UD
- Force all codes: No
- Last plu check: 02/03/2014 10:22:57
Checking for terminal updates...
No update needed for file "pluadd"
No update needed for file "pluupdate"
No update needed for file "pludel"
No update needed for file "deps.add"
No update needed for file "deps.update"
No update needed for file "club.add"
No update needed for file "club.update"
No update needed for file "workers.add"
No update needed for file "workers.update"
Setting lastpludta time flag for the terminal...............done.
-------------------------------------------------------
Time: 02/03/2014 10:59:56
File "tran5500005.xml". Start processing...

Terminal 6000031 found in user database and is active.
Package #55 already exists in database.(2066) Checking transactions...
Found transaction #5500005.
Transaction #5500005 added. Processing components...
Product 3400000010 already exists in stock.
Stock has been updated for product 3400000010.
Product 3400000015 already exists in stock.
Stock has been updated for product 3400000015.
Product 3400000016 already exists in stock.
Stock has been updated for product 3400000016.
Product 7180000000105 already exists in stock.
Stock has been updated for product 7180000000105.
Processing payments...
Credit card payment found for 156.50 NIS.
Found payments for total 156.5 NIS.
File processing complete.
Moving transaction file to archive as 'tran5500005.xml'.....
done.

