
Base terminal: 6000031
Scanning for terminal #6000031
Terminal found.
Found user directory.
Found terminal directory.
Found terminal backup directory.
Connecting to user database.................................done.
Checking database compatibility.............................done.
Database is compatible with XML transactions.
- Work mode: A
- Update mode: UD
- Force all codes: Yes
- Last plu check: 26/03/2014 14:45:46
Checking for terminal updates...
File "pluadd" was updated successfully
File "deps" was updated successfully
File "club.dat" was updated successfully
File "workers.dat" was updated successfully
Setting lastpludta time flag for the terminal...............done.
-------------------------------------------------------
Time: 26/03/2014 14:57:50
File "tran9800003.xml". Start processing...

Terminal 6000031 found in user database and is active.
Package #98 already exists in database.(2159) Checking transactions...
Found transaction #9800003.
Transaction #9800003 added. Processing components...
Product 2975000000000 already exists in stock.
Stock has been updated for product 2975000000000.
Processing payments...
Credit card payment found for 125.10 NIS.
Found payments for total 125.1 NIS.
File processing complete.
Moving transaction file to archive as 'tran9800003.xml'.....
done.

