
Base terminal: 6000031
Scanning for terminal #6000031
Terminal found.
Found user directory.
Found terminal directory.
Found terminal backup directory.
Connecting to user database.................................done.
Checking database compatibility.............................done.
Database is compatible with XML transactions.
- Work mode: A
- Update mode: UD
- Force all codes: No
- Last plu check: 20/03/2014 11:40:53
Checking for terminal updates...
No update needed for file "pluadd"
No update needed for file "pluupdate"
No update needed for file "pludel"
No update needed for file "deps.add"
No update needed for file "deps.update"
No update needed for file "club.add"
No update needed for file "club.update"
No update needed for file "workers.add"
No update needed for file "workers.update"
Setting lastpludta time flag for the terminal...............done.
-------------------------------------------------------
Time: 20/03/2014 12:02:17
File "tran8700008.xml". Start processing...

Terminal 6000031 found in user database and is active.
Package #87 already exists in database.(2136) Checking transactions...
Found transaction #8700008.
Transaction #8700008 added. Processing components...
Product 2747000000038 already exists in stock.
Stock has been updated for product 2747000000038.
Product 2747000000028 already exists in stock.
Stock has been updated for product 2747000000028.
Product 2614000000035 already exists in stock.
Stock has been updated for product 2614000000035.
Product 2570000000174 already exists in stock.
Stock has been updated for product 2570000000174.
Product 7180000000132 already exists in stock.
Stock has been updated for product 7180000000132.
Product 2570000000172 already exists in stock.
Stock has been updated for product 2570000000172.
Processing payments...
Credit card payment found for 1209.60 NIS.
Found payments for total 1209.6 NIS.
File processing complete.
Moving transaction file to archive as 'tran8700008.xml'.....
done.

