
Base terminal: 6000031
Scanning for terminal #6000031
Terminal found.
Found user directory.
Found terminal directory.
Found terminal backup directory.
Connecting to user database.................................done.
Checking database compatibility.............................done.
Database is compatible with XML transactions.
- Work mode: A
- Update mode: UD
- Force all codes: Yes
- Last plu check: 18/02/2014 07:45:44
Checking for terminal updates...
File "pluadd" was updated successfully
File "deps" was updated successfully
File "club.dat" was updated successfully
File "workers.dat" was updated successfully
Setting lastpludta time flag for the terminal...............done.
-------------------------------------------------------
Time: 18/02/2014 08:39:40
File "tran3400002.xml". Start processing...

Terminal 6000031 found in user database and is active.
Package #34 already exists in database.(2011) Checking transactions...
Found transaction #3400002.
Transaction #3400002 added. Processing components...
Product 2830000000041 already exists in stock.
Stock has been updated for product 2830000000041.
Product 7180000000134 already exists in stock.
Stock has been updated for product 7180000000134.
Product 7180000000136 already exists in stock.
Stock has been updated for product 7180000000136.
Product 2570000000061 already exists in stock.
Stock has been updated for product 2570000000061.
Product 2600169 already exists in stock.
Stock has been updated for product 2600169.
Processing payments...
Credit card payment found for 895.90 NIS.
Found payments for total 895.9 NIS.
File processing complete.
Moving transaction file to archive as 'tran3400002.xml'.....
done.

