
Base terminal: 6000031
Scanning for terminal #6000031
Terminal found.
Found user directory.
Found terminal directory.
Found terminal backup directory.
Connecting to user database.................................done.
Checking database compatibility.............................done.
Database is compatible with XML transactions.
- Work mode: A
- Update mode: UD
- Force all codes: No
- Last plu check: 27/02/2014 09:06:59
Checking for terminal updates...
No update needed for file "pluadd"
No update needed for file "pluupdate"
No update needed for file "pludel"
No update needed for file "deps.add"
No update needed for file "deps.update"
No update needed for file "club.add"
No update needed for file "club.update"
No update needed for file "workers.add"
No update needed for file "workers.update"
Setting lastpludta time flag for the terminal...............done.
-------------------------------------------------------
Time: 27/02/2014 09:44:43
File "tran5200007.xml". Start processing...

Terminal 6000031 found in user database and is active.
Package #52 already exists in database.(2058) Checking transactions...
Found transaction #5200007.
Transaction #5200007 added. Processing components...
Product 3800000871 already exists in stock.
Stock has been updated for product 3800000871.
Product 790000000859 already exists in stock.
Stock has been updated for product 790000000859.
Product 2830000000050 already exists in stock.
Stock has been updated for product 2830000000050.
Product 3800000896 already exists in stock.
Stock has been updated for product 3800000896.
Product 42000000965 already exists in stock.
Stock has been updated for product 42000000965.
Product 3800000264 already exists in stock.
Stock has been updated for product 3800000264.
Processing payments...
Cash payment found for 400.00 NIS.
Credit card payment found for 253.00 NIS.
Found payments for total 653 NIS.
File processing complete.
Moving transaction file to archive as 'tran5200007.xml'.....
done.

