
Base terminal: 6000031
Scanning for terminal #6000031
Terminal found.
Found user directory.
Found terminal directory.
Found terminal backup directory.
Connecting to user database.................................done.
Checking database compatibility.............................done.
Database is compatible with XML transactions.
- Work mode: A
- Update mode: UD
- Force all codes: Yes
- Last plu check: 18/02/2014 08:55:22
Checking for terminal updates...
File "pluadd" was updated successfully
File "deps" was updated successfully
File "club.dat" was updated successfully
File "workers.dat" was updated successfully
Setting lastpludta time flag for the terminal...............done.
-------------------------------------------------------
Time: 18/02/2014 09:17:20
File "tran3490001.xml". Start processing...

Terminal 6000031 found in user database and is active.
Package #34 already exists in database.(2011) Checking transactions...
Found transaction #3490001.
Transaction #3490001 added. Processing components...
Processing payments...
Cash payment found for 775.00 NIS.
Found payments for total 775 NIS.
File processing complete.
Moving transaction file to archive as 'tran3490001.xml'.....
done.

