
Base terminal: 6000031
Scanning for terminal #6000031
Terminal found.
Found user directory.
Found terminal directory.
Found terminal backup directory.
Connecting to user database.................................done.
Checking database compatibility.............................done.
Database is compatible with XML transactions.
- Work mode: A
- Update mode: UD
- Force all codes: No
- Last plu check: 31/01/2014 11:10:21
Checking for terminal updates...
No update needed for file "pluadd"
No update needed for file "pluupdate"
No update needed for file "pludel"
File "deps" was updated successfully
File "club.dat" was updated successfully
File "workers.dat" was updated successfully
Setting lastpludta time flag for the terminal...............done.-------------------------------------------------------
Time: 31/01/2014 11:11:32
File "tran200021.xml". Start processing...

Terminal 6000031 found in user database and is active.
Package #2 already exists in database.(1939) Checking transactions...
Processing of duplicate packages is FORBIDDEN. Only new transactions will be added.
Found transaction #200021.
Transaction #200021 added. Processing components...
Product 3800000264 already exists in stock.
Stock has been updated for product 3800000264.
Product 16070648 already exists in stock.
Stock has been updated for product 16070648.
Processing payments...
Credit card payment found for 93.95 NIS.
Found payments for total 93.95 NIS.
File processing complete.
Moving transaction file to archive as 'tran200021.xml'......
done.

