
Base terminal: 6000031
Scanning for terminal #6000031
Terminal found.
Found user directory.
Found terminal directory.
Found terminal backup directory.
Connecting to user database.................................done.
Checking database compatibility.............................done.
Database is compatible with XML transactions.
- Work mode: A
- Update mode: UD
- Force all codes: No
- Last plu check: 27/02/2014 09:44:43
Checking for terminal updates...
File "pluadd" was updated successfully
No update needed for file "pluupdate"
No update needed for file "pludel"
No update needed for file "deps.add"
No update needed for file "deps.update"
No update needed for file "club.add"
No update needed for file "club.update"
No update needed for file "workers.add"
No update needed for file "workers.update"
Setting lastpludta time flag for the terminal...............done.
-------------------------------------------------------
Time: 27/02/2014 09:47:54
File "tran5290001.xml". Start processing...

Terminal 6000031 found in user database and is active.
Package #52 already exists in database.(2058) Checking transactions...
Found transaction #5290001.
Transaction #5290001 added. Processing components...
Processing payments...
Cash payment found for 500.00 NIS.
Found payments for total 500 NIS.
File processing complete.
Moving transaction file to archive as 'tran5290001.xml'.....
done.

