
Base terminal: 6000031
Scanning for terminal #6000031
Terminal found.
Found user directory.
Found terminal directory.
Found terminal backup directory.
Connecting to user database.................................done.
Checking database compatibility.............................done.
Database is compatible with XML transactions.
- Work mode: A
- Update mode: UD
- Force all codes: No
- Last plu check: 19/02/2014 11:29:03
Checking for terminal updates...
No update needed for file "pluadd"
No update needed for file "pluupdate"
No update needed for file "pludel"
No update needed for file "deps.add"
No update needed for file "deps.update"
No update needed for file "club.add"
No update needed for file "club.update"
No update needed for file "workers.add"
No update needed for file "workers.update"
Setting lastpludta time flag for the terminal...............done.
-------------------------------------------------------
Time: 19/02/2014 11:37:15
File "tran3800008.xml". Start processing...

Terminal 6000031 found in user database and is active.
Package #38 already exists in database.(2024) Checking transactions...
Found transaction #3800008.
Transaction #3800008 added. Processing components...
Product 60013 already exists in stock.
Stock has been updated for product 60013.
Product 9290000000063 already exists in stock.
Stock has been updated for product 9290000000063.
Product 42000001455 already exists in stock.
Stock has been updated for product 42000001455.
Product 2570000000123 already exists in stock.
Stock has been updated for product 2570000000123.
Product 2570000000097 already exists in stock.
Stock has been updated for product 2570000000097.
Product 2790000000001 already exists in stock.
Stock has been updated for product 2790000000001.
Warning:  Division by zero in /home/mlaitech/mlaitech.info/modules/stock/xmltrans.php on line 1057

Product 6630000000009 already exists in stock.
Stock has been updated for product 6630000000009.
Processing payments...
Credit card payment found for 571.70 NIS.
Found payments for total 571.7 NIS.
File processing complete.
Moving transaction file to archive as 'tran3800008.xml'.....
done.

