
Base terminal: 6000031
Scanning for terminal #6000031
Terminal found.
Found user directory.
Found terminal directory.
Found terminal backup directory.
Connecting to user database.................................done.
Checking database compatibility.............................done.
Database is compatible with XML transactions.
- Work mode: A
- Update mode: UD
- Force all codes: No
- Last plu check: 12/03/2014 11:01:12
Checking for terminal updates...
No update needed for file "pluadd"
No update needed for file "pluupdate"
No update needed for file "pludel"
No update needed for file "deps.add"
No update needed for file "deps.update"
No update needed for file "club.add"
File "club.update" was updated successfully
No update needed for file "workers.add"
No update needed for file "workers.update"
Setting lastpludta time flag for the terminal...............done.
-------------------------------------------------------
Time: 12/03/2014 12:31:41
File "tran7200009.xml". Start processing...

Terminal 6000031 found in user database and is active.
Package #72 already exists in database.(2107) Checking transactions...
Found transaction #7200009.
Transaction #7200009 added. Processing components...
Product 7180000000096 already exists in stock.
Stock has been updated for product 7180000000096.
Processing payments...
Cash payment found for 44.50 NIS.
Found payments for total 44.5 NIS.
File processing complete.
Moving transaction file to archive as 'tran7200009.xml'.....
done.

