
Base terminal: 6000031
Scanning for terminal #6000031
Terminal found.
Found user directory.
Found terminal directory.
Found terminal backup directory.
Connecting to user database.................................done.
Checking database compatibility.............................done.
Database is compatible with XML transactions.
- Work mode: A
- Update mode: UD
- Force all codes: No
- Last plu check: 16/03/2014 14:02:47
Checking for terminal updates...
No update needed for file "pluadd"
No update needed for file "pluupdate"
No update needed for file "pludel"
No update needed for file "deps.add"
No update needed for file "deps.update"
No update needed for file "club.add"
No update needed for file "club.update"
No update needed for file "workers.add"
No update needed for file "workers.update"
Setting lastpludta time flag for the terminal...............done.
-------------------------------------------------------
Time: 16/03/2014 15:04:15
File "tran7800006.xml". Start processing...

Terminal 6000031 found in user database and is active.
Package #78 already exists in database.(2119) Checking transactions...
Found transaction #7800006.
Transaction #7800006 added. Processing components...
Product 2570000000166 already exists in stock.
Stock has been updated for product 2570000000166.
Product 2570000000154 already exists in stock.
Stock has been updated for product 2570000000154.
Product 8120000000257 already exists in stock.
Stock has been updated for product 8120000000257.
Product 9250000000239 already exists in stock.
Stock has been updated for product 9250000000239.
Product 5400000199 already exists in stock.
Stock has been updated for product 5400000199.
Processing payments...
RefundVoucher payment found for -0.95 NIS.
Found refund for total 0.95 NIS.
File processing complete.
Moving transaction file to archive as 'tran7800006.xml'.....
done.

