
Base terminal: 6000031
Scanning for terminal #6000031
Terminal found.
Found user directory.
Found terminal directory.
Found terminal backup directory.
Connecting to user database.................................done.
Checking database compatibility.............................done.
Database is compatible with XML transactions.
- Work mode: A
- Update mode: UD
- Force all codes: No
- Last plu check: 02/02/2014 12:47:23
Checking for terminal updates...
No update needed for file "pluadd"
No update needed for file "pluupdate"
No update needed for file "pludel"
File "deps" was updated successfully
File "club.dat" was updated successfully
File "workers.dat" was updated successfully
Setting lastpludta time flag for the terminal...............done.
-------------------------------------------------------
Time: 02/02/2014 12:53:07
File "tran300014.xml". Start processing...

Terminal 6000031 found in user database and is active.
Package #3 already exists in database.(1942) Checking transactions...
Found transaction #300014.
Transaction #300014 added. Processing components...
Product 2571000000037 already exists in stock.
Stock has been updated for product 2571000000037.
Product 1428000000004 already exists in stock.
Stock has been updated for product 1428000000004.
Product 5400000617 already exists in stock.
Stock has been updated for product 5400000617.
Product 2570000000138 already exists in stock.
Stock has been updated for product 2570000000138.
Processing payments...
Cash payment found for 200.00 NIS.
Credit card payment found for 377.00 NIS.
Found payments for total 577 NIS.
File processing complete.
Moving transaction file to archive as 'tran300014.xml'......
done.

