
Base terminal: 6000031
Scanning for terminal #6000031
Terminal found.
Found user directory.
Found terminal directory.
Found terminal backup directory.
Connecting to user database.................................done.
Checking database compatibility.............................done.
Database is compatible with XML transactions.
- Work mode: A
- Update mode: UD
- Force all codes: No
- Last plu check: 31/01/2014 10:24:45
Checking for terminal updates...
No update needed for file "pluadd"
No update needed for file "pluupdate"
No update needed for file "pludel"
File "deps" was updated successfully
File "club.dat" was updated successfully
File "workers.dat" was updated successfully
Setting lastpludta time flag for the terminal...............done.-------------------------------------------------------
Time: 31/01/2014 10:28:42
File "tran200013.xml". Start processing...

Terminal 6000031 found in user database and is active.
Package #2 already exists in database.(1939) Checking transactions...
Processing of duplicate packages is FORBIDDEN. Only new transactions will be added.
Found transaction #200013.
Transaction #200013 added. Processing components...
Product 9250000000206 already exists in stock.
Stock has been updated for product 9250000000206.
Product 3800000872 already exists in stock.
Stock has been updated for product 3800000872.
Product 3800000870 already exists in stock.
Stock has been updated for product 3800000870.
Product 2570000000132 already exists in stock.
Stock has been updated for product 2570000000132.
Product 5400000627 already exists in stock.
Stock has been updated for product 5400000627.
Processing payments...
RefundVoucher payment found for 340.10 NIS.
Credit card payment found for 525.40 NIS.
Found payments for total 865.5 NIS.
File processing complete.
Moving transaction file to archive as 'tran200013.xml'......
done.

