
Base terminal: 6000031
Scanning for terminal #6000031
Terminal found.
Found user directory.
Found terminal directory.
Found terminal backup directory.
Connecting to user database.................................done.
Checking database compatibility.............................done.
Database is compatible with XML transactions.
- Work mode: A
- Update mode: UD
- Force all codes: No
- Last plu check: 24/03/2014 15:23:20
Checking for terminal updates...
No update needed for file "pluadd"
No update needed for file "pluupdate"
No update needed for file "pludel"
No update needed for file "deps.add"
No update needed for file "deps.update"
No update needed for file "club.add"
No update needed for file "club.update"
No update needed for file "workers.add"
No update needed for file "workers.update"
Setting lastpludta time flag for the terminal...............done.
-------------------------------------------------------
Time: 24/03/2014 15:54:14
File "tran9300007.xml". Start processing...

Terminal 6000031 found in user database and is active.
Package #93 already exists in database.(2149) Checking transactions...
Found transaction #9300007.
Transaction #9300007 added. Processing components...
Product 2570000000174 already exists in stock.
Stock has been updated for product 2570000000174.
Product 60013 already exists in stock.
Stock has been updated for product 60013.
Processing payments...
Credit card payment found for 150.10 NIS.
Found payments for total 150.1 NIS.
File processing complete.
Moving transaction file to archive as 'tran9300007.xml'.....
done.

