
Base terminal: 6000031
Scanning for terminal #6000031
Terminal found.
Found user directory.
Found terminal directory.
Found terminal backup directory.
Connecting to user database.................................done.
Checking database compatibility.............................done.
Database is compatible with XML transactions.
- Work mode: A
- Update mode: UD
- Force all codes: Yes
- Last plu check: 25/03/2014 10:15:03
Checking for terminal updates...
File "pluadd" was updated successfully
File "deps" was updated successfully
File "club.dat" was updated successfully
File "workers.dat" was updated successfully
Setting lastpludta time flag for the terminal...............done.
-------------------------------------------------------
Time: 25/03/2014 10:21:57
File "tran9400006.xml". Start processing...

Terminal 6000031 found in user database and is active.
Package #94 already exists in database.(2151) Checking transactions...
Found transaction #9400006.
Transaction #9400006 added. Processing components...
Product 80000000257 already exists in stock.
Stock has been updated for product 80000000257.
Product 2570000000157 already exists in stock.
Stock has been updated for product 2570000000157.
Product 80000000263 already exists in stock.
Stock has been updated for product 80000000263.
Processing payments...
Cash payment found for 500.10 NIS.
Found payments for total 500.1 NIS.
File processing complete.
Moving transaction file to archive as 'tran9400006.xml'.....
done.

