
Base terminal: 6000031
Scanning for terminal #6000031
Terminal found.
Found user directory.
Found terminal directory.
Found terminal backup directory.
Connecting to user database.................................done.
Checking database compatibility.............................done.
Database is compatible with XML transactions.
- Work mode: A
- Update mode: UD
- Force all codes: No
- Last plu check: 05/02/2014 11:36:33
Checking for terminal updates...
No update needed for file "pluadd"
No update needed for file "pluupdate"
No update needed for file "pludel"
No update needed for file "deps.update"
No update needed for file "club.update"
No update needed for file "workers.update"
Setting lastpludta time flag for the terminal...............done.
-------------------------------------------------------
Time: 05/02/2014 11:43:36
File "tran1000005.xml". Start processing...

Terminal 6000031 found in user database and is active.
Package #10 already exists in database.(1960) Checking transactions...
Found transaction #1000005.
Transaction #1000005 added. Processing components...
Product 8120000000284 already exists in stock.
Stock has been updated for product 8120000000284.
Product 8120000000274 already exists in stock.
Stock has been updated for product 8120000000274.
Product 2600118 already exists in stock.
Stock has been updated for product 2600118.
Product 2570000000049 already exists in stock.
Stock has been updated for product 2570000000049.
Product 2600168 already exists in stock.
Stock has been updated for product 2600168.
Processing payments...
Credit card payment found for 1613.05 NIS.
Found payments for total 1613.05 NIS.
File processing complete.
Moving transaction file to archive as 'tran1000005.xml'.....
done.

