
Base terminal: 6000031
Scanning for terminal #6000031
Terminal found.
Found user directory.
Found terminal directory.
Found terminal backup directory.
Connecting to user database.................................done.
Checking database compatibility.............................done.
Database is compatible with XML transactions.
- Work mode: A
- Update mode: UD
- Force all codes: No
- Last plu check: 13/02/2014 09:09:57
Checking for terminal updates...
No update needed for file "pluadd"
No update needed for file "pluupdate"
No update needed for file "pludel"
No update needed for file "deps.add"
No update needed for file "deps.update"
No update needed for file "club.add"
No update needed for file "club.update"
No update needed for file "workers.add"
No update needed for file "workers.update"
Setting lastpludta time flag for the terminal...............done.
-------------------------------------------------------
Time: 13/02/2014 09:15:19
File "tran2700004.xml". Start processing...

Terminal 6000031 found in user database and is active.
Package #27 already exists in database.(1997) Checking transactions...
Found transaction #2700004.
Transaction #2700004 added. Processing components...
Product 2600091 already exists in stock.
Stock has been updated for product 2600091.
Processing payments...
Credit card payment found for 245.65 NIS.
Found payments for total 245.65 NIS.
File processing complete.
Moving transaction file to archive as 'tran2700004.xml'.....
done.

