
Base terminal: 6000031
Scanning for terminal #6000031
Terminal found.
Found user directory.
Found terminal directory.
Found terminal backup directory.
Connecting to user database.................................done.
Checking database compatibility.............................done.
Database is compatible with XML transactions.
- Work mode: A
- Update mode: UD
- Force all codes: No
- Last plu check: 31/01/2014 13:44:33
Checking for terminal updates...
No update needed for file "pluadd"
No update needed for file "pluupdate"
No update needed for file "pludel"
File "deps" was updated successfully
File "club.dat" was updated successfully
File "workers.dat" was updated successfully
Setting lastpludta time flag for the terminal...............done.-------------------------------------------------------
Time: 31/01/2014 13:47:34
File "tran200031.xml". Start processing...

Terminal 6000031 found in user database and is active.
Package #2 already exists in database.(1939) Checking transactions...
Processing of duplicate packages is FORBIDDEN. Only new transactions will be added.
Found transaction #200031.
Transaction #200031 added. Processing components...
Product 9250000000225 already exists in stock.
Stock has been updated for product 9250000000225.
Product 5000183 already exists in stock.
Stock has been updated for product 5000183.
Processing payments...
Credit card payment found for 219.25 NIS.
Credit card payment found for 219.25 NIS.
Found payments for total 438.5 NIS.
File processing complete.
Moving transaction file to archive as 'tran200031.xml'......
done.

