
Base terminal: 6000031
Scanning for terminal #6000031
Terminal found.
Found user directory.
Found terminal directory.
Found terminal backup directory.
Connecting to user database.................................done.
Checking database compatibility.............................done.
Database is compatible with XML transactions.
- Work mode: A
- Update mode: UD
- Force all codes: No
- Last plu check: 24/02/2014 16:07:06
Checking for terminal updates...
No update needed for file "pluadd"
No update needed for file "pluupdate"
No update needed for file "pludel"
No update needed for file "deps.add"
No update needed for file "deps.update"
No update needed for file "club.add"
File "club.update" was updated successfully
No update needed for file "workers.add"
File "workers.update" was updated successfully
Setting lastpludta time flag for the terminal...............done.
-------------------------------------------------------
Time: 24/02/2014 17:43:12
File "tran4600005.xml". Start processing...

Terminal 6000031 found in user database and is active.
Package #46 already exists in database.(2044) Checking transactions...
Found transaction #4600005.
Transaction #4600005 added. Processing components...
Product 2570000000123 already exists in stock.
Stock has been updated for product 2570000000123.
Product 2570000000149 already exists in stock.
Stock has been updated for product 2570000000149.
Processing payments...
Credit card payment found for 218.50 NIS.
Found payments for total 218.5 NIS.
File processing complete.
Moving transaction file to archive as 'tran4600005.xml'.....
done.


-------------------------------------------------------
Time: 24/02/2014 17:43:12
File "tran300024.xml". Start processing...

Terminal ID in file - 1234, doesn't match current terminal ID - 6000031. Switching to new terminal...
Scanning for terminal #1234

ERROR: Terminal was not found in database or is inactive.
File processing cancelled.



-------------------------------------------------------
Time: 24/02/2014 17:43:12
File "tran300022.xml". Start processing...

Terminal ID in file - 1234, doesn't match current terminal ID - -1. Switching to new terminal...
Scanning for terminal #1234

ERROR: Terminal was not found in database or is inactive.
File processing cancelled.



-------------------------------------------------------
Time: 24/02/2014 17:43:12
File "tran300021.xml". Start processing...

Terminal ID in file - 1234, doesn't match current terminal ID - -1. Switching to new terminal...
Scanning for terminal #1234

ERROR: Terminal was not found in database or is inactive.
File processing cancelled.


