
Base terminal: 6000031
Scanning for terminal #6000031
Terminal found.
Found user directory.
Found terminal directory.
Found terminal backup directory.
Connecting to user database.................................done.
Checking database compatibility.............................done.
Database is compatible with XML transactions.
- Work mode: A
- Update mode: UD
- Force all codes: Yes
- Last plu check: 19/03/2014 10:03:29
Checking for terminal updates...
File "pluadd" was updated successfully
File "deps" was updated successfully
File "club.dat" was updated successfully
File "workers.dat" was updated successfully
Setting lastpludta time flag for the terminal...............done.
-------------------------------------------------------
Time: 19/03/2014 10:05:07
File "tran8500010.xml". Start processing...

Terminal 6000031 found in user database and is active.
Package #85 already exists in database.(2132) Checking transactions...
Found transaction #8500010.
Transaction #8500010 added. Processing components...
Product 1175000000104 already exists in stock.
Stock has been updated for product 1175000000104.
Product 3800000849 already exists in stock.
Stock has been updated for product 3800000849.
Product 0000000000000 already exists in stock.
Stock has been updated for product 0000000000000.
Processing payments...
Credit card payment found for 502.10 NIS.
Found payments for total 502.1 NIS.
File processing complete.
Moving transaction file to archive as 'tran8500010.xml'.....
done.

