
Base terminal: 6000031
Scanning for terminal #6000031
Terminal found.
Found user directory.
Found terminal directory.
Found terminal backup directory.
Connecting to user database.................................done.
Checking database compatibility.............................done.
Database is compatible with XML transactions.
- Work mode: A
- Update mode: UD
- Force all codes: No
- Last plu check: 11/03/2014 10:47:22
Checking for terminal updates...
No update needed for file "pluadd"
No update needed for file "pluupdate"
No update needed for file "pludel"
No update needed for file "deps.add"
No update needed for file "deps.update"
No update needed for file "club.add"
No update needed for file "club.update"
No update needed for file "workers.add"
No update needed for file "workers.update"
Setting lastpludta time flag for the terminal...............done.
-------------------------------------------------------
Time: 11/03/2014 11:02:02
File "tran7000005.xml". Start processing...

Terminal 6000031 found in user database and is active.
Package #70 already exists in database.(2102) Checking transactions...
Found transaction #7000005.
Transaction #7000005 added. Processing components...
Product 8120000000274 already exists in stock.
Stock has been updated for product 8120000000274.
Product 5400000532 already exists in stock.
Stock has been updated for product 5400000532.
Product 2747000000028 already exists in stock.
Stock has been updated for product 2747000000028.
Product 2570000000130 already exists in stock.
Stock has been updated for product 2570000000130.
Product 1425000000205 already exists in stock.
Stock has been updated for product 1425000000205.
Product 2570000000123 already exists in stock.
Stock has been updated for product 2570000000123.
Product 2571000000042 already exists in stock.
Stock has been updated for product 2571000000042.
Product 790000000190 already exists in stock.
Stock has been updated for product 790000000190.
Product 3700000006 already exists in stock.
Stock has been updated for product 3700000006.
Processing payments...
Credit card payment found for 2349.15 NIS.
Found payments for total 2349.15 NIS.
File processing complete.
Moving transaction file to archive as 'tran7000005.xml'.....
done.

