
Base terminal: 6000031
Scanning for terminal #6000031
Terminal found.
Found user directory.
Found terminal directory.
Found terminal backup directory.
Connecting to user database.................................done.
Checking database compatibility.............................done.
Database is compatible with XML transactions.
- Work mode: A
- Update mode: UD
- Force all codes: No
- Last plu check: 27/01/2014 08:36:20
Checking for terminal updates...
No update needed for file "pluadd"
No update needed for file "pluupdate"
No update needed for file "pludel"
File "deps" was updated successfully
File "club.dat" was updated successfully
File "workers.dat" was updated successfully
Setting lastpludta time flag for the terminal...............done.-------------------------------------------------------
Time: 27/01/2014 08:37:16
File "tran100002.xml". Start processing...

Terminal 6000031 found in user database and is active.
Package #1 already exists in database.(1888) Checking transactions...
Processing of duplicate packages is FORBIDDEN. Only new transactions will be added.
Found transaction #100002.
--WARNING--: Transaction #100002 already exists in database with different date.
Processing of duplicate packages is FORBIDDEN.
Transaction skipped.
File processing complete.
Moving transaction file to archive as 'tran100002_1.xml'....
done.

-------------------------------------------------------
Time: 27/01/2014 08:37:16
File "tran800017.xml". Start processing...

Terminal 6000031 found in user database and is active.
Package #8 already exists in database.(1910) Checking transactions...
Processing of duplicate packages is FORBIDDEN. Only new transactions will be added.
Found transaction #800017.
Transaction #800017 added. Processing components...
Product 9300000000066 already exists in stock.
Stock has been updated for product 9300000000066.
Processing payments...
Cash payment found for 219.00 NIS.
Found payments for total 219 NIS.
File processing complete.
Moving transaction file to archive as 'tran800017.xml'......
done.

