
Base terminal: 6000031
Scanning for terminal #6000031
Terminal found.
Found user directory.
Found terminal directory.
Found terminal backup directory.
Connecting to user database.................................done.
Checking database compatibility.............................done.
Database is compatible with XML transactions.
- Work mode: A
- Update mode: UD
- Force all codes: No
- Last plu check: 19/02/2014 08:33:05
Checking for terminal updates...
No update needed for file "pluadd"
No update needed for file "pluupdate"
No update needed for file "pludel"
No update needed for file "deps.add"
No update needed for file "deps.update"
No update needed for file "club.add"
No update needed for file "club.update"
No update needed for file "workers.add"
No update needed for file "workers.update"
Setting lastpludta time flag for the terminal...............done.
-------------------------------------------------------
Time: 19/02/2014 08:36:42
File "tran3800001.xml". Start processing...

Terminal 6000031 found in user database and is active.
Creating package #38........................................done.(2024)
Processing transactions:
Found transaction #3800001.
Transaction #3800001 added. Processing components...
Product 8120000000194 already exists in stock.
Stock has been updated for product 8120000000194.
Product 2570000000123 already exists in stock.
Stock has been updated for product 2570000000123.
Processing payments...
Credit card payment found for 566.40 NIS.
Found payments for total 566.4 NIS.
File processing complete.
Moving transaction file to archive as 'tran3800001.xml'.....
done.

