
Base terminal: 6000031
Scanning for terminal #6000031
Terminal found.
Found user directory.
Found terminal directory.
Found terminal backup directory.
Connecting to user database.................................done.
Checking database compatibility.............................done.
Database is compatible with XML transactions.
- Work mode: A
- Update mode: UD
- Force all codes: No
- Last plu check: 05/02/2014 08:34:12
Checking for terminal updates...
No update needed for file "pluadd"
No update needed for file "pluupdate"
No update needed for file "pludel"
No update needed for file "deps.update"
No update needed for file "club.update"
No update needed for file "workers.update"
Setting lastpludta time flag for the terminal...............done.
-------------------------------------------------------
Time: 05/02/2014 08:40:09
File "tran1000002.xml". Start processing...

Terminal 6000031 found in user database and is active.
Package #10 already exists in database.(1960) Checking transactions...
Found transaction #1000002.
Transaction #1000002 added. Processing components...
Product 5400000213 already exists in stock.
Stock has been updated for product 5400000213.
Product 2600168 already exists in stock.
Stock has been updated for product 2600168.
Product 790000000815 already exists in stock.
Stock has been updated for product 790000000815.
Processing payments...
Cash payment found for 300.00 NIS.
Credit card payment found for 215.25 NIS.
Found payments for total 515.25 NIS.
File processing complete.
Moving transaction file to archive as 'tran1000002.xml'.....
done.

