
Base terminal: 6000031
Scanning for terminal #6000031
Terminal found.
Found user directory.
Found terminal directory.
Found terminal backup directory.
Connecting to user database.................................done.
Checking database compatibility.............................done.
Database is compatible with XML transactions.
- Work mode: A
- Update mode: UD
- Force all codes: No
- Last plu check: 13/03/2014 14:28:10
Checking for terminal updates...
No update needed for file "pluadd"
No update needed for file "pluupdate"
No update needed for file "pludel"
No update needed for file "deps.add"
No update needed for file "deps.update"
No update needed for file "club.add"
No update needed for file "club.update"
No update needed for file "workers.add"
No update needed for file "workers.update"
Setting lastpludta time flag for the terminal...............done.
-------------------------------------------------------
Time: 13/03/2014 15:00:48
File "tran7500004.xml". Start processing...

Terminal 6000031 found in user database and is active.
Package #75 already exists in database.(2113) Checking transactions...
Found transaction #7500004.
Transaction #7500004 added. Processing components...
Product 2747000000038 already exists in stock.
Stock has been updated for product 2747000000038.
Product 2571000000040 already exists in stock.
Stock has been updated for product 2571000000040.
Product 2570000000141 already exists in stock.
Stock has been updated for product 2570000000141.
Processing payments...
Hakafa payment found for 600.30 NIS.
Found payments for total 600.3 NIS.
File processing complete.
Moving transaction file to archive as 'tran7500004.xml'.....
done.

