
Base terminal: 6000031
Scanning for terminal #6000031
Terminal found.
Found user directory.
Found terminal directory.
Found terminal backup directory.
Connecting to user database.................................done.
Checking database compatibility.............................done.
Database is compatible with XML transactions.
- Work mode: A
- Update mode: UD
- Force all codes: No
- Last plu check: 13/02/2014 09:15:19
Checking for terminal updates...
No update needed for file "pluadd"
No update needed for file "pluupdate"
No update needed for file "pludel"
No update needed for file "deps.add"
No update needed for file "deps.update"
No update needed for file "club.add"
No update needed for file "club.update"
No update needed for file "workers.add"
No update needed for file "workers.update"
Setting lastpludta time flag for the terminal...............done.
-------------------------------------------------------
Time: 13/02/2014 10:30:48
File "tran2700005.xml". Start processing...

Terminal 6000031 found in user database and is active.
Package #27 already exists in database.(1997) Checking transactions...
Found transaction #2700005.
Transaction #2700005 added. Processing components...
Product 8120000000282 already exists in stock.
Stock has been updated for product 8120000000282.
Product 2747000000031 already exists in stock.
Stock has been updated for product 2747000000031.
Processing payments...
Credit card payment found for 825.75 NIS.
Found payments for total 825.75 NIS.
File processing complete.
Moving transaction file to archive as 'tran2700005.xml'.....
done.

