
Base terminal: 6000031
Scanning for terminal #6000031
Terminal found.
Found user directory.
Found terminal directory.
Found terminal backup directory.
Connecting to user database.................................done.
Checking database compatibility.............................done.
Database is compatible with XML transactions.
- Work mode: A
- Update mode: UD
- Force all codes: No
- Last plu check: 16/02/2014 15:17:19
Checking for terminal updates...
No update needed for file "pluadd"
No update needed for file "pluupdate"
No update needed for file "pludel"
No update needed for file "deps.add"
No update needed for file "deps.update"
No update needed for file "club.add"
No update needed for file "club.update"
No update needed for file "workers.add"
No update needed for file "workers.update"
Setting lastpludta time flag for the terminal...............done.
-------------------------------------------------------
Time: 16/02/2014 15:19:51
File "tran3100007.xml". Start processing...

Terminal 6000031 found in user database and is active.
Package #31 already exists in database.(2005) Checking transactions...
Found transaction #3100007.
Transaction #3100007 added. Processing components...
Product 3800000893 already exists in stock.
Stock has been updated for product 3800000893.
Product 3800000823 already exists in stock.
Stock has been updated for product 3800000823.
Product 3800000887 already exists in stock.
Stock has been updated for product 3800000887.
Processing payments...
RefundVoucher payment found for 23.00 NIS.
Credit card payment found for 296.75 NIS.
Found payments for total 319.75 NIS.
File processing complete.
Moving transaction file to archive as 'tran3100007.xml'.....
done.

