
Base terminal: 6000031
Scanning for terminal #6000031
Terminal found.
Found user directory.
Found terminal directory.
Found terminal backup directory.
Connecting to user database.................................done.
Checking database compatibility.............................done.
Database is compatible with XML transactions.
- Work mode: A
- Update mode: UD
- Force all codes: No
- Last plu check: 26/02/2014 10:00:50
Checking for terminal updates...
No update needed for file "pluadd"
No update needed for file "pluupdate"
No update needed for file "pludel"
No update needed for file "deps.add"
No update needed for file "deps.update"
No update needed for file "club.add"
No update needed for file "club.update"
No update needed for file "workers.add"
No update needed for file "workers.update"
Setting lastpludta time flag for the terminal...............done.
-------------------------------------------------------
Time: 26/02/2014 10:10:09
File "tran5000005.xml". Start processing...

Terminal 6000031 found in user database and is active.
Package #50 already exists in database.(2053) Checking transactions...
Found transaction #5000005.
Transaction #5000005 added. Processing components...
Product 5400000555 already exists in stock.
Stock has been updated for product 5400000555.
Product 2570000000123 already exists in stock.
Stock has been updated for product 2570000000123.
Product 4001727 already exists in stock.
Stock has been updated for product 4001727.
Product 2570000000061 already exists in stock.
Stock has been updated for product 2570000000061.
Product 2600111 already exists in stock.
Stock has been updated for product 2600111.
Product 8120000000268 already exists in stock.
Stock has been updated for product 8120000000268.
Processing payments...
Credit card payment found for 509.75 NIS.
Hakafa payment found for 500.00 NIS.
Found payments for total 1009.75 NIS.
File processing complete.
Moving transaction file to archive as 'tran5000005.xml'.....
done.

