
Base terminal: 6000031
Scanning for terminal #6000031
Terminal found.
Found user directory.
Found terminal directory.
Found terminal backup directory.
Connecting to user database.................................done.
Checking database compatibility.............................done.
Database is compatible with XML transactions.
- Work mode: A
- Update mode: UD
- Force all codes: Yes
- Last plu check: 27/03/2014 08:27:30
Checking for terminal updates...
File "pluadd" was updated successfully
File "deps" was updated successfully
File "club.dat" was updated successfully
File "workers.dat" was updated successfully
Setting lastpludta time flag for the terminal...............done.
-------------------------------------------------------
Time: 27/03/2014 08:32:53
File "tran9900003.xml". Start processing...

Terminal 6000031 found in user database and is active.
Package #99 already exists in database.(2162) Checking transactions...
Found transaction #9900003.
Transaction #9900003 added. Processing components...
Product 0000 already exists in stock.
Stock has been updated for product 0000.
Processing payments...
PrePaid deposit found for 53 NIS
RefundVoucher payment found for 53.00 NIS.
Found payments for total 0 NIS.
Prepaid card charge reported to API: 6000031666124107777959953
File processing complete.
Moving transaction file to archive as 'tran9900003.xml'.....
done.

