
Base terminal: 6000031
Scanning for terminal #6000031
Terminal found.
Found user directory.
Found terminal directory.
Found terminal backup directory.
Connecting to user database.................................done.
Checking database compatibility.............................done.
Database is compatible with XML transactions.
- Work mode: A
- Update mode: UD
- Force all codes: No
- Last plu check: 02/03/2014 15:24:05
Checking for terminal updates...
No update needed for file "pluadd"
No update needed for file "pluupdate"
No update needed for file "pludel"
No update needed for file "deps.add"
No update needed for file "deps.update"
No update needed for file "club.add"
No update needed for file "club.update"
No update needed for file "workers.add"
No update needed for file "workers.update"
Setting lastpludta time flag for the terminal...............done.
-------------------------------------------------------
Time: 02/03/2014 15:34:04
File "tran5600012.xml". Start processing...

Terminal 6000031 found in user database and is active.
Package #56 already exists in database.(2068) Checking transactions...
Found transaction #5600012.
Transaction #5600012 added. Processing components...
Product 7180000000137 already exists in stock.
Stock has been updated for product 7180000000137.
Product 790000000860 already exists in stock.
Stock has been updated for product 790000000860.
Product 2936000000005 already exists in stock.
Stock has been updated for product 2936000000005.
Processing payments...
Credit card payment found for 593.75 NIS.
Found payments for total 593.75 NIS.
File processing complete.
Moving transaction file to archive as 'tran5600012.xml'.....
done.

