
Base terminal: 6000031
Scanning for terminal #6000031
Terminal found.
Found user directory.
Found terminal directory.
Found terminal backup directory.
Connecting to user database.................................done.
Checking database compatibility.............................done.
Database is compatible with XML transactions.
- Work mode: A
- Update mode: UD
- Force all codes: No
- Last plu check: 12/03/2014 07:21:49
Checking for terminal updates...
No update needed for file "pluadd"
No update needed for file "pluupdate"
No update needed for file "pludel"
No update needed for file "deps.add"
No update needed for file "deps.update"
No update needed for file "club.add"
No update needed for file "club.update"
No update needed for file "workers.add"
No update needed for file "workers.update"
Setting lastpludta time flag for the terminal...............done.
-------------------------------------------------------
Time: 12/03/2014 07:22:45
File "tran7200002.xml". Start processing...

Terminal 6000031 found in user database and is active.
Package #72 already exists in database.(2107) Checking transactions...
Found transaction #7200002.
Transaction #7200002 added. Processing components...
Product 3800000264 already exists in stock.
Stock has been updated for product 3800000264.
Processing payments...
RefundVoucher payment found for -69.00 NIS.
Found refund for total 69 NIS.
File processing complete.
Moving transaction file to archive as 'tran7200002.xml'.....
done.

