
Base terminal: 6000031
Scanning for terminal #6000031
Terminal found.
Found user directory.
Found terminal directory.
Found terminal backup directory.
Connecting to user database.................................done.
Checking database compatibility.............................done.
Database is compatible with XML transactions.
- Work mode: A
- Update mode: UD
- Force all codes: No
- Last plu check: 10/02/2014 12:52:31
Checking for terminal updates...
No update needed for file "pluadd"
No update needed for file "pluupdate"
No update needed for file "pludel"
No update needed for file "deps.update"
No update needed for file "club.update"
No update needed for file "workers.update"
Setting lastpludta time flag for the terminal...............done.
-------------------------------------------------------
Time: 10/02/2014 12:57:07
File "tran2000004.xml". Start processing...

Terminal 6000031 found in user database and is active.
Package #20 already exists in database.(1980) Checking transactions...
Found transaction #2000004.
Transaction #2000004 added. Processing components...
Product 2832000000003 already exists in stock.
Stock has been updated for product 2832000000003.
Product 2747000000028 already exists in stock.
Stock has been updated for product 2747000000028.
Product 3800000887 already exists in stock.
Stock has been updated for product 3800000887.
Processing payments...
Hakafa payment found for 865.70 NIS.
Found payments for total 865.7 NIS.
File processing complete.
Moving transaction file to archive as 'tran2000004.xml'.....
done.


-------------------------------------------------------
Time: 10/02/2014 12:57:07
File "tran400001.xml". Start processing...

Terminal ID in file - 1234, doesn't match current terminal ID - 6000031. Switching to new terminal...
Scanning for terminal #1234

ERROR: Terminal was not found in database or is inactive.
File processing cancelled.


