
Base terminal: 6000031
Scanning for terminal #6000031
Terminal found.
Found user directory.
Found terminal directory.
Found terminal backup directory.
Connecting to user database.................................done.
Checking database compatibility.............................done.
Database is compatible with XML transactions.
- Work mode: A
- Update mode: UD
- Force all codes: No
- Last plu check: 03/02/2014 09:13:29
Checking for terminal updates...
No update needed for file "pluadd"
No update needed for file "pluupdate"
No update needed for file "pludel"
No update needed for file "deps.update"
File "club.update" was updated successfully
No update needed for file "workers.update"
Setting lastpludta time flag for the terminal...............done.
-------------------------------------------------------
Time: 03/02/2014 09:30:13
File "tran500004.xml". Start processing...

Terminal 6000031 found in user database and is active.
Package #5 already exists in database.(1948) Checking transactions...
Found transaction #500004.
Transaction #500004 added. Processing components...
Product 5400000191 already exists in stock.
Stock has been updated for product 5400000191.
Product 555555 already exists in stock.
Stock has been updated for product 555555.
Processing payments...
Credit card payment found for 95.50 NIS.
Found payments for total 95.5 NIS.
File processing complete.
Moving transaction file to archive as 'tran500004.xml'......
done.

