
Base terminal: 6000031
Scanning for terminal #6000031
Terminal found.
Found user directory.
Found terminal directory.
Found terminal backup directory.
Connecting to user database.................................done.
Checking database compatibility.............................done.
Database is compatible with XML transactions.
- Work mode: A
- Update mode: UD
- Force all codes: No
- Last plu check: 17/02/2014 13:27:29
Checking for terminal updates...
No update needed for file "pluadd"
No update needed for file "pluupdate"
No update needed for file "pludel"
No update needed for file "deps.add"
No update needed for file "deps.update"
No update needed for file "club.add"
No update needed for file "club.update"
No update needed for file "workers.add"
No update needed for file "workers.update"
Setting lastpludta time flag for the terminal...............done.
-------------------------------------------------------
Time: 17/02/2014 13:39:12
File "tran3300002.xml". Start processing...

Terminal 6000031 found in user database and is active.
Package #33 already exists in database.(2009) Checking transactions...
Found transaction #3300002.
Transaction #3300002 added. Processing components...
Product 2830000000044 already exists in stock.
Stock has been updated for product 2830000000044.
Product 790000000854 already exists in stock.
Stock has been updated for product 790000000854.
Product 790000000852 already exists in stock.
Stock has been updated for product 790000000852.
Product 790000000851 already exists in stock.
Stock has been updated for product 790000000851.
Processing payments...
Credit card payment found for 1118.70 NIS.
Found payments for total 1118.7 NIS.
File processing complete.
Moving transaction file to archive as 'tran3300002.xml'.....
done.

