
Base terminal: 6000031
Scanning for terminal #6000031
Terminal found.
Found user directory.
Found terminal directory.
Found terminal backup directory.
Connecting to user database.................................done.
Checking database compatibility.............................done.
Database is compatible with XML transactions.
- Work mode: A
- Update mode: UD
- Force all codes: No
- Last plu check: 26/02/2014 08:09:17
Checking for terminal updates...
No update needed for file "pluadd"
No update needed for file "pluupdate"
No update needed for file "pludel"
No update needed for file "deps.add"
No update needed for file "deps.update"
No update needed for file "club.add"
No update needed for file "club.update"
No update needed for file "workers.add"
No update needed for file "workers.update"
Setting lastpludta time flag for the terminal...............done.
-------------------------------------------------------
Time: 26/02/2014 08:15:18
File "tran5000001.xml". Start processing...

Terminal 6000031 found in user database and is active.
Creating package #50........................................done.(2053)
Processing transactions:
Found transaction #5000001.
Transaction #5000001 added. Processing components...
Product 8120000000268 already exists in stock.
Stock has been updated for product 8120000000268.
Product 60013 already exists in stock.
Stock has been updated for product 60013.
Product 1428000000008 already exists in stock.
Stock has been updated for product 1428000000008.
Product 2830000000020 already exists in stock.
Stock has been updated for product 2830000000020.
Processing payments...
Credit card payment found for 723.40 NIS.
Found payments for total 723.4 NIS.
File processing complete.
Moving transaction file to archive as 'tran5000001.xml'.....
done.

