
Base terminal: 6000031
Scanning for terminal #6000031
Terminal found.
Found user directory.
Found terminal directory.
Found terminal backup directory.
Connecting to user database.................................done.
Checking database compatibility.............................done.
Database is compatible with XML transactions.
- Work mode: A
- Update mode: UD
- Force all codes: No
- Last plu check: 02/03/2014 14:57:45
Checking for terminal updates...
No update needed for file "pluadd"
No update needed for file "pluupdate"
No update needed for file "pludel"
No update needed for file "deps.add"
No update needed for file "deps.update"
No update needed for file "club.add"
No update needed for file "club.update"
No update needed for file "workers.add"
No update needed for file "workers.update"
Setting lastpludta time flag for the terminal...............done.
-------------------------------------------------------
Time: 02/03/2014 15:18:33
File "tran5600010.xml". Start processing...

Terminal 6000031 found in user database and is active.
Package #56 already exists in database.(2068) Checking transactions...
Found transaction #5600010.
Transaction #5600010 added. Processing components...
Product 6000000065 already exists in stock.
Stock has been updated for product 6000000065.
Processing payments...
Credit card payment found for 189.50 NIS.
Found payments for total 189.5 NIS.
File processing complete.
Moving transaction file to archive as 'tran5600010.xml'.....
done.

