
Base terminal: 6000031
Scanning for terminal #6000031
Terminal found.
Found user directory.
Found terminal directory.
Found terminal backup directory.
Connecting to user database.................................done.
Checking database compatibility.............................done.
Database is compatible with XML transactions.
- Work mode: A
- Update mode: UD
- Force all codes: No
- Last plu check: 02/03/2014 12:43:54
Checking for terminal updates...
No update needed for file "pluadd"
No update needed for file "pluupdate"
No update needed for file "pludel"
No update needed for file "deps.add"
No update needed for file "deps.update"
No update needed for file "club.add"
No update needed for file "club.update"
No update needed for file "workers.add"
No update needed for file "workers.update"
Setting lastpludta time flag for the terminal...............done.
-------------------------------------------------------
Time: 02/03/2014 12:59:35
File "tran5600001.xml". Start processing...

Terminal 6000031 found in user database and is active.
Creating package #56........................................done.(2068)
Processing transactions:
Found transaction #5600001.
Transaction #5600001 added. Processing components...
Product 3800000264 already exists in stock.
Stock has been updated for product 3800000264.
Processing payments...
RefundVoucher payment found for 65.55 NIS.
Found payments for total 65.55 NIS.
File processing complete.
Moving transaction file to archive as 'tran5600001.xml'.....
done.

