
Base terminal: 6000031
Scanning for terminal #6000031
Terminal found.
Found user directory.
Found terminal directory.
Found terminal backup directory.
Connecting to user database.................................done.
Checking database compatibility.............................done.
Database is compatible with XML transactions.
- Work mode: A
- Update mode: UD
- Force all codes: No
- Last plu check: 28/01/2014 17:02:08
Checking for terminal updates...
No update needed for file "pluadd"
No update needed for file "pluupdate"
No update needed for file "pludel"
File "deps" was updated successfully
File "club.dat" was updated successfully
File "workers.dat" was updated successfully
Setting lastpludta time flag for the terminal...............done.-------------------------------------------------------
Time: 28/01/2014 17:33:17
File "tran300004.xml". Start processing...

Terminal 6000031 found in user database and is active.
Package #3 already exists in database.(1921) Checking transactions...
Processing of duplicate packages is FORBIDDEN. Only new transactions will be added.
Found transaction #300004.
Transaction #300004 added. Processing components...
Product 0000000000000 already exists in stock.
Stock has been updated for product 0000000000000.
Processing payments...
Cash payment found for 1500.00 NIS.
Found payments for total 1500 NIS.
File processing complete.
Moving transaction file to archive as 'tran300004_1.xml'....
done.

-------------------------------------------------------
Time: 28/01/2014 17:33:17
File "tran300005.xml". Start processing...

Terminal 6000031 found in user database and is active.
Package #3 already exists in database.(1921) Checking transactions...
Processing of duplicate packages is FORBIDDEN. Only new transactions will be added.
Found transaction #300005.
Transaction #300005 added. Processing components...
Product 0000000000000 already exists in stock.
Stock has been updated for product 0000000000000.
Processing payments...
Cash payment found for -1500.00 NIS.
Found refund for total 1500 NIS.
File processing complete.
Moving transaction file to archive as 'tran300005.xml'......
done.

