
Base terminal: 6000031
Scanning for terminal #6000031
Terminal found.
Found user directory.
Found terminal directory.
Found terminal backup directory.
Connecting to user database.................................done.
Checking database compatibility.............................done.
Database is compatible with XML transactions.
- Work mode: A
- Update mode: UD
- Force all codes: No
- Last plu check: 14/03/2014 07:39:39
Checking for terminal updates...
No update needed for file "pluadd"
No update needed for file "pluupdate"
No update needed for file "pludel"
No update needed for file "deps.add"
No update needed for file "deps.update"
No update needed for file "club.add"
No update needed for file "club.update"
No update needed for file "workers.add"
No update needed for file "workers.update"
Setting lastpludta time flag for the terminal...............done.
-------------------------------------------------------
Time: 14/03/2014 07:52:29
File "tran7600002.xml". Start processing...

Terminal 6000031 found in user database and is active.
Package #76 already exists in database.(2116) Checking transactions...
Found transaction #7600002.
Transaction #7600002 added. Processing components...
Product 790000000710 already exists in stock.
Stock has been updated for product 790000000710.
Product 3800000890 already exists in stock.
Stock has been updated for product 3800000890.
Product 2571000000038 already exists in stock.
Stock has been updated for product 2571000000038.
Product 2570000000101 already exists in stock.
Stock has been updated for product 2570000000101.
Product 16070654 already exists in stock.
Stock has been updated for product 16070654.
Product 2748000000036 already exists in stock.
Stock has been updated for product 2748000000036.
Product 2570000000130 already exists in stock.
Stock has been updated for product 2570000000130.
Processing payments...
Credit card payment found for 1835.50 NIS.
Found payments for total 1835.5 NIS.
File processing complete.
Moving transaction file to archive as 'tran7600002.xml'.....
done.

