
Base terminal: 6000031
Scanning for terminal #6000031
Terminal found.
Found user directory.
Found terminal directory.
Found terminal backup directory.
Connecting to user database.................................done.
Checking database compatibility.............................done.
Database is compatible with XML transactions.
- Work mode: A
- Update mode: UD
- Force all codes: No
- Last plu check: 13/03/2014 13:28:48
Checking for terminal updates...
No update needed for file "pluadd"
No update needed for file "pluupdate"
No update needed for file "pludel"
No update needed for file "deps.add"
No update needed for file "deps.update"
No update needed for file "club.add"
No update needed for file "club.update"
No update needed for file "workers.add"
No update needed for file "workers.update"
Setting lastpludta time flag for the terminal...............done.
-------------------------------------------------------
Time: 13/03/2014 14:28:10
File "tran7500003.xml". Start processing...

Terminal 6000031 found in user database and is active.
Package #75 already exists in database.(2113) Checking transactions...
Found transaction #7500003.
Transaction #7500003 added. Processing components...
Product 1425000000208 already exists in stock.
Stock has been updated for product 1425000000208.
Processing payments...
Credit card payment found for 259.00 NIS.
Found payments for total 259 NIS.
File processing complete.
Moving transaction file to archive as 'tran7500003.xml'.....
done.

