
Base terminal: 6000031
Scanning for terminal #6000031
Terminal found.
Found user directory.
Found terminal directory.
Found terminal backup directory.
Connecting to user database.................................done.
Checking database compatibility.............................done.
Database is compatible with XML transactions.
- Work mode: A
- Update mode: UD
- Force all codes: No
- Last plu check: 31/01/2014 12:05:16
Checking for terminal updates...
No update needed for file "pluadd"
No update needed for file "pluupdate"
No update needed for file "pludel"
File "deps" was updated successfully
File "club.dat" was updated successfully
File "workers.dat" was updated successfully
Setting lastpludta time flag for the terminal...............done.-------------------------------------------------------
Time: 31/01/2014 12:11:49
File "tran200025.xml". Start processing...

Terminal 6000031 found in user database and is active.
Package #2 already exists in database.(1939) Checking transactions...
Processing of duplicate packages is FORBIDDEN. Only new transactions will be added.
Found transaction #200025.
Transaction #200025 added. Processing components...
Product 790000000821 already exists in stock.
Stock has been updated for product 790000000821.
Product 790000000817 already exists in stock.
Stock has been updated for product 790000000817.
Product 2830000000039 already exists in stock.
Stock has been updated for product 2830000000039.
Product 790000000774 already exists in stock.
Stock has been updated for product 790000000774.
Product 790000000831 already exists in stock.
Stock has been updated for product 790000000831.
Product 4000000074 already exists in stock.
Stock has been updated for product 4000000074.
Processing payments...
Credit card payment found for 750.50 NIS.
Found payments for total 750.5 NIS.
File processing complete.
Moving transaction file to archive as 'tran200025.xml'......
done.

