
Base terminal: 6000031
Scanning for terminal #6000031
Terminal found.
Found user directory.
Found terminal directory.
Found terminal backup directory.
Connecting to user database.................................done.
Checking database compatibility.............................done.
Database is compatible with XML transactions.
- Work mode: A
- Update mode: UD
- Force all codes: Yes
- Last plu check: 06/03/2014 12:46:31
Checking for terminal updates...
File "pluadd" was updated successfully
File "deps" was updated successfully
File "club.dat" was updated successfully
File "workers.dat" was updated successfully
Setting lastpludta time flag for the terminal...............done.
-------------------------------------------------------
Time: 06/03/2014 12:51:15
File "tran6400001.xml". Start processing...

Terminal 6000031 found in user database and is active.
Creating package #64........................................done.(2086)
Processing transactions:
Found transaction #6400001.
Transaction #6400001 added. Processing components...
Product 1425000000020 already exists in stock.
Stock has been updated for product 1425000000020.
Processing payments...
Cash payment found for 200.00 NIS.
Found payments for total 200 NIS.
File processing complete.
Moving transaction file to archive as 'tran6400001.xml'.....
done.

