
Base terminal: 6000031
Scanning for terminal #6000031
Terminal found.
Found user directory.
Found terminal directory.
Found terminal backup directory.
Connecting to user database.................................done.
Checking database compatibility.............................done.
Database is compatible with XML transactions.
- Work mode: A
- Update mode: UD
- Force all codes: No
- Last plu check: 10/02/2014 15:50:23
Checking for terminal updates...
No update needed for file "pluadd"
No update needed for file "pluupdate"
No update needed for file "pludel"
No update needed for file "deps.update"
No update needed for file "club.update"
No update needed for file "workers.update"
Setting lastpludta time flag for the terminal...............done.
-------------------------------------------------------
Time: 10/02/2014 15:56:15
File "tran2100008.xml". Start processing...

Terminal 6000031 found in user database and is active.
Package #21 already exists in database.(1983) Checking transactions...
Found transaction #2100008.
Transaction #2100008 added. Processing components...
Product 790000000774 already exists in stock.
Stock has been updated for product 790000000774.
Product 60013 already exists in stock.
Stock has been updated for product 60013.
Processing payments...
Credit card payment found for 311.50 NIS.
Found payments for total 311.5 NIS.
File processing complete.
Moving transaction file to archive as 'tran2100008.xml'.....
done.


-------------------------------------------------------
Time: 10/02/2014 15:56:15
File "tran400001.xml". Start processing...

Terminal ID in file - 1234, doesn't match current terminal ID - 6000031. Switching to new terminal...
Scanning for terminal #1234

ERROR: Terminal was not found in database or is inactive.
File processing cancelled.


