
Base terminal: 6000031
Scanning for terminal #6000031
Terminal found.
Found user directory.
Found terminal directory.
Found terminal backup directory.
Connecting to user database.................................done.
Checking database compatibility.............................done.
Database is compatible with XML transactions.
- Work mode: A
- Update mode: UD
- Force all codes: No
- Last plu check: 11/02/2014 13:15:21
Checking for terminal updates...
No update needed for file "pluadd"
No update needed for file "pluupdate"
No update needed for file "pludel"
File "deps.add" was updated successfully
No update needed for file "club.add"
No update needed for file "club.update"
No update needed for file "workers.add"
No update needed for file "workers.update"
Setting lastpludta time flag for the terminal...............done.
-------------------------------------------------------
Time: 11/02/2014 13:32:34
File "tran2300001.xml". Start processing...

Terminal 6000031 found in user database and is active.
Creating package #23........................................done.(1989)
Processing transactions:
Found transaction #2300001.
Transaction #2300001 added. Processing components...
Product 16070653 already exists in stock.
Stock has been updated for product 16070653.
Processing payments...
Credit card payment found for 50.00 NIS.
Found payments for total 50 NIS.
File processing complete.
Moving transaction file to archive as 'tran2300001.xml'.....
done.


-------------------------------------------------------
Time: 11/02/2014 13:32:34
File "tran400001.xml". Start processing...

Terminal ID in file - 1234, doesn't match current terminal ID - 6000031. Switching to new terminal...
Scanning for terminal #1234

ERROR: Terminal was not found in database or is inactive.
File processing cancelled.


