
Base terminal: 6000031
Scanning for terminal #6000031
Terminal found.
Found user directory.
Found terminal directory.
Found terminal backup directory.
Connecting to user database.................................done.
Checking database compatibility.............................done.
Database is compatible with XML transactions.
- Work mode: A
- Update mode: UD
- Force all codes: Yes
- Last plu check: 25/03/2014 09:43:17
Checking for terminal updates...
File "pluadd" was updated successfully
File "deps" was updated successfully
File "club.dat" was updated successfully
File "workers.dat" was updated successfully
Setting lastpludta time flag for the terminal...............done.
-------------------------------------------------------
Time: 25/03/2014 09:45:50
File "tran9400003.xml". Start processing...

Terminal 6000031 found in user database and is active.
Package #94 already exists in database.(2151) Checking transactions...
Found transaction #9400003.
Transaction #9400003 added. Processing components...
Product 8120000000301 already exists in stock.
Stock has been updated for product 8120000000301.
Product 2570000000167 already exists in stock.
Stock has been updated for product 2570000000167.
Processing payments...
Hakafa payment found for -831.30 NIS.
Found refund for total 831.3 NIS.
File processing complete.
Moving transaction file to archive as 'tran9400003.xml'.....
done.

