
Base terminal: 6000031
Scanning for terminal #6000031
Terminal found.
Found user directory.
Found terminal directory.
Found terminal backup directory.
Connecting to user database.................................done.
Checking database compatibility.............................done.
Database is compatible with XML transactions.
- Work mode: A
- Update mode: UD
- Force all codes: No
- Last plu check: 24/02/2014 14:46:10
Checking for terminal updates...
No update needed for file "pluadd"
No update needed for file "pluupdate"
No update needed for file "pludel"
No update needed for file "deps.add"
No update needed for file "deps.update"
No update needed for file "club.add"
No update needed for file "club.update"
No update needed for file "workers.add"
No update needed for file "workers.update"
Setting lastpludta time flag for the terminal...............done.
-------------------------------------------------------
Time: 24/02/2014 16:07:06
File "tran4600004.xml". Start processing...

Terminal 6000031 found in user database and is active.
Package #46 already exists in database.(2044) Checking transactions...
Found transaction #4600004.
Transaction #4600004 added. Processing components...
Product 2570000000140 already exists in stock.
Stock has been updated for product 2570000000140.
Product 2570000000123 already exists in stock.
Stock has been updated for product 2570000000123.
Product 5400000212 already exists in stock.
Stock has been updated for product 5400000212.
Processing payments...
Credit card payment found for 332.55 NIS.
Found payments for total 332.55 NIS.
File processing complete.
Moving transaction file to archive as 'tran4600004.xml'.....
done.


-------------------------------------------------------
Time: 24/02/2014 16:07:06
File "tran300024.xml". Start processing...

Terminal ID in file - 1234, doesn't match current terminal ID - 6000031. Switching to new terminal...
Scanning for terminal #1234

ERROR: Terminal was not found in database or is inactive.
File processing cancelled.



-------------------------------------------------------
Time: 24/02/2014 16:07:06
File "tran300022.xml". Start processing...

Terminal ID in file - 1234, doesn't match current terminal ID - -1. Switching to new terminal...
Scanning for terminal #1234

ERROR: Terminal was not found in database or is inactive.
File processing cancelled.



-------------------------------------------------------
Time: 24/02/2014 16:07:06
File "tran300021.xml". Start processing...

Terminal ID in file - 1234, doesn't match current terminal ID - -1. Switching to new terminal...
Scanning for terminal #1234

ERROR: Terminal was not found in database or is inactive.
File processing cancelled.


