
Base terminal: 6000031
Scanning for terminal #6000031
Terminal found.
Found user directory.
Found terminal directory.
Found terminal backup directory.
Connecting to user database.................................done.
Checking database compatibility.............................done.
Database is compatible with XML transactions.
- Work mode: A
- Update mode: UD
- Force all codes: No
- Last plu check: 20/02/2014 11:42:53
Checking for terminal updates...
No update needed for file "pluadd"
No update needed for file "pluupdate"
No update needed for file "pludel"
No update needed for file "deps.add"
No update needed for file "deps.update"
No update needed for file "club.add"
No update needed for file "club.update"
No update needed for file "workers.add"
No update needed for file "workers.update"
Setting lastpludta time flag for the terminal...............done.
-------------------------------------------------------
Time: 20/02/2014 12:04:39
File "tran4000008.xml". Start processing...

Terminal 6000031 found in user database and is active.
Package #40 already exists in database.(2029) Checking transactions...
Found transaction #4000008.
Transaction #4000008 added. Processing components...
Product 5400000553 already exists in stock.
Stock has been updated for product 5400000553.
Product 2600168 already exists in stock.
Stock has been updated for product 2600168.
Processing payments...
Credit card payment found for 286.20 NIS.
Found payments for total 286.2 NIS.
File processing complete.
Moving transaction file to archive as 'tran4000008.xml'.....
done.

