
Base terminal: 6000031
Scanning for terminal #6000031
Terminal found.
Found user directory.
Found terminal directory.
Found terminal backup directory.
Connecting to user database.................................done.
Checking database compatibility.............................done.
Database is compatible with XML transactions.
- Work mode: A
- Update mode: UD
- Force all codes: Yes
- Last plu check: 26/03/2014 16:34:15
Checking for terminal updates...
File "pluadd" was updated successfully
File "deps" was updated successfully
File "club.dat" was updated successfully
File "workers.dat" was updated successfully
Setting lastpludta time flag for the terminal...............done.
-------------------------------------------------------
Time: 26/03/2014 17:13:21
File "tran9800010.xml". Start processing...

Terminal 6000031 found in user database and is active.
Package #98 already exists in database.(2159) Checking transactions...
Found transaction #9800010.
Transaction #9800010 added. Processing components...
Product 7180000000134 already exists in stock.
Stock has been updated for product 7180000000134.
Product 2832000000005 already exists in stock.
Stock has been updated for product 2832000000005.
Product 2570000000183 already exists in stock.
Stock has been updated for product 2570000000183.
Processing payments...
Cash payment found for 100.00 NIS.
Credit card payment found for 241.05 NIS.
Found payments for total 341.05 NIS.
File processing complete.
Moving transaction file to archive as 'tran9800010.xml'.....
done.

