
Base terminal: 6000031
Scanning for terminal #6000031
Terminal found.
Found user directory.
Found terminal directory.
Found terminal backup directory.
Connecting to user database.................................done.
Checking database compatibility.............................done.
Database is compatible with XML transactions.
- Work mode: A
- Update mode: UD
- Force all codes: No
- Last plu check: 21/03/2014 09:55:56
Checking for terminal updates...
No update needed for file "pluadd"
No update needed for file "pluupdate"
No update needed for file "pludel"
No update needed for file "deps.add"
No update needed for file "deps.update"
No update needed for file "club.add"
No update needed for file "club.update"
No update needed for file "workers.add"
No update needed for file "workers.update"
Setting lastpludta time flag for the terminal...............done.
-------------------------------------------------------
Time: 21/03/2014 10:01:24
File "tran8900019.xml". Start processing...

Terminal 6000031 found in user database and is active.
Package #89 already exists in database.(2141) Checking transactions...
Found transaction #8900019.
Transaction #8900019 added. Processing components...
Product 90000000271 already exists in stock.
Stock has been updated for product 90000000271.
Product 790000000596 already exists in stock.
Stock has been updated for product 790000000596.
Product 90000000259 already exists in stock.
Stock has been updated for product 90000000259.
Product 8120000000295 already exists in stock.
Stock has been updated for product 8120000000295.
Product 8120000000268 already exists in stock.
Stock has been updated for product 8120000000268.
Product 2570000000171 already exists in stock.
Stock has been updated for product 2570000000171.
Product 42000001429 already exists in stock.
Stock has been updated for product 42000001429.
Processing payments...
Credit card payment found for 1598.85 NIS.
Found payments for total 1598.85 NIS.
File processing complete.
Moving transaction file to archive as 'tran8900019.xml'.....
done.

