
Base terminal: 6000031
Scanning for terminal #6000031
Terminal found.
Found user directory.
Found terminal directory.
Found terminal backup directory.
Connecting to user database.................................done.
Checking database compatibility.............................done.
Database is compatible with XML transactions.
- Work mode: A
- Update mode: UD
- Force all codes: No
- Last plu check: 17/03/2014 10:18:01
Checking for terminal updates...
No update needed for file "pluadd"
No update needed for file "pluupdate"
No update needed for file "pludel"
No update needed for file "deps.add"
No update needed for file "deps.update"
No update needed for file "club.add"
No update needed for file "club.update"
No update needed for file "workers.add"
No update needed for file "workers.update"
Setting lastpludta time flag for the terminal...............done.
-------------------------------------------------------
Time: 17/03/2014 10:20:13
File "tran7900003.xml". Start processing...

Terminal 6000031 found in user database and is active.
Package #79 already exists in database.(2123) Checking transactions...
Found transaction #7900003.
Transaction #7900003 added. Processing components...
Product 5400000553 already exists in stock.
Stock has been updated for product 5400000553.
Product 9290000000076 already exists in stock.
Stock has been updated for product 9290000000076.
Product 2937000000000 already exists in stock.
Stock has been updated for product 2937000000000.
Product 2614000000031 already exists in stock.
Stock has been updated for product 2614000000031.
Product 9250000000238 already exists in stock.
Stock has been updated for product 9250000000238.
Product 790000000380 already exists in stock.
Stock has been updated for product 790000000380.
Processing payments...
Credit card payment found for 753.35 NIS.
Found payments for total 753.35 NIS.
File processing complete.
Moving transaction file to archive as 'tran7900003.xml'.....
done.

