
Base terminal: 6000031
Scanning for terminal #6000031
Terminal found.
Found user directory.
Found terminal directory.
Found terminal backup directory.
Connecting to user database.................................done.
Checking database compatibility.............................done.
Database is compatible with XML transactions.
- Work mode: A
- Update mode: UD
- Force all codes: Yes
- Last plu check: 05/03/2014 10:40:31
Checking for terminal updates...
File "pluadd" was updated successfully
File "deps" was updated successfully
File "club.dat" was updated successfully
File "workers.dat" was updated successfully
Setting lastpludta time flag for the terminal...............done.
-------------------------------------------------------
Time: 05/03/2014 10:41:52
File "tran6100004.xml". Start processing...

Terminal 6000031 found in user database and is active.
Package #61 already exists in database.(2080) Checking transactions...
Found transaction #6100004.
Transaction #6100004 added. Processing components...
Product 2570000000123 already exists in stock.
Stock has been updated for product 2570000000123.
Product 2600104 already exists in stock.
Stock has been updated for product 2600104.
Product 2830000000054 already exists in stock.
Stock has been updated for product 2830000000054.
Processing payments...
RefundVoucher payment found for -336.05 NIS.
Found refund for total 336.05 NIS.
File processing complete.
Moving transaction file to archive as 'tran6100004.xml'.....
done.

