
Base terminal: 6000031
Scanning for terminal #6000031
Terminal found.
Found user directory.
Found terminal directory.
Found terminal backup directory.
Connecting to user database.................................done.
Checking database compatibility.............................done.
Database is compatible with XML transactions.
- Work mode: A
- Update mode: UD
- Force all codes: No
- Last plu check: 04/03/2014 07:44:27
Checking for terminal updates...
No update needed for file "pluadd"
No update needed for file "pluupdate"
No update needed for file "pludel"
No update needed for file "deps.add"
No update needed for file "deps.update"
No update needed for file "club.add"
No update needed for file "club.update"
No update needed for file "workers.add"
No update needed for file "workers.update"
Setting lastpludta time flag for the terminal...............done.
-------------------------------------------------------
Time: 04/03/2014 07:46:54
File "tran5990001.xml". Start processing...

Terminal 6000031 found in user database and is active.
Creating package #59........................................done.(2075)
Processing transactions:
Found transaction #5990001.
Transaction #5990001 added. Processing components...
Processing payments...
Cash payment found for 600.00 NIS.
Found payments for total 600 NIS.
File processing complete.
Moving transaction file to archive as 'tran5990001.xml'.....
done.

