
Base terminal: 6000031
Scanning for terminal #6000031
Terminal found.
Found user directory.
Found terminal directory.
Found terminal backup directory.
Connecting to user database.................................done.
Checking database compatibility.............................done.
Database is compatible with XML transactions.
- Work mode: A
- Update mode: UD
- Force all codes: Yes
- Last plu check: 26/03/2014 17:32:35
Checking for terminal updates...
File "pluadd" was updated successfully
File "deps" was updated successfully
File "club.dat" was updated successfully
File "workers.dat" was updated successfully
Setting lastpludta time flag for the terminal...............done.
-------------------------------------------------------
Time: 26/03/2014 17:51:37
File "tran9800012.xml". Start processing...

Terminal 6000031 found in user database and is active.
Package #98 already exists in database.(2159) Checking transactions...
Found transaction #9800012.
Transaction #9800012 added. Processing components...
Product 2569000000088 already exists in stock.
Stock has been updated for product 2569000000088.
Processing payments...
Credit card payment found for 151.20 NIS.
Found payments for total 151.2 NIS.
File processing complete.
Moving transaction file to archive as 'tran9800012.xml'.....
done.

