
Base terminal: 6000031
Scanning for terminal #6000031
Terminal found.
Found user directory.
Found terminal directory.
Found terminal backup directory.
Connecting to user database.................................done.
Checking database compatibility.............................done.
Database is compatible with XML transactions.
- Work mode: A
- Update mode: UD
- Force all codes: No
- Last plu check: 02/03/2014 10:14:34
Checking for terminal updates...
No update needed for file "pluadd"
No update needed for file "pluupdate"
No update needed for file "pludel"
No update needed for file "deps.add"
No update needed for file "deps.update"
No update needed for file "club.add"
No update needed for file "club.update"
No update needed for file "workers.add"
No update needed for file "workers.update"
Setting lastpludta time flag for the terminal...............done.
-------------------------------------------------------
Time: 02/03/2014 10:22:57
File "tran5500004.xml". Start processing...

Terminal 6000031 found in user database and is active.
Package #55 already exists in database.(2066) Checking transactions...
Found transaction #5500004.
Transaction #5500004 added. Processing components...
Product 8120000000268 already exists in stock.
Stock has been updated for product 8120000000268.
Warning:  Division by zero in /home/mlaitech/mlaitech.info/modules/stock/xmltrans.php on line 1201

Product 6630000000009 already exists in stock.
Stock has been updated for product 6630000000009.
Product 2748000000034 already exists in stock.
Stock has been updated for product 2748000000034.
Processing payments...
Credit card payment found for 433.25 NIS.
Found payments for total 433.25 NIS.
File processing complete.
Moving transaction file to archive as 'tran5500004.xml'.....
done.

