
Base terminal: 6000031
Scanning for terminal #6000031
Terminal found.
Found user directory.
Found terminal directory.
Found terminal backup directory.
Connecting to user database.................................done.
Checking database compatibility.............................done.
Database is compatible with XML transactions.
- Work mode: A
- Update mode: UD
- Force all codes: No
- Last plu check: 16/02/2014 15:56:11
Checking for terminal updates...
No update needed for file "pluadd"
No update needed for file "pluupdate"
No update needed for file "pludel"
No update needed for file "deps.add"
No update needed for file "deps.update"
No update needed for file "club.add"
No update needed for file "club.update"
No update needed for file "workers.add"
No update needed for file "workers.update"
Setting lastpludta time flag for the terminal...............done.
-------------------------------------------------------
Time: 16/02/2014 16:10:35
File "tran3100011.xml". Start processing...

Terminal 6000031 found in user database and is active.
Package #31 already exists in database.(2005) Checking transactions...
Found transaction #3100011.
Transaction #3100011 added. Processing components...
Product 9250000000226 already exists in stock.
Stock has been updated for product 9250000000226.
Product 5400000621 already exists in stock.
Stock has been updated for product 5400000621.
Processing payments...
Credit card payment found for 163.50 NIS.
Credit card payment found for 100.00 NIS.
Found payments for total 263.5 NIS.
File processing complete.
Moving transaction file to archive as 'tran3100011.xml'.....
done.

