
Base terminal: 6000031
Scanning for terminal #6000031
Terminal found.
Found user directory.
Found terminal directory.
Found terminal backup directory.
Connecting to user database.................................done.
Checking database compatibility.............................done.
Database is compatible with XML transactions.
- Work mode: A
- Update mode: UD
- Force all codes: No
- Last plu check: 20/02/2014 10:04:37
Checking for terminal updates...
No update needed for file "pluadd"
No update needed for file "pluupdate"
No update needed for file "pludel"
No update needed for file "deps.add"
No update needed for file "deps.update"
No update needed for file "club.add"
No update needed for file "club.update"
No update needed for file "workers.add"
No update needed for file "workers.update"
Setting lastpludta time flag for the terminal...............done.
-------------------------------------------------------
Time: 20/02/2014 10:39:01
File "tran4000005.xml". Start processing...

Terminal 6000031 found in user database and is active.
Package #40 already exists in database.(2029) Checking transactions...
Found transaction #4000005.
Transaction #4000005 added. Processing components...
Product 7180000000129 already exists in stock.
Stock has been updated for product 7180000000129.
Product 2830000000044 already exists in stock.
Stock has been updated for product 2830000000044.
Processing payments...
Cash payment found for 12.20 NIS.
Cheque payment found for 110.00 NIS.
Cheque payment found for 110.00 NIS.
Found payments for total 232.2 NIS.
File processing complete.
Moving transaction file to archive as 'tran4000005.xml'.....
done.

