
Base terminal: 6000031
Scanning for terminal #6000031
Terminal found.
Found user directory.
Found terminal directory.
Found terminal backup directory.
Connecting to user database.................................done.
Checking database compatibility.............................done.
Database is compatible with XML transactions.
- Work mode: A
- Update mode: UD
- Force all codes: Yes
- Last plu check: 09/03/2014 11:16:03
Checking for terminal updates...
File "pluadd" was updated successfully
File "deps" was updated successfully
File "club.dat" was updated successfully
File "workers.dat" was updated successfully
Setting lastpludta time flag for the terminal...............done.
-------------------------------------------------------
Time: 09/03/2014 11:53:50
File "tran6600003.xml". Start processing...

Terminal 6000031 found in user database and is active.
Package #66 already exists in database.(2093) Checking transactions...
Found transaction #6600003.
Transaction #6600003 added. Processing components...
Product 42000001459 already exists in stock.
Stock has been updated for product 42000001459.
Product 1425000000020 already exists in stock.
Stock has been updated for product 1425000000020.
Processing payments...
RefundVoucher payment found for -275.55 NIS.
Found refund for total 275.55 NIS.
File processing complete.
Moving transaction file to archive as 'tran6600003.xml'.....
done.

