
Base terminal: 6000031
Scanning for terminal #6000031
Terminal found.
Found user directory.
Found terminal directory.
Found terminal backup directory.
Connecting to user database.................................done.
Checking database compatibility.............................done.
Database is compatible with XML transactions.
- Work mode: A
- Update mode: UD
- Force all codes: No
- Last plu check: 13/02/2014 11:23:42
Checking for terminal updates...
No update needed for file "pluadd"
No update needed for file "pluupdate"
No update needed for file "pludel"
No update needed for file "deps.add"
No update needed for file "deps.update"
No update needed for file "club.add"
No update needed for file "club.update"
No update needed for file "workers.add"
No update needed for file "workers.update"
Setting lastpludta time flag for the terminal...............done.
-------------------------------------------------------
Time: 13/02/2014 11:32:15
File "tran2700007.xml". Start processing...

Terminal 6000031 found in user database and is active.
Package #27 already exists in database.(1997) Checking transactions...
Found transaction #2700007.
Transaction #2700007 added. Processing components...
Product 2600130 already exists in stock.
Stock has been updated for product 2600130.
Product 42000000984 already exists in stock.
Stock has been updated for product 42000000984.
Processing payments...
Credit card payment found for 286.70 NIS.
Found payments for total 286.7 NIS.
File processing complete.
Moving transaction file to archive as 'tran2700007.xml'.....
done.

