
Base terminal: 6000031
Scanning for terminal #6000031
Terminal found.
Found user directory.
Found terminal directory.
Found terminal backup directory.
Connecting to user database.................................done.
Checking database compatibility.............................done.
Database is compatible with XML transactions.
- Work mode: A
- Update mode: UD
- Force all codes: No
- Last plu check: 14/03/2014 13:52:23
Checking for terminal updates...
No update needed for file "pluadd"
No update needed for file "pluupdate"
No update needed for file "pludel"
No update needed for file "deps.add"
No update needed for file "deps.update"
No update needed for file "club.add"
No update needed for file "club.update"
No update needed for file "workers.add"
No update needed for file "workers.update"
Setting lastpludta time flag for the terminal...............done.
-------------------------------------------------------
Time: 16/03/2014 07:30:32
File "tran7700001.xml". Start processing...

Terminal 6000031 found in user database and is active.
Creating package #77........................................done.(2118)
Processing transactions:
Found transaction #7700001.
Transaction #7700001 added. Processing components...
Product 2747000000022 already exists in stock.
Stock has been updated for product 2747000000022.
Product 2600168 already exists in stock.
Stock has been updated for product 2600168.
Product 7180000000137 already exists in stock.
Stock has been updated for product 7180000000137.
Processing payments...
Credit card payment found for 538.65 NIS.
Found payments for total 538.65 NIS.
File processing complete.
Moving transaction file to archive as 'tran7700001.xml'.....
done.

