
Base terminal: 6000031
Scanning for terminal #6000031
Terminal found.
Found user directory.
Found terminal directory.
Found terminal backup directory.
Connecting to user database.................................done.
Checking database compatibility.............................done.
Database is compatible with XML transactions.
- Work mode: A
- Update mode: UD
- Force all codes: No
- Last plu check: 12/02/2014 10:24:19
Checking for terminal updates...
File "pluadd" was updated successfully
No update needed for file "pluupdate"
No update needed for file "pludel"
File "deps.add" was updated successfully
No update needed for file "club.add"
No update needed for file "club.update"
No update needed for file "workers.add"
No update needed for file "workers.update"
Setting lastpludta time flag for the terminal...............done.
-------------------------------------------------------
Time: 12/02/2014 12:49:50
File "tran2500008.xml". Start processing...

Terminal 6000031 found in user database and is active.
Package #25 already exists in database.(1992) Checking transactions...
Found transaction #2500008.
Transaction #2500008 added. Processing components...
Product 2600168 already exists in stock.
Stock has been updated for product 2600168.
Product 790000000854 already exists in stock.
Stock has been updated for product 790000000854.
Product 42000000965 already exists in stock.
Stock has been updated for product 42000000965.
Product 2600105 already exists in stock.
Stock has been updated for product 2600105.
Processing payments...
Credit card payment found for 798.30 NIS.
Found payments for total 798.3 NIS.
File processing complete.
Moving transaction file to archive as 'tran2500008.xml'.....
done.

