
Base terminal: 6000031
Scanning for terminal #6000031
Terminal found.
Found user directory.
Found terminal directory.
Found terminal backup directory.
Connecting to user database.................................done.
Checking database compatibility.............................done.
Database is compatible with XML transactions.
- Work mode: A
- Update mode: UD
- Force all codes: No
- Last plu check: 13/02/2014 13:15:22
Checking for terminal updates...
No update needed for file "pluadd"
No update needed for file "pluupdate"
No update needed for file "pludel"
No update needed for file "deps.add"
No update needed for file "deps.update"
No update needed for file "club.add"
No update needed for file "club.update"
No update needed for file "workers.add"
No update needed for file "workers.update"
Setting lastpludta time flag for the terminal...............done.
-------------------------------------------------------
Time: 13/02/2014 13:59:28
File "tran2800001.xml". Start processing...

Terminal 6000031 found in user database and is active.
Creating package #28........................................done.(1999)
Processing transactions:
Found transaction #2800001.
Transaction #2800001 added. Processing components...
Product 5400000213 already exists in stock.
Stock has been updated for product 5400000213.
Processing payments...
Cash payment found for 82.50 NIS.
Found payments for total 82.5 NIS.
File processing complete.
Moving transaction file to archive as 'tran2800001.xml'.....
done.

