
Base terminal: 6000031
Scanning for terminal #6000031
Terminal found.
Found user directory.
Found terminal directory.
Found terminal backup directory.
Connecting to user database.................................done.
Checking database compatibility.............................done.
Database is compatible with XML transactions.
- Work mode: A
- Update mode: UD
- Force all codes: No
- Last plu check: 31/01/2014 12:36:06
Checking for terminal updates...
No update needed for file "pluadd"
No update needed for file "pluupdate"
No update needed for file "pludel"
File "deps" was updated successfully
File "club.dat" was updated successfully
File "workers.dat" was updated successfully
Setting lastpludta time flag for the terminal...............done.-------------------------------------------------------
Time: 31/01/2014 13:21:32
File "tran200029.xml". Start processing...

Terminal 6000031 found in user database and is active.
Package #2 already exists in database.(1939) Checking transactions...
Processing of duplicate packages is FORBIDDEN. Only new transactions will be added.
Found transaction #200029.
Transaction #200029 added. Processing components...
Product 2600147 already exists in stock.
Stock has been updated for product 2600147.
Product 1428000000007 already exists in stock.
Stock has been updated for product 1428000000007.
Processing payments...
Cash payment found for 300.00 NIS.
Credit card payment found for 133.00 NIS.
Found payments for total 433 NIS.
File processing complete.
Moving transaction file to archive as 'tran200029.xml'......
done.

