
Base terminal: 6000031
Scanning for terminal #6000031
Terminal found.
Found user directory.
Found terminal directory.
Found terminal backup directory.
Connecting to user database.................................done.
Checking database compatibility.............................done.
Database is compatible with XML transactions.
- Work mode: A
- Update mode: UD
- Force all codes: No
- Last plu check: 31/01/2014 13:47:34
Checking for terminal updates...
No update needed for file "pluadd"
No update needed for file "pluupdate"
No update needed for file "pludel"
File "deps" was updated successfully
File "club.dat" was updated successfully
File "workers.dat" was updated successfully
Setting lastpludta time flag for the terminal...............done.-------------------------------------------------------
Time: 31/01/2014 14:03:54
File "tran200032.xml". Start processing...

Terminal 6000031 found in user database and is active.
Package #2 already exists in database.(1939) Checking transactions...
Processing of duplicate packages is FORBIDDEN. Only new transactions will be added.
Found transaction #200032.
Transaction #200032 added. Processing components...
Warning:  Division by zero in /home/mlaitech/mlaitech.info/modules/stock/xmltrans.php on line 979

Product 42000001426 already exists in stock.
Stock has been updated for product 42000001426.
Product 1175000000091 already exists in stock.
Stock has been updated for product 1175000000091.
Product 2830000000013 already exists in stock.
Stock has been updated for product 2830000000013.
Processing payments...
Credit card payment found for 190.15 NIS.
Found payments for total 190.15 NIS.
File processing complete.
Moving transaction file to archive as 'tran200032.xml'......
done.

