
Base terminal: 6000031
Scanning for terminal #6000031
Terminal found.
Found user directory.
Found terminal directory.
Found terminal backup directory.
Connecting to user database.................................done.
Checking database compatibility.............................done.
Database is compatible with XML transactions.
- Work mode: A
- Update mode: UD
- Force all codes: No
- Last plu check: 11/02/2014 12:56:08
Checking for terminal updates...
File "pluadd" was updated successfully
No update needed for file "pluupdate"
No update needed for file "pludel"
File "deps.add" was updated successfully
No update needed for file "club.add"
No update needed for file "club.update"
No update needed for file "workers.add"
No update needed for file "workers.update"
Setting lastpludta time flag for the terminal...............done.
-------------------------------------------------------
Time: 11/02/2014 13:02:39
File "tran2200007.xml". Start processing...

Terminal 6000031 found in user database and is active.
Package #22 already exists in database.(1986) Checking transactions...
Found transaction #2200007.
Transaction #2200007 added. Processing components...
Product 2570000000086 already exists in stock.
Stock has been updated for product 2570000000086.
Product 2790000000001 already exists in stock.
Stock has been updated for product 2790000000001.
Processing payments...
Credit card payment found for 178.50 NIS.
Found payments for total 178.5 NIS.
File processing complete.
Moving transaction file to archive as 'tran2200007.xml'.....
done.


-------------------------------------------------------
Time: 11/02/2014 13:02:39
File "tran400001.xml". Start processing...

Terminal ID in file - 1234, doesn't match current terminal ID - 6000031. Switching to new terminal...
Scanning for terminal #1234

ERROR: Terminal was not found in database or is inactive.
File processing cancelled.


