
Base terminal: 6000031
Scanning for terminal #6000031
Terminal found.
Found user directory.
Found terminal directory.
Found terminal backup directory.
Connecting to user database.................................done.
Checking database compatibility.............................done.
Database is compatible with XML transactions.
- Work mode: A
- Update mode: UD
- Force all codes: No
- Last plu check: 26/02/2014 15:27:45
Checking for terminal updates...
No update needed for file "pluadd"
No update needed for file "pluupdate"
No update needed for file "pludel"
No update needed for file "deps.add"
No update needed for file "deps.update"
No update needed for file "club.add"
No update needed for file "club.update"
No update needed for file "workers.add"
No update needed for file "workers.update"
Setting lastpludta time flag for the terminal...............done.
-------------------------------------------------------
Time: 26/02/2014 15:46:02
File "tran5100008.xml". Start processing...

Terminal 6000031 found in user database and is active.
Package #51 already exists in database.(2054) Checking transactions...
Found transaction #5100008.
Transaction #5100008 added. Processing components...
Product 9250000000244 already exists in stock.
Stock has been updated for product 9250000000244.
Product 2747000000034 already exists in stock.
Stock has been updated for product 2747000000034.
Processing payments...
Credit card payment found for 511.10 NIS.
Found payments for total 511.1 NIS.
File processing complete.
Moving transaction file to archive as 'tran5100008.xml'.....
done.

