
Base terminal: 6000031
Scanning for terminal #6000031
Terminal found.
Found user directory.
Found terminal directory.
Found terminal backup directory.
Connecting to user database.................................done.
Checking database compatibility.............................done.
Database is compatible with XML transactions.
- Work mode: A
- Update mode: UD
- Force all codes: No
- Last plu check: 18/03/2014 09:49:40
Checking for terminal updates...
No update needed for file "pluadd"
No update needed for file "pluupdate"
No update needed for file "pludel"
No update needed for file "deps.add"
No update needed for file "deps.update"
No update needed for file "club.add"
No update needed for file "club.update"
No update needed for file "workers.add"
No update needed for file "workers.update"
Setting lastpludta time flag for the terminal...............done.
-------------------------------------------------------
Time: 18/03/2014 10:10:28
File "tran8290001.xml". Start processing...

Terminal 6000031 found in user database and is active.
Package #82 already exists in database.(2128) Checking transactions...
Found transaction #8290001.
Transaction #8290001 added. Processing components...
Processing payments...
Credit card payment found for 651.20 NIS.
Found payments for total 651.2 NIS.
File processing complete.
Moving transaction file to archive as 'tran8290001.xml'.....
done.

