
Base terminal: 6000031
Scanning for terminal #6000031
Terminal found.
Found user directory.
Found terminal directory.
Found terminal backup directory.
Connecting to user database.................................done.
Checking database compatibility.............................done.
Database is compatible with XML transactions.
- Work mode: A
- Update mode: UD
- Force all codes: No
- Last plu check: 27/02/2014 11:46:52
Checking for terminal updates...
No update needed for file "pluadd"
No update needed for file "pluupdate"
No update needed for file "pludel"
No update needed for file "deps.add"
No update needed for file "deps.update"
No update needed for file "club.add"
No update needed for file "club.update"
No update needed for file "workers.add"
No update needed for file "workers.update"
Setting lastpludta time flag for the terminal...............done.
-------------------------------------------------------
Time: 27/02/2014 11:49:53
File "tran5200013.xml". Start processing...

Terminal 6000031 found in user database and is active.
Package #52 already exists in database.(2058) Checking transactions...
Found transaction #5200013.
Transaction #5200013 added. Processing components...
Product 2570000000152 already exists in stock.
Stock has been updated for product 2570000000152.
Product 90000000262 already exists in stock.
Stock has been updated for product 90000000262.
Product 90000000263 already exists in stock.
Stock has been updated for product 90000000263.
Product 2570000000096 already exists in stock.
Stock has been updated for product 2570000000096.
Processing payments...
Hakafa payment found for 1076.10 NIS.
Found payments for total 1076.1 NIS.
File processing complete.
Moving transaction file to archive as 'tran5200013.xml'.....
done.

