
Base terminal: 6000031
Scanning for terminal #6000031
Terminal found.
Found user directory.
Found terminal directory.
Found terminal backup directory.
Connecting to user database.................................done.
Checking database compatibility.............................done.
Database is compatible with XML transactions.
- Work mode: A
- Update mode: UD
- Force all codes: No
- Last plu check: 03/02/2014 16:42:23
Checking for terminal updates...
No update needed for file "pluadd"
No update needed for file "pluupdate"
No update needed for file "pludel"
No update needed for file "deps.update"
No update needed for file "club.update"
No update needed for file "workers.update"
Setting lastpludta time flag for the terminal...............done.
-------------------------------------------------------
Time: 03/02/2014 16:55:01
File "tran600004.xml". Start processing...

Terminal 6000031 found in user database and is active.
Package #6 already exists in database.(1951) Checking transactions...
Found transaction #600004.
Transaction #600004 added. Processing components...
Product 5400000214 already exists in stock.
Stock has been updated for product 5400000214.
Processing payments...
Credit card payment found for 55.00 NIS.
Found payments for total 55 NIS.
File processing complete.
Moving transaction file to archive as 'tran600004_1.xml'....
done.

