
Base terminal: 6000031
Scanning for terminal #6000031
Terminal found.
Found user directory.
Found terminal directory.
Found terminal backup directory.
Connecting to user database.................................done.
Checking database compatibility.............................done.
Database is compatible with XML transactions.
- Work mode: A
- Update mode: UD
- Force all codes: No
- Last plu check: 24/03/2014 16:28:40
Checking for terminal updates...
No update needed for file "pluadd"
No update needed for file "pluupdate"
No update needed for file "pludel"
No update needed for file "deps.add"
No update needed for file "deps.update"
No update needed for file "club.add"
No update needed for file "club.update"
No update needed for file "workers.add"
No update needed for file "workers.update"
Setting lastpludta time flag for the terminal...............done.
-------------------------------------------------------
Time: 24/03/2014 16:30:59
File "tran9300008.xml". Start processing...

Terminal 6000031 found in user database and is active.
Package #93 already exists in database.(2149) Checking transactions...
Found transaction #9300008.
Transaction #9300008 added. Processing components...
Product 7180000000129 already exists in stock.
Stock has been updated for product 7180000000129.
Product 2974000000013 already exists in stock.
Stock has been updated for product 2974000000013.
Product 790000000394 already exists in stock.
Stock has been updated for product 790000000394.
Processing payments...
Credit card payment found for 226.00 NIS.
Credit card payment found for 330.70 NIS.
Found payments for total 556.7 NIS.
File processing complete.
Moving transaction file to archive as 'tran9300008.xml'.....
done.

