
Base terminal: 6000031
Scanning for terminal #6000031
Terminal found.
Found user directory.
Found terminal directory.
Found terminal backup directory.
Connecting to user database.................................done.
Checking database compatibility.............................done.
Database is compatible with XML transactions.
- Work mode: A
- Update mode: UD
- Force all codes: No
- Last plu check: 10/03/2014 14:29:06
Checking for terminal updates...
No update needed for file "pluadd"
No update needed for file "pluupdate"
No update needed for file "pludel"
No update needed for file "deps.add"
No update needed for file "deps.update"
No update needed for file "club.add"
No update needed for file "club.update"
No update needed for file "workers.add"
No update needed for file "workers.update"
Setting lastpludta time flag for the terminal...............done.
-------------------------------------------------------
Time: 10/03/2014 14:38:24
File "tran6900006.xml". Start processing...

Terminal 6000031 found in user database and is active.
Package #69 already exists in database.(2100) Checking transactions...
Found transaction #6900006.
Transaction #6900006 added. Processing components...
Product 42000001455 already exists in stock.
Stock has been updated for product 42000001455.
Processing payments...
Credit card payment found for 79.50 NIS.
Found payments for total 79.5 NIS.
File processing complete.
Moving transaction file to archive as 'tran6900006.xml'.....
done.

