
Base terminal: 6000031
Scanning for terminal #6000031
Terminal found.
Found user directory.
Found terminal directory.
Found terminal backup directory.
Connecting to user database.................................done.
Checking database compatibility.............................done.
Database is compatible with XML transactions.
- Work mode: A
- Update mode: UD
- Force all codes: No
- Last plu check: 26/02/2014 10:49:38
Checking for terminal updates...
No update needed for file "pluadd"
No update needed for file "pluupdate"
No update needed for file "pludel"
No update needed for file "deps.add"
No update needed for file "deps.update"
No update needed for file "club.add"
No update needed for file "club.update"
No update needed for file "workers.add"
No update needed for file "workers.update"
Setting lastpludta time flag for the terminal...............done.
-------------------------------------------------------
Time: 26/02/2014 10:55:20
File "tran5000013.xml". Start processing...

Terminal 6000031 found in user database and is active.
Package #50 already exists in database.(2053) Checking transactions...
Found transaction #5000013.
Transaction #5000013 added. Processing components...
Product 9250000000206 already exists in stock.
Stock has been updated for product 9250000000206.
Product 2571000000023 already exists in stock.
Stock has been updated for product 2571000000023.
Product 7180000000133 already exists in stock.
Stock has been updated for product 7180000000133.
Product 7180000000140 already exists in stock.
Stock has been updated for product 7180000000140.
Product 2570000000044 already exists in stock.
Stock has been updated for product 2570000000044.
Processing payments...
Cash payment found for 829.00 NIS.
Found payments for total 829 NIS.
File processing complete.
Moving transaction file to archive as 'tran5000013.xml'.....
done.

