
Base terminal: 6000031
Scanning for terminal #6000031
Terminal found.
Found user directory.
Found terminal directory.
Found terminal backup directory.
Connecting to user database.................................done.
Checking database compatibility.............................done.
Database is compatible with XML transactions.
- Work mode: A
- Update mode: UD
- Force all codes: No
- Last plu check: 03/03/2014 13:58:46
Checking for terminal updates...
No update needed for file "pluadd"
No update needed for file "pluupdate"
No update needed for file "pludel"
No update needed for file "deps.add"
No update needed for file "deps.update"
No update needed for file "club.add"
No update needed for file "club.update"
No update needed for file "workers.add"
No update needed for file "workers.update"
Setting lastpludta time flag for the terminal...............done.
-------------------------------------------------------
Time: 03/03/2014 14:03:18
File "tran5800003.xml". Start processing...

Terminal 6000031 found in user database and is active.
Package #58 already exists in database.(2072) Checking transactions...
Found transaction #5800003.
Transaction #5800003 added. Processing components...
Product 2570000000123 already exists in stock.
Stock has been updated for product 2570000000123.
Product 2570000000081 already exists in stock.
Stock has been updated for product 2570000000081.
Processing payments...
RefundVoucher payment found for -45.00 NIS.
Found refund for total 45 NIS.
File processing complete.
Moving transaction file to archive as 'tran5800003.xml'.....
done.

