
Base terminal: 6000031
Scanning for terminal #6000031
Terminal found.
Found user directory.
Found terminal directory.
Found terminal backup directory.
Connecting to user database.................................done.
Checking database compatibility.............................done.
Database is compatible with XML transactions.
- Work mode: A
- Update mode: UD
- Force all codes: No
- Last plu check: 27/01/2014 18:54:17
Checking for terminal updates...
No update needed for file "pluadd"
No update needed for file "pluupdate"
No update needed for file "pludel"
File "deps" was updated successfully
File "club.dat" was updated successfully
File "workers.dat" was updated successfully
Setting lastpludta time flag for the terminal...............done.-------------------------------------------------------
Time: 27/01/2014 18:56:23
File "tran800027.xml". Start processing...

Terminal 6000031 found in user database and is active.
Package #8 already exists in database.(1910) Checking transactions...
Processing of duplicate packages is FORBIDDEN. Only new transactions will be added.
Found transaction #800027.
Transaction #800027 added. Processing components...
Product 0000000000000 already exists in stock.
Stock has been updated for product 0000000000000.
Processing payments...
Cash payment found for 500.00 NIS.
RefundVoucher payment found for  NIS.
Found payments for total 500 NIS.
--WARNING--: Too big difference between payment amount and transaction amount. (Charge: 3000.00, Payment: 500, Change: :) 
Transaction cancelled.
File processing complete.
Moving transaction file to archive as 'tran800027.xml'......
done.

