
Base terminal: 6000031
Scanning for terminal #6000031
Terminal found.
Found user directory.
Found terminal directory.
Found terminal backup directory.
Connecting to user database.................................done.
Checking database compatibility.............................done.
Database is compatible with XML transactions.
- Work mode: A
- Update mode: UD
- Force all codes: Yes
- Last plu check: 05/03/2014 14:33:50
Checking for terminal updates...
File "pluadd" was updated successfully
File "deps" was updated successfully
File "club.dat" was updated successfully
File "workers.dat" was updated successfully
Setting lastpludta time flag for the terminal...............done.
-------------------------------------------------------
Time: 05/03/2014 14:37:15
File "tran6200005.xml". Start processing...

Terminal 6000031 found in user database and is active.
Package #62 already exists in database.(2082) Checking transactions...
Found transaction #6200005.
Transaction #6200005 added. Processing components...
Product 790000000833 already exists in stock.
Stock has been updated for product 790000000833.
Product 3800000887 already exists in stock.
Stock has been updated for product 3800000887.
Product 790000000818 already exists in stock.
Stock has been updated for product 790000000818.
Processing payments...
Credit card payment found for 258.50 NIS.
Found payments for total 258.5 NIS.
File processing complete.
Moving transaction file to archive as 'tran6200005.xml'.....
done.

