
Base terminal: 6000031
Scanning for terminal #6000031
Terminal found.
Found user directory.
Found terminal directory.
Found terminal backup directory.
Connecting to user database.................................done.
Checking database compatibility.............................done.
Database is compatible with XML transactions.
- Work mode: A
- Update mode: UD
- Force all codes: No
- Last plu check: 17/02/2014 13:39:12
Checking for terminal updates...
No update needed for file "pluadd"
No update needed for file "pluupdate"
No update needed for file "pludel"
No update needed for file "deps.add"
No update needed for file "deps.update"
No update needed for file "club.add"
No update needed for file "club.update"
No update needed for file "workers.add"
No update needed for file "workers.update"
Setting lastpludta time flag for the terminal...............done.
-------------------------------------------------------
Time: 17/02/2014 14:06:30
File "tran3300003.xml". Start processing...

Terminal 6000031 found in user database and is active.
Package #33 already exists in database.(2009) Checking transactions...
Found transaction #3300003.
Transaction #3300003 added. Processing components...
Product 2787000000005 already exists in stock.
Stock has been updated for product 2787000000005.
Processing payments...
RefundVoucher payment found for -424.15 NIS.
Found refund for total 424.15 NIS.
File processing complete.
Moving transaction file to archive as 'tran3300003.xml'.....
done.

