
Base terminal: 6000031
Scanning for terminal #6000031
Terminal found.
Found user directory.
Found terminal directory.
Found terminal backup directory.
Connecting to user database.................................done.
Checking database compatibility.............................done.
Database is compatible with XML transactions.
- Work mode: A
- Update mode: UD
- Force all codes: No
- Last plu check: 18/03/2014 15:09:45
Checking for terminal updates...
No update needed for file "pluadd"
No update needed for file "pluupdate"
No update needed for file "pludel"
No update needed for file "deps.add"
No update needed for file "deps.update"
No update needed for file "club.add"
No update needed for file "club.update"
No update needed for file "workers.add"
No update needed for file "workers.update"
Setting lastpludta time flag for the terminal...............done.
-------------------------------------------------------
Time: 18/03/2014 15:13:47
File "clock.txt". Start processing...

3 lines found. Parsing...........done.
3 records parsed
Registered record for worker #1: 2014-03-18 10:35 - 14:49.
-------------------------------------------------------
Time: 18/03/2014 15:13:47
File "tran8490001.xml". Start processing...

Terminal 6000031 found in user database and is active.
Package #84 already exists in database.(2129) Checking transactions...
Found transaction #8490001.
Transaction #8490001 added. Processing components...
Processing payments...
RefundVoucher payment found for 106.00 NIS.
Found payments for total 106 NIS.
File processing complete.
Moving transaction file to archive as 'tran8490001.xml'.....
done.

