
Base terminal: 6000031
Scanning for terminal #6000031
Terminal found.
Found user directory.
Found terminal directory.
Found terminal backup directory.
Connecting to user database.................................done.
Checking database compatibility.............................done.
Database is compatible with XML transactions.
- Work mode: A
- Update mode: UD
- Force all codes: Yes
- Last plu check: 27/03/2014 14:21:59
Checking for terminal updates...
File "pluadd" was updated successfully
File "deps" was updated successfully
File "club.dat" was updated successfully
File "workers.dat" was updated successfully
Setting lastpludta time flag for the terminal...............done.
-------------------------------------------------------
Time: 27/03/2014 15:16:18
File "tran10000009.xml". Start processing...

Terminal 6000031 found in user database and is active.
Package #100 already exists in database.(2164) Checking transactions...
Found transaction #10000009.
Transaction #10000009 added. Processing components...
Product 2570000000174 already exists in stock.
Stock has been updated for product 2570000000174.
Product 2600170 already exists in stock.
Stock has been updated for product 2600170.
Processing payments...
RefundVoucher payment found for 448.00 NIS.
Found payments for total 448 NIS.
File processing complete.
Moving transaction file to archive as 'tran10000009.xml'....
done.

