
Base terminal: 6000031
Scanning for terminal #6000031
Terminal found.
Found user directory.
Found terminal directory.
Found terminal backup directory.
Connecting to user database.................................done.
Checking database compatibility.............................done.
Database is compatible with XML transactions.
- Work mode: A
- Update mode: UD
- Force all codes: No
- Last plu check: 16/02/2014 17:18:08
Checking for terminal updates...
No update needed for file "pluadd"
No update needed for file "pluupdate"
No update needed for file "pludel"
No update needed for file "deps.add"
No update needed for file "deps.update"
No update needed for file "club.add"
No update needed for file "club.update"
No update needed for file "workers.add"
No update needed for file "workers.update"
Setting lastpludta time flag for the terminal...............done.
-------------------------------------------------------
Time: 16/02/2014 17:40:29
File "tran3100015.xml". Start processing...

Terminal 6000031 found in user database and is active.
Package #31 already exists in database.(2005) Checking transactions...
Found transaction #3100015.
Transaction #3100015 added. Processing components...
Product 9910000000001 already exists in stock.
Stock has been updated for product 9910000000001.
Product 3400000020 already exists in stock.
Stock has been updated for product 3400000020.
Processing payments...
Cash payment found for 170.00 NIS.
Found payments for total 170 NIS.
File processing complete.
Moving transaction file to archive as 'tran3100015.xml'.....
done.

