
Base terminal: 6000031
Scanning for terminal #6000031
Terminal found.
Found user directory.
Found terminal directory.
Found terminal backup directory.
Connecting to user database.................................done.
Checking database compatibility.............................done.
Database is compatible with XML transactions.
- Work mode: A
- Update mode: UD
- Force all codes: No
- Last plu check: 30/01/2014 14:16:19
Checking for terminal updates...
File "pluadd" was updated successfully
No update needed for file "pluupdate"
No update needed for file "pludel"
File "deps" was updated successfully
File "club.dat" was updated successfully
File "workers.dat" was updated successfully
Setting lastpludta time flag for the terminal...............done.-------------------------------------------------------
Time: 30/01/2014 18:43:51
File "tran400001.xml". Start processing...

Terminal 6000031 found in user database and is active.
Creating package #4.........................................done.(1935)
Processing transactions:
Found transaction #400001.
Transaction #400001 added. Processing components...
Product 0000000000000 already exists in stock.
Stock has been updated for product 0000000000000.
Processing payments...
RefundVoucher payment found for 1200.00 NIS.
RefundVoucher payment found for -200.00 NIS.
Found payments for total 1000 NIS.
File processing complete.
Moving transaction file to archive as 'tran400001_1.xml'....
done.

-------------------------------------------------------
Time: 30/01/2014 18:43:51
File "tran400002.xml". Start processing...

Terminal 6000031 found in user database and is active.
Package #4 already exists in database.(1935) Checking transactions...
Processing of duplicate packages is FORBIDDEN. Only new transactions will be added.
Found transaction #400002.
Transaction #400002 added. Processing components...
Product 0000000000000 already exists in stock.
Stock has been updated for product 0000000000000.
Processing payments...
RefundVoucher payment found for 200.00 NIS.
Found payments for total 200 NIS.
File processing complete.
Moving transaction file to archive as 'tran400002_1.xml'....
done.

-------------------------------------------------------
Time: 30/01/2014 18:43:51
File "tran400003.xml". Start processing...

Terminal 6000031 found in user database and is active.
Package #4 already exists in database.(1935) Checking transactions...
Processing of duplicate packages is FORBIDDEN. Only new transactions will be added.
Found transaction #400003.
Transaction #400003 added. Processing components...
Product 0000000000000 already exists in stock.
Stock has been updated for product 0000000000000.
Processing payments...
RefundVoucher payment found for -200.00 NIS.
Found refund for total 200 NIS.
File processing complete.
Moving transaction file to archive as 'tran400003_1.xml'....
done.

-------------------------------------------------------
Time: 30/01/2014 18:43:51
File "tran400005.xml". Start processing...

Terminal 6000031 found in user database and is active.
Package #4 already exists in database.(1935) Checking transactions...
Processing of duplicate packages is FORBIDDEN. Only new transactions will be added.
Found transaction #400005.
Transaction #400005 added. Processing components...
Product 0000000000000 already exists in stock.
Stock has been updated for product 0000000000000.
Processing payments...
Cash payment found for 200.00 NIS.
Cheque payment found for 320.00 NIS.
RefundVoucher payment found for 132.00 NIS.
RefundVoucher payment found for 348.00 NIS.
Found payments for total 1000 NIS.
File processing complete.
Moving transaction file to archive as 'tran400005_1.xml'....
done.

