
Base terminal: 6000031
Scanning for terminal #6000031
Terminal found.
Found user directory.
Found terminal directory.
Found terminal backup directory.
Connecting to user database.................................done.
Checking database compatibility.............................done.
Database is compatible with XML transactions.
- Work mode: A
- Update mode: UD
- Force all codes: No
- Last plu check: 03/02/2014 09:09:57
Checking for terminal updates...
No update needed for file "pluadd"
No update needed for file "pluupdate"
No update needed for file "pludel"
No update needed for file "deps.update"
No update needed for file "club.update"
No update needed for file "workers.update"
Setting lastpludta time flag for the terminal...............done.
-------------------------------------------------------
Time: 03/02/2014 09:13:29
File "tran500003.xml". Start processing...

Terminal 6000031 found in user database and is active.
Package #5 already exists in database.(1948) Checking transactions...
Found transaction #500003.
Transaction #500003 added. Processing components...
Product 2570000000140 already exists in stock.
Stock has been updated for product 2570000000140.
Product 2570000000141 already exists in stock.
Stock has been updated for product 2570000000141.
Processing payments...
RefundVoucher payment found for 331.55 NIS.
RefundVoucher payment found for -93.05 NIS.
Found payments for total 238.5 NIS.
File processing complete.
Moving transaction file to archive as 'tran500003.xml'......
done.

