
Base terminal: 6000031
Scanning for terminal #6000031
Terminal found.
Found user directory.
Found terminal directory.
Found terminal backup directory.
Connecting to user database.................................done.
Checking database compatibility.............................done.
Database is compatible with XML transactions.
- Work mode: A
- Update mode: UD
- Force all codes: No
- Last plu check: 18/03/2014 11:24:26
Checking for terminal updates...
No update needed for file "pluadd"
No update needed for file "pluupdate"
No update needed for file "pludel"
No update needed for file "deps.add"
No update needed for file "deps.update"
No update needed for file "club.add"
No update needed for file "club.update"
No update needed for file "workers.add"
No update needed for file "workers.update"
Setting lastpludta time flag for the terminal...............done.
-------------------------------------------------------
Time: 18/03/2014 11:29:54
File "tran8200006.xml". Start processing...

Terminal 6000031 found in user database and is active.
Package #82 already exists in database.(2128) Checking transactions...
Found transaction #8200006.
Transaction #8200006 added. Processing components...
Product 2600169 already exists in stock.
Stock has been updated for product 2600169.
Product 7180000000134 already exists in stock.
Stock has been updated for product 7180000000134.
Processing payments...
Cash payment found for 200.00 NIS.
Credit card payment found for 138.65 NIS.
Found payments for total 338.65 NIS.
File processing complete.
Moving transaction file to archive as 'tran8200006.xml'.....
done.

