
Base terminal: 6000031
Scanning for terminal #6000031
Terminal found.
Found user directory.
Found terminal directory.
Found terminal backup directory.
Connecting to user database.................................done.
Checking database compatibility.............................done.
Database is compatible with XML transactions.
- Work mode: A
- Update mode: UD
- Force all codes: No
- Last plu check: 16/02/2014 11:14:56
Checking for terminal updates...
No update needed for file "pluadd"
No update needed for file "pluupdate"
No update needed for file "pludel"
No update needed for file "deps.add"
No update needed for file "deps.update"
No update needed for file "club.add"
No update needed for file "club.update"
No update needed for file "workers.add"
No update needed for file "workers.update"
Setting lastpludta time flag for the terminal...............done.
-------------------------------------------------------
Time: 16/02/2014 11:47:29
File "tran3000006.xml". Start processing...

Terminal 6000031 found in user database and is active.
Package #30 already exists in database.(2003) Checking transactions...
Found transaction #3000006.
Transaction #3000006 added. Processing components...
Product 4000000071 already exists in stock.
Stock has been updated for product 4000000071.
Product 4000000015 already exists in stock.
Stock has been updated for product 4000000015.
Product 42000000984 already exists in stock.
Stock has been updated for product 42000000984.
Processing payments...
Cash payment found for 4.80 NIS.
Found payments for total 4.8 NIS.
File processing complete.
Moving transaction file to archive as 'tran3000006.xml'.....
done.

