
Base terminal: 6000031
Scanning for terminal #6000031
Terminal found.
Found user directory.
Found terminal directory.
Found terminal backup directory.
Connecting to user database.................................done.
Checking database compatibility.............................done.
Database is compatible with XML transactions.
- Work mode: A
- Update mode: UD
- Force all codes: No
- Last plu check: 24/03/2014 16:57:28
Checking for terminal updates...
No update needed for file "pluadd"
No update needed for file "pluupdate"
No update needed for file "pludel"
No update needed for file "deps.add"
No update needed for file "deps.update"
No update needed for file "club.add"
No update needed for file "club.update"
No update needed for file "workers.add"
No update needed for file "workers.update"
Setting lastpludta time flag for the terminal...............done.
-------------------------------------------------------
Time: 24/03/2014 17:10:30
File "tran9300010.xml". Start processing...

Terminal 6000031 found in user database and is active.
Package #93 already exists in database.(2149) Checking transactions...
Found transaction #9300010.
Transaction #9300010 added. Processing components...
Product 8120000000276 already exists in stock.
Stock has been updated for product 8120000000276.
Product 4000000015 already exists in stock.
Stock has been updated for product 4000000015.
Product 2600168 already exists in stock.
Stock has been updated for product 2600168.
Product 42000000984 already exists in stock.
Stock has been updated for product 42000000984.
Processing payments...
Cash payment found for 913.90 NIS.
Found payments for total 913.9 NIS.
File processing complete.
Moving transaction file to archive as 'tran9300010.xml'.....
done.

