
Base terminal: 6000031
Scanning for terminal #6000031
Terminal found.
Found user directory.
Found terminal directory.
Found terminal backup directory.
Connecting to user database.................................done.
Checking database compatibility.............................done.
Database is compatible with XML transactions.
- Work mode: A
- Update mode: UD
- Force all codes: Yes
- Last plu check: 27/03/2014 15:16:18
Checking for terminal updates...
File "pluadd" was updated successfully
File "deps" was updated successfully
File "club.dat" was updated successfully
File "workers.dat" was updated successfully
Setting lastpludta time flag for the terminal...............done.
-------------------------------------------------------
Time: 27/03/2014 15:56:51
File "tran10000010.xml". Start processing...

Terminal 6000031 found in user database and is active.
Package #100 already exists in database.(2164) Checking transactions...
Found transaction #10000010.
Transaction #10000010 added. Processing components...
Product 6630000000009 already exists in stock.
Stock has been updated for product 6630000000009.
Product 2600181 already exists in stock.
Stock has been updated for product 2600181.
Product 790000000380 already exists in stock.
Stock has been updated for product 790000000380.
Product 3800000896 already exists in stock.
Stock has been updated for product 3800000896.
Product 3800000906 already exists in stock.
Stock has been updated for product 3800000906.
Product 2570000000140 already exists in stock.
Stock has been updated for product 2570000000140.
Product 2830000000053 already exists in stock.
Stock has been updated for product 2830000000053.
Processing payments...
Credit card payment found for 853.00 NIS.
Found payments for total 853 NIS.
File processing complete.
Moving transaction file to archive as 'tran10000010.xml'....
done.

