
Base terminal: 6000031
Scanning for terminal #6000031
Terminal found.
Found user directory.
Found terminal directory.
Found terminal backup directory.
Connecting to user database.................................done.
Checking database compatibility.............................done.
Database is compatible with XML transactions.
- Work mode: A
- Update mode: UD
- Force all codes: No
- Last plu check: 05/02/2014 10:08:42
Checking for terminal updates...
No update needed for file "pluadd"
No update needed for file "pluupdate"
No update needed for file "pludel"
No update needed for file "deps.update"
No update needed for file "club.update"
No update needed for file "workers.update"
Setting lastpludta time flag for the terminal...............done.
-------------------------------------------------------
Time: 05/02/2014 11:36:33
File "tran1000004.xml". Start processing...

Terminal 6000031 found in user database and is active.
Package #10 already exists in database.(1960) Checking transactions...
Found transaction #1000004.
Transaction #1000004 added. Processing components...
Product 2830000000017 already exists in stock.
Stock has been updated for product 2830000000017.
Product 9250000000226 already exists in stock.
Stock has been updated for product 9250000000226.
Processing payments...
Credit card payment found for 288.50 NIS.
Found payments for total 288.5 NIS.
File processing complete.
Moving transaction file to archive as 'tran1000004.xml'.....
done.

