
Base terminal: 6000031
Scanning for terminal #6000031
Terminal found.
Found user directory.
Found terminal directory.
Found terminal backup directory.
Connecting to user database.................................done.
Checking database compatibility.............................done.
Database is compatible with XML transactions.
- Work mode: A
- Update mode: UD
- Force all codes: No
- Last plu check: 02/03/2014 14:07:20
Checking for terminal updates...
No update needed for file "pluadd"
No update needed for file "pluupdate"
No update needed for file "pludel"
No update needed for file "deps.add"
No update needed for file "deps.update"
No update needed for file "club.add"
No update needed for file "club.update"
No update needed for file "workers.add"
No update needed for file "workers.update"
Setting lastpludta time flag for the terminal...............done.
-------------------------------------------------------
Time: 02/03/2014 14:20:00
File "tran5600005.xml". Start processing...

Terminal 6000031 found in user database and is active.
Package #56 already exists in database.(2068) Checking transactions...
Found transaction #5600005.
Transaction #5600005 added. Processing components...
Product 2830000000034 already exists in stock.
Stock has been updated for product 2830000000034.
Product 2570000000123 already exists in stock.
Stock has been updated for product 2570000000123.
Processing payments...
Hakafa payment found for 248.50 NIS.
Found payments for total 248.5 NIS.
File processing complete.
Moving transaction file to archive as 'tran5600005.xml'.....
done.

