
Base terminal: 6000031
Scanning for terminal #6000031
Terminal found.
Found user directory.
Found terminal directory.
Found terminal backup directory.
Connecting to user database.................................done.
Checking database compatibility.............................done.
Database is compatible with XML transactions.
- Work mode: A
- Update mode: UD
- Force all codes: No
- Last plu check: 20/02/2014 16:37:54
Checking for terminal updates...
No update needed for file "pluadd"
No update needed for file "pluupdate"
No update needed for file "pludel"
No update needed for file "deps.add"
No update needed for file "deps.update"
No update needed for file "club.add"
No update needed for file "club.update"
No update needed for file "workers.add"
No update needed for file "workers.update"
Setting lastpludta time flag for the terminal...............done.
-------------------------------------------------------
Time: 20/02/2014 18:02:31
File "tran4100015.xml". Start processing...

Terminal 6000031 found in user database and is active.
Package #41 already exists in database.(2031) Checking transactions...
Found transaction #4100015.
Transaction #4100015 added. Processing components...
Product 2600169 already exists in stock.
Stock has been updated for product 2600169.
Processing payments...
Credit card payment found for 591.30 NIS.
Found payments for total 591.3 NIS.
File processing complete.
Moving transaction file to archive as 'tran4100015.xml'.....
done.

