
Base terminal: 6000031
Scanning for terminal #6000031
Terminal found.
Found user directory.
Found terminal directory.
Found terminal backup directory.
Connecting to user database.................................done.
Checking database compatibility.............................done.
Database is compatible with XML transactions.
- Work mode: A
- Update mode: UD
- Force all codes: No
- Last plu check: 04/03/2014 08:43:06
Checking for terminal updates...
No update needed for file "pluadd"
File "pluupdate" was updated successfully
No update needed for file "pludel"
No update needed for file "deps.add"
No update needed for file "deps.update"
No update needed for file "club.add"
No update needed for file "club.update"
No update needed for file "workers.add"
No update needed for file "workers.update"
Setting lastpludta time flag for the terminal...............done.
-------------------------------------------------------
Time: 04/03/2014 09:12:57
File "tran5900003.xml". Start processing...

Terminal 6000031 found in user database and is active.
Package #59 already exists in database.(2075) Checking transactions...
Found transaction #5900003.
Transaction #5900003 added. Processing components...
Product 7180000000125 already exists in stock.
Stock has been updated for product 7180000000125.
Processing payments...
Cash payment found for 74.50 NIS.
Found payments for total 74.5 NIS.
File processing complete.
Moving transaction file to archive as 'tran5900003.xml'.....
done.

