
Base terminal: 6000031
Scanning for terminal #6000031
Terminal found.
Found user directory.
Found terminal directory.
Found terminal backup directory.
Connecting to user database.................................done.
Checking database compatibility.............................done.
Database is compatible with XML transactions.
- Work mode: A
- Update mode: UD
- Force all codes: No
- Last plu check: 12/02/2014 13:45:04
Checking for terminal updates...
No update needed for file "pluadd"
No update needed for file "pluupdate"
No update needed for file "pludel"
File "deps.add" was updated successfully
No update needed for file "club.add"
No update needed for file "club.update"
No update needed for file "workers.add"
No update needed for file "workers.update"
Setting lastpludta time flag for the terminal...............done.
-------------------------------------------------------
Time: 12/02/2014 14:18:23
File "tran2600002.xml". Start processing...

Terminal 6000031 found in user database and is active.
Package #26 already exists in database.(1995) Checking transactions...
Found transaction #2600002.
Transaction #2600002 added. Processing components...
Product 6000000037 already exists in stock.
Stock has been updated for product 6000000037.
Product 1175000000105 already exists in stock.
Stock has been updated for product 1175000000105.
Product 5400000191 already exists in stock.
Stock has been updated for product 5400000191.
Product 2748000000036 already exists in stock.
Stock has been updated for product 2748000000036.
Processing payments...
Credit card payment found for 568.80 NIS.
Found payments for total 568.8 NIS.
File processing complete.
Moving transaction file to archive as 'tran2600002.xml'.....
done.

