
Base terminal: 6000031
Scanning for terminal #6000031
Terminal found.
Found user directory.
Found terminal directory.
Found terminal backup directory.
Connecting to user database.................................done.
Checking database compatibility.............................done.
Database is compatible with XML transactions.
- Work mode: A
- Update mode: UD
- Force all codes: No
- Last plu check: 20/03/2014 16:31:42
Checking for terminal updates...
No update needed for file "pluadd"
No update needed for file "pluupdate"
No update needed for file "pludel"
No update needed for file "deps.add"
No update needed for file "deps.update"
No update needed for file "club.add"
No update needed for file "club.update"
No update needed for file "workers.add"
No update needed for file "workers.update"
Setting lastpludta time flag for the terminal...............done.
-------------------------------------------------------
Time: 20/03/2014 16:46:02
File "tran8800006.xml". Start processing...

Terminal 6000031 found in user database and is active.
Package #88 already exists in database.(2138) Checking transactions...
Found transaction #8800006.
Transaction #8800006 added. Processing components...
Product 2600178 already exists in stock.
Stock has been updated for product 2600178.
Product 2570000000039 already exists in stock.
Stock has been updated for product 2570000000039.
Product 790000000554 already exists in stock.
Stock has been updated for product 790000000554.
Product 7180000000137 already exists in stock.
Stock has been updated for product 7180000000137.
Processing payments...
Cash payment found for 500.00 NIS.
Credit card payment found for 185.70 NIS.
Found payments for total 685.7 NIS.
File processing complete.
Moving transaction file to archive as 'tran8800006.xml'.....
done.

