
Base terminal: 6000031
Scanning for terminal #6000031
Terminal found.
Found user directory.
Found terminal directory.
Found terminal backup directory.
Connecting to user database.................................done.
Checking database compatibility.............................done.
Database is compatible with XML transactions.
- Work mode: A
- Update mode: UD
- Force all codes: Yes
- Last plu check: 26/03/2014 15:51:19
Checking for terminal updates...
File "pluadd" was updated successfully
File "deps" was updated successfully
File "club.dat" was updated successfully
File "workers.dat" was updated successfully
Setting lastpludta time flag for the terminal...............done.
-------------------------------------------------------
Time: 26/03/2014 16:28:05
File "tran9800008.xml". Start processing...

Terminal 6000031 found in user database and is active.
Package #98 already exists in database.(2159) Checking transactions...
Found transaction #9800008.
Transaction #9800008 added. Processing components...
Product 8200000058 already exists in stock.
Stock has been updated for product 8200000058.
Product 2830000000047 already exists in stock.
Stock has been updated for product 2830000000047.
Product 1175000000088 already exists in stock.
Stock has been updated for product 1175000000088.
Product 90000000272 already exists in stock.
Stock has been updated for product 90000000272.
Product 80000000261 already exists in stock.
Stock has been updated for product 80000000261.
Processing payments...
Credit card payment found for 785.00 NIS.
Found payments for total 785 NIS.
File processing complete.
Moving transaction file to archive as 'tran9800008.xml'.....
done.

