
Base terminal: 6000031
Scanning for terminal #6000031
Terminal found.
Found user directory.
Found terminal directory.
Found terminal backup directory.
Connecting to user database.................................done.
Checking database compatibility.............................done.
Database is compatible with XML transactions.
- Work mode: A
- Update mode: UD
- Force all codes: No
- Last plu check: 03/03/2014 07:52:00
Checking for terminal updates...
No update needed for file "pluadd"
No update needed for file "pluupdate"
No update needed for file "pludel"
No update needed for file "deps.add"
No update needed for file "deps.update"
No update needed for file "club.add"
File "club.update" was updated successfully
No update needed for file "workers.add"
File "workers.update" was updated successfully
Setting lastpludta time flag for the terminal...............done.
-------------------------------------------------------
Time: 03/03/2014 08:33:16
File "tran5700002.xml". Start processing...

Terminal 6000031 found in user database and is active.
Package #57 already exists in database.(2071) Checking transactions...
Found transaction #5700002.
Transaction #5700002 added. Processing components...
Product 2830000000051 already exists in stock.
Stock has been updated for product 2830000000051.
Product 42000000965 already exists in stock.
Stock has been updated for product 42000000965.
Product 8120000000256 already exists in stock.
Stock has been updated for product 8120000000256.
Product 2830000000054 already exists in stock.
Stock has been updated for product 2830000000054.
Processing payments...
Credit card payment found for 806.00 NIS.
Found payments for total 806 NIS.
File processing complete.
Moving transaction file to archive as 'tran5700002.xml'.....
done.

