
Base terminal: 6000031
Scanning for terminal #6000031
Terminal found.
Found user directory.
Found terminal directory.
Found terminal backup directory.
Connecting to user database.................................done.
Checking database compatibility.............................done.
Database is compatible with XML transactions.
- Work mode: A
- Update mode: UD
- Force all codes: No
- Last plu check: 28/02/2014 13:05:30
Checking for terminal updates...
No update needed for file "pluadd"
No update needed for file "pluupdate"
No update needed for file "pludel"
No update needed for file "deps.add"
No update needed for file "deps.update"
No update needed for file "club.add"
File "club.update" was updated successfully
No update needed for file "workers.add"
No update needed for file "workers.update"
Setting lastpludta time flag for the terminal...............done.
-------------------------------------------------------
Time: 28/02/2014 13:31:09
File "tran5400028.xml". Start processing...

Terminal 6000031 found in user database and is active.
Package #54 already exists in database.(2064) Checking transactions...
Found transaction #5400028.
Transaction #5400028 added. Processing components...
Product 2570000000096 already exists in stock.
Stock has been updated for product 2570000000096.
Product 8120000000180 already exists in stock.
Stock has been updated for product 8120000000180.
Product 2600148 already exists in stock.
Stock has been updated for product 2600148.
Product 3800000895 already exists in stock.
Stock has been updated for product 3800000895.
Processing payments...
Hakafa payment found for 1356.00 NIS.
Found payments for total 1356 NIS.
File processing complete.
Moving transaction file to archive as 'tran5400028.xml'.....
done.

