
Base terminal: 6000031
Scanning for terminal #6000031
Terminal found.
Found user directory.
Found terminal directory.
Found terminal backup directory.
Connecting to user database.................................done.
Checking database compatibility.............................done.
Database is compatible with XML transactions.
- Work mode: A
- Update mode: UD
- Force all codes: Yes
- Last plu check: 09/03/2014 13:26:15
Checking for terminal updates...
File "pluadd" was updated successfully
File "deps" was updated successfully
File "club.dat" was updated successfully
File "workers.dat" was updated successfully
Setting lastpludta time flag for the terminal...............done.
-------------------------------------------------------
Time: 09/03/2014 14:12:05
File "tran6700002.xml". Start processing...

Terminal 6000031 found in user database and is active.
Package #67 already exists in database.(2095) Checking transactions...
Found transaction #6700002.
Transaction #6700002 added. Processing components...
Product 790000000710 already exists in stock.
Stock has been updated for product 790000000710.
Product 2748000000042 already exists in stock.
Stock has been updated for product 2748000000042.
Product 860000000051 already exists in stock.
Stock has been updated for product 860000000051.
Product 42000001459 already exists in stock.
Stock has been updated for product 42000001459.
Product 2600168 already exists in stock.
Stock has been updated for product 2600168.
Processing payments...
Hakafa payment found for 913.50 NIS.
Found payments for total 913.5 NIS.
File processing complete.
Moving transaction file to archive as 'tran6700002.xml'.....
done.

