
Base terminal: 6000031
Scanning for terminal #6000031
Terminal found.
Found user directory.
Found terminal directory.
Found terminal backup directory.
Connecting to user database.................................done.
Checking database compatibility.............................done.
Database is compatible with XML transactions.
- Work mode: A
- Update mode: UD
- Force all codes: No
- Last plu check: 11/02/2014 14:07:46
Checking for terminal updates...
No update needed for file "pluadd"
No update needed for file "pluupdate"
No update needed for file "pludel"
File "deps.add" was updated successfully
No update needed for file "club.add"
No update needed for file "club.update"
No update needed for file "workers.add"
No update needed for file "workers.update"
Setting lastpludta time flag for the terminal...............done.
-------------------------------------------------------
Time: 11/02/2014 14:42:55
File "tran2300004.xml". Start processing...

Terminal 6000031 found in user database and is active.
Package #23 already exists in database.(1989) Checking transactions...
Found transaction #2300004.
Transaction #2300004 added. Processing components...
Product 16070653 already exists in stock.
Stock has been updated for product 16070653.
Product 2570000000141 already exists in stock.
Stock has been updated for product 2570000000141.
Processing payments...
Credit card payment found for 182.65 NIS.
Found payments for total 182.65 NIS.
File processing complete.
Moving transaction file to archive as 'tran2300004.xml'.....
done.

