
Base terminal: 6000031
Scanning for terminal #6000031
Terminal found.
Found user directory.
Found terminal directory.
Found terminal backup directory.
Connecting to user database.................................done.
Checking database compatibility.............................done.
Database is compatible with XML transactions.
- Work mode: A
- Update mode: UD
- Force all codes: No
- Last plu check: 04/03/2014 18:20:27
Checking for terminal updates...
No update needed for file "pluadd"
No update needed for file "pluupdate"
No update needed for file "pludel"
No update needed for file "deps.add"
No update needed for file "deps.update"
No update needed for file "club.add"
No update needed for file "club.update"
No update needed for file "workers.add"
No update needed for file "workers.update"
Setting lastpludta time flag for the terminal...............done.
-------------------------------------------------------
Time: 05/03/2014 09:15:02
File "tran6100001.xml". Start processing...

Terminal 6000031 found in user database and is active.
Creating package #61........................................done.(2080)
Processing transactions:
Found transaction #6100001.
Transaction #6100001 added. Processing components...
Product 2570000000123 already exists in stock.
Stock has been updated for product 2570000000123.
Product 2570000000154 already exists in stock.
Stock has been updated for product 2570000000154.
Processing payments...
Credit card payment found for 468.25 NIS.
Found payments for total 468.25 NIS.
File processing complete.
Moving transaction file to archive as 'tran6100001.xml'.....
done.

