
Base terminal: 6000031
Scanning for terminal #6000031
Terminal found.
Found user directory.
Found terminal directory.
Found terminal backup directory.
Connecting to user database.................................done.
Checking database compatibility.............................done.
Database is compatible with XML transactions.
- Work mode: A
- Update mode: UD
- Force all codes: No
- Last plu check: 26/01/2014 20:17:35
Checking for terminal updates...
No update needed for file "pluadd"
File "pluupdate" was updated successfully
No update needed for file "pludel"
File "deps" was updated successfully
File "club.dat" was updated successfully
File "workers.dat" was updated successfully
Setting lastpludta time flag for the terminal...............done.-------------------------------------------------------
Time: 27/01/2014 07:09:00
File "tran800007.xml". Start processing...

Terminal 6000031 found in user database and is active.
Package #8 already exists in database.(1910) Checking transactions...
Processing of duplicate packages is FORBIDDEN. Only new transactions will be added.
Found transaction #800007.
Transaction #800007 added. Processing components...
Product 60013 already exists in stock.
Stock has been updated for product 60013.
Processing payments...
Cash payment found for 29.00 NIS.
Found payments for total 29 NIS.
File processing complete.
Moving transaction file to archive as 'tran800007.xml'......
done.

