
Base terminal: 6000031
Scanning for terminal #6000031
Terminal found.
Found user directory.
Found terminal directory.
Found terminal backup directory.
Connecting to user database.................................done.
Checking database compatibility.............................done.
Database is compatible with XML transactions.
- Work mode: A
- Update mode: UD
- Force all codes: No
- Last plu check: 05/02/2014 08:40:09
Checking for terminal updates...
No update needed for file "pluadd"
No update needed for file "pluupdate"
No update needed for file "pludel"
No update needed for file "deps.update"
No update needed for file "club.update"
No update needed for file "workers.update"
Setting lastpludta time flag for the terminal...............done.
-------------------------------------------------------
Time: 05/02/2014 10:08:42
File "tran1000003.xml". Start processing...

Terminal 6000031 found in user database and is active.
Package #10 already exists in database.(1960) Checking transactions...
Found transaction #1000003.
Transaction #1000003 added. Processing components...
Product 2936000000000 already exists in stock.
Stock has been updated for product 2936000000000.
Product 5400000555 already exists in stock.
Stock has been updated for product 5400000555.
Product 2570000000123 already exists in stock.
Stock has been updated for product 2570000000123.
Product 2570000000097 already exists in stock.
Stock has been updated for product 2570000000097.
Processing payments...
Cash payment found for 100.00 NIS.
Credit card payment found for 808.55 NIS.
Found payments for total 908.55 NIS.
File processing complete.
Moving transaction file to archive as 'tran1000003.xml'.....
done.

