
Base terminal: 6000031
Scanning for terminal #6000031
Terminal found.
Found user directory.
Found terminal directory.
Found terminal backup directory.
Connecting to user database.................................done.
Checking database compatibility.............................done.
Database is compatible with XML transactions.
- Work mode: A
- Update mode: UD
- Force all codes: Yes
- Last plu check: 25/03/2014 09:45:50
Checking for terminal updates...
File "pluadd" was updated successfully
File "deps" was updated successfully
File "club.dat" was updated successfully
File "workers.dat" was updated successfully
Setting lastpludta time flag for the terminal...............done.
-------------------------------------------------------
Time: 25/03/2014 10:06:00
File "tran9400004.xml". Start processing...

Terminal 6000031 found in user database and is active.
Package #94 already exists in database.(2151) Checking transactions...
Found transaction #9400004.
Transaction #9400004 added. Processing components...
Product 42000001418 already exists in stock.
Stock has been updated for product 42000001418.
Product 2570000000086 already exists in stock.
Stock has been updated for product 2570000000086.
Product 2600168 already exists in stock.
Stock has been updated for product 2600168.
Processing payments...
Cheque payment found for 230.00 NIS.
Cheque payment found for 230.00 NIS.
Found payments for total 460 NIS.
File processing complete.
Moving transaction file to archive as 'tran9400004.xml'.....
done.

