
Base terminal: 6000031
Scanning for terminal #6000031
Terminal found.
Found user directory.
Found terminal directory.
Found terminal backup directory.
Connecting to user database.................................done.
Checking database compatibility.............................done.
Database is compatible with XML transactions.
- Work mode: A
- Update mode: UD
- Force all codes: No
- Last plu check: 20/02/2014 18:12:35
Checking for terminal updates...
No update needed for file "pluadd"
No update needed for file "pluupdate"
No update needed for file "pludel"
No update needed for file "deps.add"
No update needed for file "deps.update"
No update needed for file "club.add"
No update needed for file "club.update"
No update needed for file "workers.add"
No update needed for file "workers.update"
Setting lastpludta time flag for the terminal...............done.
-------------------------------------------------------
Time: 21/02/2014 07:05:16
File "tran4200001.xml". Start processing...

Terminal 6000031 found in user database and is active.
Creating package #42........................................done.(2033)
Processing transactions:
Found transaction #4200001.
Transaction #4200001 added. Processing components...
Product 16070613 already exists in stock.
Stock has been updated for product 16070613.
Processing payments...
Credit card payment found for 18.90 NIS.
Found payments for total 18.9 NIS.
File processing complete.
Moving transaction file to archive as 'tran4200001.xml'.....
done.

