
Base terminal: 6000031
Scanning for terminal #6000031
Terminal found.
Found user directory.
Found terminal directory.
Found terminal backup directory.
Connecting to user database.................................done.
Checking database compatibility.............................done.
Database is compatible with XML transactions.
- Work mode: A
- Update mode: UD
- Force all codes: No
- Last plu check: 02/02/2014 08:30:52
Checking for terminal updates...
No update needed for file "pluadd"
No update needed for file "pluupdate"
No update needed for file "pludel"
File "deps" was updated successfully
File "club.dat" was updated successfully
File "workers.dat" was updated successfully
Setting lastpludta time flag for the terminal...............done.
-------------------------------------------------------
Time: 02/02/2014 08:50:32
File "tran300005.xml". Start processing...

Terminal 6000031 found in user database and is active.
Package #3 already exists in database.(1942) Checking transactions...
Found transaction #300005.
Transaction #300005 added. Processing components...
Product 42000001444 already exists in stock.
Stock has been updated for product 42000001444.
Product 790000000832 already exists in stock.
Stock has been updated for product 790000000832.
Product 4000000015 already exists in stock.
Stock has been updated for product 4000000015.
Product 790000000642 already exists in stock.
Stock has been updated for product 790000000642.
Processing payments...
Cheque payment found for 340.00 NIS.
Found payments for total 340 NIS.
File processing complete.
Moving transaction file to archive as 'tran300005_1.xml'....
done.

