
Base terminal: 6000031
Scanning for terminal #6000031
Terminal found.
Found user directory.
Found terminal directory.
Found terminal backup directory.
Connecting to user database.................................done.
Checking database compatibility.............................done.
Database is compatible with XML transactions.
- Work mode: A
- Update mode: UD
- Force all codes: No
- Last plu check: 18/02/2014 15:06:44
Checking for terminal updates...
No update needed for file "pluadd"
No update needed for file "pluupdate"
No update needed for file "pludel"
No update needed for file "deps.add"
No update needed for file "deps.update"
No update needed for file "club.add"
No update needed for file "club.update"
No update needed for file "workers.add"
No update needed for file "workers.update"
Setting lastpludta time flag for the terminal...............done.
-------------------------------------------------------
Time: 18/02/2014 15:12:22
File "tran3500002.xml". Start processing...

Terminal 6000031 found in user database and is active.
Package #35 already exists in database.(2013) Checking transactions...
Found transaction #3500002.
Transaction #3500002 added. Processing components...
Product 2747000000028 already exists in stock.
Stock has been updated for product 2747000000028.
Product 2747000000034 already exists in stock.
Stock has been updated for product 2747000000034.
Product 7180000000129 already exists in stock.
Stock has been updated for product 7180000000129.
Processing payments...
Hakafa payment found for 152.10 NIS.
Found payments for total 152.1 NIS.
File processing complete.
Moving transaction file to archive as 'tran3500002.xml'.....
done.

