
Base terminal: 6000031
Scanning for terminal #6000031
Terminal found.
Found user directory.
Found terminal directory.
Found terminal backup directory.
Connecting to user database.................................done.
Checking database compatibility.............................done.
Database is compatible with XML transactions.
- Work mode: A
- Update mode: UD
- Force all codes: No
- Last plu check: 03/03/2014 16:01:22
Checking for terminal updates...
No update needed for file "pluadd"
No update needed for file "pluupdate"
No update needed for file "pludel"
No update needed for file "deps.add"
No update needed for file "deps.update"
No update needed for file "club.add"
No update needed for file "club.update"
No update needed for file "workers.add"
No update needed for file "workers.update"
Setting lastpludta time flag for the terminal...............done.
-------------------------------------------------------
Time: 03/03/2014 16:39:51
File "tran5800007.xml". Start processing...

Terminal 6000031 found in user database and is active.
Package #58 already exists in database.(2072) Checking transactions...
Found transaction #5800007.
Transaction #5800007 added. Processing components...
Product 7180000000105 already exists in stock.
Stock has been updated for product 7180000000105.
Processing payments...
Credit card payment found for 49.50 NIS.
Found payments for total 49.5 NIS.
File processing complete.
Moving transaction file to archive as 'tran5800007.xml'.....
done.

