
Base terminal: 6000031
Scanning for terminal #6000031
Terminal found.
Found user directory.
Found terminal directory.
Found terminal backup directory.
Connecting to user database.................................done.
Checking database compatibility.............................done.
Database is compatible with XML transactions.
- Work mode: A
- Update mode: UD
- Force all codes: Yes
- Last plu check: 04/03/2014 13:11:31
Checking for terminal updates...
File "pluadd" was updated successfully
File "deps" was updated successfully
File "club.dat" was updated successfully
File "workers.dat" was updated successfully
Setting lastpludta time flag for the terminal...............done.
-------------------------------------------------------
Time: 04/03/2014 13:28:28
File "tran6000001.xml". Start processing...

Terminal 6000031 found in user database and is active.
Creating package #60........................................done.(2077)
Processing transactions:
Found transaction #6000001.
Transaction #6000001 added. Processing components...
Product 2600169 already exists in stock.
Stock has been updated for product 2600169.
Processing payments...
Cash payment found for 208.00 NIS.
Found payments for total 208 NIS.
File processing complete.
Moving transaction file to archive as 'tran6000001.xml'.....
done.

