
Base terminal: 6000031
Scanning for terminal #6000031
Terminal found.
Found user directory.
Found terminal directory.
Found terminal backup directory.
Connecting to user database.................................done.
Checking database compatibility.............................done.
Database is compatible with XML transactions.
- Work mode: A
- Update mode: UD
- Force all codes: Yes
- Last plu check: 27/03/2014 10:40:37
Checking for terminal updates...
File "pluadd" was updated successfully
File "deps" was updated successfully
File "club.dat" was updated successfully
File "workers.dat" was updated successfully
Setting lastpludta time flag for the terminal...............done.
-------------------------------------------------------
Time: 27/03/2014 10:50:55
File "tran9900006.xml". Start processing...

Terminal 6000031 found in user database and is active.
Package #99 already exists in database.(2162) Checking transactions...
Found transaction #9900006.
Transaction #9900006 added. Processing components...
Product 2747000000002 already exists in stock.
Stock has been updated for product 2747000000002.
Product 2570000000123 already exists in stock.
Stock has been updated for product 2570000000123.
Product 780000000355 already exists in stock.
Stock has been updated for product 780000000355.
Product 3700000006 already exists in stock.
Stock has been updated for product 3700000006.
Processing payments...
Cash payment found for 900.00 NIS.
Found payments for total 900 NIS.
File processing complete.
Moving transaction file to archive as 'tran9900006.xml'.....
done.

