
Base terminal: 6000031
Scanning for terminal #6000031
Terminal found.
Found user directory.
Found terminal directory.
Found terminal backup directory.
Connecting to user database.................................done.
Checking database compatibility.............................done.
Database is compatible with XML transactions.
- Work mode: A
- Update mode: UD
- Force all codes: No
- Last plu check: 31/01/2014 12:18:01
Checking for terminal updates...
No update needed for file "pluadd"
No update needed for file "pluupdate"
No update needed for file "pludel"
File "deps" was updated successfully
File "club.dat" was updated successfully
File "workers.dat" was updated successfully
Setting lastpludta time flag for the terminal...............done.-------------------------------------------------------
Time: 31/01/2014 12:34:50
File "tran200027.xml". Start processing...

Terminal 6000031 found in user database and is active.
Package #2 already exists in database.(1939) Checking transactions...
Processing of duplicate packages is FORBIDDEN. Only new transactions will be added.
Found transaction #200027.
Transaction #200027 added. Processing components...
Product 2830000000011 already exists in stock.
Stock has been updated for product 2830000000011.
Product 2570000000097 already exists in stock.
Stock has been updated for product 2570000000097.
Processing payments...
RefundVoucher payment found for 65.00 NIS.
Credit card payment found for 143.50 NIS.
Found payments for total 208.5 NIS.
File processing complete.
Moving transaction file to archive as 'tran200027.xml'......
done.

