
Base terminal: 6000031
Scanning for terminal #6000031
Terminal found.
Found user directory.
Found terminal directory.
Found terminal backup directory.
Connecting to user database.................................done.
Checking database compatibility.............................done.
Database is compatible with XML transactions.
- Work mode: A
- Update mode: UD
- Force all codes: No
- Last plu check: 02/02/2014 13:01:14
Checking for terminal updates...
No update needed for file "pluadd"
No update needed for file "pluupdate"
No update needed for file "pludel"
File "deps" was updated successfully
File "club.dat" was updated successfully
File "workers.dat" was updated successfully
Setting lastpludta time flag for the terminal...............done.
-------------------------------------------------------
Time: 02/02/2014 13:29:06
File "tran400001.xml". Start processing...

Terminal 6000031 found in user database and is active.
Creating package #4.........................................done.(1944)
Processing transactions:
Found transaction #400001.
Transaction #400001 added. Processing components...
Product 8120000000268 already exists in stock.
Stock has been updated for product 8120000000268.
Product 2570000000141 already exists in stock.
Stock has been updated for product 2570000000141.
Processing payments...
Credit card payment found for 378.50 NIS.
Found payments for total 378.5 NIS.
File processing complete.
Moving transaction file to archive as 'tran400001_2.xml'....
done.

