
Base terminal: 6000031
Scanning for terminal #6000031
Terminal found.
Found user directory.
Found terminal directory.
Found terminal backup directory.
Connecting to user database.................................done.
Checking database compatibility.............................done.
Database is compatible with XML transactions.
- Work mode: A
- Update mode: UD
- Force all codes: No
- Last plu check: 27/01/2014 08:32:28
Checking for terminal updates...
No update needed for file "pluadd"
No update needed for file "pluupdate"
No update needed for file "pludel"
File "deps" was updated successfully
File "club.dat" was updated successfully
File "workers.dat" was updated successfully
Setting lastpludta time flag for the terminal...............done.-------------------------------------------------------
Time: 27/01/2014 08:33:59
File "tran100001.xml". Start processing...

Terminal 6000031 found in user database and is active.
Package #1 already exists in database.(1888) Checking transactions...
Processing of duplicate packages is FORBIDDEN. Only new transactions will be added.
Found transaction #100001.
--WARNING--: Transaction #100001 already exists in database with different date.
Processing of duplicate packages is FORBIDDEN.
Transaction skipped.
File processing complete.
Moving transaction file to archive as 'tran100001_2.xml'....
done.

-------------------------------------------------------
Time: 27/01/2014 08:33:59
File "tran800015.xml". Start processing...

Terminal 6000031 found in user database and is active.
Package #8 already exists in database.(1910) Checking transactions...
Processing of duplicate packages is FORBIDDEN. Only new transactions will be added.
Found transaction #800015.
Transaction #800015 added. Processing components...
Product 42000001337 already exists in stock.
Stock has been updated for product 42000001337.
Processing payments...
Cash payment found for 139.00 NIS.
Found payments for total 139 NIS.
File processing complete.
Moving transaction file to archive as 'tran800015.xml'......
done.

