
Base terminal: 6000031
Scanning for terminal #6000031
Terminal found.
Found user directory.
Found terminal directory.
Found terminal backup directory.
Connecting to user database.................................done.
Checking database compatibility.............................done.
Database is compatible with XML transactions.
- Work mode: A
- Update mode: UD
- Force all codes: No
- Last plu check: 18/03/2014 16:18:28
Checking for terminal updates...
No update needed for file "pluadd"
No update needed for file "pluupdate"
No update needed for file "pludel"
No update needed for file "deps.add"
No update needed for file "deps.update"
No update needed for file "club.add"
No update needed for file "club.update"
No update needed for file "workers.add"
No update needed for file "workers.update"
Setting lastpludta time flag for the terminal...............done.
-------------------------------------------------------
Time: 18/03/2014 16:23:39
File "tran8400013.xml". Start processing...

Terminal 6000031 found in user database and is active.
Package #84 already exists in database.(2129) Checking transactions...
Found transaction #8400013.
Transaction #8400013 added. Processing components...
Product 0000 already exists in stock.
Stock has been updated for product 0000.
Processing payments...
PrePaid deposit found for 20 NIS
RefundVoucher payment found for 20.00 NIS.
Found payments for total 0 NIS.
Prepaid card charge reported to API: Bad CardID
File processing complete.
Moving transaction file to archive as 'tran8400013.xml'.....
done.

