
Base terminal: 6000031
Scanning for terminal #6000031
Terminal found.
Found user directory.
Found terminal directory.
Found terminal backup directory.
Connecting to user database.................................done.
Checking database compatibility.............................done.
Database is compatible with XML transactions.
- Work mode: A
- Update mode: UD
- Force all codes: No
- Last plu check: 11/03/2014 15:24:27
Checking for terminal updates...
No update needed for file "pluadd"
No update needed for file "pluupdate"
No update needed for file "pludel"
No update needed for file "deps.add"
No update needed for file "deps.update"
No update needed for file "club.add"
No update needed for file "club.update"
No update needed for file "workers.add"
No update needed for file "workers.update"
Setting lastpludta time flag for the terminal...............done.
-------------------------------------------------------
Time: 11/03/2014 15:35:47
File "tran7100004.xml". Start processing...

Terminal 6000031 found in user database and is active.
Package #71 already exists in database.(2104) Checking transactions...
Found transaction #7100004.
Transaction #7100004 added. Processing components...
Product 2747000000028 already exists in stock.
Stock has been updated for product 2747000000028.
Product 3700000006 already exists in stock.
Stock has been updated for product 3700000006.
Processing payments...
Credit card payment found for 530.10 NIS.
Found payments for total 530.1 NIS.
File processing complete.
Moving transaction file to archive as 'tran7100004.xml'.....
done.

