
Base terminal: 6000031
Scanning for terminal #6000031
Terminal found.
Found user directory.
Found terminal directory.
Found terminal backup directory.
Connecting to user database.................................done.
Checking database compatibility.............................done.
Database is compatible with XML transactions.
- Work mode: A
- Update mode: UD
- Force all codes: Yes
- Last plu check: 26/03/2014 15:10:49
Checking for terminal updates...
File "pluadd" was updated successfully
File "deps" was updated successfully
File "club.dat" was updated successfully
File "workers.dat" was updated successfully
Setting lastpludta time flag for the terminal...............done.
-------------------------------------------------------
Time: 26/03/2014 15:24:16
File "tran9800005.xml". Start processing...

Terminal 6000031 found in user database and is active.
Package #98 already exists in database.(2159) Checking transactions...
Found transaction #9800005.
Transaction #9800005 added. Processing components...
Product 8120000000285 already exists in stock.
Stock has been updated for product 8120000000285.
Product 2935000000001 already exists in stock.
Stock has been updated for product 2935000000001.
Product 2830000000011 already exists in stock.
Stock has been updated for product 2830000000011.
Product 2935000000000 already exists in stock.
Stock has been updated for product 2935000000000.
Processing payments...
Credit card payment found for 1000.10 NIS.
Found payments for total 1000.1 NIS.
File processing complete.
Moving transaction file to archive as 'tran9800005.xml'.....
done.

