
Base terminal: 6000031
Scanning for terminal #6000031
Terminal found.
Found user directory.
Found terminal directory.
Found terminal backup directory.
Connecting to user database.................................done.
Checking database compatibility.............................done.
Database is compatible with XML transactions.
- Work mode: A
- Update mode: UD
- Force all codes: No
- Last plu check: 10/03/2014 13:25:41
Checking for terminal updates...
No update needed for file "pluadd"
No update needed for file "pluupdate"
No update needed for file "pludel"
No update needed for file "deps.add"
No update needed for file "deps.update"
No update needed for file "club.add"
No update needed for file "club.update"
No update needed for file "workers.add"
No update needed for file "workers.update"
Setting lastpludta time flag for the terminal...............done.
-------------------------------------------------------
Time: 10/03/2014 13:33:30
File "tran6900003.xml". Start processing...

Terminal 6000031 found in user database and is active.
Package #69 already exists in database.(2100) Checking transactions...
Found transaction #6900003.
Transaction #6900003 added. Processing components...
Product 90000000262 already exists in stock.
Stock has been updated for product 90000000262.
Processing payments...
Credit card payment found for 378.00 NIS.
Found payments for total 378 NIS.
File processing complete.
Moving transaction file to archive as 'tran6900003.xml'.....
done.

