
Base terminal: 6000031
Scanning for terminal #6000031
Terminal found.
Found user directory.
Found terminal directory.
Found terminal backup directory.
Connecting to user database.................................done.
Checking database compatibility.............................done.
Database is compatible with XML transactions.
- Work mode: A
- Update mode: UD
- Force all codes: No
- Last plu check: 18/03/2014 15:25:41
Checking for terminal updates...
No update needed for file "pluadd"
No update needed for file "pluupdate"
No update needed for file "pludel"
No update needed for file "deps.add"
No update needed for file "deps.update"
No update needed for file "club.add"
No update needed for file "club.update"
No update needed for file "workers.add"
No update needed for file "workers.update"
Setting lastpludta time flag for the terminal...............done.
-------------------------------------------------------
Time: 18/03/2014 15:38:57
File "clock.txt". Start processing...

3 lines found. Parsing...........done.
3 records parsed
Registered record for worker #1: 2014-03-18 10:35 - 14:49.
-------------------------------------------------------
Time: 18/03/2014 15:38:57
File "tran8400007.xml". Start processing...

Terminal 6000031 found in user database and is active.
Package #84 already exists in database.(2129) Checking transactions...
Found transaction #8400007.
Transaction #8400007 added. Processing components...
Product 2570000000077 already exists in stock.
Stock has been updated for product 2570000000077.
Product 2570000000133 already exists in stock.
Stock has been updated for product 2570000000133.
Product 3800000860 already exists in stock.
Stock has been updated for product 3800000860.
Product 2570000000061 already exists in stock.
Stock has been updated for product 2570000000061.
Processing payments...
RefundVoucher payment found for -309.60 NIS.
Found refund for total 309.6 NIS.
File processing complete.
Moving transaction file to archive as 'tran8400007.xml'.....
done.

