
Base terminal: 6000031
Scanning for terminal #6000031
Terminal found.
Found user directory.
Found terminal directory.
Found terminal backup directory.
Connecting to user database.................................done.
Checking database compatibility.............................done.
Database is compatible with XML transactions.
- Work mode: A
- Update mode: UD
- Force all codes: No
- Last plu check: 12/02/2014 09:22:43
Checking for terminal updates...
No update needed for file "pluadd"
No update needed for file "pluupdate"
No update needed for file "pludel"
File "deps.add" was updated successfully
No update needed for file "club.add"
No update needed for file "club.update"
No update needed for file "workers.add"
No update needed for file "workers.update"
Setting lastpludta time flag for the terminal...............done.
-------------------------------------------------------
Time: 12/02/2014 10:24:19
File "tran2500007.xml". Start processing...

Terminal 6000031 found in user database and is active.
Package #25 already exists in database.(1992) Checking transactions...
Found transaction #2500007.
Transaction #2500007 added. Processing components...
Product 790000000827 already exists in stock.
Stock has been updated for product 790000000827.
Processing payments...
Credit card payment found for 111.20 NIS.
Found payments for total 111.2 NIS.
File processing complete.
Moving transaction file to archive as 'tran2500007.xml'.....
done.

