
Base terminal: 6000031
Scanning for terminal #6000031
Terminal found.
Found user directory.
Found terminal directory.
Found terminal backup directory.
Connecting to user database.................................done.
Checking database compatibility.............................done.
Database is compatible with XML transactions.
- Work mode: A
- Update mode: UD
- Force all codes: No
- Last plu check: 20/02/2014 12:27:15
Checking for terminal updates...
No update needed for file "pluadd"
No update needed for file "pluupdate"
No update needed for file "pludel"
No update needed for file "deps.add"
No update needed for file "deps.update"
No update needed for file "club.add"
No update needed for file "club.update"
No update needed for file "workers.add"
No update needed for file "workers.update"
Setting lastpludta time flag for the terminal...............done.
-------------------------------------------------------
Time: 20/02/2014 12:37:48
File "tran4000009.xml". Start processing...

Terminal 6000031 found in user database and is active.
Package #40 already exists in database.(2029) Checking transactions...
Found transaction #4000009.
Transaction #4000009 added. Processing components...
Product 790000000832 already exists in stock.
Stock has been updated for product 790000000832.
Product 7180000000126 already exists in stock.
Stock has been updated for product 7180000000126.
Product 2600104 already exists in stock.
Stock has been updated for product 2600104.
Processing payments...
Credit card payment found for 432.50 NIS.
Found payments for total 432.5 NIS.
File processing complete.
Moving transaction file to archive as 'tran4000009.xml'.....
done.

