
Base terminal: 6000031
Scanning for terminal #6000031
Terminal found.
Found user directory.
Found terminal directory.
Found terminal backup directory.
Connecting to user database.................................done.
Checking database compatibility.............................done.
Database is compatible with XML transactions.
- Work mode: A
- Update mode: UD
- Force all codes: No
- Last plu check: 20/03/2014 15:55:12
Checking for terminal updates...
No update needed for file "pluadd"
No update needed for file "pluupdate"
No update needed for file "pludel"
No update needed for file "deps.add"
No update needed for file "deps.update"
No update needed for file "club.add"
No update needed for file "club.update"
No update needed for file "workers.add"
No update needed for file "workers.update"
Setting lastpludta time flag for the terminal...............done.
-------------------------------------------------------
Time: 20/03/2014 16:03:46
File "tran8800004.xml". Start processing...

Terminal 6000031 found in user database and is active.
Package #88 already exists in database.(2138) Checking transactions...
Found transaction #8800004.
Transaction #8800004 added. Processing components...
Product 2570000000004 already exists in stock.
Stock has been updated for product 2570000000004.
Product 60013 already exists in stock.
Stock has been updated for product 60013.
Processing payments...
Credit card payment found for 207.05 NIS.
Found payments for total 207.05 NIS.
File processing complete.
Moving transaction file to archive as 'tran8800004.xml'.....
done.

