
Base terminal: 6000031
Scanning for terminal #6000031
Terminal found.
Found user directory.
Found terminal directory.
Found terminal backup directory.
Connecting to user database.................................done.
Checking database compatibility.............................done.
Database is compatible with XML transactions.
- Work mode: A
- Update mode: UD
- Force all codes: Yes
- Last plu check: 26/03/2014 10:56:16
Checking for terminal updates...
File "pluadd" was updated successfully
File "deps" was updated successfully
File "club.dat" was updated successfully
File "workers.dat" was updated successfully
Setting lastpludta time flag for the terminal...............done.
-------------------------------------------------------
Time: 26/03/2014 10:58:14
File "tran9700011.xml". Start processing...

Terminal 6000031 found in user database and is active.
Package #97 already exists in database.(2156) Checking transactions...
Found transaction #9700011.
Transaction #9700011 added. Processing components...
Product 5000193 already exists in stock.
Stock has been updated for product 5000193.
Processing payments...
Credit card payment found for 250.00 NIS.
Found payments for total 250 NIS.
File processing complete.
Moving transaction file to archive as 'tran9700011.xml'.....
done.

