
Base terminal: 6000031
Scanning for terminal #6000031
Terminal found.
Found user directory.
Found terminal directory.
Found terminal backup directory.
Connecting to user database.................................done.
Checking database compatibility.............................done.
Database is compatible with XML transactions.
- Work mode: A
- Update mode: UD
- Force all codes: No
- Last plu check: 04/02/2014 07:45:17
Checking for terminal updates...
No update needed for file "pluadd"
No update needed for file "pluupdate"
No update needed for file "pludel"
No update needed for file "deps.update"
No update needed for file "club.update"
No update needed for file "workers.update"
Setting lastpludta time flag for the terminal...............done.
-------------------------------------------------------
Time: 04/02/2014 08:14:13
File "tran700004.xml". Start processing...

Terminal 6000031 found in user database and is active.
Package #7 already exists in database.(1954) Checking transactions...
Found transaction #700004.
Transaction #700004 added. Processing components...
Product 8120000000274 already exists in stock.
Stock has been updated for product 8120000000274.
Processing payments...
Credit card payment found for 509.15 NIS.
Found payments for total 509.15 NIS.
File processing complete.
Moving transaction file to archive as 'tran700004.xml'......
done.

