
Base terminal: 6000031
Scanning for terminal #6000031
Terminal found.
Found user directory.
Found terminal directory.
Found terminal backup directory.
Connecting to user database.................................done.
Checking database compatibility.............................done.
Database is compatible with XML transactions.
- Work mode: A
- Update mode: UD
- Force all codes: Yes
- Last plu check: 09/03/2014 12:00:30
Checking for terminal updates...
File "pluadd" was updated successfully
File "deps" was updated successfully
File "club.dat" was updated successfully
File "workers.dat" was updated successfully
Setting lastpludta time flag for the terminal...............done.
-------------------------------------------------------
Time: 09/03/2014 12:36:01
File "tran6600005.xml". Start processing...

Terminal 6000031 found in user database and is active.
Package #66 already exists in database.(2093) Checking transactions...
Found transaction #6600005.
Transaction #6600005 added. Processing components...
Product 860000000050 already exists in stock.
Stock has been updated for product 860000000050.
Processing payments...
Hakafa payment found for 62.30 NIS.
Found payments for total 62.3 NIS.
File processing complete.
Moving transaction file to archive as 'tran6600005.xml'.....
done.

