
Base terminal: 6000031
Scanning for terminal #6000031
Terminal found.
Found user directory.
Found terminal directory.
Found terminal backup directory.
Connecting to user database.................................done.
Checking database compatibility.............................done.
Database is compatible with XML transactions.
- Work mode: A
- Update mode: UD
- Force all codes: Yes
- Last plu check: 12/02/2014 17:57:34
Checking for terminal updates...
File "pluadd" was updated successfully
File "deps" was updated successfully
File "club.dat" was updated successfully
File "workers.dat" was updated successfully
Setting lastpludta time flag for the terminal...............done.
-------------------------------------------------------
Time: 13/02/2014 07:45:15
File "tran2700001.xml". Start processing...

Terminal 6000031 found in user database and is active.
Creating package #27........................................done.(1997)
Processing transactions:
Found transaction #2700001.
Transaction #2700001 added. Processing components...
Product 0000000000000 already exists in stock.
Stock has been updated for product 0000000000000.
Processing payments...
Cash payment found for 1.00 NIS.
Found payments for total 1 NIS.
File processing complete.
Moving transaction file to archive as 'tran2700001.xml'.....
done.

