
Base terminal: 6000031
Scanning for terminal #6000031
Terminal found.
Found user directory.
Found terminal directory.
Found terminal backup directory.
Connecting to user database.................................done.
Checking database compatibility.............................done.
Database is compatible with XML transactions.
- Work mode: A
- Update mode: UD
- Force all codes: No
- Last plu check: 02/02/2014 09:35:15
Checking for terminal updates...
No update needed for file "pluadd"
No update needed for file "pluupdate"
No update needed for file "pludel"
File "deps" was updated successfully
File "club.dat" was updated successfully
File "workers.dat" was updated successfully
Setting lastpludta time flag for the terminal...............done.
-------------------------------------------------------
Time: 02/02/2014 09:50:09
File "tran300009.xml". Start processing...

Terminal 6000031 found in user database and is active.
Package #3 already exists in database.(1942) Checking transactions...
Found transaction #300009.
Transaction #300009 added. Processing components...
Product 2570000000065 already exists in stock.
Stock has been updated for product 2570000000065.
Product 2570000000107 already exists in stock.
Stock has been updated for product 2570000000107.
Product 2614000000028 already exists in stock.
Stock has been updated for product 2614000000028.
Product 42000001450 already exists in stock.
Stock has been updated for product 42000001450.
Product 60013 already exists in stock.
Stock has been updated for product 60013.
Processing payments...
Cash payment found for 400.00 NIS.
Credit card payment found for 825.25 NIS.
Found payments for total 1225.25 NIS.
File processing complete.
Moving transaction file to archive as 'tran300009.xml'......
done.

