
Base terminal: 6000010
Scanning for terminal #6000010
Terminal found.
Found user directory.
Found terminal directory.
Found terminal backup directory.
Connecting to user database.................................done.
Checking database compatibility.............................done.
Database is compatible with XML transactions.
- Work mode: A
- Update mode: N
- Force all codes: Yes
- Last plu check: 27/03/2014 17:37:59
Checking for terminal updates...
File "pludta" was updated successfully
Copying to 'pluupdate'......................................done.
File "deps" was updated successfully
File "club.dat" was updated successfully
File "workers.dat" was updated successfully
Setting lastpludta time flag for the terminal...............done.